#auto generated file!
6.0;0.0
12.0;0.0
18.0;0.0
24.0;0.00931098696461825
30.0;0.00931098696461825
36.0;0.0
42.0;0.0186219739292365
48.0;0.004655493482309125
54.0;0.027932960893854747
60.0;0.0
66.0;0.0
72.0;0.0186219739292365
78.0;0.00931098696461825
84.0;0.0
90.0;0.04655493482309125
96.0;0.0
102.0;0.0
108.0;0.0
114.0;0.0
120.0;0.0186219739292365
126.0;0.0186219739292365
132.0;0.0186219739292365
138.0;0.0186219739292365
144.0;0.00931098696461825
150.0;0.0186219739292365
156.0;0.0
162.0;0.0186219739292365
168.0;0.0
174.0;0.023277467411545624
180.0;0.0
186.0;0.0186219739292365
192.0;0.0186219739292365
198.0;0.027932960893854747
204.0;0.0
210.0;0.00931098696461825
216.0;0.0
222.0;0.0
228.0;0.0186219739292365
234.0;0.0186219739292365
240.0;0.0
246.0;0.0186219739292365
252.0;0.0
258.0;0.0
264.0;0.0
270.0;0.0
276.0;0.0
282.0;0.027932960893854747
288.0;0.004655493482309125
294.0;0.0186219739292365
300.0;0.0186219739292365
306.0;0.0186219739292365
312.0;0.027932960893854747
318.0;0.00931098696461825
324.0;0.0
330.0;0.0
336.0;0.00931098696461825
342.0;0.0186219739292365
348.0;0.027932960893854747
354.0;0.004655493482309125
360.0;0.0
366.0;0.0186219739292365
372.0;0.0
378.0;0.0
384.0;0.0
390.0;0.00931098696461825
396.0;0.0
402.0;0.0
408.0;0.0186219739292365
414.0;0.0186219739292365
420.0;0.027932960893854747
426.0;0.0
432.0;0.027932960893854747
438.0;0.037243947858473
444.0;0.0
450.0;0.027932960893854747
456.0;0.00931098696461825
462.0;0.0
468.0;0.0
474.0;0.027932960893854747
480.0;0.0186219739292365
486.0;0.0
492.0;0.0186219739292365
498.0;0.0186219739292365
504.0;0.027932960893854747
510.0;0.027932960893854747
516.0;0.0
522.0;0.0186219739292365
528.0;0.037243947858473
534.0;0.0
540.0;0.027932960893854747
546.0;0.0186219739292365
552.0;0.00931098696461825
558.0;0.0
564.0;0.027932960893854747
570.0;0.055865921787709494
576.0;0.037243947858473
582.0;0.027932960893854747
588.0;0.004655493482309125
594.0;0.004655493482309125
600.0;0.0
606.0;0.0
612.0;0.004655493482309125
618.0;0.0
624.0;0.0
630.0;0.00931098696461825
636.0;0.0
642.0;0.023277467411545624
648.0;0.0186219739292365
654.0;0.027932960893854747
660.0;0.04655493482309125
666.0;0.0
672.0;0.027932960893854747
678.0;0.004655493482309125
684.0;0.00931098696461825
690.0;0.00931098696461825
696.0;0.0186219739292365
702.0;0.0
708.0;0.004655493482309125
714.0;0.0
720.0;0.0
726.0;0.0
732.0;0.00931098696461825
738.0;0.0
744.0;0.0186219739292365
750.0;0.0
756.0;0.00931098696461825
762.0;0.0186219739292365
768.0;0.0
774.0;0.0
780.0;0.0
786.0;0.06517690875232775
792.0;0.0
798.0;0.0
804.0;0.0
810.0;0.00931098696461825
816.0;0.0
822.0;0.0
828.0;0.0
834.0;0.06517690875232775
840.0;0.0
846.0;0.0
852.0;0.00931098696461825
858.0;0.00931098696461825
864.0;0.00931098696461825
870.0;0.0
876.0;0.0
882.0;0.0186219739292365
888.0;0.0186219739292365
894.0;0.0186219739292365
900.0;0.0
906.0;0.0186219739292365
912.0;0.055865921787709494
918.0;0.00931098696461825
924.0;0.0
930.0;0.00931098696461825
936.0;0.0
942.0;0.0
948.0;0.004655493482309125
954.0;0.0
960.0;0.0
966.0;0.0
972.0;0.0
978.0;0.0186219739292365
984.0;0.0
990.0;0.00931098696461825
996.0;0.0
1002.0;0.055865921787709494
1008.0;0.0
1014.0;0.04655493482309125
1020.0;0.0
1026.0;0.0
1032.0;0.0
1038.0;0.00931098696461825
1044.0;0.0
1050.0;0.0
1056.0;0.0
1062.0;0.0186219739292365
1068.0;0.0
1074.0;0.0186219739292365
1080.0;0.027932960893854747
1086.0;0.0186219739292365
1092.0;0.0186219739292365
1098.0;0.0
1104.0;0.027932960893854747
1110.0;0.0
1116.0;0.0
1122.0;0.0
1128.0;0.023277467411545624
1134.0;0.04655493482309125
1140.0;0.0186219739292365
1146.0;0.0
1152.0;0.0
1158.0;0.027932960893854747
1164.0;0.004655493482309125
1170.0;0.00931098696461825
1176.0;0.0
1182.0;0.027932960893854747
1188.0;0.027932960893854747
1194.0;0.0
1200.0;0.0
1206.0;0.0186219739292365
1212.0;0.0186219739292365
1218.0;0.0
1224.0;0.0
1230.0;0.0186219739292365
1236.0;0.0
1242.0;0.0
1248.0;0.0186219739292365
1254.0;0.0186219739292365
1260.0;0.0186219739292365
1266.0;0.0
1272.0;0.0186219739292365
1278.0;0.027932960893854747
1284.0;0.00931098696461825
1290.0;0.00931098696461825
1296.0;0.0186219739292365
1302.0;0.0
1308.0;0.0
1314.0;0.0
1320.0;0.0186219739292365
1326.0;0.0
1332.0;0.004655493482309125
1338.0;0.027932960893854747
1344.0;0.0186219739292365
1350.0;0.00931098696461825
1356.0;0.00931098696461825
1362.0;0.0
1368.0;0.055865921787709494
1374.0;0.0
1380.0;0.0
1386.0;0.0
1392.0;0.0
1398.0;0.0
1404.0;0.04655493482309125
1410.0;0.0
1416.0;0.00931098696461825
1422.0;0.0
1428.0;0.074487895716946
1434.0;0.0
1440.0;0.0186219739292365
1446.0;0.027932960893854747
1452.0;0.0
1458.0;0.00931098696461825
1464.0;0.0186219739292365
1470.0;0.0
1476.0;0.0
1482.0;0.0186219739292365
1488.0;0.0
1494.0;0.0186219739292365
1500.0;0.0
1506.0;0.0186219739292365
1512.0;0.04655493482309125
1518.0;0.0
1524.0;0.0
1530.0;0.0186219739292365
1536.0;0.027932960893854747
1542.0;0.06517690875232775
1548.0;0.004655493482309125
1554.0;0.0
1560.0;0.0
1566.0;0.0
1572.0;0.0186219739292365
1578.0;0.0
1584.0;0.00931098696461825
1590.0;0.00931098696461825
1596.0;0.00931098696461825
1602.0;0.04655493482309125
1608.0;0.0
1614.0;0.0186219739292365
1620.0;0.027932960893854747
1626.0;0.0186219739292365
1632.0;0.0
1638.0;0.0
1644.0;0.032588454376163874
1650.0;0.0
1656.0;0.0
1662.0;0.0
1668.0;0.0186219739292365
1674.0;0.0
1680.0;0.0
1686.0;0.0
1692.0;0.004655493482309125
1698.0;0.00931098696461825
1704.0;0.004655493482309125
1710.0;0.0
1716.0;0.0
1722.0;0.055865921787709494
1728.0;0.0
1734.0;0.027932960893854747
1740.0;0.027932960893854747
1746.0;0.0186219739292365
1752.0;0.04655493482309125
1758.0;0.055865921787709494
1764.0;0.027932960893854747
1770.0;0.0186219739292365
1776.0;0.027932960893854747
1782.0;0.0
1788.0;0.0
1794.0;0.0186219739292365
