#auto generated file!
6.0;0.0
12.0;0.12917933130699089
18.0;1.0866261398176291
24.0;1.7705167173252279
30.0;2.188449848024316
36.0;2.9939209726443767
42.0;3.3054711246200608
48.0;3.837386018237082
54.0;4.1109422492401215
60.0;4.148936170212766
66.0;5.0
72.0;5.311550151975684
78.0;5.151975683890577
84.0;5.227963525835866
90.0;4.551671732522796
96.0;3.594224924012158
102.0;3.1231003039513676
108.0;3.024316109422492
114.0;3.1990881458966567
120.0;3.1306990881458967
126.0;2.386018237082067
132.0;2.0972644376899696
138.0;2.325227963525836
144.0;2.872340425531915
150.0;3.221884498480243
156.0;2.917933130699088
162.0;3.3434650455927053
168.0;3.9893617021276597
174.0;5.4787234042553195
180.0;5.797872340425532
186.0;4.86322188449848
192.0;4.825227963525836
198.0;5.281155015197569
204.0;5.0
210.0;4.019756838905775
216.0;3.221884498480243
222.0;3.153495440729483
228.0;3.1231003039513676
234.0;4.7948328267477205
240.0;4.080547112462006
246.0;2.986322188449848
252.0;2.4164133738601823
258.0;2.2720364741641337
264.0;3.2066869300911853
270.0;3.685410334346505
276.0;2.697568389057751
282.0;2.7279635258358663
288.0;3.1458966565349544
294.0;4.270516717325228
300.0;4.354103343465046
306.0;4.9316109422492405
312.0;5.296352583586626
318.0;5.015197568389058
324.0;4.939209726443769
330.0;4.133738601823708
336.0;3.6474164133738602
342.0;3.4346504559270516
348.0;3.1914893617021276
354.0;3.472644376899696
360.0;3.533434650455927
366.0;2.4240121580547114
372.0;1.8009118541033435
378.0;2.188449848024316
384.0;3.814589665653495
390.0;3.0775075987841944
396.0;2.978723404255319
402.0;3.487841945288754
408.0;3.9893617021276597
414.0;4.232522796352583
420.0;4.741641337386018
426.0;4.285714285714286
432.0;4.5212765957446805
438.0;4.627659574468085
444.0;4.278115501519757
450.0;4.224924012158055
456.0;3.054711246200608
462.0;2.689969604863222
468.0;3.427051671732523
474.0;3.6702127659574466
480.0;3.3738601823708207
486.0;2.9483282674772036
492.0;1.8768996960486322
498.0;2.234042553191489
504.0;3.290273556231003
510.0;3.1914893617021276
516.0;2.788753799392097
522.0;3.0851063829787235
528.0;3.6474164133738602
534.0;4.042553191489362
540.0;4.574468085106383
546.0;4.924012158054711
552.0;4.513677811550152
558.0;4.718844984802431
564.0;4.179331306990881
570.0;4.179331306990881
576.0;3.966565349544073
582.0;3.31306990881459
588.0;3.3890577507598785
594.0;2.940729483282675
600.0;3.1306990881458967
606.0;2.7811550151975686
612.0;2.5379939209726445
618.0;2.317629179331307
624.0;2.7811550151975686
630.0;3.3434650455927053
636.0;2.917933130699088
642.0;3.001519756838906
648.0;4.369300911854103
654.0;4.399696048632219
660.0;4.422492401215806
666.0;4.650455927051672
672.0;4.407294832826747
678.0;4.73404255319149
684.0;5.075987841945289
690.0;4.095744680851064
696.0;3.8297872340425534
702.0;3.6702127659574466
708.0;3.4346504559270516
714.0;3.708206686930091
720.0;4.095744680851064
726.0;3.335866261398176
732.0;2.135258358662614
738.0;2.211246200607903
744.0;3.6702127659574466
750.0;2.8343465045592704
756.0;3.10790273556231
762.0;3.0395136778115504
768.0;4.072948328267477
774.0;4.962006079027356
780.0;4.422492401215806
786.0;4.878419452887538
792.0;4.604863221884498
798.0;4.536474164133739
804.0;3.9133738601823707
810.0;4.86322188449848
816.0;3.404255319148936
822.0;2.933130699088146
828.0;3.4954407294832825
834.0;3.4422492401215807
840.0;3.3434650455927053
846.0;2.689969604863222
852.0;2.2492401215805473
858.0;2.735562310030395
864.0;3.2066869300911853
870.0;3.229483282674772
876.0;2.917933130699088
882.0;3.183890577507599
888.0;3.6246200607902734
894.0;5.151975683890577
900.0;4.3844984802431615
906.0;4.612462006079028
912.0;3.8069908814589666
918.0;5.075987841945289
924.0;5.448328267477204
930.0;3.966565349544073
936.0;3.4498480243161094
942.0;3.3206686930091185
948.0;3.047112462006079
954.0;4.992401215805471
960.0;4.414893617021277
966.0;3.487841945288754
972.0;2.1656534954407296
978.0;3.0395136778115504
984.0;3.3282674772036476
990.0;3.5638297872340425
996.0;3.594224924012158
1002.0;3.472644376899696
1008.0;4.080547112462006
1014.0;5.159574468085107
1020.0;4.0349544072948325
1026.0;5.433130699088146
1032.0;4.52887537993921
1038.0;5.015197568389058
1044.0;5.623100303951368
1050.0;3.5790273556231003
1056.0;4.240121580547113
1062.0;3.1914893617021276
1068.0;3.487841945288754
1074.0;4.32370820668693
1080.0;3.404255319148936
1086.0;2.5531914893617023
1092.0;2.4468085106382977
1098.0;2.8951367781155017
1104.0;2.7127659574468086
1110.0;2.872340425531915
1116.0;3.617021276595745
1122.0;3.548632218844985
1128.0;3.9893617021276597
1134.0;5.493920972644377
1140.0;4.627659574468085
1146.0;5.0683890577507595
1152.0;4.696048632218845
1158.0;5.220364741641338
1164.0;5.9878419452887535
1170.0;4.5820668693009114
1176.0;3.4346504559270516
1182.0;3.5714285714285716
1188.0;3.6322188449848025
1194.0;3.2750759878419453
1200.0;3.17629179331307
1206.0;2.788753799392097
1212.0;1.8617021276595744
1218.0;2.370820668693009
1224.0;4.437689969604863
1230.0;2.5835866261398177
1236.0;2.9483282674772036
1242.0;3.3434650455927053
1248.0;3.8753799392097266
1254.0;4.627659574468085
1260.0;4.635258358662614
1266.0;5.212765957446808
1272.0;5.334346504559271
1278.0;4.878419452887538
1284.0;4.779635258358662
1290.0;4.764437689969605
1296.0;4.194528875379939
1302.0;3.297872340425532
1308.0;3.6094224924012157
1314.0;3.3814589665653494
1320.0;2.9711246200607904
1326.0;2.560790273556231
1332.0;1.8541033434650456
1338.0;2.765957446808511
1344.0;3.351063829787234
1350.0;3.282674772036474
1356.0;2.933130699088146
1362.0;2.940729483282675
1368.0;3.9209726443768997
1374.0;5.113981762917933
1380.0;4.11854103343465
1386.0;4.0121580547112465
1392.0;5.26595744680851
1398.0;4.718844984802431
1404.0;4.331306990881459
1410.0;3.9969604863221884
1416.0;3.3434650455927053
1422.0;3.115501519756839
1428.0;3.708206686930091
1434.0;4.11854103343465
1440.0;3.4422492401215807
1446.0;2.393617021276596
1452.0;2.013677811550152
1458.0;3.069908814589666
1464.0;2.8419452887537995
1470.0;2.5835866261398177
1476.0;2.370820668693009
1482.0;3.290273556231003
1488.0;4.2477203647416415
1494.0;4.536474164133739
1500.0;5.6534954407294835
1506.0;5.288753799392097
1512.0;4.566869300911854
1518.0;5.425531914893617
1524.0;5.379939209726444
1530.0;4.848024316109423
1536.0;4.452887537993921
1542.0;3.472644376899696
1548.0;4.0121580547112465
1554.0;4.019756838905775
1560.0;3.3890577507598785
1566.0;2.2416413373860182
1572.0;2.074468085106383
1578.0;2.325227963525836
1584.0;2.7583586626139818
1590.0;3.17629179331307
1596.0;2.9027355623100304
1602.0;2.689969604863222
1608.0;4.072948328267477
1614.0;3.905775075987842
1620.0;4.11854103343465
1626.0;4.027355623100304
1632.0;4.711246200607903
1638.0;4.285714285714286
1644.0;4.673252279635259
1650.0;3.898176291793313
1656.0;3.3054711246200608
1662.0;3.24468085106383
1668.0;2.765957446808511
1674.0;3.092705167173252
1680.0;3.2598784194528876
1686.0;3.024316109422492
1692.0;2.0364741641337387
1698.0;2.8267477203647418
1704.0;3.4574468085106385
1710.0;2.8951367781155017
1716.0;3.5182370820668694
1722.0;3.5182370820668694
1728.0;4.095744680851064
1734.0;3.898176291793313
1740.0;4.741641337386018
1746.0;4.696048632218845
1752.0;4.756838905775076
1758.0;4.7948328267477205
1764.0;5.037993920972644
1770.0;4.376899696048632
1776.0;3.662613981762918
1782.0;2.5987841945288754
1788.0;3.358662613981763
1794.0;3.411854103343465
1800.0;2.9711246200607904
1806.0;2.4696048632218845
1812.0;1.8920972644376899
1818.0;2.788753799392097
1824.0;3.404255319148936
1830.0;3.0851063829787235
1836.0;2.4012158054711246
1842.0;3.3890577507598785
1848.0;4.0121580547112465
1854.0;4.2097264437689965
1860.0;4.878419452887538
1866.0;4.103343465045593
1872.0;5.182370820668693
1878.0;5.13677811550152
1884.0;4.536474164133739
1890.0;4.088145896656535
1896.0;3.3434650455927053
1902.0;3.237082066869301
1908.0;3.5638297872340425
1914.0;4.202127659574468
1920.0;3.237082066869301
1926.0;2.317629179331307
1932.0;2.5911854103343464
1938.0;3.5182370820668694
1944.0;3.3434650455927053
1950.0;3.2674772036474162
1956.0;2.9483282674772036
1962.0;3.297872340425532
1968.0;3.791793313069909
1974.0;4.718844984802431
1980.0;4.5820668693009114
1986.0;4.224924012158055
1992.0;4.270516717325228
1998.0;4.445288753799392
2004.0;4.787234042553192
2010.0;4.407294832826747
2016.0;3.844984802431611
2022.0;2.674772036474164
2028.0;3.335866261398176
2034.0;3.7841945288753798
2040.0;2.925531914893617
2046.0;1.9680851063829787
2052.0;2.1200607902735564
2058.0;2.689969604863222
2064.0;2.849544072948328
2070.0;2.386018237082067
2076.0;2.613981762917933
2082.0;3.1458966565349544
2088.0;3.7462006079027357
2094.0;5.083586626139818
2100.0;4.620060790273556
2106.0;4.939209726443769
2112.0;4.908814589665654
2118.0;4.551671732522796
2124.0;4.59726443768997
2130.0;4.468085106382978
2136.0;3.404255319148936
2142.0;3.0091185410334345
2148.0;3.1458966565349544
2154.0;3.5410334346504557
2160.0;3.1686930091185412
2166.0;2.7583586626139818
2172.0;2.2188449848024314
2178.0;2.522796352583587
2184.0;2.8875379939209727
2190.0;3.183890577507599
2196.0;2.925531914893617
2202.0;2.933130699088146
2208.0;4.12613981762918
2214.0;4.232522796352583
2220.0;4.635258358662614
2226.0;4.635258358662614
2232.0;4.779635258358662
2238.0;4.954407294832826
2244.0;5.372340425531915
2250.0;4.688449848024316
2256.0;4.194528875379939
2262.0;3.8297872340425534
2268.0;3.282674772036474
2274.0;3.404255319148936
2280.0;3.3282674772036476
2286.0;2.56838905775076
2292.0;2.2416413373860182
2298.0;2.864741641337386
2304.0;2.5303951367781155
2310.0;3.768996960486322
2316.0;3.5866261398176293
2322.0;3.3890577507598785
2328.0;4.6580547112462005
2334.0;4.787234042553192
2340.0;4.506079027355623
2346.0;5.0
2352.0;4.756838905775076
2358.0;5.448328267477204
2364.0;5.40273556231003
2370.0;3.951367781155015
2376.0;3.6474164133738602
2382.0;3.24468085106383
2388.0;3.4954407294832825
2394.0;3.3206686930091185
2400.0;3.069908814589666
2406.0;2.674772036474164
2412.0;2.234042553191489
2418.0;2.492401215805471
2424.0;4.179331306990881
2430.0;3.548632218844985
2436.0;2.978723404255319
2442.0;3.2522796352583585
2448.0;4.042553191489362
2454.0;4.0121580547112465
2460.0;5.334346504559271
2466.0;5.227963525835866
2472.0;3.5790273556231003
2478.0;4.452887537993921
2484.0;5.0303951367781155
2490.0;3.9969604863221884
2496.0;3.115501519756839
2502.0;3.183890577507599
2508.0;3.776595744680851
2514.0;3.472644376899696
2520.0;3.069908814589666
2526.0;2.7963525835866263
2532.0;2.310030395136778
2538.0;2.1732522796352582
2544.0;3.2750759878419453
2550.0;3.0395136778115504
2556.0;2.986322188449848
2562.0;3.5638297872340425
2568.0;4.095744680851064
2574.0;4.817629179331307
2580.0;4.817629179331307
2586.0;4.703647416413374
2592.0;5.585106382978723
2598.0;4.468085106382978
2604.0;4.7948328267477205
2610.0;4.9316109422492405
2616.0;3.966565349544073
2622.0;3.6246200607902734
2628.0;2.9635258358662613
2634.0;3.6474164133738602
2640.0;3.6474164133738602
2646.0;2.477203647416413
2652.0;2.6519756838905777
2658.0;2.7963525835866263
2664.0;2.765957446808511
2670.0;2.2492401215805473
2676.0;1.9452887537993921
2682.0;3.4422492401215807
2688.0;4.1109422492401215
2694.0;4.566869300911854
2700.0;5.357142857142857
2706.0;4.787234042553192
2712.0;5.212765957446808
2718.0;5.486322188449848
2724.0;4.468085106382978
2730.0;4.278115501519757
2736.0;2.986322188449848
2742.0;2.5759878419452886
2748.0;3.837386018237082
2754.0;4.3465045592705165
2760.0;3.639817629179331
2766.0;3.115501519756839
2772.0;2.4620060790273555
2778.0;2.522796352583587
2784.0;3.3282674772036476
2790.0;2.933130699088146
2796.0;2.56838905775076
2802.0;3.31306990881459
2808.0;3.153495440729483
2814.0;4.680851063829787
2820.0;4.0121580547112465
2826.0;4.468085106382978
2832.0;4.787234042553192
2838.0;4.688449848024316
2844.0;4.72644376899696
2850.0;3.860182370820669
2856.0;3.5410334346504557
2862.0;3.8221884498480243
2868.0;4.004559270516717
2874.0;3.6474164133738602
2880.0;2.9483282674772036
2886.0;2.378419452887538
2892.0;2.059270516717325
2898.0;2.811550151975684
2904.0;3.472644376899696
2910.0;3.0319148936170213
2916.0;3.358662613981763
2922.0;2.8875379939209727
2928.0;4.665653495440729
2934.0;4.810030395136778
2940.0;4.407294832826747
2946.0;3.7841945288753798
2952.0;4.430091185410334
2958.0;4.8936170212765955
2964.0;6.101823708206687
2970.0;4.627659574468085
2976.0;3.9969604863221884
2982.0;3.1231003039513676
2988.0;3.0167173252279635
2994.0;3.9817629179331306
3000.0;3.10790273556231
3006.0;2.7127659574468086
3012.0;2.1656534954407296
3018.0;2.7963525835866263
3024.0;3.1003039513677813
3030.0;3.183890577507599
3036.0;3.17629179331307
3042.0;3.1458966565349544
3048.0;3.7462006079027357
3054.0;5.060790273556231
3060.0;5.0
3066.0;4.939209726443769
3072.0;4.202127659574468
3078.0;4.703647416413374
3084.0;4.59726443768997
3090.0;3.844984802431611
3096.0;3.3282674772036476
3102.0;3.639817629179331
3108.0;3.974164133738602
3114.0;4.293313069908814
3120.0;3.3890577507598785
3126.0;2.7811550151975686
3132.0;1.952887537993921
3138.0;2.765957446808511
3144.0;3.419452887537994
3150.0;3.3206686930091185
3156.0;3.054711246200608
3162.0;3.5638297872340425
3168.0;4.042553191489362
3174.0;4.665653495440729
3180.0;4.848024316109423
3186.0;4.544072948328267
3192.0;3.9817629179331306
3198.0;4.498480243161095
3204.0;4.711246200607903
3210.0;5.13677811550152
3216.0;3.9361702127659575
3222.0;3.556231003039514
3228.0;4.004559270516717
3234.0;4.422492401215806
3240.0;3.1231003039513676
3246.0;2.689969604863222
3252.0;1.702127659574468
3258.0;2.857142857142857
3264.0;3.662613981762918
3270.0;3.069908814589666
3276.0;2.7051671732522795
3282.0;3.1914893617021276
3288.0;4.718844984802431
3294.0;5.243161094224924
3300.0;4.749240121580547
3306.0;4.8936170212765955
3312.0;5.220364741641338
3318.0;4.59726443768997
3324.0;5.729483282674772
3330.0;3.9969604863221884
3336.0;3.5410334346504557
3342.0;3.814589665653495
3348.0;2.63677811550152
3354.0;3.3054711246200608
3360.0;3.525835866261398
3366.0;2.674772036474164
3372.0;1.7553191489361701
3378.0;2.849544072948328
3384.0;3.898176291793313
3390.0;2.9711246200607904
3396.0;3.221884498480243
3402.0;3.6474164133738602
3408.0;3.2598784194528876
3414.0;4.224924012158055
3420.0;4.946808510638298
3426.0;4.977203647416413
3432.0;4.924012158054711
3438.0;5.220364741641338
3444.0;4.946808510638298
3450.0;4.452887537993921
3456.0;4.437689969604863
3462.0;3.10790273556231
3468.0;3.6322188449848025
3474.0;3.161094224924012
3480.0;3.0319148936170213
3486.0;2.560790273556231
3492.0;2.1580547112462005
3498.0;2.4620060790273555
3504.0;3.2066869300911853
3510.0;2.765957446808511
3516.0;3.2066869300911853
3522.0;3.001519756838906
3528.0;3.9969604863221884
3534.0;5.060790273556231
3540.0;5.562310030395137
3546.0;5.091185410334346
3552.0;4.5592705167173255
3558.0;4.468085106382978
3564.0;4.680851063829787
3570.0;4.407294832826747
3576.0;3.3738601823708207
3582.0;3.290273556231003
3588.0;3.723404255319149
3594.0;3.2142857142857144
3600.0;3.3282674772036476
3606.0;2.7203647416413372
3612.0;2.256838905775076
3618.0;2.7279635258358663
3624.0;3.465045592705167
3630.0;2.7203647416413372
3636.0;2.5531914893617023
3642.0;3.24468085106383
3648.0;2.986322188449848
3654.0;4.6580547112462005
3660.0;4.924012158054711
3666.0;4.984802431610942
3672.0;4.072948328267477
3678.0;5.668693009118541
3684.0;3.9969604863221884
3690.0;4.32370820668693
3696.0;3.7158054711246202
3702.0;3.153495440729483
3708.0;3.7462006079027357
3714.0;3.487841945288754
3720.0;3.2750759878419453
3726.0;2.8343465045592704
3732.0;2.0364741641337387
3738.0;2.6595744680851063
3744.0;2.864741641337386
3750.0;3.31306990881459
3756.0;3.6322188449848025
3762.0;4.164133738601824
3768.0;4.3844984802431615
3774.0;4.9696048632218845
3780.0;4.5592705167173255
3786.0;4.285714285714286
3792.0;4.696048632218845
3798.0;5.4179331306990886
3804.0;5.3419452887537995
3810.0;4.855623100303951
3816.0;3.860182370820669
3822.0;3.290273556231003
3828.0;3.723404255319149
3834.0;3.229483282674772
3840.0;3.183890577507599
3846.0;2.393617021276596
3852.0;2.454407294832827
3858.0;1.6869300911854104
3864.0;3.024316109422492
3870.0;3.4498480243161094
3876.0;3.1914893617021276
3882.0;3.8221884498480243
3888.0;4.25531914893617
3894.0;4.1109422492401215
3900.0;4.536474164133739
3906.0;4.604863221884498
3912.0;4.52887537993921
3918.0;4.513677811550152
3924.0;4.711246200607903
3930.0;4.604863221884498
3936.0;3.161094224924012
3942.0;3.0319148936170213
3948.0;3.10790273556231
3954.0;3.8221884498480243
3960.0;3.5106382978723403
3966.0;2.477203647416413
3972.0;2.2948328267477205
3978.0;2.629179331306991
3984.0;3.487841945288754
3990.0;3.351063829787234
3996.0;3.4498480243161094
4002.0;3.1990881458966567
4008.0;3.7386018237082066
4014.0;4.475683890577508
4020.0;5.493920972644377
4026.0;5.6155015197568385
4032.0;4.308510638297872
4038.0;4.772036474164134
4044.0;4.513677811550152
4050.0;4.642857142857143
4056.0;4.566869300911854
4062.0;3.1686930091185412
4068.0;4.164133738601824
4074.0;4.088145896656535
4080.0;4.171732522796352
4086.0;3.1382978723404253
4092.0;2.2492401215805473
4098.0;3.3890577507598785
4104.0;3.5182370820668694
4110.0;3.5182370820668694
4116.0;3.0167173252279635
4122.0;3.221884498480243
4128.0;4.25531914893617
4134.0;4.338905775075988
4140.0;4.741641337386018
4146.0;4.331306990881459
4152.0;4.825227963525836
4158.0;3.655015197568389
4164.0;5.27355623100304
4170.0;4.962006079027356
4176.0;3.6474164133738602
4182.0;3.2522796352583585
4188.0;3.9817629179331306
4194.0;3.525835866261398
4200.0;3.3662613981762917
4206.0;2.4848024316109423
4212.0;2.3480243161094223
4218.0;2.6671732522796354
4224.0;3.335866261398176
4230.0;3.2598784194528876
4236.0;3.3206686930091185
4242.0;2.8419452887537995
4248.0;3.358662613981763
4254.0;4.475683890577508
4260.0;5.547112462006079
4266.0;4.635258358662614
4272.0;4.354103343465046
4278.0;5.4787234042553195
4284.0;4.939209726443769
4290.0;4.544072948328267
4296.0;4.148936170212766
4302.0;4.414893617021277
4308.0;3.6778115501519757
4314.0;3.601823708206687
4320.0;3.1458966565349544
4326.0;2.6595744680851063
4332.0;2.264437689969605
4338.0;2.811550151975684
4344.0;2.811550151975684
4350.0;3.183890577507599
4356.0;3.594224924012158
4362.0;3.5866261398176293
4368.0;3.5714285714285716
4374.0;4.544072948328267
4380.0;4.32370820668693
4386.0;5.053191489361702
4392.0;4.52887537993921
4398.0;5.0683890577507595
4404.0;5.372340425531915
4410.0;3.8753799392097266
4416.0;3.8753799392097266
4422.0;2.765957446808511
4428.0;3.237082066869301
4434.0;3.8905775075987843
4440.0;2.629179331306991
4446.0;2.5987841945288754
4452.0;1.7173252279635258
4458.0;2.7811550151975686
4464.0;3.7537993920972643
4470.0;3.2142857142857144
4476.0;3.290273556231003
4482.0;3.161094224924012
4488.0;3.7158054711246202
4494.0;4.984802431610942
4500.0;4.840425531914893
4506.0;4.825227963525836
4512.0;4.065349544072948
4518.0;4.840425531914893
4524.0;5.645896656534954
4530.0;4.217325227963526
4536.0;3.4954407294832825
4542.0;3.9817629179331306
4548.0;3.024316109422492
4554.0;3.9969604863221884
4560.0;3.480243161094225
4566.0;2.8419452887537995
4572.0;2.454407294832827
4578.0;2.545592705167173
4584.0;3.3434650455927053
4590.0;3.1003039513677813
4596.0;2.9027355623100304
4602.0;3.882978723404255
4608.0;4.46048632218845
4614.0;5.3419452887537995
4620.0;4.72644376899696
4626.0;4.772036474164134
4632.0;4.452887537993921
4638.0;4.962006079027356
4644.0;5.9650455927051675
4650.0;5.167173252279635
4656.0;3.617021276595745
4662.0;3.1458966565349544
4668.0;3.5182370820668694
4674.0;3.951367781155015
4680.0;3.1686930091185412
4686.0;2.63677811550152
4692.0;2.0060790273556233
4698.0;2.9027355623100304
4704.0;3.7386018237082066
4710.0;4.0121580547112465
4716.0;3.6322188449848025
4722.0;3.9893617021276597
4728.0;4.39209726443769
4734.0;5.121580547112462
4740.0;5.113981762917933
4746.0;5.6155015197568385
4752.0;5.379939209726444
4758.0;4.627659574468085
4764.0;5.364741641337386
4770.0;4.331306990881459
4776.0;4.0121580547112465
4782.0;2.8343465045592704
4788.0;3.2066869300911853
4794.0;4.0349544072948325
4800.0;3.533434650455927
4806.0;3.351063829787234
4812.0;2.5759878419452886
4818.0;3.10790273556231
4824.0;3.427051671732523
4830.0;3.472644376899696
4836.0;3.0395136778115504
4842.0;3.282674772036474
4848.0;4.1109422492401215
4854.0;4.886018237082067
4860.0;4.756838905775076
4866.0;4.901215805471125
4872.0;4.430091185410334
4878.0;4.802431610942249
4884.0;5.174772036474164
4890.0;4.589665653495441
4896.0;3.480243161094225
4902.0;4.088145896656535
4908.0;3.3662613981762917
4914.0;3.844984802431611
4920.0;3.4498480243161094
4926.0;3.17629179331307
4932.0;2.5531914893617023
4938.0;2.545592705167173
4944.0;2.8267477203647418
4950.0;3.396656534954407
4956.0;2.8267477203647418
4962.0;3.0851063829787235
4968.0;4.240121580547113
4974.0;4.87082066869301
4980.0;4.437689969604863
4986.0;5.091185410334346
4992.0;5.691489361702128
4998.0;5.098784194528875
5004.0;4.810030395136778
5010.0;4.604863221884498
5016.0;3.844984802431611
5022.0;3.0091185410334345
5028.0;3.6094224924012157
5034.0;3.31306990881459
5040.0;2.9939209726443767
5046.0;2.522796352583587
5052.0;2.56838905775076
5058.0;2.7963525835866263
5064.0;3.24468085106383
5070.0;2.7811550151975686
5076.0;3.1914893617021276
5082.0;3.419452887537994
5088.0;4.042553191489362
5094.0;4.9696048632218845
5100.0;5.26595744680851
5106.0;4.848024316109423
5112.0;4.86322188449848
5118.0;5.0
5124.0;4.688449848024316
5130.0;4.635258358662614
5136.0;3.594224924012158
5142.0;3.6778115501519757
5148.0;4.057750759878419
5154.0;3.5638297872340425
5160.0;3.229483282674772
5166.0;2.2188449848024314
5172.0;2.629179331306991
5178.0;2.978723404255319
5184.0;3.655015197568389
5190.0;2.6443768996960486
5196.0;3.3282674772036476
5202.0;3.054711246200608
5208.0;4.59726443768997
5214.0;5.13677811550152
5220.0;4.878419452887538
5226.0;4.604863221884498
5232.0;5.296352583586626
5238.0;5.303951367781155
5244.0;4.59726443768997
5250.0;4.939209726443769
5256.0;3.4498480243161094
5262.0;2.9939209726443767
5268.0;3.465045592705167
5274.0;3.0775075987841944
5280.0;3.5182370820668694
5286.0;2.925531914893617
5292.0;2.1124620060790273
5298.0;2.63677811550152
5304.0;3.7462006079027357
5310.0;3.3662613981762917
5316.0;3.556231003039514
5322.0;3.1231003039513676
5328.0;3.9209726443768997
5334.0;4.665653495440729
5340.0;4.650455927051672
5346.0;4.749240121580547
5352.0;4.620060790273556
5358.0;4.544072948328267
5364.0;5.083586626139818
5370.0;4.506079027355623
5376.0;3.6322188449848025
5382.0;3.3890577507598785
5388.0;3.791793313069909
5394.0;3.5790273556231003
5400.0;3.427051671732523
5406.0;3.153495440729483
5412.0;1.8085106382978724
5418.0;2.43161094224924
5424.0;3.639817629179331
5430.0;3.161094224924012
5436.0;2.8267477203647418
5442.0;2.917933130699088
5448.0;3.708206686930091
5454.0;3.9589665653495443
5460.0;5.022796352583587
5466.0;4.749240121580547
5472.0;4.103343465045593
5478.0;4.620060790273556
5484.0;5.258358662613982
5490.0;4.984802431610942
5496.0;4.270516717325228
5502.0;3.480243161094225
5508.0;3.5638297872340425
5514.0;3.1458966565349544
5520.0;3.1686930091185412
5526.0;2.803951367781155
5532.0;2.234042553191489
5538.0;2.2948328267477205
5544.0;2.9103343465045595
5550.0;3.3434650455927053
5556.0;3.844984802431611
5562.0;2.674772036474164
5568.0;4.278115501519757
5574.0;4.855623100303951
5580.0;5.60790273556231
5586.0;3.860182370820669
5592.0;4.627659574468085
5598.0;4.445288753799392
5604.0;5.27355623100304
5610.0;4.1109422492401215
5616.0;3.8297872340425534
5622.0;3.358662613981763
5628.0;3.9133738601823707
5634.0;4.095744680851064
5640.0;3.8905775075987843
5646.0;3.17629179331307
5652.0;2.5531914893617023
5658.0;2.8875379939209727
5664.0;4.004559270516717
5670.0;3.4346504559270516
5676.0;3.10790273556231
5682.0;3.594224924012158
5688.0;4.46048632218845
5694.0;5.022796352583587
5700.0;4.954407294832826
5706.0;3.9209726443768997
5712.0;4.422492401215806
5718.0;4.908814589665654
5724.0;5.1063829787234045
5730.0;4.5592705167173255
5736.0;3.7841945288753798
5742.0;3.221884498480243
5748.0;4.179331306990881
5754.0;3.548632218844985
5760.0;3.419452887537994
5766.0;2.735562310030395
5772.0;2.439209726443769
5778.0;2.234042553191489
5784.0;3.0623100303951367
5790.0;3.092705167173252
5796.0;3.5714285714285716
5802.0;2.925531914893617
5808.0;3.7537993920972643
5814.0;5.26595744680851
5820.0;5.235562310030395
5826.0;5.425531914893617
5832.0;4.916413373860182
5838.0;5.927051671732523
5844.0;5.775075987841945
5850.0;4.612462006079028
5856.0;3.4422492401215807
5862.0;3.3662613981762917
5868.0;3.427051671732523
5874.0;4.293313069908814
5880.0;3.601823708206687
5886.0;2.735562310030395
5892.0;2.2036474164133737
5898.0;3.0167173252279635
5904.0;3.0623100303951367
5910.0;3.2750759878419453
5916.0;2.857142857142857
5922.0;3.297872340425532
5928.0;4.3465045592705165
5934.0;4.673252279635259
5940.0;5.486322188449848
5946.0;4.620060790273556
5952.0;3.685410334346505
5958.0;4.475683890577508
5964.0;5.121580547112462
5970.0;5.12917933130699
5976.0;3.6094224924012157
5982.0;3.351063829787234
5988.0;3.2522796352583585
5994.0;3.5182370820668694
6000.0;3.2142857142857144
6006.0;3.0395136778115504
6012.0;2.5
6018.0;1.952887537993921
6024.0;3.3206686930091185
6030.0;3.092705167173252
6036.0;2.697568389057751
6042.0;3.1458966565349544
6048.0;4.217325227963526
6054.0;4.536474164133739
6060.0;4.331306990881459
6066.0;4.452887537993921
6072.0;4.300911854103344
6078.0;4.3844984802431615
6084.0;5.896656534954407
6090.0;4.498480243161095
6096.0;3.6778115501519757
6102.0;3.2674772036474162
6108.0;3.860182370820669
6114.0;3.662613981762918
6120.0;3.0091185410334345
6126.0;3.161094224924012
6132.0;2.689969604863222
6138.0;2.8951367781155017
6144.0;3.290273556231003
6150.0;2.8875379939209727
6156.0;2.9939209726443767
6162.0;3.1306990881458967
6168.0;4.224924012158055
6174.0;4.802431610942249
6180.0;5.562310030395137
6186.0;5.13677811550152
6192.0;3.943768996960486
6198.0;4.9316109422492405
6204.0;5.12917933130699
6210.0;4.817629179331307
6216.0;4.194528875379939
6222.0;3.2750759878419453
6228.0;3.17629179331307
6234.0;3.6702127659574466
6240.0;3.6474164133738602
6246.0;2.4620060790273555
6252.0;2.978723404255319
6258.0;2.7963525835866263
6264.0;2.735562310030395
6270.0;3.001519756838906
6276.0;2.872340425531915
6282.0;3.2066869300911853
6288.0;3.844984802431611
6294.0;5.349544072948328
6300.0;4.939209726443769
6306.0;5.729483282674772
6312.0;4.855623100303951
6318.0;4.977203647416413
6324.0;5.4407294832826745
6330.0;4.72644376899696
6336.0;3.1306990881458967
6342.0;3.31306990881459
6348.0;3.8297872340425534
6354.0;3.9817629179331306
6360.0;3.480243161094225
6366.0;2.9635258358662613
6372.0;2.3328267477203646
6378.0;2.9711246200607904
6384.0;3.2522796352583585
6390.0;3.5106382978723403
6396.0;3.8905775075987843
6402.0;3.5790273556231003
6408.0;4.4832826747720365
6414.0;4.452887537993921
6420.0;4.376899696048632
6426.0;5.13677811550152
6432.0;5.547112462006079
6438.0;5.486322188449848
6444.0;5.835866261398176
6450.0;4.194528875379939
6456.0;3.358662613981763
6462.0;3.2674772036474162
6468.0;3.221884498480243
6474.0;3.6702127659574466
6480.0;2.917933130699088
6486.0;2.0896656534954405
6492.0;2.454407294832827
6498.0;2.6519756838905777
6504.0;3.525835866261398
6510.0;3.2674772036474162
6516.0;2.8875379939209727
6522.0;2.9103343465045595
6528.0;4.050151975683891
6534.0;5.47112462006079
6540.0;4.696048632218845
6546.0;5.091185410334346
6552.0;4.696048632218845
6558.0;4.741641337386018
6564.0;4.992401215805471
6570.0;4.224924012158055
6576.0;3.404255319148936
6582.0;3.472644376899696
6588.0;3.4574468085106385
6594.0;3.5638297872340425
6600.0;3.0395136778115504
6606.0;2.857142857142857
6612.0;2.5379939209726445
6618.0;2.7811550151975686
6624.0;3.3054711246200608
6630.0;2.8875379939209727
6636.0;2.872340425531915
6642.0;3.2750759878419453
6648.0;4.004559270516717
6654.0;5.2051671732522795
6660.0;5.235562310030395
6666.0;4.445288753799392
6672.0;4.718844984802431
6678.0;4.1109422492401215
6684.0;3.9209726443768997
6690.0;4.361702127659575
6696.0;3.905775075987842
6702.0;3.5030395136778116
6708.0;3.5638297872340425
6714.0;4.2097264437689965
6720.0;2.56838905775076
6726.0;2.674772036474164
6732.0;2.2264437689969605
6738.0;2.4240121580547114
6744.0;3.0319148936170213
6750.0;3.3738601823708207
6756.0;3.9817629179331306
6762.0;3.662613981762918
6768.0;4.285714285714286
6774.0;4.962006079027356
6780.0;4.817629179331307
6786.0;5.775075987841945
6792.0;4.589665653495441
6798.0;5.820668693009119
6804.0;5.67629179331307
6810.0;4.711246200607903
6816.0;3.662613981762918
6822.0;3.419452887537994
6828.0;3.4954407294832825
6834.0;3.4422492401215807
6840.0;3.2674772036474162
6846.0;2.5531914893617023
6852.0;2.1580547112462005
6858.0;2.933130699088146
6864.0;3.9589665653495443
6870.0;3.2522796352583585
6876.0;3.069908814589666
6882.0;3.1686930091185412
6888.0;3.601823708206687
6894.0;4.156534954407295
6900.0;5.425531914893617
6906.0;4.939209726443769
6912.0;4.566869300911854
6918.0;4.650455927051672
6924.0;5.1063829787234045
6930.0;4.399696048632219
6936.0;3.5030395136778116
6942.0;3.237082066869301
6948.0;3.6778115501519757
6954.0;3.6094224924012157
6960.0;3.4574468085106385
6966.0;2.393617021276596
6972.0;2.325227963525836
6978.0;2.310030395136778
6984.0;2.7735562310030395
6990.0;2.765957446808511
6996.0;3.594224924012158
7002.0;3.465045592705167
7008.0;4.027355623100304
7014.0;4.939209726443769
7020.0;4.886018237082067
7026.0;4.946808510638298
7032.0;5.182370820668693
7038.0;5.7522796352583585
7044.0;4.810030395136778
7050.0;4.042553191489362
7056.0;3.358662613981763
7062.0;3.525835866261398
7068.0;2.9103343465045595
7074.0;3.6474164133738602
7080.0;2.978723404255319
7086.0;2.629179331306991
7092.0;1.8996960486322187
7098.0;2.2492401215805473
7104.0;3.974164133738602
7110.0;3.8905775075987843
7116.0;3.6778115501519757
7122.0;3.221884498480243
7128.0;4.840425531914893
7134.0;4.490881458966565
7140.0;5.144376899696049
7146.0;3.9969604863221884
7152.0;4.300911854103344
7158.0;4.468085106382978
7164.0;5.87386018237082
7170.0;5.098784194528875
7176.0;4.0349544072948325
7182.0;3.419452887537994
7188.0;3.5790273556231003
7194.0;4.0349544072948325
7200.0;3.5714285714285716
7206.0;2.765957446808511
7212.0;1.9224924012158056
7218.0;2.9103343465045595
7224.0;3.2674772036474162
7230.0;4.065349544072948
7236.0;3.4574468085106385
7242.0;3.9589665653495443
7248.0;3.396656534954407
7254.0;4.574468085106383
7260.0;5.4407294832826745
7266.0;4.802431610942249
7272.0;3.9361702127659575
7278.0;5.12917933130699
7284.0;5.091185410334346
7290.0;4.042553191489362
7296.0;3.8753799392097266
7302.0;3.0775075987841944
7308.0;3.1458966565349544
7314.0;3.335866261398176
7320.0;3.5790273556231003
7326.0;3.1231003039513676
7332.0;2.135258358662614
7338.0;2.3404255319148937
7344.0;3.556231003039514
7350.0;3.7158054711246202
7356.0;3.8221884498480243
7362.0;3.465045592705167
7368.0;3.9893617021276597
7374.0;4.042553191489362
7380.0;4.2477203647416415
7386.0;4.946808510638298
7392.0;3.974164133738602
7398.0;4.817629179331307
7404.0;5.74468085106383
7410.0;4.832826747720365
7416.0;3.480243161094225
7422.0;2.735562310030395
7428.0;3.5410334346504557
7434.0;3.5410334346504557
7440.0;3.0091185410334345
7446.0;2.811550151975684
7452.0;2.689969604863222
7458.0;2.697568389057751
7464.0;3.1990881458966567
7470.0;3.1914893617021276
7476.0;2.7507598784194527
7482.0;3.2750759878419453
7488.0;4.787234042553192
7494.0;5.26595744680851
7500.0;5.767477203647417
7506.0;4.817629179331307
7512.0;4.72644376899696
7518.0;4.954407294832826
7524.0;5.022796352583587
7530.0;4.772036474164134
7536.0;3.655015197568389
7542.0;3.069908814589666
7548.0;3.4954407294832825
7554.0;4.1109422492401215
7560.0;2.7203647416413372
7566.0;3.221884498480243
7572.0;1.9832826747720365
7578.0;2.849544072948328
7584.0;3.480243161094225
7590.0;3.31306990881459
7596.0;2.978723404255319
7602.0;3.5410334346504557
7608.0;4.141337386018237
7614.0;5.182370820668693
7620.0;5.0303951367781155
7626.0;4.810030395136778
7632.0;4.331306990881459
7638.0;5.0303951367781155
7644.0;4.802431610942249
7650.0;3.8221884498480243
7656.0;3.480243161094225
7662.0;3.3890577507598785
7668.0;3.2142857142857144
7674.0;3.9361702127659575
7680.0;3.1686930091185412
7686.0;2.857142857142857
7692.0;2.545592705167173
7698.0;2.4012158054711246
7704.0;4.027355623100304
7710.0;3.8677811550151975
7716.0;3.5410334346504557
7722.0;3.1382978723404253
7728.0;3.8297872340425534
7734.0;4.513677811550152
7740.0;5.387537993920972
7746.0;4.749240121580547
7752.0;4.665653495440729
7758.0;4.73404255319149
7764.0;5.098784194528875
7770.0;3.708206686930091
7776.0;3.7537993920972643
7782.0;3.427051671732523
7788.0;4.12613981762918
7794.0;3.427051671732523
7800.0;3.6930091185410334
7806.0;3.2522796352583585
7812.0;2.4848024316109423
7818.0;2.8951367781155017
7824.0;3.6702127659574466
7830.0;3.5790273556231003
7836.0;2.872340425531915
7842.0;3.3814589665653494
7848.0;3.7462006079027357
7854.0;5.27355623100304
7860.0;5.585106382978723
7866.0;4.133738601823708
7872.0;4.954407294832826
7878.0;5.167173252279635
7884.0;5.592705167173253
7890.0;3.974164133738602
7896.0;3.4954407294832825
7902.0;4.3844984802431615
7908.0;3.4498480243161094
7914.0;3.1914893617021276
7920.0;3.404255319148936
7926.0;3.465045592705167
7932.0;1.9300911854103344
7938.0;2.9711246200607904
7944.0;3.943768996960486
7950.0;3.472644376899696
7956.0;2.697568389057751
7962.0;2.4088145896656536
7968.0;3.472644376899696
7974.0;5.113981762917933
7980.0;4.810030395136778
7986.0;4.772036474164134
7992.0;5.40273556231003
7998.0;5.144376899696049
8004.0;5.531914893617022
8010.0;4.407294832826747
8016.0;4.224924012158055
8022.0;2.9635258358662613
8028.0;3.351063829787234
8034.0;3.6930091185410334
8040.0;4.2097264437689965
8046.0;2.872340425531915
8052.0;2.317629179331307
8058.0;2.811550151975684
8064.0;3.472644376899696
8070.0;3.905775075987842
8076.0;3.4954407294832825
8082.0;3.472644376899696
8088.0;3.8753799392097266
8094.0;5.083586626139818
8100.0;4.361702127659575
8106.0;5.0303951367781155
8112.0;5.083586626139818
8118.0;5.015197568389058
8124.0;4.506079027355623
8130.0;5.13677811550152
8136.0;3.9209726443768997
8142.0;2.9711246200607904
8148.0;3.351063829787234
8154.0;2.765957446808511
8160.0;3.4498480243161094
8166.0;2.9027355623100304
8172.0;2.196048632218845
8178.0;2.7735562310030395
8184.0;3.115501519756839
8190.0;4.186930091185411
8196.0;3.237082066869301
8202.0;3.31306990881459
8208.0;3.6930091185410334
8214.0;4.741641337386018
8220.0;5.235562310030395
8226.0;5.47112462006079
8232.0;5.045592705167174
8238.0;4.407294832826747
8244.0;4.39209726443769
8250.0;4.300911854103344
8256.0;3.8905775075987843
8262.0;3.290273556231003
8268.0;3.776595744680851
8274.0;3.655015197568389
8280.0;3.115501519756839
8286.0;2.629179331306991
8292.0;2.454407294832827
8298.0;2.4848024316109423
8304.0;3.335866261398176
8310.0;3.297872340425532
8316.0;3.7537993920972643
8322.0;3.6702127659574466
8328.0;4.498480243161095
8334.0;4.908814589665654
8340.0;4.954407294832826
8346.0;4.764437689969605
8352.0;4.665653495440729
8358.0;4.7948328267477205
8364.0;4.11854103343465
8370.0;4.240121580547113
8376.0;2.8875379939209727
8382.0;3.153495440729483
8388.0;4.0349544072948325
8394.0;3.4422492401215807
8400.0;2.857142857142857
8406.0;2.735562310030395
8412.0;1.9224924012158056
8418.0;2.5759878419452886
8424.0;3.617021276595745
8430.0;3.898176291793313
8436.0;3.3282674772036476
8442.0;3.3282674772036476
8448.0;4.240121580547113
8454.0;4.86322188449848
8460.0;5.037993920972644
8466.0;4.0121580547112465
8472.0;4.088145896656535
8478.0;4.946808510638298
8484.0;6.139817629179332
8490.0;4.331306990881459
8496.0;3.768996960486322
8502.0;3.3282674772036476
8508.0;3.776595744680851
8514.0;3.3662613981762917
8520.0;2.6595744680851063
8526.0;2.370820668693009
8532.0;2.196048632218845
8538.0;2.857142857142857
8544.0;3.655015197568389
8550.0;3.943768996960486
8556.0;3.358662613981763
8562.0;3.4422492401215807
8568.0;3.3282674772036476
8574.0;3.9969604863221884
8580.0;5.27355623100304
8586.0;4.604863221884498
8592.0;4.749240121580547
8598.0;4.498480243161095
8604.0;5.060790273556231
8610.0;4.027355623100304
8616.0;4.498480243161095
8622.0;3.5638297872340425
8628.0;3.465045592705167
8634.0;3.3434650455927053
8640.0;3.472644376899696
8646.0;2.3404255319148937
8652.0;2.264437689969605
8658.0;2.492401215805471
8664.0;3.6474164133738602
8670.0;2.940729483282675
8676.0;3.5106382978723403
8682.0;3.092705167173252
8688.0;4.179331306990881
8694.0;4.787234042553192
8700.0;4.574468085106383
8706.0;4.8936170212765955
8712.0;4.32370820668693
8718.0;4.946808510638298
8724.0;5.319148936170213
8730.0;4.992401215805471
8736.0;4.027355623100304
8742.0;3.3434650455927053
8748.0;3.4422492401215807
8754.0;3.7613981762917934
8760.0;3.047112462006079
8766.0;2.933130699088146
8772.0;2.256838905775076
8778.0;2.5759878419452886
8784.0;3.1990881458966567
8790.0;3.31306990881459
8796.0;3.047112462006079
8802.0;3.617021276595745
8808.0;4.2097264437689965
8814.0;5.053191489361702
8820.0;5.623100303951368
8826.0;4.901215805471125
8832.0;4.566869300911854
8838.0;5.623100303951368
8844.0;5.349544072948328
8850.0;5.091185410334346
8856.0;3.9817629179331306
8862.0;3.791793313069909
8868.0;3.3814589665653494
8874.0;3.9817629179331306
8880.0;3.4954407294832825
8886.0;3.472644376899696
8892.0;2.4468085106382977
8898.0;2.8267477203647418
8904.0;3.183890577507599
8910.0;3.731003039513678
8916.0;2.9103343465045595
8922.0;3.943768996960486
8928.0;3.7386018237082066
8934.0;4.779635258358662
8940.0;5.015197568389058
8946.0;4.589665653495441
8952.0;4.361702127659575
8958.0;5.4179331306990886
8964.0;5.455927051671733
8970.0;4.72644376899696
8976.0;3.7537993920972643
8982.0;3.5410334346504557
8988.0;3.3738601823708207
8994.0;4.141337386018237
9000.0;3.1231003039513676
9006.0;2.7203647416413372
9012.0;2.1124620060790273
9018.0;2.674772036474164
9024.0;3.7613981762917934
9030.0;3.3738601823708207
9036.0;3.5866261398176293
9042.0;3.4954407294832825
9048.0;4.095744680851064
9054.0;4.8936170212765955
9060.0;5.1063829787234045
9066.0;4.756838905775076
9072.0;5.113981762917933
9078.0;5.091185410334346
9084.0;5.759878419452887
9090.0;5.12917933130699
9096.0;3.8753799392097266
9102.0;3.5182370820668694
9108.0;3.594224924012158
9114.0;3.0851063829787235
9120.0;3.974164133738602
9126.0;3.0167173252279635
9132.0;2.743161094224924
9138.0;2.454407294832827
9144.0;3.548632218844985
9150.0;2.9711246200607904
9156.0;2.7203647416413372
9162.0;3.1458966565349544
9168.0;3.3434650455927053
9174.0;4.361702127659575
9180.0;4.984802431610942
9186.0;4.620060790273556
9192.0;4.764437689969605
9198.0;4.5592705167173255
9204.0;5.364741641337386
9210.0;4.817629179331307
9216.0;3.5866261398176293
9222.0;3.001519756838906
9228.0;3.153495440729483
9234.0;3.5866261398176293
9240.0;2.439209726443769
9246.0;2.849544072948328
9252.0;2.1656534954407296
9258.0;2.7735562310030395
9264.0;3.2066869300911853
9270.0;3.966565349544073
9276.0;3.7386018237082066
9282.0;3.092705167173252
9288.0;4.065349544072948
9294.0;5.364741641337386
9300.0;5.113981762917933
9306.0;4.962006079027356
9312.0;4.5820668693009114
9318.0;5.600303951367781
9324.0;4.72644376899696
9330.0;4.088145896656535
9336.0;3.601823708206687
9342.0;3.115501519756839
9348.0;3.6778115501519757
9354.0;3.4346504559270516
9360.0;3.9893617021276597
9366.0;2.7127659574468086
9372.0;2.234042553191489
9378.0;2.857142857142857
9384.0;4.072948328267477
9390.0;3.5790273556231003
9396.0;3.723404255319149
9402.0;3.1686930091185412
9408.0;4.2097264437689965
9414.0;4.840425531914893
9420.0;5.820668693009119
9426.0;5.0683890577507595
9432.0;5.288753799392097
9438.0;5.721884498480243
9444.0;5.334346504559271
9450.0;4.452887537993921
9456.0;3.533434650455927
9462.0;3.768996960486322
9468.0;4.635258358662614
9474.0;3.882978723404255
9480.0;3.3282674772036476
9486.0;3.2066869300911853
9492.0;2.370820668693009
9498.0;2.5
9504.0;3.791793313069909
9510.0;3.768996960486322
9516.0;3.0091185410334345
9522.0;2.743161094224924
9528.0;3.5030395136778116
9534.0;4.749240121580547
9540.0;5.4407294832826745
9546.0;5.189969604863222
9552.0;4.939209726443769
9558.0;4.908814589665654
9564.0;5.4407294832826745
9570.0;5.27355623100304
9576.0;3.3738601823708207
9582.0;4.019756838905775
9588.0;3.4422492401215807
9594.0;3.358662613981763
9600.0;2.2036474164133737
9606.0;3.1686930091185412
9612.0;2.864741641337386
9618.0;2.8343465045592704
9624.0;3.898176291793313
9630.0;3.0395136778115504
9636.0;2.43161094224924
9642.0;2.9939209726443767
9648.0;4.399696048632219
9654.0;5.007598784194529
9660.0;4.901215805471125
9666.0;6.033434650455927
9672.0;5.4407294832826745
9678.0;5.7522796352583585
9684.0;5.843465045592705
9690.0;4.855623100303951
9696.0;4.886018237082067
9702.0;3.0091185410334345
9708.0;3.5182370820668694
9714.0;3.791793313069909
9720.0;3.4954407294832825
9726.0;3.3890577507598785
9732.0;2.370820668693009
9738.0;2.7811550151975686
9744.0;3.617021276595745
9750.0;3.3206686930091185
9756.0;3.8753799392097266
9762.0;3.9133738601823707
9768.0;3.6322188449848025
9774.0;5.174772036474164
9780.0;4.498480243161095
9786.0;5.60790273556231
9792.0;5.0
9798.0;4.430091185410334
9804.0;6.048632218844984
9810.0;4.3844984802431615
9816.0;4.1109422492401215
9822.0;3.844984802431611
9828.0;3.7841945288753798
9834.0;3.685410334346505
9840.0;3.1914893617021276
9846.0;2.6671732522796354
9852.0;2.1048632218844983
9858.0;3.115501519756839
9864.0;2.9635258358662613
9870.0;3.4574468085106385
9876.0;3.951367781155015
9882.0;3.351063829787234
9888.0;4.437689969604863
9894.0;4.86322188449848
9900.0;4.977203647416413
9906.0;5.037993920972644
9912.0;4.399696048632219
9918.0;4.73404255319149
9924.0;5.182370820668693
9930.0;3.351063829787234
9936.0;3.3738601823708207
9942.0;2.7279635258358663
9948.0;4.285714285714286
9954.0;4.718844984802431
9960.0;3.092705167173252
9966.0;2.849544072948328
9972.0;2.765957446808511
9978.0;2.2264437689969605
9984.0;3.639817629179331
9990.0;3.054711246200608
9996.0;3.465045592705167
10002.0;3.282674772036474
10008.0;3.9589665653495443
10014.0;4.369300911854103
10020.0;4.848024316109423
10026.0;6.033434650455927
10032.0;4.361702127659575
10038.0;5.174772036474164
10044.0;6.109422492401216
10050.0;5.045592705167174
10056.0;4.361702127659575
10062.0;3.525835866261398
10068.0;3.0167173252279635
10074.0;4.376899696048632
10080.0;3.533434650455927
10086.0;3.3434650455927053
10092.0;2.135258358662614
10098.0;2.8799392097264436
10104.0;3.5410334346504557
10110.0;2.9939209726443767
10116.0;3.404255319148936
10122.0;3.4422492401215807
10128.0;4.3844984802431615
10134.0;4.6580547112462005
10140.0;4.59726443768997
10146.0;4.878419452887538
10152.0;4.87082066869301
10158.0;5.0
10164.0;5.493920972644377
10170.0;5.4787234042553195
10176.0;3.5638297872340425
10182.0;3.427051671732523
10188.0;3.548632218844985
10194.0;3.8221884498480243
10200.0;3.10790273556231
10206.0;3.290273556231003
10212.0;2.5835866261398177
10218.0;2.7735562310030395
10224.0;3.411854103343465
10230.0;2.8875379939209727
10236.0;2.8799392097264436
10242.0;3.7158054711246202
10248.0;4.498480243161095
10254.0;4.665653495440729
10260.0;4.551671732522796
10266.0;4.574468085106383
10272.0;4.650455927051672
10278.0;4.772036474164134
10284.0;6.041033434650456
10290.0;5.493920972644377
10296.0;3.8753799392097266
10302.0;3.161094224924012
10308.0;3.7006079027355625
10314.0;4.316109422492401
10320.0;3.229483282674772
10326.0;2.5531914893617023
10332.0;2.545592705167173
10338.0;2.8799392097264436
10344.0;4.019756838905775
10350.0;3.7006079027355625
10356.0;3.5410334346504557
10362.0;3.731003039513678
10368.0;4.019756838905775
10374.0;4.361702127659575
10380.0;5.387537993920972
10386.0;4.6580547112462005
10392.0;4.5592705167173255
10398.0;5.357142857142857
10404.0;4.506079027355623
10410.0;4.711246200607903
10416.0;4.042553191489362
10422.0;3.5030395136778116
10428.0;4.711246200607903
10434.0;3.837386018237082
10440.0;3.844984802431611
10446.0;2.925531914893617
10452.0;2.6443768996960486
10458.0;2.6595744680851063
10464.0;3.1003039513677813
10470.0;2.986322188449848
10476.0;2.7127659574468086
10482.0;2.8191489361702127
10488.0;3.1914893617021276
10494.0;5.091185410334346
10500.0;4.7948328267477205
10506.0;4.354103343465046
10512.0;4.878419452887538
10518.0;4.741641337386018
10524.0;5.425531914893617
10530.0;3.768996960486322
10536.0;3.115501519756839
10542.0;2.9559270516717326
10548.0;3.662613981762918
10554.0;3.3814589665653494
10560.0;3.1306990881458967
10566.0;2.8875379939209727
10572.0;2.0364741641337387
10578.0;2.5759878419452886
10584.0;3.5182370820668694
10590.0;3.17629179331307
10596.0;3.1914893617021276
10602.0;3.358662613981763
10608.0;3.974164133738602
10614.0;5.775075987841945
10620.0;5.509118541033435
10626.0;4.832826747720365
10632.0;5.060790273556231
10638.0;5.060790273556231
10644.0;5.782674772036474
10650.0;3.9969604863221884
10656.0;3.5866261398176293
10662.0;3.069908814589666
10668.0;3.7386018237082066
10674.0;3.768996960486322
10680.0;3.2674772036474162
10686.0;2.264437689969605
10692.0;2.1200607902735564
10698.0;2.8875379939209727
10704.0;3.723404255319149
10710.0;3.2674772036474162
10716.0;3.0851063829787235
10722.0;2.9635258358662613
10728.0;4.551671732522796
10734.0;5.395136778115502
10740.0;4.916413373860182
10746.0;4.72644376899696
10752.0;4.232522796352583
10758.0;5.448328267477204
10764.0;5.623100303951368
10770.0;4.331306990881459
10776.0;4.620060790273556
10782.0;3.8069908814589666
10788.0;3.1382978723404253
10794.0;3.7158054711246202
