#auto generated file!
6.0;0.0
12.0;0.6666666666666666
18.0;8.0
24.0;12.5
30.0;14.666666666666666
36.0;28.666666666666668
42.0;40.0
48.0;52.166666666666664
54.0;73.66666666666667
60.0;87.0
66.0;71.33333333333333
72.0;69.5
78.0;83.33333333333333
84.0;64.16666666666667
90.0;57.0
96.0;55.666666666666664
102.0;43.0
108.0;47.5
114.0;50.833333333333336
120.0;53.666666666666664
126.0;43.333333333333336
132.0;23.666666666666668
138.0;28.833333333333332
144.0;32.833333333333336
150.0;47.666666666666664
156.0;32.0
162.0;41.333333333333336
168.0;39.833333333333336
174.0;58.5
180.0;63.333333333333336
186.0;80.33333333333333
192.0;67.83333333333333
198.0;39.666666666666664
204.0;36.333333333333336
210.0;34.666666666666664
216.0;31.666666666666668
222.0;36.666666666666664
228.0;43.666666666666664
234.0;46.666666666666664
240.0;48.5
246.0;40.666666666666664
252.0;46.0
258.0;31.666666666666668
264.0;40.666666666666664
270.0;40.833333333333336
276.0;39.666666666666664
282.0;31.166666666666668
288.0;39.5
294.0;42.333333333333336
300.0;43.0
306.0;49.0
312.0;46.333333333333336
318.0;51.666666666666664
324.0;62.333333333333336
330.0;60.666666666666664
336.0;40.333333333333336
342.0;46.5
348.0;38.833333333333336
354.0;47.666666666666664
360.0;64.83333333333333
366.0;47.333333333333336
372.0;32.166666666666664
378.0;43.333333333333336
384.0;42.5
390.0;34.833333333333336
396.0;43.333333333333336
402.0;44.666666666666664
408.0;35.333333333333336
414.0;51.833333333333336
420.0;56.0
426.0;51.666666666666664
432.0;51.5
438.0;42.666666666666664
444.0;46.166666666666664
450.0;45.333333333333336
456.0;48.0
462.0;41.333333333333336
468.0;51.833333333333336
474.0;54.666666666666664
480.0;50.666666666666664
486.0;43.666666666666664
492.0;38.0
498.0;31.5
504.0;36.666666666666664
510.0;32.0
516.0;38.666666666666664
522.0;38.666666666666664
528.0;43.5
534.0;60.333333333333336
540.0;64.0
546.0;76.33333333333333
552.0;72.0
558.0;74.33333333333333
564.0;48.666666666666664
570.0;50.666666666666664
576.0;42.666666666666664
582.0;39.0
588.0;33.833333333333336
594.0;40.666666666666664
600.0;67.16666666666667
606.0;53.333333333333336
612.0;44.0
618.0;33.833333333333336
624.0;25.666666666666668
630.0;33.333333333333336
636.0;40.666666666666664
642.0;38.833333333333336
648.0;46.166666666666664
654.0;51.5
660.0;89.66666666666667
666.0;73.33333333333333
672.0;59.0
678.0;48.166666666666664
684.0;41.833333333333336
690.0;42.0
696.0;34.333333333333336
702.0;44.333333333333336
708.0;64.83333333333333
714.0;82.83333333333333
720.0;81.83333333333333
726.0;58.333333333333336
732.0;39.0
738.0;39.0
744.0;39.666666666666664
750.0;36.666666666666664
756.0;47.666666666666664
762.0;33.0
768.0;39.166666666666664
774.0;68.0
780.0;79.83333333333333
786.0;62.333333333333336
792.0;47.666666666666664
798.0;40.0
804.0;42.0
810.0;49.333333333333336
816.0;50.333333333333336
822.0;42.166666666666664
828.0;58.0
834.0;49.5
840.0;61.166666666666664
846.0;39.333333333333336
852.0;27.333333333333332
858.0;36.666666666666664
864.0;23.666666666666668
870.0;31.0
876.0;35.333333333333336
882.0;37.333333333333336
888.0;42.833333333333336
894.0;68.0
900.0;66.0
906.0;70.66666666666667
912.0;65.66666666666667
918.0;68.16666666666667
924.0;60.166666666666664
930.0;52.666666666666664
936.0;38.0
942.0;37.666666666666664
948.0;39.166666666666664
954.0;66.5
960.0;68.66666666666667
966.0;55.0
972.0;36.666666666666664
978.0;21.333333333333332
984.0;33.5
990.0;35.0
996.0;41.0
1002.0;38.333333333333336
1008.0;55.333333333333336
1014.0;69.5
1020.0;81.66666666666667
1026.0;78.33333333333333
1032.0;63.333333333333336
1038.0;60.833333333333336
1044.0;56.166666666666664
1050.0;50.666666666666664
1056.0;48.333333333333336
1062.0;40.666666666666664
1068.0;45.666666666666664
1074.0;53.0
1080.0;64.66666666666667
1086.0;53.333333333333336
1092.0;44.833333333333336
1098.0;29.333333333333332
1104.0;30.166666666666668
1110.0;37.333333333333336
1116.0;32.0
1122.0;28.5
1128.0;34.0
1134.0;66.0
1140.0;77.0
1146.0;46.0
1152.0;57.5
1158.0;58.166666666666664
1164.0;38.166666666666664
1170.0;28.0
1176.0;33.333333333333336
1182.0;35.0
1188.0;45.0
1194.0;57.333333333333336
