#auto generated file!
6.0;0.0
12.0;0.0
18.0;2.1666666666666665
24.0;2.1666666666666665
30.0;2.6666666666666665
36.0;10.0
42.0;10.666666666666666
48.0;12.666666666666666
54.0;16.5
60.0;15.333333333333334
66.0;9.333333333333334
72.0;10.0
78.0;15.0
84.0;17.0
90.0;14.0
96.0;9.333333333333334
102.0;5.666666666666667
108.0;14.0
114.0;12.666666666666666
120.0;16.666666666666668
126.0;14.666666666666666
132.0;10.0
138.0;14.166666666666666
144.0;11.0
150.0;5.666666666666667
156.0;8.333333333333334
162.0;9.0
168.0;12.333333333333334
174.0;14.666666666666666
180.0;16.0
186.0;13.333333333333334
192.0;12.666666666666666
198.0;8.666666666666666
204.0;13.333333333333334
210.0;13.333333333333334
216.0;14.0
222.0;6.333333333333333
228.0;11.5
234.0;17.333333333333332
240.0;17.666666666666668
246.0;11.666666666666666
252.0;12.333333333333334
258.0;12.0
264.0;12.666666666666666
270.0;12.0
276.0;13.333333333333334
282.0;6.666666666666667
288.0;10.0
294.0;12.666666666666666
300.0;13.666666666666666
306.0;22.0
312.0;15.0
318.0;8.5
324.0;10.333333333333334
330.0;12.666666666666666
336.0;17.0
342.0;11.0
348.0;12.166666666666666
354.0;21.0
360.0;13.0
366.0;13.0
372.0;10.0
378.0;14.666666666666666
384.0;13.333333333333334
390.0;14.0
396.0;10.0
402.0;10.0
408.0;11.0
414.0;8.666666666666666
420.0;13.0
426.0;12.333333333333334
432.0;10.0
438.0;15.666666666666666
444.0;14.666666666666666
450.0;9.666666666666666
456.0;13.0
462.0;6.666666666666667
468.0;6.666666666666667
474.0;13.333333333333334
480.0;12.666666666666666
486.0;15.333333333333334
492.0;10.0
498.0;9.5
504.0;15.5
510.0;13.666666666666666
516.0;9.666666666666666
522.0;6.666666666666667
528.0;11.333333333333334
534.0;14.0
540.0;13.333333333333334
546.0;14.0
552.0;12.666666666666666
558.0;13.333333333333334
564.0;19.5
570.0;17.333333333333332
576.0;14.0
582.0;8.333333333333334
588.0;9.166666666666666
594.0;13.5
600.0;16.666666666666668
606.0;8.666666666666666
612.0;7.333333333333333
618.0;12.0
624.0;10.666666666666666
630.0;17.333333333333332
636.0;14.333333333333334
642.0;8.666666666666666
648.0;10.666666666666666
654.0;18.666666666666668
660.0;15.666666666666666
666.0;14.666666666666666
672.0;10.333333333333334
678.0;11.333333333333334
684.0;5.0
690.0;16.333333333333332
696.0;15.0
702.0;9.666666666666666
708.0;17.5
714.0;14.0
720.0;9.333333333333334
726.0;15.333333333333334
732.0;13.0
738.0;15.833333333333334
744.0;11.833333333333334
750.0;8.166666666666666
756.0;9.166666666666666
762.0;5.5
768.0;9.0
774.0;17.5
780.0;18.333333333333332
786.0;14.666666666666666
792.0;14.666666666666666
798.0;14.666666666666666
804.0;16.333333333333332
810.0;15.333333333333334
816.0;20.0
822.0;12.666666666666666
828.0;20.333333333333332
834.0;11.5
840.0;21.333333333333332
846.0;8.666666666666666
852.0;4.0
858.0;9.166666666666666
864.0;8.666666666666666
870.0;11.666666666666666
876.0;15.333333333333334
882.0;9.333333333333334
888.0;10.666666666666666
894.0;14.5
900.0;14.333333333333334
906.0;14.333333333333334
912.0;11.666666666666666
918.0;8.666666666666666
924.0;13.666666666666666
930.0;15.666666666666666
936.0;11.0
942.0;7.666666666666667
948.0;13.333333333333334
954.0;8.333333333333334
960.0;9.333333333333334
966.0;11.333333333333334
972.0;7.333333333333333
978.0;7.333333333333333
984.0;9.0
990.0;14.666666666666666
996.0;12.0
1002.0;10.333333333333334
1008.0;8.333333333333334
1014.0;15.5
1020.0;22.333333333333332
1026.0;20.0
1032.0;12.666666666666666
1038.0;11.333333333333334
1044.0;11.0
1050.0;9.666666666666666
1056.0;9.666666666666666
1062.0;8.0
1068.0;8.833333333333334
1074.0;12.333333333333334
1080.0;16.333333333333332
1086.0;12.0
1092.0;14.666666666666666
1098.0;11.333333333333334
1104.0;12.0
1110.0;9.0
1116.0;10.666666666666666
1122.0;10.666666666666666
1128.0;14.0
1134.0;14.666666666666666
1140.0;13.0
1146.0;8.666666666666666
1152.0;9.666666666666666
1158.0;15.333333333333334
1164.0;10.333333333333334
1170.0;11.0
1176.0;12.333333333333334
1182.0;7.333333333333333
1188.0;10.333333333333334
1194.0;17.333333333333332
