#auto generated file!
6.0;0.0
12.0;0.0
18.0;4.0
24.0;11.333333333333334
30.0;17.666666666666668
36.0;22.0
42.0;39.0
48.0;46.833333333333336
54.0;46.0
60.0;52.666666666666664
66.0;55.666666666666664
72.0;44.666666666666664
78.0;40.833333333333336
84.0;40.0
90.0;41.333333333333336
96.0;44.0
102.0;40.5
108.0;39.5
114.0;33.666666666666664
120.0;34.666666666666664
126.0;39.0
132.0;37.0
138.0;43.666666666666664
144.0;37.833333333333336
150.0;38.666666666666664
156.0;36.0
162.0;29.666666666666668
168.0;43.0
174.0;44.0
180.0;50.666666666666664
186.0;46.666666666666664
192.0;39.0
198.0;33.666666666666664
204.0;39.5
210.0;27.0
216.0;31.666666666666668
222.0;34.0
228.0;43.5
234.0;37.5
240.0;46.0
246.0;34.666666666666664
252.0;33.0
258.0;22.666666666666668
264.0;29.333333333333332
270.0;30.0
276.0;23.666666666666668
282.0;36.666666666666664
288.0;33.5
294.0;40.5
300.0;42.666666666666664
306.0;42.333333333333336
312.0;37.0
318.0;41.666666666666664
324.0;34.833333333333336
330.0;29.333333333333332
336.0;28.333333333333332
342.0;33.333333333333336
348.0;31.0
354.0;42.833333333333336
360.0;43.666666666666664
366.0;40.0
372.0;32.666666666666664
378.0;28.666666666666668
384.0;26.666666666666668
390.0;31.333333333333332
396.0;33.333333333333336
402.0;45.0
408.0;37.0
414.0;50.166666666666664
420.0;37.333333333333336
426.0;42.666666666666664
432.0;40.333333333333336
438.0;48.0
444.0;38.666666666666664
450.0;39.166666666666664
456.0;39.0
462.0;32.5
468.0;45.166666666666664
474.0;45.5
480.0;40.333333333333336
486.0;39.666666666666664
492.0;34.0
498.0;29.5
504.0;35.666666666666664
510.0;35.333333333333336
516.0;30.0
522.0;31.333333333333332
528.0;36.333333333333336
534.0;38.833333333333336
540.0;38.0
546.0;39.333333333333336
552.0;41.0
558.0;35.833333333333336
564.0;33.833333333333336
570.0;37.666666666666664
576.0;38.666666666666664
582.0;33.333333333333336
588.0;37.333333333333336
594.0;46.333333333333336
600.0;35.333333333333336
606.0;34.333333333333336
612.0;33.333333333333336
618.0;32.833333333333336
624.0;29.0
630.0;35.0
636.0;31.0
642.0;38.5
648.0;42.0
654.0;46.166666666666664
660.0;45.0
666.0;44.333333333333336
672.0;40.5
678.0;34.666666666666664
684.0;42.666666666666664
690.0;37.666666666666664
696.0;38.666666666666664
702.0;37.666666666666664
708.0;32.666666666666664
714.0;39.166666666666664
720.0;40.333333333333336
726.0;36.333333333333336
732.0;28.666666666666668
738.0;23.5
744.0;21.166666666666668
750.0;25.0
756.0;30.666666666666668
762.0;31.333333333333332
768.0;36.166666666666664
774.0;42.333333333333336
780.0;35.333333333333336
786.0;40.0
792.0;39.333333333333336
798.0;29.0
804.0;28.166666666666668
810.0;30.666666666666668
816.0;26.0
822.0;28.0
828.0;22.0
834.0;32.333333333333336
840.0;32.666666666666664
846.0;31.0
852.0;24.333333333333332
858.0;29.0
864.0;27.333333333333332
870.0;31.666666666666668
876.0;29.666666666666668
882.0;23.666666666666668
888.0;26.166666666666668
894.0;36.333333333333336
900.0;38.0
906.0;46.666666666666664
912.0;36.333333333333336
918.0;32.0
924.0;27.666666666666668
930.0;33.0
936.0;35.0
942.0;31.333333333333332
948.0;33.666666666666664
954.0;42.666666666666664
960.0;41.0
966.0;35.333333333333336
972.0;28.0
978.0;23.833333333333332
984.0;24.166666666666668
990.0;26.666666666666668
996.0;34.0
1002.0;25.666666666666668
1008.0;30.666666666666668
1014.0;38.833333333333336
1020.0;45.0
1026.0;37.0
1032.0;37.0
1038.0;32.166666666666664
1044.0;33.166666666666664
1050.0;30.833333333333332
1056.0;33.666666666666664
1062.0;25.0
1068.0;32.333333333333336
1074.0;35.5
1080.0;40.666666666666664
1086.0;26.0
1092.0;30.0
1098.0;29.166666666666668
1104.0;29.0
1110.0;24.333333333333332
1116.0;29.0
1122.0;34.0
1128.0;37.833333333333336
1134.0;35.833333333333336
1140.0;33.666666666666664
1146.0;36.333333333333336
1152.0;36.333333333333336
1158.0;33.333333333333336
1164.0;34.0
1170.0;28.0
1176.0;31.333333333333332
1182.0;28.333333333333332
1188.0;35.5
1194.0;34.333333333333336
