#auto generated file!
6.0;0.0
12.0;0.182370820668693
18.0;0.7522796352583586
24.0;1.3525835866261398
30.0;1.5729483282674772
36.0;2.0060790273556233
42.0;2.872340425531915
48.0;3.662613981762918
54.0;4.156534954407295
60.0;4.042553191489362
66.0;4.088145896656535
72.0;3.708206686930091
78.0;3.556231003039514
84.0;3.10790273556231
90.0;3.183890577507599
96.0;2.9559270516717326
102.0;2.803951367781155
108.0;2.765957446808511
114.0;4.407294832826747
120.0;3.487841945288754
126.0;3.237082066869301
132.0;2.507598784194529
138.0;3.3054711246200608
144.0;2.629179331306991
150.0;3.0319148936170213
156.0;3.1003039513677813
162.0;2.5987841945288754
168.0;3.7462006079027357
174.0;4.855623100303951
180.0;4.802431610942249
186.0;4.787234042553192
192.0;3.951367781155015
198.0;3.054711246200608
204.0;3.7613981762917934
210.0;3.9969604863221884
216.0;2.6595744680851063
222.0;2.9027355623100304
228.0;3.3282674772036476
234.0;3.7841945288753798
240.0;3.601823708206687
246.0;3.2674772036474162
252.0;2.4012158054711246
258.0;2.621580547112462
264.0;2.978723404255319
270.0;2.803951367781155
276.0;2.986322188449848
282.0;3.229483282674772
288.0;3.153495440729483
294.0;4.11854103343465
300.0;4.376899696048632
306.0;3.7462006079027357
312.0;4.019756838905775
318.0;3.7537993920972643
324.0;3.837386018237082
330.0;3.525835866261398
336.0;3.5638297872340425
342.0;3.092705167173252
348.0;3.480243161094225
354.0;3.7006079027355625
360.0;3.5790273556231003
366.0;3.0775075987841944
372.0;2.682370820668693
378.0;2.5531914893617023
384.0;3.3662613981762917
390.0;2.0060790273556233
396.0;2.933130699088146
402.0;2.811550151975684
408.0;3.472644376899696
414.0;5.250759878419453
420.0;4.164133738601824
426.0;3.768996960486322
432.0;3.6778115501519757
438.0;3.6930091185410334
444.0;3.5866261398176293
450.0;3.617021276595745
456.0;3.2674772036474162
462.0;2.811550151975684
468.0;3.3662613981762917
474.0;3.7841945288753798
480.0;3.6778115501519757
486.0;3.054711246200608
492.0;2.857142857142857
498.0;3.3434650455927053
504.0;2.7507598784194527
510.0;2.857142857142857
516.0;3.0091185410334345
522.0;2.439209726443769
528.0;3.7386018237082066
534.0;4.164133738601824
540.0;4.354103343465046
546.0;4.32370820668693
552.0;3.7158054711246202
558.0;4.832826747720365
564.0;4.0349544072948325
570.0;2.8951367781155017
576.0;3.2674772036474162
582.0;2.7203647416413372
588.0;2.933130699088146
594.0;4.224924012158055
600.0;3.9133738601823707
606.0;2.986322188449848
612.0;2.940729483282675
618.0;2.370820668693009
624.0;2.621580547112462
630.0;3.054711246200608
636.0;2.803951367781155
642.0;2.849544072948328
648.0;3.4498480243161094
654.0;4.756838905775076
660.0;4.2097264437689965
666.0;4.338905775075988
672.0;3.655015197568389
678.0;3.7993920972644375
684.0;3.556231003039514
690.0;2.857142857142857
696.0;3.3054711246200608
702.0;2.864741641337386
708.0;3.548632218844985
714.0;3.8677811550151975
720.0;3.351063829787234
726.0;3.731003039513678
732.0;2.560790273556231
738.0;2.43161094224924
744.0;2.393617021276596
750.0;2.940729483282675
756.0;2.8875379939209727
762.0;2.9103343465045595
768.0;4.285714285714286
774.0;4.802431610942249
780.0;4.946808510638298
786.0;4.11854103343465
792.0;4.004559270516717
798.0;4.361702127659575
804.0;3.9285714285714284
810.0;3.2066869300911853
816.0;3.2674772036474162
822.0;2.6443768996960486
828.0;3.1914893617021276
834.0;3.685410334346505
840.0;3.533434650455927
846.0;3.161094224924012
852.0;2.857142857142857
858.0;2.629179331306991
864.0;2.5911854103343464
870.0;3.221884498480243
876.0;3.237082066869301
882.0;2.857142857142857
888.0;3.9589665653495443
894.0;4.133738601823708
900.0;4.0349544072948325
906.0;4.095744680851064
912.0;4.103343465045593
918.0;4.0349544072948325
924.0;3.685410334346505
930.0;3.335866261398176
936.0;3.465045592705167
942.0;3.3434650455927053
948.0;3.9589665653495443
954.0;3.4422492401215807
960.0;4.179331306990881
966.0;3.480243161094225
972.0;3.0851063829787235
978.0;2.7583586626139818
984.0;3.297872340425532
990.0;3.0091185410334345
996.0;2.8267477203647418
1002.0;3.001519756838906
1008.0;3.7537993920972643
1014.0;4.088145896656535
1020.0;4.148936170212766
1026.0;3.419452887537994
1032.0;3.9209726443768997
1038.0;3.601823708206687
1044.0;3.8069908814589666
1050.0;3.837386018237082
1056.0;3.556231003039514
1062.0;3.31306990881459
1068.0;3.7006079027355625
1074.0;3.974164133738602
1080.0;3.7841945288753798
1086.0;2.6595744680851063
1092.0;2.613981762917933
1098.0;3.0775075987841944
1104.0;3.2066869300911853
1110.0;2.940729483282675
1116.0;3.3206686930091185
1122.0;2.978723404255319
1128.0;3.768996960486322
1134.0;4.46048632218845
1140.0;4.513677811550152
1146.0;3.905775075987842
1152.0;3.221884498480243
1158.0;3.4954407294832825
1164.0;3.685410334346505
1170.0;3.655015197568389
1176.0;3.6322188449848025
1182.0;2.872340425531915
1188.0;3.6322188449848025
1194.0;4.566869300911854
