#auto generated file!
6.0;0.0
12.0;0.07598784194528875
18.0;0.8738601823708206
24.0;1.28419452887538
30.0;1.9072948328267476
36.0;2.127659574468085
42.0;2.8875379939209727
48.0;3.6778115501519757
54.0;3.9361702127659575
60.0;3.2598784194528876
66.0;3.6702127659574466
72.0;3.601823708206687
78.0;3.8753799392097266
84.0;3.6778115501519757
90.0;3.3206686930091185
96.0;3.282674772036474
102.0;2.629179331306991
108.0;2.9103343465045595
114.0;2.7203647416413372
120.0;2.196048632218845
126.0;2.135258358662614
132.0;1.7173252279635258
138.0;1.656534954407295
144.0;2.2264437689969605
150.0;2.674772036474164
156.0;2.3404255319148937
162.0;2.0440729483282674
168.0;3.0775075987841944
174.0;3.3890577507598785
180.0;3.2142857142857144
186.0;3.5866261398176293
192.0;3.5030395136778116
198.0;3.617021276595745
204.0;3.723404255319149
210.0;4.278115501519757
216.0;3.297872340425532
222.0;3.2066869300911853
228.0;2.689969604863222
234.0;2.7203647416413372
240.0;2.8799392097264436
246.0;2.0972644376899696
252.0;1.4361702127659575
258.0;1.7933130699088147
264.0;2.3556231003039514
270.0;2.4620060790273555
276.0;2.9939209726443767
282.0;2.8419452887537995
288.0;3.617021276595745
294.0;3.844984802431611
300.0;3.5714285714285716
306.0;3.8905775075987843
312.0;3.844984802431611
318.0;4.369300911854103
324.0;3.639817629179331
330.0;3.0851063829787235
336.0;2.8419452887537995
342.0;2.788753799392097
348.0;3.1382978723404253
354.0;2.8799392097264436
360.0;2.606382978723404
366.0;2.074468085106383
372.0;1.7401215805471124
378.0;2.234042553191489
384.0;2.0896656534954405
390.0;2.477203647416413
396.0;2.2492401215805473
402.0;2.507598784194529
408.0;3.2674772036474162
414.0;2.978723404255319
420.0;3.1686930091185412
426.0;3.9969604863221884
432.0;3.3814589665653494
438.0;3.0851063829787235
444.0;3.2674772036474162
450.0;3.814589665653495
456.0;3.282674772036474
462.0;2.3328267477203646
468.0;2.43161094224924
474.0;2.743161094224924
480.0;3.0395136778115504
486.0;1.9604863221884499
492.0;1.9148936170212767
498.0;1.8389057750759878
504.0;1.9908814589665653
510.0;2.6671732522796354
516.0;2.0060790273556233
522.0;1.9300911854103344
528.0;2.4848024316109423
534.0;3.776595744680851
540.0;4.095744680851064
546.0;4.133738601823708
552.0;3.2750759878419453
558.0;3.3738601823708207
564.0;3.898176291793313
570.0;3.3890577507598785
576.0;2.3556231003039514
582.0;2.36322188449848
588.0;2.849544072948328
594.0;3.161094224924012
600.0;2.743161094224924
606.0;1.9224924012158056
612.0;1.656534954407295
618.0;2.302431610942249
624.0;3.1306990881458967
630.0;2.439209726443769
636.0;2.2416413373860182
642.0;2.697568389057751
648.0;3.024316109422492
654.0;3.837386018237082
660.0;4.072948328267477
666.0;2.925531914893617
672.0;3.594224924012158
678.0;3.1003039513677813
684.0;3.282674772036474
690.0;2.8191489361702127
696.0;2.8267477203647418
702.0;2.234042553191489
708.0;2.2036474164133737
714.0;2.933130699088146
720.0;2.4620060790273555
726.0;1.6869300911854104
732.0;1.762917933130699
738.0;1.527355623100304
744.0;2.1808510638297873
750.0;2.4620060790273555
756.0;2.1732522796352582
762.0;2.386018237082067
768.0;2.986322188449848
774.0;3.1914893617021276
780.0;3.791793313069909
786.0;3.5410334346504557
792.0;4.179331306990881
798.0;3.837386018237082
804.0;3.5638297872340425
810.0;2.8267477203647418
816.0;3.0851063829787235
822.0;3.2674772036474162
828.0;2.5759878419452886
834.0;3.1914893617021276
840.0;2.621580547112462
846.0;1.9072948328267476
852.0;1.9908814589665653
858.0;1.9376899696048633
864.0;2.196048632218845
870.0;2.3328267477203646
876.0;2.0516717325227964
882.0;3.0395136778115504
888.0;3.10790273556231
894.0;3.487841945288754
900.0;3.229483282674772
906.0;2.917933130699088
912.0;3.723404255319149
918.0;4.25531914893617
924.0;4.0349544072948325
930.0;3.3054711246200608
936.0;2.803951367781155
942.0;3.351063829787234
948.0;2.7811550151975686
954.0;2.63677811550152
960.0;2.545592705167173
966.0;2.2036474164133737
972.0;1.8541033434650456
978.0;2.3404255319148937
984.0;2.370820668693009
990.0;2.978723404255319
996.0;2.613981762917933
1002.0;2.9027355623100304
1008.0;2.8799392097264436
1014.0;3.6246200607902734
1020.0;3.8753799392097266
1026.0;3.9209726443768997
1032.0;3.404255319148936
1038.0;3.662613981762918
1044.0;3.3814589665653494
1050.0;3.2750759878419453
1056.0;2.8343465045592704
1062.0;2.811550151975684
1068.0;2.7735562310030395
1074.0;2.978723404255319
1080.0;2.393617021276596
1086.0;2.613981762917933
1092.0;1.9224924012158056
1098.0;1.9832826747720365
1104.0;2.6519756838905777
1110.0;2.872340425531915
1116.0;2.507598784194529
1122.0;2.0440729483282674
1128.0;2.439209726443769
1134.0;2.978723404255319
1140.0;3.2750759878419453
1146.0;3.7158054711246202
1152.0;3.882978723404255
1158.0;2.857142857142857
1164.0;3.5638297872340425
1170.0;3.472644376899696
1176.0;3.1914893617021276
1182.0;2.5987841945288754
1188.0;3.31306990881459
1194.0;3.115501519756839
1200.0;1.9832826747720365
1206.0;1.7857142857142858
1212.0;1.6793313069908815
1218.0;2.2720364741641337
1224.0;2.066869300911854
1230.0;2.5531914893617023
1236.0;2.7963525835866263
1242.0;3.0091185410334345
1248.0;3.655015197568389
1254.0;2.8191489361702127
1260.0;3.5714285714285716
1266.0;3.9361702127659575
1272.0;3.951367781155015
1278.0;3.404255319148936
1284.0;4.0349544072948325
1290.0;3.1990881458966567
1296.0;2.8419452887537995
1302.0;2.5531914893617023
1308.0;2.857142857142857
1314.0;3.1231003039513676
1320.0;3.069908814589666
1326.0;1.884498480243161
1332.0;1.7173252279635258
1338.0;2.302431610942249
1344.0;2.150455927051672
1350.0;3.0319148936170213
1356.0;1.9072948328267476
1362.0;2.127659574468085
1368.0;2.5987841945288754
1374.0;3.7006079027355625
1380.0;3.2142857142857144
1386.0;3.966565349544073
1392.0;3.9969604863221884
1398.0;3.708206686930091
1404.0;3.6702127659574466
1410.0;2.9483282674772036
1416.0;3.2522796352583585
1422.0;3.358662613981763
1428.0;2.1732522796352582
1434.0;3.282674772036474
1440.0;2.5531914893617023
1446.0;1.9756838905775076
1452.0;1.7401215805471124
1458.0;2.0364741641337387
1464.0;2.803951367781155
1470.0;2.0060790273556233
1476.0;2.5531914893617023
1482.0;2.5759878419452886
1488.0;3.639817629179331
1494.0;3.396656534954407
1500.0;3.731003039513678
1506.0;3.0091185410334345
1512.0;3.844984802431611
1518.0;3.905775075987842
1524.0;3.814589665653495
1530.0;3.0775075987841944
1536.0;3.069908814589666
1542.0;2.1580547112462005
1548.0;2.1124620060790273
1554.0;3.0775075987841944
1560.0;2.0364741641337387
1566.0;2.127659574468085
1572.0;1.3753799392097263
1578.0;2.196048632218845
1584.0;2.5835866261398177
1590.0;2.978723404255319
1596.0;2.4468085106382977
1602.0;2.872340425531915
1608.0;2.986322188449848
1614.0;3.7386018237082066
1620.0;2.9635258358662613
1626.0;3.723404255319149
1632.0;3.183890577507599
1638.0;4.065349544072948
1644.0;3.10790273556231
1650.0;3.282674772036474
1656.0;3.1914893617021276
1662.0;3.161094224924012
1668.0;3.10790273556231
1674.0;2.2720364741641337
1680.0;2.4012158054711246
1686.0;1.9604863221884499
1692.0;1.7325227963525835
1698.0;1.9832826747720365
1704.0;2.439209726443769
1710.0;2.454407294832827
1716.0;2.4012158054711246
1722.0;2.743161094224924
1728.0;3.0775075987841944
1734.0;3.601823708206687
1740.0;4.164133738601824
1746.0;4.11854103343465
1752.0;3.358662613981763
1758.0;3.768996960486322
1764.0;3.601823708206687
1770.0;3.4422492401215807
1776.0;2.9483282674772036
1782.0;2.5987841945288754
1788.0;3.0623100303951367
1794.0;2.7279635258358663
1800.0;2.127659574468085
1806.0;2.0060790273556233
1812.0;1.3145896656534954
1818.0;1.8237082066869301
1824.0;2.8875379939209727
1830.0;2.4468085106382977
1836.0;1.762917933130699
1842.0;2.3556231003039514
1848.0;3.17629179331307
1854.0;3.2598784194528876
1860.0;3.898176291793313
1866.0;3.860182370820669
1872.0;3.685410334346505
1878.0;2.872340425531915
1884.0;3.1990881458966567
1890.0;3.297872340425532
1896.0;2.3404255319148937
1902.0;2.310030395136778
1908.0;2.4164133738601823
1914.0;2.857142857142857
1920.0;3.0319148936170213
1926.0;2.3556231003039514
1932.0;1.641337386018237
1938.0;1.8389057750759878
1944.0;1.9680851063829787
1950.0;2.2796352583586628
1956.0;2.629179331306991
1962.0;2.4164133738601823
1968.0;2.6519756838905777
1974.0;3.115501519756839
1980.0;3.7841945288753798
1986.0;3.9361702127659575
1992.0;3.465045592705167
1998.0;3.7462006079027357
2004.0;3.6322188449848025
2010.0;3.237082066869301
2016.0;3.480243161094225
2022.0;2.4012158054711246
2028.0;2.9483282674772036
2034.0;2.7051671732522795
2040.0;2.5759878419452886
2046.0;1.8009118541033435
2052.0;1.3905775075987843
2058.0;1.9604863221884499
2064.0;1.9148936170212767
2070.0;2.6671732522796354
2076.0;2.5
2082.0;1.8541033434650456
2088.0;3.237082066869301
2094.0;4.300911854103344
2100.0;3.487841945288754
2106.0;3.860182370820669
2112.0;2.940729483282675
2118.0;3.465045592705167
2124.0;4.240121580547113
2130.0;2.978723404255319
2136.0;3.419452887537994
2142.0;2.6519756838905777
2148.0;2.7127659574468086
2154.0;2.849544072948328
2160.0;2.4620060790273555
2166.0;2.507598784194529
2172.0;1.7933130699088147
2178.0;1.8996960486322187
2184.0;2.211246200607903
2190.0;2.629179331306991
2196.0;2.2188449848024314
2202.0;1.884498480243161
2208.0;3.358662613981763
2214.0;3.24468085106383
2220.0;3.221884498480243
2226.0;3.2674772036474162
2232.0;3.465045592705167
2238.0;3.556231003039514
2244.0;4.088145896656535
2250.0;3.6474164133738602
2256.0;2.7203647416413372
2262.0;3.5030395136778116
2268.0;2.674772036474164
2274.0;2.7583586626139818
2280.0;2.2872340425531914
2286.0;1.8541033434650456
2292.0;1.6717325227963526
2298.0;2.2264437689969605
2304.0;2.378419452887538
2310.0;2.264437689969605
2316.0;2.2036474164133737
2322.0;2.507598784194529
2328.0;2.9635258358662613
2334.0;3.943768996960486
2340.0;3.8069908814589666
2346.0;4.088145896656535
2352.0;4.072948328267477
2358.0;3.5182370820668694
2364.0;4.095744680851064
2370.0;3.7386018237082066
2376.0;3.1306990881458967
2382.0;3.1914893617021276
2388.0;2.63677811550152
2394.0;2.8875379939209727
2400.0;2.386018237082067
2406.0;2.1580547112462005
2412.0;1.8237082066869301
2418.0;2.021276595744681
2424.0;2.325227963525836
2430.0;2.234042553191489
2436.0;2.5531914893617023
2442.0;2.5379939209726445
2448.0;2.370820668693009
2454.0;2.986322188449848
2460.0;3.1003039513677813
2466.0;3.556231003039514
2472.0;3.655015197568389
2478.0;3.548632218844985
2484.0;3.237082066869301
2490.0;2.9711246200607904
2496.0;3.5866261398176293
2502.0;3.0167173252279635
2508.0;2.735562310030395
2514.0;3.0167173252279635
2520.0;2.150455927051672
2526.0;2.135258358662614
2532.0;1.4741641337386018
2538.0;1.8541033434650456
2544.0;2.0364741641337387
2550.0;2.5531914893617023
2556.0;3.047112462006079
2562.0;2.013677811550152
2568.0;2.5379939209726445
2574.0;3.6778115501519757
2580.0;4.133738601823708
2586.0;4.3465045592705165
2592.0;3.844984802431611
2598.0;4.12613981762918
2604.0;3.8297872340425534
2610.0;2.788753799392097
2616.0;2.7051671732522795
2622.0;3.069908814589666
2628.0;2.439209726443769
2634.0;2.811550151975684
2640.0;2.7963525835866263
2646.0;2.3404255319148937
2652.0;2.021276595744681
2658.0;1.8996960486322187
2664.0;2.370820668693009
2670.0;2.196048632218845
2676.0;2.621580547112462
2682.0;2.849544072948328
2688.0;3.237082066869301
2694.0;3.229483282674772
2700.0;4.12613981762918
2706.0;3.419452887537994
2712.0;3.548632218844985
2718.0;3.9817629179331306
2724.0;3.860182370820669
2730.0;3.10790273556231
2736.0;2.788753799392097
2742.0;2.256838905775076
2748.0;3.1306990881458967
2754.0;2.613981762917933
2760.0;2.674772036474164
2766.0;2.4012158054711246
2772.0;2.066869300911854
2778.0;2.0364741641337387
2784.0;2.370820668693009
2790.0;2.1580547112462005
2796.0;2.386018237082067
2802.0;2.5
2808.0;2.8951367781155017
2814.0;3.1306990881458967
2820.0;3.237082066869301
2826.0;3.4346504559270516
2832.0;3.31306990881459
2838.0;3.7006079027355625
2844.0;4.217325227963526
2850.0;3.6930091185410334
2856.0;3.358662613981763
2862.0;2.8799392097264436
2868.0;3.0623100303951367
2874.0;2.872340425531915
2880.0;2.1580547112462005
2886.0;1.8389057750759878
2892.0;1.8085106382978724
2898.0;2.4620060790273555
2904.0;2.264437689969605
2910.0;2.9635258358662613
2916.0;2.5835866261398177
2922.0;2.613981762917933
2928.0;3.0775075987841944
2934.0;3.556231003039514
2940.0;3.7462006079027357
2946.0;3.7158054711246202
2952.0;3.069908814589666
2958.0;3.639817629179331
2964.0;3.2750759878419453
2970.0;3.6322188449848025
2976.0;3.5714285714285716
2982.0;2.788753799392097
2988.0;2.4240121580547114
2994.0;2.378419452887538
3000.0;2.1580547112462005
3006.0;2.188449848024316
3012.0;1.5197568389057752
3018.0;2.066869300911854
3024.0;2.6595744680851063
3030.0;2.3404255319148937
3036.0;2.811550151975684
3042.0;2.4620060790273555
3048.0;3.0091185410334345
3054.0;3.7537993920972643
3060.0;3.3282674772036476
3066.0;3.1306990881458967
3072.0;3.556231003039514
3078.0;3.221884498480243
3084.0;3.7537993920972643
3090.0;3.6322188449848025
3096.0;3.6322188449848025
3102.0;2.9483282674772036
3108.0;2.393617021276596
3114.0;2.3328267477203646
3120.0;2.1732522796352582
3126.0;1.9908814589665653
3132.0;1.5653495440729484
3138.0;1.9072948328267476
3144.0;2.4696048632218845
3150.0;2.4696048632218845
3156.0;2.4696048632218845
3162.0;2.5379939209726445
3168.0;3.5638297872340425
3174.0;3.905775075987842
3180.0;4.369300911854103
3186.0;3.708206686930091
3192.0;3.3738601823708207
3198.0;3.3054711246200608
3204.0;3.3206686930091185
3210.0;3.2142857142857144
3216.0;2.5835866261398177
3222.0;2.978723404255319
3228.0;2.8799392097264436
3234.0;2.811550151975684
3240.0;2.56838905775076
3246.0;2.2492401215805473
3252.0;1.4969604863221884
3258.0;1.952887537993921
3264.0;2.522796352583587
3270.0;2.7735562310030395
3276.0;2.2872340425531914
3282.0;2.1200607902735564
3288.0;3.24468085106383
3294.0;3.1382978723404253
3300.0;4.11854103343465
3306.0;3.221884498480243
3312.0;3.2522796352583585
3318.0;3.7841945288753798
3324.0;4.141337386018237
3330.0;2.7963525835866263
3336.0;2.8419452887537995
3342.0;2.5303951367781155
3348.0;2.8267477203647418
3354.0;3.1231003039513676
3360.0;2.545592705167173
3366.0;1.9604863221884499
3372.0;1.8237082066869301
3378.0;1.952887537993921
3384.0;2.4012158054711246
3390.0;2.629179331306991
3396.0;2.56838905775076
3402.0;2.621580547112462
3408.0;2.986322188449848
3414.0;3.6702127659574466
3420.0;2.629179331306991
3426.0;3.1306990881458967
3432.0;3.221884498480243
3438.0;3.776595744680851
3444.0;3.7841945288753798
3450.0;3.480243161094225
3456.0;3.221884498480243
3462.0;2.629179331306991
3468.0;3.358662613981763
3474.0;2.2264437689969605
3480.0;2.7127659574468086
3486.0;2.3328267477203646
3492.0;1.8617021276595744
3498.0;1.8465045592705167
3504.0;2.5303951367781155
3510.0;2.188449848024316
3516.0;2.917933130699088
3522.0;2.545592705167173
3528.0;3.290273556231003
3534.0;3.0395136778115504
3540.0;4.285714285714286
3546.0;4.39209726443769
3552.0;3.480243161094225
3558.0;4.12613981762918
3564.0;4.5212765957446805
3570.0;3.776595744680851
3576.0;3.054711246200608
3582.0;2.940729483282675
3588.0;2.317629179331307
3594.0;2.8267477203647418
3600.0;2.5151975683890577
3606.0;1.9680851063829787
3612.0;2.1124620060790273
3618.0;1.9224924012158056
3624.0;2.522796352583587
3630.0;3.0395136778115504
3636.0;2.43161094224924
3642.0;2.545592705167173
3648.0;3.419452887537994
3654.0;2.925531914893617
3660.0;3.358662613981763
3666.0;3.2674772036474162
3672.0;3.358662613981763
3678.0;3.791793313069909
3684.0;3.525835866261398
3690.0;3.594224924012158
3696.0;2.7963525835866263
3702.0;2.3404255319148937
3708.0;2.629179331306991
3714.0;3.1382978723404253
3720.0;2.439209726443769
3726.0;1.762917933130699
3732.0;1.5653495440729484
3738.0;2.013677811550152
3744.0;3.1003039513677813
3750.0;2.978723404255319
3756.0;2.5835866261398177
3762.0;2.4164133738601823
3768.0;2.765957446808511
3774.0;3.7158054711246202
3780.0;3.8753799392097266
3786.0;3.966565349544073
3792.0;3.776595744680851
3798.0;4.0121580547112465
3804.0;4.027355623100304
3810.0;3.6778115501519757
3816.0;3.31306990881459
3822.0;2.43161094224924
3828.0;2.5759878419452886
3834.0;2.864741641337386
3840.0;1.709726443768997
3846.0;1.7325227963525835
3852.0;1.7857142857142858
3858.0;1.9452887537993921
3864.0;2.4164133738601823
3870.0;2.5835866261398177
3876.0;2.142857142857143
3882.0;2.3404255319148937
3888.0;3.525835866261398
3894.0;3.8525835866261398
3900.0;4.0121580547112465
3906.0;3.548632218844985
3912.0;4.300911854103344
3918.0;4.270516717325228
3924.0;3.31306990881459
3930.0;3.2674772036474162
3936.0;2.5835866261398177
3942.0;2.5379939209726445
3948.0;2.5151975683890577
3954.0;3.0851063829787235
3960.0;3.0623100303951367
3966.0;2.545592705167173
3972.0;1.6793313069908815
3978.0;1.884498480243161
3984.0;2.492401215805471
3990.0;2.0288753799392096
3996.0;2.310030395136778
4002.0;2.5987841945288754
4008.0;3.404255319148936
4014.0;3.480243161094225
4020.0;3.7993920972644375
4026.0;3.297872340425532
4032.0;3.404255319148936
4038.0;3.966565349544073
4044.0;4.12613981762918
4050.0;3.2522796352583585
4056.0;3.5714285714285716
4062.0;2.507598784194529
4068.0;2.917933130699088
4074.0;3.0851063829787235
4080.0;2.310030395136778
4086.0;1.656534954407295
4092.0;1.9376899696048633
4098.0;1.9300911854103344
4104.0;2.2720364741641337
4110.0;2.492401215805471
4116.0;2.7583586626139818
4122.0;2.917933130699088
4128.0;3.723404255319149
4134.0;3.183890577507599
4140.0;3.5638297872340425
4146.0;3.10790273556231
4152.0;3.282674772036474
4158.0;4.019756838905775
4164.0;3.9285714285714284
4170.0;3.1306990881458967
4176.0;3.1458966565349544
4182.0;2.234042553191489
4188.0;2.5759878419452886
4194.0;2.8799392097264436
4200.0;2.674772036474164
4206.0;1.8541033434650456
4212.0;1.6337386018237081
4218.0;2.1124620060790273
4224.0;2.196048632218845
4230.0;2.36322188449848
4236.0;2.4240121580547114
4242.0;2.4620060790273555
4248.0;3.4422492401215807
4254.0;3.3206686930091185
4260.0;3.731003039513678
4266.0;3.465045592705167
4272.0;4.46048632218845
4278.0;4.4832826747720365
4284.0;3.844984802431611
4290.0;4.065349544072948
4296.0;2.7279635258358663
4302.0;2.066869300911854
4308.0;2.4696048632218845
4314.0;2.7127659574468086
4320.0;2.4240121580547114
4326.0;1.6641337386018238
4332.0;2.074468085106383
4338.0;2.082066869300912
4344.0;2.9711246200607904
4350.0;2.925531914893617
4356.0;2.743161094224924
4362.0;2.621580547112462
4368.0;3.9209726443768997
4374.0;3.3282674772036476
4380.0;4.224924012158055
4386.0;3.4346504559270516
4392.0;3.3890577507598785
4398.0;3.5714285714285716
4404.0;3.229483282674772
4410.0;3.662613981762918
4416.0;3.115501519756839
4422.0;2.978723404255319
4428.0;2.849544072948328
4434.0;3.0395136778115504
4440.0;2.872340425531915
4446.0;1.8693009118541033
4452.0;2.1124620060790273
4458.0;1.9452887537993921
4464.0;2.059270516717325
4470.0;2.629179331306991
4476.0;1.9148936170212767
4482.0;2.386018237082067
4488.0;2.8951367781155017
4494.0;4.004559270516717
4500.0;3.731003039513678
4506.0;4.164133738601824
4512.0;3.8069908814589666
4518.0;3.3738601823708207
4524.0;4.308510638297872
4530.0;3.662613981762918
4536.0;3.2066869300911853
4542.0;2.613981762917933
4548.0;3.0319148936170213
4554.0;2.4240121580547114
4560.0;2.5911854103343464
4566.0;1.8617021276595744
4572.0;1.8768996960486322
4578.0;2.0440729483282674
4584.0;2.2188449848024314
4590.0;3.1231003039513676
4596.0;2.3328267477203646
4602.0;2.803951367781155
4608.0;3.024316109422492
4614.0;3.9285714285714284
4620.0;3.594224924012158
4626.0;3.5030395136778116
4632.0;3.2598784194528876
4638.0;3.6778115501519757
4644.0;3.4422492401215807
4650.0;3.001519756838906
4656.0;2.682370820668693
4662.0;2.5835866261398177
4668.0;2.4620060790273555
4674.0;2.940729483282675
4680.0;2.7811550151975686
4686.0;2.142857142857143
4692.0;1.702127659574468
4698.0;2.560790273556231
4704.0;2.940729483282675
4710.0;2.6443768996960486
4716.0;2.4620060790273555
4722.0;2.4088145896656536
4728.0;3.1003039513677813
4734.0;3.2750759878419453
4740.0;3.1231003039513676
4746.0;3.3206686930091185
4752.0;3.8525835866261398
4758.0;4.072948328267477
4764.0;3.8905775075987843
4770.0;3.0091185410334345
4776.0;2.7507598784194527
4782.0;2.6519756838905777
4788.0;3.4574468085106385
4794.0;2.933130699088146
4800.0;2.4696048632218845
4806.0;1.6641337386018238
4812.0;1.7933130699088147
4818.0;1.9148936170212767
4824.0;1.8085106382978724
4830.0;1.8085106382978724
4836.0;2.4164133738601823
4842.0;2.4468085106382977
4848.0;2.872340425531915
4854.0;3.3206686930091185
4860.0;3.860182370820669
4866.0;2.9635258358662613
4872.0;3.8753799392097266
4878.0;3.427051671732523
4884.0;4.004559270516717
4890.0;3.4574468085106385
4896.0;3.533434650455927
4902.0;2.864741641337386
4908.0;2.613981762917933
4914.0;3.351063829787234
4920.0;3.069908814589666
4926.0;2.1200607902735564
4932.0;1.28419452887538
4938.0;1.8389057750759878
4944.0;2.4468085106382977
4950.0;2.5759878419452886
4956.0;2.439209726443769
4962.0;2.507598784194529
4968.0;3.2522796352583585
4974.0;3.092705167173252
4980.0;3.161094224924012
4986.0;3.6778115501519757
4992.0;3.335866261398176
4998.0;3.7841945288753798
5004.0;3.731003039513678
5010.0;3.1686930091185412
5016.0;2.5
5022.0;2.6671732522796354
5028.0;2.8191489361702127
5034.0;2.7735562310030395
5040.0;2.4696048632218845
5046.0;1.9832826747720365
5052.0;1.8920972644376899
5058.0;1.9832826747720365
5064.0;2.4848024316109423
5070.0;2.3556231003039514
5076.0;2.5531914893617023
5082.0;2.689969604863222
5088.0;2.4848024316109423
5094.0;2.8191489361702127
5100.0;4.050151975683891
5106.0;3.814589665653495
5112.0;4.194528875379939
5118.0;3.8525835866261398
5124.0;3.951367781155015
5130.0;3.404255319148936
5136.0;3.115501519756839
5142.0;2.872340425531915
5148.0;2.6595744680851063
5154.0;2.8875379939209727
5160.0;2.621580547112462
5166.0;2.1200607902735564
5172.0;2.2264437689969605
5178.0;2.310030395136778
5184.0;2.4848024316109423
5190.0;2.917933130699088
5196.0;2.386018237082067
5202.0;3.1990881458966567
5208.0;2.9635258358662613
5214.0;3.7462006079027357
5220.0;4.361702127659575
5226.0;3.6778115501519757
5232.0;3.943768996960486
5238.0;3.594224924012158
5244.0;4.513677811550152
5250.0;3.297872340425532
5256.0;2.7583586626139818
5262.0;2.765957446808511
5268.0;3.282674772036474
5274.0;2.492401215805471
5280.0;3.1003039513677813
5286.0;2.127659574468085
5292.0;1.6945288753799392
5298.0;1.5045592705167172
5304.0;2.682370820668693
5310.0;2.560790273556231
5316.0;2.082066869300912
5322.0;2.1048632218844983
5328.0;3.6246200607902734
5334.0;3.844984802431611
5340.0;3.0623100303951367
5346.0;3.335866261398176
5352.0;2.7051671732522795
5358.0;3.639817629179331
5364.0;3.3738601823708207
5370.0;3.6474164133738602
5376.0;3.2522796352583585
5382.0;2.674772036474164
5388.0;2.0896656534954405
5394.0;3.1686930091185412
5400.0;2.2872340425531914
5406.0;1.6793313069908815
5412.0;2.013677811550152
5418.0;1.6337386018237081
5424.0;1.9452887537993921
5430.0;2.545592705167173
5436.0;2.1808510638297873
5442.0;2.135258358662614
5448.0;3.024316109422492
5454.0;3.6778115501519757
5460.0;3.6474164133738602
5466.0;4.361702127659575
5472.0;3.1003039513677813
5478.0;3.5714285714285716
5484.0;3.905775075987842
5490.0;3.3282674772036476
5496.0;3.1458966565349544
5502.0;2.8267477203647418
5508.0;3.24468085106383
5514.0;3.0395136778115504
5520.0;3.0167173252279635
5526.0;2.0288753799392096
5532.0;1.5425531914893618
5538.0;2.2264437689969605
5544.0;2.2872340425531914
5550.0;2.4164133738601823
5556.0;1.9148936170212767
5562.0;2.6595744680851063
5568.0;2.7735562310030395
5574.0;3.1382978723404253
5580.0;3.7462006079027357
5586.0;3.601823708206687
5592.0;3.31306990881459
5598.0;3.6322188449848025
5604.0;3.731003039513678
5610.0;3.791793313069909
5616.0;3.1382978723404253
5622.0;2.43161094224924
5628.0;3.1003039513677813
5634.0;2.9635258358662613
5640.0;2.803951367781155
5646.0;1.7933130699088147
5652.0;1.4133738601823709
5658.0;2.211246200607903
5664.0;2.066869300911854
5670.0;2.9103343465045595
5676.0;2.7963525835866263
5682.0;2.4620060790273555
5688.0;2.8951367781155017
5694.0;3.639817629179331
5700.0;4.027355623100304
5706.0;3.814589665653495
5712.0;3.7462006079027357
5718.0;3.6702127659574466
5724.0;3.4574468085106385
5730.0;3.3890577507598785
5736.0;2.629179331306991
5742.0;2.1808510638297873
5748.0;2.56838905775076
5754.0;2.4088145896656536
5760.0;2.8951367781155017
5766.0;1.9072948328267476
5772.0;2.188449848024316
5778.0;2.1200607902735564
5784.0;2.7735562310030395
5790.0;2.674772036474164
5796.0;2.3404255319148937
5802.0;2.986322188449848
5808.0;2.9483282674772036
5814.0;3.708206686930091
5820.0;3.17629179331307
5826.0;3.4498480243161094
5832.0;3.9361702127659575
5838.0;3.5106382978723403
5844.0;3.221884498480243
5850.0;3.6702127659574466
5856.0;3.024316109422492
5862.0;2.674772036474164
5868.0;2.56838905775076
5874.0;2.63677811550152
5880.0;2.6443768996960486
5886.0;1.9756838905775076
5892.0;1.8768996960486322
5898.0;2.1656534954407296
5904.0;2.5151975683890577
5910.0;2.5
5916.0;2.9939209726443767
5922.0;2.613981762917933
5928.0;2.849544072948328
5934.0;3.153495440729483
5940.0;3.4954407294832825
5946.0;3.8905775075987843
5952.0;3.8221884498480243
5958.0;3.047112462006079
5964.0;4.141337386018237
5970.0;3.3282674772036476
5976.0;3.31306990881459
5982.0;3.3662613981762917
5988.0;2.872340425531915
5994.0;2.849544072948328
6000.0;2.150455927051672
6006.0;2.2720364741641337
6012.0;1.8465045592705167
6018.0;2.1124620060790273
6024.0;2.317629179331307
6030.0;2.36322188449848
6036.0;2.3556231003039514
6042.0;2.2264437689969605
6048.0;3.0091185410334345
6054.0;3.8905775075987843
6060.0;3.7462006079027357
6066.0;2.7127659574468086
6072.0;3.5866261398176293
6078.0;3.7462006079027357
6084.0;4.103343465045593
6090.0;3.3206686930091185
6096.0;2.7203647416413372
6102.0;2.803951367781155
6108.0;3.0395136778115504
6114.0;2.8419452887537995
6120.0;2.2796352583586628
6126.0;2.310030395136778
6132.0;1.7325227963525835
6138.0;1.9604863221884499
6144.0;2.5759878419452886
6150.0;2.492401215805471
6156.0;2.43161094224924
6162.0;2.4012158054711246
6168.0;2.8875379939209727
6174.0;3.639817629179331
6180.0;4.0121580547112465
6186.0;4.080547112462006
6192.0;3.7613981762917934
6198.0;3.966565349544073
6204.0;3.153495440729483
6210.0;3.0167173252279635
6216.0;3.047112462006079
6222.0;2.5911854103343464
6228.0;2.8191489361702127
6234.0;2.7735562310030395
6240.0;2.4088145896656536
6246.0;2.302431610942249
6252.0;1.4969604863221884
6258.0;1.6033434650455927
6264.0;2.3328267477203646
6270.0;3.1458966565349544
6276.0;1.9300911854103344
6282.0;2.2796352583586628
6288.0;2.5759878419452886
6294.0;3.17629179331307
6300.0;3.776595744680851
6306.0;3.6246200607902734
6312.0;3.9285714285714284
6318.0;4.11854103343465
6324.0;4.0121580547112465
6330.0;3.8297872340425534
6336.0;3.525835866261398
6342.0;2.5
6348.0;3.229483282674772
6354.0;3.001519756838906
6360.0;2.439209726443769
6366.0;2.0972644376899696
6372.0;1.778115501519757
6378.0;2.1200607902735564
6384.0;2.302431610942249
6390.0;2.2796352583586628
6396.0;2.1124620060790273
6402.0;2.1124620060790273
6408.0;3.814589665653495
6414.0;3.2522796352583585
6420.0;3.229483282674772
6426.0;2.9711246200607904
6432.0;3.411854103343465
6438.0;3.966565349544073
6444.0;4.0121580547112465
6450.0;4.088145896656535
6456.0;2.674772036474164
6462.0;2.5835866261398177
6468.0;2.5
6474.0;3.2674772036474162
6480.0;2.3556231003039514
6486.0;2.370820668693009
6492.0;1.6641337386018238
6498.0;2.142857142857143
6504.0;2.2492401215805473
6510.0;2.6595744680851063
6516.0;2.2948328267477205
6522.0;2.7583586626139818
6528.0;3.153495440729483
6534.0;3.8525835866261398
6540.0;3.6094224924012157
6546.0;3.7386018237082066
6552.0;3.31306990881459
6558.0;3.708206686930091
6564.0;3.951367781155015
6570.0;3.31306990881459
6576.0;3.1458966565349544
6582.0;2.3480243161094223
6588.0;3.001519756838906
6594.0;3.153495440729483
6600.0;2.36322188449848
6606.0;1.8085106382978724
6612.0;1.8996960486322187
6618.0;1.8768996960486322
6624.0;2.4088145896656536
6630.0;2.325227963525836
6636.0;2.56838905775076
6642.0;2.4240121580547114
6648.0;2.439209726443769
6654.0;3.7006079027355625
6660.0;3.419452887537994
6666.0;3.768996960486322
6672.0;3.3282674772036476
6678.0;3.31306990881459
6684.0;3.548632218844985
6690.0;3.237082066869301
6696.0;3.237082066869301
6702.0;2.857142857142857
6708.0;3.0167173252279635
6714.0;2.9939209726443767
6720.0;2.811550151975684
6726.0;2.5531914893617023
6732.0;1.9832826747720365
6738.0;1.8920972644376899
6744.0;2.454407294832827
6750.0;2.674772036474164
6756.0;2.5379939209726445
6762.0;2.8875379939209727
6768.0;2.7203647416413372
6774.0;3.2750759878419453
6780.0;3.4346504559270516
6786.0;3.480243161094225
6792.0;4.5592705167173255
6798.0;3.8525835866261398
6804.0;4.369300911854103
6810.0;3.6930091185410334
6816.0;2.7203647416413372
6822.0;2.545592705167173
6828.0;2.978723404255319
6834.0;2.0288753799392096
6840.0;2.864741641337386
6846.0;1.7401215805471124
6852.0;1.7933130699088147
6858.0;1.6717325227963526
6864.0;2.5987841945288754
6870.0;2.674772036474164
6876.0;2.370820668693009
6882.0;2.545592705167173
6888.0;3.161094224924012
6894.0;3.282674772036474
6900.0;3.6702127659574466
6906.0;3.7537993920972643
6912.0;4.574468085106383
6918.0;3.776595744680851
6924.0;3.465045592705167
6930.0;3.069908814589666
6936.0;3.237082066869301
6942.0;2.56838905775076
6948.0;2.370820668693009
6954.0;2.613981762917933
6960.0;2.674772036474164
6966.0;1.8693009118541033
6972.0;1.709726443768997
6978.0;1.9984802431610942
6984.0;2.0060790273556233
6990.0;2.735562310030395
6996.0;2.7203647416413372
7002.0;2.3556231003039514
7008.0;3.3282674772036476
7014.0;3.594224924012158
7020.0;3.487841945288754
7026.0;3.905775075987842
7032.0;3.183890577507599
7038.0;3.465045592705167
7044.0;3.7006079027355625
7050.0;3.161094224924012
7056.0;3.115501519756839
7062.0;2.56838905775076
7068.0;3.2142857142857144
7074.0;2.735562310030395
7080.0;2.940729483282675
7086.0;1.8237082066869301
7092.0;1.778115501519757
7098.0;2.370820668693009
7104.0;2.264437689969605
7110.0;2.621580547112462
7116.0;2.1048632218844983
7122.0;2.4012158054711246
7128.0;3.472644376899696
7134.0;3.1686930091185412
7140.0;3.3054711246200608
7146.0;3.427051671732523
7152.0;2.864741641337386
7158.0;3.951367781155015
7164.0;3.6094224924012157
7170.0;2.872340425531915
7176.0;3.237082066869301
7182.0;2.310030395136778
7188.0;3.0167173252279635
7194.0;2.7127659574468086
7200.0;2.522796352583587
7206.0;1.884498480243161
7212.0;1.5729483282674772
7218.0;2.0440729483282674
7224.0;2.811550151975684
7230.0;2.735562310030395
7236.0;2.1124620060790273
7242.0;2.7507598784194527
7248.0;2.5987841945288754
7254.0;3.594224924012158
7260.0;3.4346504559270516
7266.0;3.5790273556231003
7272.0;3.358662613981763
7278.0;3.2142857142857144
7284.0;2.6443768996960486
7290.0;3.6474164133738602
7296.0;3.237082066869301
7302.0;2.9939209726443767
7308.0;3.092705167173252
7314.0;2.9559270516717326
7320.0;2.8951367781155017
7326.0;2.1808510638297873
7332.0;1.709726443768997
7338.0;1.5653495440729484
7344.0;2.310030395136778
7350.0;2.2264437689969605
7356.0;2.9483282674772036
7362.0;2.545592705167173
7368.0;3.1458966565349544
7374.0;3.5790273556231003
7380.0;3.905775075987842
7386.0;3.282674772036474
7392.0;3.943768996960486
7398.0;4.59726443768997
7404.0;3.6322188449848025
7410.0;4.050151975683891
7416.0;2.9635258358662613
7422.0;2.3404255319148937
7428.0;3.229483282674772
7434.0;2.0364741641337387
7440.0;2.4848024316109423
7446.0;1.7249240121580547
7452.0;1.641337386018237
7458.0;2.256838905775076
7464.0;2.5303951367781155
7470.0;2.507598784194529
7476.0;2.5759878419452886
7482.0;2.393617021276596
7488.0;2.7735562310030395
7494.0;3.3890577507598785
7500.0;3.662613981762918
7506.0;3.6474164133738602
7512.0;3.639817629179331
7518.0;3.776595744680851
7524.0;3.4574468085106385
7530.0;3.5410334346504557
7536.0;3.3054711246200608
7542.0;2.325227963525836
7548.0;2.5
7554.0;2.5987841945288754
7560.0;2.811550151975684
7566.0;2.0896656534954405
7572.0;2.1656534954407296
7578.0;1.9148936170212767
7584.0;2.735562310030395
7590.0;2.849544072948328
7596.0;2.4012158054711246
7602.0;2.689969604863222
7608.0;3.0851063829787235
7614.0;3.7841945288753798
7620.0;3.237082066869301
7626.0;3.6930091185410334
7632.0;3.419452887537994
7638.0;3.4346504559270516
7644.0;3.6930091185410334
7650.0;3.0851063829787235
7656.0;3.1914893617021276
7662.0;3.0091185410334345
7668.0;2.8951367781155017
7674.0;2.682370820668693
7680.0;2.63677811550152
7686.0;2.2188449848024314
7692.0;1.7325227963525835
7698.0;1.884498480243161
7704.0;2.917933130699088
7710.0;2.689969604863222
7716.0;2.0364741641337387
7722.0;2.765957446808511
7728.0;3.0851063829787235
7734.0;3.943768996960486
7740.0;3.411854103343465
7746.0;3.533434650455927
7752.0;4.5592705167173255
7758.0;4.019756838905775
7764.0;3.639817629179331
7770.0;3.0395136778115504
7776.0;2.7811550151975686
7782.0;2.5987841945288754
7788.0;2.317629179331307
7794.0;2.5987841945288754
7800.0;2.689969604863222
7806.0;2.4164133738601823
7812.0;1.5653495440729484
7818.0;2.127659574468085
7824.0;2.5759878419452886
7830.0;2.940729483282675
7836.0;2.7963525835866263
7842.0;2.9635258358662613
7848.0;3.1458966565349544
7854.0;3.487841945288754
7860.0;3.7537993920972643
7866.0;3.358662613981763
7872.0;3.411854103343465
7878.0;3.2522796352583585
7884.0;3.8753799392097266
7890.0;3.161094224924012
7896.0;2.9027355623100304
7902.0;3.183890577507599
7908.0;3.1686930091185412
7914.0;2.5987841945288754
7920.0;2.682370820668693
7926.0;1.8161094224924013
7932.0;1.5957446808510638
7938.0;1.588145896656535
7944.0;2.8343465045592704
7950.0;2.507598784194529
7956.0;2.507598784194529
7962.0;2.674772036474164
7968.0;3.860182370820669
7974.0;2.5835866261398177
7980.0;4.179331306990881
7986.0;4.361702127659575
7992.0;3.4422492401215807
7998.0;3.7386018237082066
8004.0;4.414893617021277
8010.0;4.262917933130699
8016.0;2.986322188449848
8022.0;2.940729483282675
8028.0;2.7051671732522795
8034.0;2.765957446808511
8040.0;2.264437689969605
8046.0;1.8541033434650456
8052.0;2.0060790273556233
8058.0;2.013677811550152
8064.0;2.857142857142857
8070.0;2.9559270516717326
8076.0;2.317629179331307
8082.0;2.5759878419452886
8088.0;2.63677811550152
8094.0;3.556231003039514
8100.0;3.5790273556231003
8106.0;3.31306990881459
8112.0;3.814589665653495
8118.0;3.639817629179331
8124.0;3.7006079027355625
8130.0;3.2142857142857144
8136.0;2.9103343465045595
8142.0;2.082066869300912
8148.0;2.3480243161094223
8154.0;2.5911854103343464
8160.0;3.221884498480243
8166.0;2.0896656534954405
8172.0;1.4969604863221884
8178.0;1.702127659574468
8184.0;2.2796352583586628
8190.0;2.4164133738601823
8196.0;2.765957446808511
8202.0;2.849544072948328
8208.0;3.2750759878419453
8214.0;3.768996960486322
8220.0;3.237082066869301
8226.0;3.768996960486322
8232.0;3.1914893617021276
8238.0;3.2674772036474162
8244.0;3.860182370820669
8250.0;2.7735562310030395
8256.0;2.978723404255319
8262.0;2.864741641337386
8268.0;2.8343465045592704
8274.0;2.36322188449848
8280.0;2.013677811550152
8286.0;1.6793313069908815
8292.0;1.6185410334346504
8298.0;2.074468085106383
8304.0;3.0775075987841944
8310.0;2.5759878419452886
8316.0;2.3328267477203646
8322.0;2.3480243161094223
8328.0;3.3206686930091185
8334.0;3.525835866261398
8340.0;3.419452887537994
8346.0;2.7203647416413372
8352.0;3.7386018237082066
8358.0;3.791793313069909
8364.0;3.047112462006079
8370.0;3.594224924012158
8376.0;3.221884498480243
8382.0;2.6671732522796354
8388.0;3.024316109422492
8394.0;3.3054711246200608
8400.0;2.439209726443769
8406.0;2.1656534954407296
8412.0;1.534954407294833
8418.0;2.3404255319148937
8424.0;2.2188449848024314
8430.0;3.0319148936170213
8436.0;2.857142857142857
8442.0;2.9027355623100304
8448.0;3.3738601823708207
8454.0;3.7841945288753798
8460.0;3.594224924012158
8466.0;3.7841945288753798
8472.0;3.2750759878419453
8478.0;3.3890577507598785
8484.0;2.9483282674772036
8490.0;3.6778115501519757
8496.0;3.221884498480243
8502.0;3.024316109422492
8508.0;2.5835866261398177
8514.0;3.001519756838906
8520.0;2.492401215805471
8526.0;2.234042553191489
8532.0;1.3905775075987843
8538.0;1.8237082066869301
8544.0;2.9635258358662613
8550.0;2.2796352583586628
8556.0;2.310030395136778
8562.0;2.477203647416413
8568.0;3.161094224924012
8574.0;3.7462006079027357
8580.0;3.4954407294832825
8586.0;3.2066869300911853
8592.0;3.1914893617021276
8598.0;3.9285714285714284
8604.0;4.308510638297872
8610.0;3.966565349544073
8616.0;3.4954407294832825
8622.0;2.5987841945288754
8628.0;2.507598784194529
8634.0;2.8951367781155017
8640.0;2.765957446808511
8646.0;1.9148936170212767
8652.0;1.7325227963525835
8658.0;2.0972644376899696
8664.0;2.5379939209726445
8670.0;2.1656534954407296
8676.0;2.4468085106382977
8682.0;2.4696048632218845
8688.0;2.1732522796352582
8694.0;3.047112462006079
8700.0;3.4574468085106385
8706.0;3.837386018237082
8712.0;3.0091185410334345
8718.0;3.465045592705167
8724.0;3.4346504559270516
8730.0;3.7006079027355625
8736.0;3.10790273556231
8742.0;2.560790273556231
8748.0;2.5835866261398177
8754.0;2.56838905775076
8760.0;2.7127659574468086
8766.0;2.0060790273556233
8772.0;1.5501519756838906
8778.0;1.8768996960486322
8784.0;2.507598784194529
8790.0;2.378419452887538
8796.0;2.3480243161094223
8802.0;3.0167173252279635
8808.0;2.7507598784194527
8814.0;2.8267477203647418
8820.0;3.617021276595745
8826.0;3.487841945288754
8832.0;3.3890577507598785
8838.0;3.472644376899696
8844.0;3.723404255319149
8850.0;2.9027355623100304
8856.0;2.917933130699088
8862.0;2.507598784194529
8868.0;3.0395136778115504
8874.0;2.8419452887537995
8880.0;2.477203647416413
8886.0;2.0972644376899696
8892.0;1.4133738601823709
8898.0;2.5911854103343464
8904.0;2.2416413373860182
8910.0;3.358662613981763
8916.0;2.234042553191489
8922.0;2.1732522796352582
8928.0;2.7051671732522795
8934.0;3.3738601823708207
8940.0;3.2522796352583585
8946.0;3.5714285714285716
8952.0;3.8677811550151975
8958.0;4.004559270516717
8964.0;3.9817629179331306
8970.0;3.1231003039513676
8976.0;2.8875379939209727
8982.0;2.872340425531915
8988.0;2.8875379939209727
8994.0;2.7583586626139818
9000.0;2.142857142857143
9006.0;1.3069908814589666
9012.0;1.5045592705167172
9018.0;2.2264437689969605
9024.0;2.2036474164133737
9030.0;2.6519756838905777
9036.0;2.9103343465045595
9042.0;2.917933130699088
9048.0;2.7735562310030395
9054.0;3.662613981762918
9060.0;3.708206686930091
9066.0;3.4498480243161094
9072.0;3.24468085106383
9078.0;3.3206686930091185
9084.0;3.966565349544073
9090.0;2.7963525835866263
9096.0;2.9027355623100304
9102.0;2.264437689969605
9108.0;2.849544072948328
9114.0;2.933130699088146
9120.0;2.4164133738601823
9126.0;1.405775075987842
9132.0;1.5729483282674772
9138.0;1.9452887537993921
9144.0;2.3556231003039514
9150.0;2.6443768996960486
9156.0;3.024316109422492
9162.0;2.674772036474164
9168.0;3.1914893617021276
9174.0;3.594224924012158
9180.0;4.285714285714286
9186.0;3.708206686930091
9192.0;2.7051671732522795
9198.0;3.8525835866261398
9204.0;4.004559270516717
9210.0;3.814589665653495
9216.0;3.2522796352583585
9222.0;2.5987841945288754
9228.0;2.5
9234.0;2.4620060790273555
9240.0;2.7051671732522795
9246.0;2.4620060790273555
9252.0;1.7933130699088147
9258.0;2.1200607902735564
9264.0;2.5379939209726445
9270.0;2.3404255319148937
9276.0;2.5987841945288754
9282.0;2.545592705167173
9288.0;3.5106382978723403
9294.0;3.898176291793313
9300.0;4.148936170212766
9306.0;4.179331306990881
9312.0;3.5790273556231003
9318.0;2.9483282674772036
9324.0;3.3282674772036476
9330.0;3.6778115501519757
9336.0;3.297872340425532
9342.0;2.6443768996960486
9348.0;2.9483282674772036
9354.0;2.7203647416413372
9360.0;2.7051671732522795
9366.0;1.702127659574468
9372.0;1.4361702127659575
9378.0;1.8768996960486322
9384.0;2.2264437689969605
9390.0;2.63677811550152
9396.0;2.2492401215805473
9402.0;2.9483282674772036
9408.0;3.2522796352583585
9414.0;2.7051671732522795
9420.0;4.25531914893617
9426.0;3.966565349544073
9432.0;3.8525835866261398
9438.0;3.731003039513678
9444.0;3.7537993920972643
9450.0;3.5030395136778116
9456.0;3.1382978723404253
9462.0;2.560790273556231
9468.0;3.1686930091185412
9474.0;3.10790273556231
9480.0;3.0395136778115504
9486.0;1.7933130699088147
9492.0;1.3981762917933132
9498.0;1.8085106382978724
9504.0;2.7811550151975686
9510.0;2.5
9516.0;2.4240121580547114
9522.0;2.013677811550152
9528.0;2.864741641337386
9534.0;2.925531914893617
9540.0;3.6246200607902734
9546.0;3.6322188449848025
9552.0;4.050151975683891
9558.0;4.217325227963526
9564.0;3.7993920972644375
9570.0;3.297872340425532
9576.0;3.1914893617021276
9582.0;2.629179331306991
9588.0;2.439209726443769
9594.0;2.9103343465045595
9600.0;2.6671732522796354
9606.0;1.6185410334346504
9612.0;1.527355623100304
9618.0;2.317629179331307
9624.0;2.5379939209726445
9630.0;2.9939209726443767
9636.0;2.507598784194529
9642.0;2.811550151975684
9648.0;2.933130699088146
9654.0;3.2598784194528876
9660.0;3.685410334346505
9666.0;4.171732522796352
9672.0;3.358662613981763
9678.0;3.9209726443768997
9684.0;3.723404255319149
9690.0;2.674772036474164
9696.0;3.1003039513677813
9702.0;1.9452887537993921
9708.0;2.7963525835866263
9714.0;2.8191489361702127
9720.0;2.849544072948328
9726.0;1.9832826747720365
9732.0;1.8920972644376899
9738.0;2.3404255319148937
9744.0;2.8191489361702127
9750.0;2.6519756838905777
9756.0;2.0288753799392096
9762.0;1.9832826747720365
9768.0;2.621580547112462
9774.0;3.7462006079027357
9780.0;3.9589665653495443
9786.0;3.8525835866261398
9792.0;3.768996960486322
9798.0;4.057750759878419
9804.0;3.844984802431611
9810.0;3.1231003039513676
9816.0;2.2188449848024314
9822.0;2.7811550151975686
9828.0;2.8267477203647418
9834.0;3.335866261398176
9840.0;2.6671732522796354
9846.0;2.127659574468085
9852.0;2.0896656534954405
9858.0;1.8996960486322187
9864.0;2.8419452887537995
9870.0;2.629179331306991
9876.0;2.492401215805471
9882.0;2.310030395136778
9888.0;2.743161094224924
9894.0;4.0121580547112465
9900.0;4.224924012158055
9906.0;3.708206686930091
9912.0;3.776595744680851
9918.0;4.300911854103344
9924.0;3.282674772036474
9930.0;3.525835866261398
9936.0;3.31306990881459
9942.0;2.4012158054711246
9948.0;2.2264437689969605
9954.0;3.7158054711246202
9960.0;2.9483282674772036
9966.0;2.0972644376899696
9972.0;1.6261398176291793
9978.0;2.2264437689969605
9984.0;2.454407294832827
9990.0;2.56838905775076
9996.0;2.2796352583586628
10002.0;2.7051671732522795
10008.0;3.2598784194528876
10014.0;3.898176291793313
10020.0;3.3890577507598785
10026.0;4.612462006079028
10032.0;3.487841945288754
10038.0;4.2097264437689965
10044.0;4.133738601823708
10050.0;3.472644376899696
10056.0;2.6671732522796354
10062.0;2.370820668693009
10068.0;3.153495440729483
10074.0;3.1382978723404253
10080.0;2.4468085106382977
10086.0;1.9604863221884499
10092.0;1.7249240121580547
10098.0;2.135258358662614
10104.0;2.522796352583587
10110.0;2.689969604863222
10116.0;2.507598784194529
10122.0;2.4468085106382977
10128.0;2.933130699088146
10134.0;3.24468085106383
10140.0;3.7386018237082066
10146.0;3.5106382978723403
10152.0;4.316109422492401
10158.0;3.5182370820668694
10164.0;3.4422492401215807
10170.0;3.556231003039514
10176.0;2.933130699088146
10182.0;3.1003039513677813
10188.0;2.7051671732522795
10194.0;2.7963525835866263
10200.0;2.264437689969605
10206.0;2.021276595744681
10212.0;1.534954407294833
10218.0;2.0440729483282674
10224.0;2.2872340425531914
10230.0;2.5379939209726445
10236.0;2.522796352583587
10242.0;2.5911854103343464
10248.0;3.1382978723404253
10254.0;3.943768996960486
10260.0;3.791793313069909
10266.0;3.3206686930091185
10272.0;3.8753799392097266
10278.0;4.2477203647416415
10284.0;4.635258358662614
10290.0;3.282674772036474
10296.0;2.978723404255319
10302.0;2.917933130699088
10308.0;2.6595744680851063
10314.0;3.1914893617021276
10320.0;2.7127659574468086
10326.0;2.0364741641337387
10332.0;1.7325227963525835
10338.0;2.2872340425531914
10344.0;2.43161094224924
10350.0;2.674772036474164
10356.0;2.522796352583587
10362.0;2.6671732522796354
10368.0;2.492401215805471
10374.0;3.411854103343465
10380.0;3.3206686930091185
10386.0;3.0319148936170213
10392.0;3.548632218844985
10398.0;3.297872340425532
10404.0;4.004559270516717
10410.0;3.7386018237082066
10416.0;3.0167173252279635
10422.0;2.188449848024316
10428.0;3.1382978723404253
10434.0;2.8875379939209727
10440.0;3.001519756838906
10446.0;2.1200607902735564
10452.0;2.325227963525836
10458.0;2.135258358662614
10464.0;2.378419452887538
10470.0;2.477203647416413
10476.0;2.674772036474164
10482.0;2.933130699088146
10488.0;2.743161094224924
10494.0;3.054711246200608
10500.0;3.9133738601823707
10506.0;3.7462006079027357
10512.0;3.533434650455927
10518.0;3.335866261398176
10524.0;3.8905775075987843
10530.0;3.221884498480243
10536.0;2.8267477203647418
10542.0;2.5379939209726445
10548.0;2.8343465045592704
10554.0;2.872340425531915
10560.0;2.2948328267477205
10566.0;2.386018237082067
10572.0;2.1656534954407296
10578.0;2.021276595744681
10584.0;2.127659574468085
10590.0;2.0972644376899696
10596.0;2.7811550151975686
10602.0;2.857142857142857
10608.0;2.8799392097264436
10614.0;3.9817629179331306
10620.0;3.419452887537994
10626.0;3.1306990881458967
10632.0;3.5410334346504557
10638.0;3.768996960486322
10644.0;3.617021276595745
10650.0;3.8753799392097266
10656.0;2.4012158054711246
10662.0;2.3480243161094223
10668.0;2.811550151975684
10674.0;2.5531914893617023
10680.0;2.606382978723404
10686.0;2.013677811550152
10692.0;1.6641337386018238
10698.0;1.9756838905775076
10704.0;2.36322188449848
10710.0;2.629179331306991
10716.0;2.5531914893617023
10722.0;2.697568389057751
10728.0;3.0319148936170213
10734.0;3.731003039513678
10740.0;3.419452887537994
10746.0;3.0091185410334345
10752.0;3.1686930091185412
10758.0;3.8525835866261398
10764.0;4.179331306990881
10770.0;3.768996960486322
10776.0;3.335866261398176
10782.0;3.1382978723404253
10788.0;2.8951367781155017
10794.0;2.082066869300912
