#auto generated file!
6.0;0.0
12.0;0.0
18.0;6.333333333333333
24.0;9.333333333333334
30.0;16.0
36.0;24.333333333333332
42.0;34.833333333333336
48.0;45.166666666666664
54.0;50.666666666666664
60.0;50.666666666666664
66.0;44.0
72.0;45.833333333333336
78.0;34.5
84.0;44.333333333333336
90.0;37.333333333333336
96.0;27.666666666666668
102.0;39.0
108.0;48.333333333333336
114.0;49.333333333333336
120.0;41.166666666666664
126.0;44.0
132.0;32.0
138.0;39.666666666666664
144.0;30.333333333333332
150.0;33.333333333333336
156.0;26.0
162.0;35.5
168.0;48.166666666666664
174.0;50.5
180.0;54.0
186.0;48.666666666666664
192.0;45.0
198.0;41.666666666666664
204.0;40.5
210.0;47.0
216.0;30.333333333333332
222.0;40.0
228.0;36.5
234.0;37.666666666666664
240.0;46.333333333333336
246.0;44.333333333333336
252.0;31.666666666666668
258.0;35.666666666666664
264.0;37.333333333333336
270.0;36.166666666666664
276.0;36.333333333333336
282.0;42.0
288.0;43.0
294.0;48.833333333333336
300.0;45.666666666666664
306.0;40.666666666666664
312.0;35.666666666666664
318.0;39.333333333333336
324.0;35.666666666666664
330.0;38.666666666666664
336.0;34.333333333333336
342.0;41.666666666666664
348.0;47.166666666666664
354.0;44.0
360.0;44.666666666666664
366.0;40.666666666666664
372.0;35.333333333333336
378.0;32.333333333333336
384.0;36.166666666666664
390.0;36.333333333333336
396.0;31.666666666666668
402.0;32.0
408.0;42.0
414.0;45.333333333333336
420.0;49.0
426.0;38.0
432.0;32.0
438.0;35.333333333333336
444.0;40.5
450.0;39.333333333333336
456.0;35.0
462.0;37.0
468.0;34.0
474.0;39.166666666666664
480.0;42.666666666666664
486.0;37.666666666666664
492.0;29.666666666666668
498.0;31.833333333333332
504.0;34.333333333333336
510.0;31.333333333333332
516.0;29.666666666666668
522.0;28.666666666666668
528.0;30.833333333333332
534.0;39.833333333333336
540.0;45.0
546.0;37.0
552.0;27.0
558.0;37.5
564.0;35.333333333333336
570.0;33.0
576.0;38.333333333333336
582.0;30.333333333333332
588.0;37.666666666666664
594.0;50.333333333333336
600.0;46.666666666666664
606.0;34.666666666666664
612.0;35.0
618.0;28.833333333333332
624.0;29.833333333333332
630.0;32.666666666666664
636.0;34.666666666666664
642.0;32.0
648.0;42.5
654.0;41.5
660.0;47.333333333333336
666.0;33.333333333333336
672.0;29.666666666666668
678.0;35.0
684.0;29.666666666666668
690.0;35.666666666666664
696.0;33.666666666666664
702.0;29.666666666666668
708.0;36.0
714.0;44.833333333333336
720.0;44.666666666666664
726.0;41.333333333333336
732.0;32.666666666666664
738.0;32.666666666666664
744.0;31.166666666666668
750.0;27.666666666666668
756.0;37.0
762.0;34.166666666666664
768.0;35.5
774.0;35.333333333333336
780.0;43.0
786.0;48.333333333333336
792.0;32.333333333333336
798.0;31.166666666666668
804.0;28.0
810.0;35.333333333333336
816.0;27.333333333333332
822.0;34.0
828.0;36.666666666666664
834.0;39.166666666666664
840.0;37.666666666666664
846.0;34.333333333333336
852.0;35.0
858.0;28.833333333333332
864.0;24.666666666666668
870.0;34.333333333333336
876.0;35.666666666666664
882.0;32.666666666666664
888.0;40.833333333333336
894.0;43.0
900.0;41.333333333333336
906.0;35.666666666666664
912.0;32.333333333333336
918.0;39.833333333333336
924.0;30.5
930.0;34.0
936.0;40.666666666666664
942.0;35.333333333333336
948.0;41.5
954.0;40.0
960.0;33.0
966.0;30.666666666666668
972.0;31.333333333333332
978.0;32.333333333333336
984.0;23.166666666666668
990.0;25.0
996.0;29.0
1002.0;26.0
1008.0;37.0
1014.0;26.166666666666668
1020.0;38.666666666666664
1026.0;38.333333333333336
1032.0;36.0
1038.0;29.0
1044.0;29.666666666666668
1050.0;31.666666666666668
1056.0;26.666666666666668
1062.0;40.0
1068.0;33.833333333333336
1074.0;44.0
1080.0;39.333333333333336
1086.0;34.666666666666664
1092.0;32.333333333333336
1098.0;26.5
1104.0;32.0
1110.0;29.333333333333332
1116.0;23.0
1122.0;33.333333333333336
1128.0;31.5
1134.0;33.666666666666664
1140.0;38.666666666666664
1146.0;34.333333333333336
1152.0;31.333333333333332
1158.0;32.166666666666664
1164.0;34.0
1170.0;30.666666666666668
1176.0;30.0
1182.0;32.333333333333336
1188.0;39.166666666666664
1194.0;42.166666666666664
