#auto generated file!
6.0;0.0
12.0;0.0
18.0;1.3333333333333333
24.0;4.333333333333333
30.0;8.0
36.0;9.666666666666666
42.0;12.666666666666666
48.0;14.0
54.0;17.0
60.0;19.666666666666668
66.0;15.0
72.0;12.666666666666666
78.0;8.166666666666666
84.0;7.0
90.0;11.0
96.0;10.333333333333334
102.0;10.666666666666666
108.0;17.833333333333332
114.0;15.666666666666666
120.0;10.166666666666666
126.0;8.666666666666666
132.0;7.333333333333333
138.0;11.333333333333334
144.0;9.666666666666666
150.0;10.666666666666666
156.0;14.0
162.0;10.666666666666666
168.0;15.0
174.0;12.333333333333334
180.0;15.666666666666666
186.0;9.666666666666666
192.0;7.5
198.0;12.5
204.0;10.166666666666666
210.0;10.0
216.0;10.666666666666666
222.0;9.666666666666666
228.0;13.5
234.0;12.166666666666666
240.0;13.333333333333334
246.0;12.333333333333334
252.0;10.666666666666666
258.0;9.0
264.0;12.0
270.0;9.0
276.0;5.333333333333333
282.0;10.333333333333334
288.0;11.333333333333334
294.0;14.666666666666666
300.0;13.0
306.0;13.0
312.0;9.666666666666666
318.0;15.0
324.0;9.333333333333334
330.0;11.833333333333334
336.0;8.0
342.0;5.0
348.0;11.666666666666666
354.0;19.0
360.0;14.333333333333334
366.0;13.333333333333334
372.0;9.333333333333334
378.0;7.333333333333333
384.0;7.5
390.0;10.0
396.0;10.333333333333334
402.0;9.333333333333334
408.0;13.333333333333334
414.0;12.0
420.0;16.0
426.0;12.333333333333334
432.0;8.0
438.0;10.333333333333334
444.0;8.333333333333334
450.0;8.666666666666666
456.0;11.666666666666666
462.0;7.666666666666667
468.0;18.333333333333332
474.0;14.833333333333334
480.0;16.666666666666668
486.0;11.333333333333334
492.0;7.333333333333333
498.0;8.666666666666666
504.0;9.5
510.0;7.0
516.0;9.0
522.0;8.666666666666666
528.0;11.666666666666666
534.0;17.666666666666668
540.0;13.0
546.0;20.333333333333332
552.0;11.666666666666666
558.0;6.666666666666667
564.0;10.333333333333334
570.0;9.0
576.0;12.333333333333334
582.0;8.0
588.0;19.333333333333332
594.0;17.333333333333332
600.0;10.666666666666666
606.0;14.333333333333334
612.0;8.666666666666666
618.0;9.333333333333334
624.0;7.0
630.0;12.0
636.0;7.666666666666667
642.0;13.0
648.0;12.333333333333334
654.0;14.333333333333334
660.0;13.666666666666666
666.0;11.333333333333334
672.0;11.333333333333334
678.0;9.5
684.0;6.833333333333333
690.0;9.666666666666666
696.0;10.0
702.0;9.333333333333334
708.0;13.0
714.0;15.5
720.0;14.0
726.0;17.0
732.0;14.333333333333334
738.0;7.0
744.0;10.0
750.0;9.333333333333334
756.0;7.0
762.0;10.0
768.0;9.0
774.0;16.666666666666668
780.0;19.666666666666668
786.0;19.0
792.0;12.333333333333334
798.0;7.666666666666667
804.0;10.666666666666666
810.0;17.666666666666668
816.0;9.0
822.0;11.666666666666666
828.0;12.833333333333334
834.0;16.0
840.0;7.333333333333333
846.0;14.0
852.0;10.0
858.0;8.833333333333334
864.0;9.333333333333334
870.0;4.666666666666667
876.0;7.0
882.0;8.666666666666666
888.0;16.0
894.0;12.333333333333334
900.0;13.333333333333334
906.0;8.666666666666666
912.0;14.0
918.0;9.666666666666666
924.0;8.666666666666666
930.0;8.0
936.0;16.666666666666668
942.0;15.666666666666666
948.0;17.666666666666668
954.0;16.0
960.0;15.333333333333334
966.0;12.0
972.0;8.666666666666666
978.0;9.333333333333334
984.0;7.333333333333333
990.0;8.0
996.0;10.333333333333334
1002.0;15.666666666666666
1008.0;13.333333333333334
1014.0;16.666666666666668
1020.0;14.0
1026.0;13.333333333333334
1032.0;9.0
1038.0;9.333333333333334
1044.0;10.5
1050.0;6.0
1056.0;9.0
1062.0;6.0
1068.0;16.333333333333332
1074.0;18.333333333333332
1080.0;16.666666666666668
1086.0;7.666666666666667
1092.0;6.333333333333333
1098.0;6.333333333333333
1104.0;11.333333333333334
1110.0;8.333333333333334
1116.0;13.0
1122.0;10.333333333333334
1128.0;15.333333333333334
1134.0;23.333333333333332
1140.0;18.666666666666668
1146.0;17.0
1152.0;13.0
1158.0;11.333333333333334
1164.0;7.333333333333333
1170.0;19.333333333333332
1176.0;14.666666666666666
1182.0;10.0
1188.0;14.833333333333334
1194.0;14.666666666666666
