#auto generated file!
6.0;0.0
12.0;0.19756838905775076
18.0;3.723404255319149
24.0;12.249240121580547
30.0;23.73860182370821
36.0;33.43465045592705
42.0;41.89969604863222
48.0;49.8936170212766
54.0;58.06990881458967
60.0;63.08510638297872
66.0;63.48024316109422
72.0;63.51063829787234
78.0;66.39817629179332
84.0;66.42857142857143
90.0;66.21580547112463
96.0;65.07598784194529
102.0;64.93920972644376
108.0;76.31192660550458
114.0;88.33944954128441
120.0;87.02752293577981
126.0;85.5229357798165
132.0;84.66055045871559
138.0;86.26605504587155
144.0;86.93577981651376
150.0;86.44036697247707
156.0;85.24770642201835
162.0;83.90825688073394
168.0;83.72477064220183
174.0;83.4862385321101
180.0;83.06422018348624
186.0;82.3302752293578
192.0;81.94495412844037
198.0;83.74311926605505
204.0;84.8348623853211
210.0;84.8256880733945
216.0;90.03942181340342
222.0;88.06833114323258
228.0;87.70696452036793
234.0;87.23390275952694
240.0;86.67542706964521
246.0;86.37319316688567
252.0;85.67674113009198
258.0;87.45729303547964
264.0;89.0735873850197
270.0;88.82391590013141
276.0;88.67279894875165
282.0;87.1419185282523
288.0;86.21550591327201
294.0;86.36005256241788
300.0;85.53219448094612
306.0;85.56504599211564
312.0;85.87385019710906
318.0;87.29960578186596
324.0;91.68884339815763
330.0;91.43295803480041
336.0;91.453428863869
342.0;90.32753326509723
348.0;89.5957011258956
354.0;89.46264073694985
360.0;88.15762538382805
366.0;87.41044012282498
372.0;87.52302968270214
378.0;90.68065506653019
384.0;91.86284544524054
390.0;91.50460593654043
396.0;90.7267144319345
402.0;89.80552712384852
408.0;89.40634595701125
414.0;89.69293756397134
420.0;89.87717502558854
426.0;88.91504605936541
432.0;91.01005867560771
438.0;92.84995808885164
444.0;94.01927912824812
450.0;93.64207879295893
456.0;92.99245599329421
462.0;91.0184409052808
468.0;91.13998323554065
474.0;90.79631181894383
480.0;90.12154233025984
486.0;89.45096395641241
492.0;88.93545683151719
498.0;90.73344509639564
504.0;92.40569991617771
510.0;92.20452640402347
516.0;92.03269069572507
522.0;90.41911148365465
528.0;90.54903604358759
534.0;90.06705783738474
540.0;91.36976579134138
546.0;90.63165365507452
552.0;90.86586231369766
558.0;92.59048970901348
564.0;93.71894960965224
570.0;94.17317246273953
576.0;93.39247693399574
582.0;91.96593328601845
588.0;92.24272533711853
594.0;91.16749467707594
600.0;91.46912704045423
606.0;90.95102909865153
612.0;90.15613910574876
618.0;92.86728176011356
624.0;93.9957416607523
630.0;94.07381121362668
636.0;93.37828246983676
642.0;91.77430801987225
648.0;92.4676923076923
654.0;92.02461538461539
660.0;92.62461538461538
666.0;91.57230769230769
672.0;91.96307692307693
678.0;93.84615384615384
684.0;95.4
690.0;95.28923076923077
696.0;94.60923076923076
702.0;93.26461538461538
708.0;93.15692307692308
714.0;92.89846153846153
720.0;91.67076923076922
726.0;89.8
732.0;90.03076923076924
738.0;92.32
744.0;94.61538461538461
750.0;94.16307692307693
756.0;94.75285171102662
762.0;93.07441607821836
768.0;92.94405214557305
774.0;92.97664312873438
780.0;92.42259641499186
786.0;91.62411732753938
792.0;91.1787072243346
798.0;93.8403041825095
804.0;95.02444323737099
810.0;94.61977186311788
816.0;94.48397609994568
822.0;93.16132536664855
828.0;92.6425855513308
834.0;92.44703965236285
840.0;91.93644758283541
846.0;91.70287887017925
852.0;91.12167300380229
858.0;92.53666485605649
864.0;95.55906660184735
870.0;95.06562955760816
876.0;94.28293631502187
882.0;92.42100145843462
888.0;92.30918813806514
894.0;92.77345649003404
900.0;92.50607681088964
906.0;91.75255226057365
912.0;91.58483228001944
918.0;94.05687894992708
924.0;95.29168692270297
930.0;95.28682547399124
936.0;94.13466212931453
942.0;93.21341759844434
948.0;92.91929995138551
954.0;92.8852698104035
960.0;92.08070004861449
966.0;91.2056392805056
972.0;91.21205455345358
978.0;92.96964364276288
984.0;95.6379234491861
990.0;95.54333479982402
996.0;94.63264408271007
1002.0;93.23801143862737
1008.0;92.96524417069952
1014.0;92.771667399912
1020.0;92.9476462824461
1026.0;91.69819621645402
1032.0;91.22305323361196
1038.0;93.81874175098989
1044.0;95.31896172459305
1050.0;94.94060712714474
1056.0;94.1311042674879
1062.0;92.8376594808623
1068.0;92.47250329960404
1074.0;91.86977562692476
1080.0;91.64523905182804
1086.0;91.64323021293693
1092.0;91.35596625150663
1098.0;93.92928887103254
1104.0;95.43591803937325
1110.0;94.71474487746083
1116.0;94.90357573322619
1122.0;93.2543190036159
1128.0;93.4451586982724
1134.0;93.62595419847328
1140.0;92.32221775813579
1146.0;92.02290076335878
1152.0;92.02892728003214
1158.0;93.9152269987947
1164.0;95.36962635596625
1170.0;95.13258336681398
1176.0;94.77099236641222
1182.0;92.92286058658095
1188.0;92.5804066543438
1194.0;93.29390018484288
1200.0;92.65064695009242
1206.0;91.00554528650648
1212.0;90.4916820702403
1218.0;93.28650646950092
1224.0;95.28280961182995
1230.0;94.79852125693161
1236.0;94.93160813308688
1242.0;92.70979667282809
1248.0;92.26432532347505
1254.0;92.95009242144178
1260.0;92.36968576709796
1266.0;92.05914972273567
1272.0;91.24214417744916
1278.0;93.4343807763401
1284.0;95.47874306839186
1290.0;95.07393715341959
1296.0;94.05511811023622
1302.0;92.63437179048272
1308.0;92.35706949674768
1314.0;92.50599109893872
1320.0;92.12256076686066
1326.0;91.10236220472441
1332.0;90.87812393016091
1338.0;94.26566244436837
1344.0;95.91407052379323
1350.0;95.37658336186237
1356.0;95.042793563848
1362.0;93.12050667579597
1368.0;92.40671003081137
1374.0;91.9274221157138
1380.0;92.4700445053064
1386.0;91.9188634029442
1392.0;92.32625813077713
1398.0;94.91783635741184
1404.0;95.64392731909467
1410.0;95.98342365317183
1416.0;95.05897354160025
1422.0;94.12655403251514
1428.0;93.54478801402614
1434.0;93.62926362766974
1440.0;92.56933375836786
1446.0;91.10934013388588
1452.0;91.46636914249282
1458.0;93.84443736053554
1464.0;95.68377430666241
1470.0;95.69014982467326
1476.0;95.29486770800128
1482.0;93.97513547975772
1488.0;93.56550844756137
1494.0;92.7590054191903
1500.0;92.3589416640102
1506.0;92.30474976091807
1512.0;92.73933790635252
1518.0;95.10140172979422
1524.0;95.92007157769162
1530.0;95.6128839844915
1536.0;94.85684461676111
1542.0;92.84073963614674
1548.0;93.01521025946913
1554.0;93.5147628988965
1560.0;92.75126752162242
1566.0;92.01163137488815
1572.0;92.02505219206681
1578.0;94.90903668356695
1584.0;95.9662988368625
1590.0;95.74560095436922
1596.0;95.193856248136
1602.0;92.90635252013122
1608.0;92.56337608112139
1614.0;93.29257381449449
1620.0;92.24152423648081
1626.0;92.40403474362567
1632.0;91.97814513869432
1638.0;94.40739702998039
1644.0;96.24824880919024
1650.0;96.08013449145419
1656.0;94.75763519193052
1662.0;94.58111515830765
1668.0;93.43793779770243
1674.0;93.72933594844494
1680.0;93.08769963575232
1686.0;92.7766881479406
1692.0;93.27822919585319
1698.0;95.2619781451387
1704.0;96.31969739422807
1710.0;96.01288876435976
1716.0;95.13309050154105
1722.0;93.80778929672177
1728.0;94.31704095112285
1734.0;94.41875825627477
1740.0;93.49537648612946
1746.0;92.39101717305152
1752.0;92.17173051519154
1758.0;94.41215323645972
1764.0;96.55746367239102
1770.0;96.04227212681639
1776.0;95.06605019815059
1782.0;93.96036988110964
1788.0;92.70541611624834
1794.0;93.66314398943197
1800.0;93.28269484808455
1806.0;91.24834874504623
1812.0;90.9564068692206
1818.0;93.89167767503302
1824.0;95.86922060766182
1830.0;96.0105680317041
1836.0;95.77230692326918
1842.0;93.83779055236191
1848.0;93.83029242689328
1854.0;94.03024243939015
1860.0;93.67283179205198
1866.0;93.06798300424894
1872.0;92.78805298675331
1878.0;94.90252436890778
1884.0;96.71957010747313
1890.0;95.8210447388153
1896.0;95.50612346913272
1902.0;94.34141464633842
1908.0;93.78655336165959
1914.0;93.3079230192452
1920.0;92.6268432891777
1926.0;92.70682329417646
1932.0;92.33691577105724
1938.0;94.36265933516621
1944.0;96.4903960161252
1950.0;96.06355228835665
1956.0;95.81100308276025
1962.0;94.43680341474982
1968.0;94.17476879298079
1974.0;94.50201565093668
1980.0;94.3289068057861
1986.0;93.11477353568888
1992.0;93.10647379653783
1998.0;95.49087028693384
2004.0;96.93265354517429
2010.0;96.31491581693147
2016.0;95.27863410007114
2022.0;92.99146312544462
2028.0;93.31633862935736
2034.0;93.85819302821912
2040.0;92.86578136115722
2046.0;92.89779464073986
2052.0;91.97608842770133
2058.0;94.812767877284
2064.0;96.7020076697496
2070.0;96.66591473043086
2076.0;96.04782314459734
2082.0;95.22896458380329
2088.0;94.446198962328
2094.0;93.97022332506204
2100.0;93.8935258290097
2106.0;93.19196932100158
2112.0;92.94157455447778
2118.0;95.37784795849312
2124.0;96.46627565982405
2130.0;96.65576359124746
2136.0;95.87299796977216
2142.0;94.6965937288518
2148.0;95.01917437401309
2154.0;94.23189713512294
2160.0;93.74811787481178
2166.0;92.97483329748333
2172.0;92.06065820606582
2178.0;94.9161109916111
2184.0;96.51430415143041
2190.0;96.43149064314906
2196.0;95.74101957410195
2202.0;95.23768552376855
2208.0;94.1309959130996
2214.0;94.41062594106259
2220.0;93.76855237685524
2226.0;94.39449343944935
2232.0;93.78898687889868
2238.0;95.6173370617337
2244.0;96.90901269090126
2250.0;96.38094213809421
2256.0;95.82705958270596
2262.0;94.23854592385459
2268.0;93.91058581706064
2274.0;94.78211716341212
2280.0;93.26618705035972
2286.0;92.85919835560124
2292.0;91.7060637204522
2298.0;95.30318602261049
2304.0;97.12024665981501
2310.0;97.12641315519014
2316.0;95.79856115107914
2322.0;93.84789311408016
2328.0;93.55806783144912
2334.0;93.80061664953752
2340.0;92.70914696813978
2346.0;93.13257965056526
2352.0;92.06577595066804
2358.0;95.15621788283659
2364.0;97.21685508735868
2370.0;96.88591983556012
2376.0;96.77524109427279
2382.0;94.69297382405038
2388.0;93.82897067506396
2394.0;93.81322574296398
2400.0;93.74434166502657
2406.0;92.65105294233419
2412.0;91.57646132651053
2418.0;95.81676835268648
2424.0;97.0763629206849
2430.0;96.26943515056091
2436.0;96.19267860657351
2442.0;95.27061602046841
2448.0;94.73332021255658
2454.0;94.55028537689431
2460.0;93.96378665617004
2466.0;93.63019090730171
2472.0;93.30938791576462
2478.0;95.79610312930525
2484.0;97.22106852935624
2490.0;97.24561072305079
2496.0;96.54898999433642
2502.0;94.48178214083444
2508.0;94.47895034925429
2514.0;94.51104398716255
2520.0;94.37511799131583
2526.0;93.52180479516707
2532.0;94.17878044175949
2538.0;95.33037568434963
2544.0;96.69435529545025
2550.0;97.13422692089863
2556.0;96.47913913535963
2562.0;95.0141589579007
2568.0;94.02680762695866
2574.0;94.48744572399471
2580.0;93.95318104587503
2586.0;92.79969794223145
2592.0;92.92399782332669
2598.0;95.33647741701434
2604.0;97.44694358788318
2610.0;97.2093234173771
2616.0;96.17993832758934
2622.0;94.6462905858879
2628.0;94.87756212588427
2634.0;95.15146018501723
2640.0;93.61055686559042
2646.0;93.97968438236894
2652.0;91.98530745510611
2658.0;95.67930346453836
2664.0;97.20388173408308
2670.0;96.57264647197533
2676.0;95.73099945583166
2682.0;94.02956647923091
2688.0;94.81588971521857
2694.0;94.20279339742427
2700.0;93.72141735032292
2706.0;93.386280328155
2712.0;93.13667306685285
2718.0;94.8612323267586
2724.0;97.02042241228835
2730.0;97.19322743934369
2736.0;96.39902251701868
2742.0;94.81410368301623
2748.0;93.79647407924594
2754.0;94.18921277709897
2760.0;93.30249607261302
2766.0;93.09827194972945
2772.0;92.01693140164078
2778.0;94.23285041019375
2784.0;97.05795077674986
2790.0;96.989876069122
2796.0;96.09705009600279
2802.0;93.67777971722813
2808.0;94.12111017661901
2814.0;93.49537426408747
2820.0;93.75441547518923
2826.0;93.24137931034483
2832.0;93.28763666947015
2838.0;95.66694701429773
2844.0;97.45416316232128
2850.0;97.05634987384357
2856.0;96.5542472666106
2862.0;94.70815811606391
2868.0;94.34903280067283
2874.0;94.59545836837678
2880.0;93.77207737594617
2886.0;93.5677039529016
2892.0;93.21026072329688
2898.0;95.32968881412953
2904.0;97.39697224558452
2910.0;96.82506307821698
2916.0;96.72131147540983
2922.0;95.53319266352865
2928.0;95.23129362116539
2934.0;94.86284694043175
2940.0;94.2314559324785
2946.0;93.5059243629281
2952.0;93.0546989125142
2958.0;96.04609641291998
2964.0;97.45090082778769
2970.0;97.01022561272521
2976.0;96.80246713195909
2982.0;95.56240869988638
2988.0;94.29313423145594
2994.0;94.38727479305308
3000.0;93.75426067196884
3006.0;93.97338094465184
3012.0;93.0206135367635
3018.0;95.25807498782665
3024.0;97.38121373686687
3030.0;97.3255449270817
3036.0;96.71397208718834
3042.0;94.34138309549945
3048.0;94.60012545083896
3054.0;94.13125294025404
3060.0;93.66551670064294
3066.0;93.11118080602164
3072.0;93.82938685902462
3078.0;96.1902148345617
3084.0;97.73718049239454
3090.0;97.34671475615494
3096.0;96.08907009565627
3102.0;95.20542574878469
3108.0;95.34969421358005
3114.0;95.00784067743453
3120.0;94.17124039517014
3126.0;93.11588521248235
3132.0;92.84392537539814
3138.0;96.16183831336265
3144.0;97.52843925375399
3150.0;97.54588199605642
3156.0;96.6707113605339
3162.0;94.85666616107993
3168.0;94.41908084331867
3174.0;94.47444259062642
3180.0;93.88442287274381
3186.0;93.70241164871834
3192.0;93.36114060367056
3198.0;96.35825875929015
3204.0;97.23342939481267
3210.0;97.53147277415441
3216.0;96.5850144092219
3222.0;95.52176550887305
3228.0;94.73456696496284
3234.0;94.59881692704383
3240.0;93.82802173593772
3246.0;93.11205757086209
3252.0;92.21838742840359
3258.0;94.58877955646938
3264.0;97.52753708327214
3270.0;97.5767366720517
3276.0;96.35115288588632
3282.0;94.95887795564694
3288.0;94.81421647819063
3294.0;94.66000881186665
3300.0;94.56160963430753
3306.0;93.60258481421648
3312.0;92.90644734909678
3318.0;95.45895138786899
3324.0;97.7830812160376
3330.0;97.69055661624321
3336.0;97.10016155088853
3342.0;95.52504038772213
3348.0;94.99786476868327
3354.0;94.21067615658363
3360.0;94.32313167259787
3366.0;93.98861209964413
3372.0;92.76156583629893
3378.0;95.5864768683274
3384.0;97.50320284697509
3390.0;97.75658362989324
3396.0;97.05622775800711
3402.0;94.96939501779359
3408.0;94.62633451957295
3414.0;94.99644128113879
3420.0;94.17366548042705
3426.0;93.7508896797153
3432.0;94.64056939501779
3438.0;96.22064056939502
3444.0;97.85053380782918
3450.0;97.19145907473309
3456.0;96.431432122635
3462.0;95.4709294296368
3468.0;94.145145698108
3474.0;95.2375362518989
3480.0;94.01463886203562
3486.0;93.60861759425494
3492.0;93.79850849330202
3498.0;95.61455600055241
3504.0;97.82074299129954
3510.0;97.71578511255352
3516.0;96.93343460847949
3522.0;94.57395387377434
3528.0;94.39925424665101
3534.0;94.59121668277862
3540.0;93.49399254246651
3546.0;93.91796713161166
3552.0;94.13133545090457
3558.0;96.45629056760116
3564.0;97.8107818157436
3570.0;97.97371597157034
3576.0;96.58978141343704
3582.0;95.2192570738903
3588.0;94.76062759822985
3594.0;95.12270350006705
3600.0;94.28724688212418
3606.0;93.24259085423093
3612.0;91.98605337266997
3618.0;94.87729649993295
3624.0;97.51039291940458
3630.0;97.52782620356712
3636.0;96.80702695453935
3642.0;95.0288319699611
3648.0;95.46064100844843
3654.0;94.9215502212686
3660.0;93.96070805954137
3666.0;94.25640337937509
3672.0;93.52991007428646
3678.0;96.55219601199009
3684.0;97.94017985142708
3690.0;97.79747165385116
3696.0;97.18363091359312
3702.0;95.84256483774273
3708.0;95.69334028411312
3714.0;95.27108041183371
3720.0;94.33272514010166
3726.0;93.39306659715886
3732.0;92.64238237977322
3738.0;94.95634041444025
3744.0;97.08067248794474
3750.0;97.85416395151832
3756.0;97.06372996220513
3762.0;94.87293105695295
3768.0;95.00977453408055
3774.0;94.51192493157826
3780.0;94.30219292686019
3786.0;93.65572315882875
3792.0;93.73684877677779
3798.0;96.40512105463303
3804.0;97.90911395614147
3810.0;97.65876536950184
3816.0;97.30257320319433
3822.0;94.87007225250349
3828.0;95.49879579160857
3834.0;95.23260235771328
3840.0;94.68627202433768
3846.0;94.21979972113068
3852.0;92.7544682469261
3858.0;95.40119153251362
3864.0;97.88566358220307
3870.0;97.58904804157687
3876.0;96.80314361769553
3882.0;95.25415134998099
3888.0;94.0820481184454
3894.0;94.77976557680444
3900.0;94.6224552745219
3906.0;94.3880320789636
3912.0;94.25354719309068
3918.0;95.63972856261567
3924.0;97.59592843923504
3930.0;97.93337446020975
3936.0;96.93769278223319
3942.0;95.33436150524368
3948.0;95.25848241826033
3954.0;94.72856261566935
3960.0;94.5613818630475
3966.0;93.8062924120913
3972.0;92.76557680444171
3978.0;94.93769278223319
3984.0;97.92227020357804
3990.0;97.57371992597162
3996.0;96.63742338661218
4002.0;95.05227737050835
4008.0;95.24035572647519
4014.0;95.23554861194567
4020.0;94.40692224492248
4026.0;93.54043985097945
4032.0;94.4357649320995
4038.0;96.27688979689941
4044.0;98.02607859632256
4050.0;97.5651964908064
4056.0;96.78283860112967
4062.0;95.7132556183151
4068.0;94.64487441413291
4074.0;94.68994111284701
4080.0;94.20742699194808
4086.0;93.42026198774185
4092.0;92.85662780915756
4098.0;94.78307895685614
4104.0;97.94131427902073
4110.0;97.82651985474992
4116.0;96.785756120417
4122.0;95.04568349537308
4128.0;94.47932528991448
4134.0;94.64331732458709
4140.0;93.85439850064425
4146.0;93.62129553707392
4152.0;93.22712896802156
4158.0;96.55441021436101
4164.0;98.11702003045566
4170.0;97.83764788567413
4176.0;97.18987934871735
4182.0;96.27035258287455
4188.0;95.54351645777206
4194.0;94.52032329858264
4200.0;94.86353519971887
4206.0;94.39147241419703
4212.0;93.16977036444648
4218.0;95.93053810122244
4224.0;97.39060893407975
4230.0;97.88415400434137
4236.0;97.14726379527019
4242.0;96.03792985262196
4248.0;95.24448760424997
4254.0;96.15560379298526
4260.0;95.79629841197304
4266.0;94.60413572489432
4272.0;94.32194676111048
4278.0;96.4423626185308
4284.0;98.11321832514567
4290.0;97.61110476408089
4296.0;97.21124185993374
4302.0;95.27247800754027
4308.0;94.90688906660573
4314.0;95.20849994287673
4320.0;94.27695395250306
4326.0;93.92964656037462
4332.0;93.64366150072472
4338.0;95.98673207715464
4344.0;97.92340283197682
4350.0;97.99977700970008
4356.0;96.88761288883934
4362.0;95.43984836659605
4368.0;95.57531497379864
4374.0;95.22354777567176
4380.0;94.97101126101015
4386.0;94.76530270933215
4392.0;94.85505630505072
4398.0;96.47062102798529
4404.0;97.86877020849593
4410.0;97.97190322220983
4416.0;97.50864087412198
4422.0;96.07481324562382
4428.0;95.28198149156233
4434.0;94.86173108328796
4440.0;94.64452912357103
4446.0;94.19488296135003
4452.0;94.06096897114861
4458.0;95.84158954817637
4464.0;98.06913445835602
4470.0;97.88350571584104
4476.0;96.8764289602613
4482.0;94.48448557430594
4488.0;95.36200326619489
4494.0;95.38160043549266
4500.0;95.03973870440936
4506.0;93.94991834512793
4512.0;94.06205770277627
4518.0;95.27054980947196
4524.0;97.64398475775721
4530.0;97.96189439303211
4536.0;97.30135092011488
4542.0;95.54994149558557
4548.0;94.7904478246995
4554.0;94.46175938729922
4560.0;94.10754175087757
4566.0;93.22572066801403
4572.0;92.87309860653122
4578.0;95.40793532602915
4584.0;97.67099244761195
4590.0;97.66780129773429
4596.0;97.32794383576216
4602.0;95.19678757578981
4608.0;95.302095521753
4614.0;95.74566535474949
4620.0;94.98298053398575
4626.0;94.90586107860865
4632.0;94.11924263376237
4638.0;96.44293160302095
4644.0;97.86939794114589
4650.0;98.17094728085682
4656.0;97.40667567848601
4662.0;95.42372881355932
4668.0;94.83310803784964
4674.0;95.01299781636685
4680.0;93.79640220442965
4686.0;94.07403556202559
4692.0;91.82801289383383
4698.0;93.90454403660185
4704.0;97.76489549755641
4710.0;97.40355620255797
4716.0;96.76302381199959
4722.0;96.10377456587294
4728.0;95.02547572007903
4734.0;95.05147135281273
4740.0;94.73744410938963
4746.0;93.54684413018613
4752.0;94.24183870639683
4758.0;96.48428760296959
4764.0;97.9990847147361
4770.0;97.79416251398352
4776.0;97.57093460795281
4782.0;95.80951896674463
4788.0;94.53167903996746
4794.0;95.09203701820401
4800.0;94.48591477677209
4806.0;94.40252211939388
4812.0;93.22129563714024
4818.0;96.03274687277535
4824.0;98.30519678633173
4830.0;98.11451235635106
4836.0;97.3365198820299
4842.0;95.55781551917015
4848.0;95.39458964710668
4854.0;94.9918641309875
4860.0;94.85620459747238
4866.0;94.4173549606926
4872.0;93.89790028858593
4878.0;97.77341028958105
4884.0;98.14359637774903
4890.0;98.24360632898797
4896.0;97.04448203801373
4902.0;96.22947556970843
4908.0;95.28311274753707
4914.0;94.97114140710518
4920.0;94.67708229674595
4926.0;94.30789133247089
4932.0;93.75758781968355
4938.0;96.09762165389591
4944.0;97.56891232958503
4950.0;98.11822071847945
4956.0;97.35695094039208
4962.0;95.9523335655289
4968.0;95.68339016074037
4974.0;95.14710180224063
4980.0;95.29810034096444
4986.0;94.49585971748661
4992.0;94.1685338528982
4998.0;97.15392109108622
5004.0;97.90501704822212
5010.0;97.68679980516318
5016.0;97.34729663906478
5022.0;96.07744763760351
5028.0;95.17827569410619
5034.0;94.88212372138334
5040.0;94.32927423283
5046.0;93.97710667316123
5052.0;92.79152459814905
5058.0;95.99269361909401
5064.0;97.88212372138334
5070.0;97.87822698490015
5076.0;97.18824539643164
5082.0;95.99370289094551
5088.0;95.89924625512833
5094.0;95.68266386795153
5100.0;94.82396717870432
5106.0;94.69134624558725
5112.0;93.98721496040454
5118.0;95.80288140444614
5124.0;98.23347008873199
5130.0;97.87234042553192
5136.0;97.42104760996088
5142.0;95.61205991794677
5148.0;94.46856216009922
5154.0;94.10838660433164
5160.0;93.5378303596985
5166.0;93.88703367999237
5172.0;93.57122411983589
5178.0;95.57437267436313
5184.0;97.66149387678789
5190.0;98.23081237730204
5196.0;97.03141067589044
5202.0;95.81938861363
5208.0;93.93147611479854
5214.0;94.18248106945873
5220.0;94.05767972328691
5226.0;94.7246891651865
5232.0;94.19930821725717
5238.0;96.5378143404693
5244.0;98.06814994858371
5250.0;97.53482284752734
5256.0;97.10058895017295
5262.0;95.91053566420491
5268.0;94.57791904272226
5274.0;95.5347293633729
5280.0;94.07871365803496
5286.0;93.1200336542956
5292.0;92.93136626042335
5298.0;95.23412443874278
5304.0;97.58865573169614
5310.0;98.07843855951617
5316.0;96.74241730046734
5322.0;96.03225510858609
5328.0;95.70787134610099
5334.0;95.48886648950793
5340.0;94.62842481444149
5346.0;94.26830385778429
5352.0;93.91184825437551
5358.0;96.03133877027399
5364.0;98.50911756620545
5370.0;97.7421423989737
5376.0;97.21433153120132
5382.0;95.39448364336113
5388.0;95.04627508476129
5394.0;94.7997800788051
5400.0;94.47883906909875
5406.0;94.51747686225177
5412.0;92.83942852008266
5418.0;95.38413154820739
5424.0;97.35870248899272
5430.0;98.6382424296882
5436.0;96.8685416479468
5442.0;96.11151046814628
5448.0;95.34729086171264
5454.0;95.11142061281338
5460.0;94.66439033156618
5466.0;94.04888130110523
5472.0;93.69574984275317
5478.0;96.66232365890916
5484.0;98.23973402821457
5490.0;98.08832779225447
5496.0;97.79495013029023
5502.0;95.81992991284032
5508.0;95.50947553988541
5514.0;95.50771264874393
5520.0;94.5165271044513
5526.0;93.5839576906126
5532.0;92.0661084178052
5538.0;95.06654914059057
5544.0;97.62891141472014
5550.0;97.72763331864257
5556.0;97.14852357866901
5562.0;95.4270603790216
5568.0;95.05817540766857
5574.0;95.45306302335831
5580.0;94.34949316879683
5586.0;93.80784486557955
5592.0;93.97179374173645
5598.0;96.52137505509035
5604.0;98.80299691494051
5610.0;98.11987659762009
5616.0;97.79560591644321
5622.0;95.42340627973358
5628.0;95.0756854943344
5634.0;94.95242626070409
5640.0;94.72407231208373
5646.0;92.9283798979327
5652.0;92.9564916529712
5658.0;95.5120664302396
5664.0;98.50358965487415
5670.0;97.83020499956751
5676.0;96.52452210016435
5682.0;95.20716201020673
5688.0;95.63186575555748
5694.0;95.6530576939711
5700.0;94.94593893261829
5706.0;94.47452642504973
5712.0;95.18510509471498
5718.0;97.28699939451604
5724.0;98.45121847669186
5730.0;98.1727095185531
5736.0;97.79655260253035
5742.0;95.51923240213976
5748.0;95.37870425405451
5754.0;95.08958138745011
5760.0;94.53171435849538
5766.0;93.05765475078543
5772.0;92.61017236987348
5778.0;95.75273838838415
5784.0;98.09883671563216
5790.0;97.72352891228667
5796.0;97.11556423537404
5802.0;95.63131527553706
5808.0;95.86184936741105
5814.0;94.79324106308907
5820.0;95.33072938778976
5826.0;94.48076759786024
5832.0;94.35045443175186
5838.0;95.26223630451096
5844.0;98.58417410155924
5850.0;98.3477862086217
5856.0;97.67531059784875
5862.0;95.3239389643959
5868.0;95.64245810055866
5874.0;95.73626281997832
5880.0;95.12674059868256
5886.0;94.5901776036021
5892.0;93.42616526307012
5898.0;95.21262403068457
5904.0;97.23880597014926
5910.0;98.11806887350954
5916.0;97.09038605853415
5922.0;96.11523388643376
5928.0;96.1106478779288
5934.0;95.88760110064204
5940.0;95.90793676795806
5946.0;94.54828405274797
5952.0;94.57858956507495
5958.0;96.58284871815873
5964.0;98.62724219837824
5970.0;97.8425751494799
5976.0;97.29625685969367
5982.0;95.66549266934229
5988.0;94.30010647882709
5994.0;94.87468261118846
6000.0;93.91268736178229
6006.0;93.22221312146777
6012.0;92.24096977639446
6018.0;95.01351462036203
6024.0;97.80612662789746
6030.0;98.20132688999918
6036.0;97.20861659431567
6042.0;95.77360963223852
6048.0;96.15975855130785
6054.0;95.4579476861167
6060.0;94.97746478873239
6066.0;94.02293762575452
6072.0;94.52434607645876
6078.0;97.61046277665996
6084.0;98.13319919517103
6090.0;98.31911468812878
6096.0;97.69054325955734
6102.0;96.16740442655936
6108.0;95.39315895372233
6114.0;95.1215291750503
6120.0;94.73601609657948
6126.0;93.65191146881288
6132.0;92.62897384305835
6138.0;95.66076458752515
6144.0;97.7102615694165
6150.0;97.22736418511066
6156.0;97.12245866624475
6162.0;95.53081243572503
6168.0;94.60248398069773
6174.0;94.67486749466023
6180.0;94.66221026817499
6186.0;93.90514990902618
6192.0;94.34024206945654
6198.0;96.79890831421565
6204.0;98.02270390000791
6210.0;98.1413653983071
6216.0;96.85111937346728
6222.0;95.60754687129183
6228.0;94.38652005379322
6234.0;95.54109643224429
6240.0;94.78799145637213
6246.0;94.05387232022782
6252.0;93.08559449410647
6258.0;96.10948500909738
6264.0;98.2752586139846
6270.0;97.58808431204791
6276.0;97.04441160457338
6282.0;95.78167535194835
6288.0;95.628840320448
6294.0;95.16216846853854
6300.0;95.1314459049545
6306.0;94.67527416971299
6312.0;94.46216069067434
6318.0;97.59858442871588
6324.0;97.95831064789608
6330.0;97.61375126390293
6336.0;97.39247102745585
6342.0;95.29361437349304
6348.0;94.61149568328537
6354.0;94.34238158201758
6360.0;94.41782686474293
6366.0;94.28793653262814
6372.0;93.7313547005278
6378.0;96.04107702899105
6384.0;97.33840740457431
6390.0;98.22305515183967
6396.0;97.57744970549989
6402.0;95.72248145031745
6408.0;95.1985007266886
6414.0;95.63604375430276
6420.0;95.69417884188786
6426.0;94.24539126443815
6432.0;94.73494989673372
6438.0;96.40327392335348
6444.0;98.69884494760193
6450.0;98.11978887783982
6456.0;97.57209515795915
6462.0;95.88005813508758
6468.0;94.67681480914862
6474.0;95.28570335806624
6480.0;94.0179847994582
6486.0;92.950184363007
6492.0;92.80946647603281
6498.0;96.04936413575138
6504.0;97.69960117390323
6510.0;97.37414402889608
6516.0;97.87455790503424
6522.0;95.9312213108586
6528.0;95.92444879223417
6534.0;96.21491459101513
6540.0;95.23967190909775
6546.0;95.54631650237039
6552.0;94.45782225901121
6558.0;96.9215140341636
6564.0;97.97087816991497
6570.0;97.92121303333585
6576.0;97.4746030551584
6582.0;95.17420422906163
6588.0;95.51129211403185
6594.0;95.61791928915217
6600.0;93.90596075527583
6606.0;93.65568308034061
6612.0;93.30766382821177
6618.0;95.69566827101073
6624.0;97.76712328767124
6630.0;98.31803035912625
6636.0;97.69677897075158
6642.0;95.57904479822288
6648.0;95.24361347649018
6654.0;95.5857089966679
6660.0;94.47649018881896
6666.0;94.55572010366531
6672.0;93.78267308404294
6678.0;96.75934838948538
6684.0;98.69603850425769
6690.0;98.14772306553128
6696.0;96.98928649515341
6702.0;95.75176736389476
6708.0;95.72516580424167
6714.0;95.74156402594564
6720.0;95.31047299759493
6726.0;94.14510604183369
6732.0;93.7548283652795
6738.0;94.59988339042344
6744.0;97.56686830405947
6750.0;97.98994242402158
6756.0;97.21303112018074
6762.0;95.68617447707894
6768.0;95.58377669266089
6774.0;95.63770862182056
6780.0;95.95802055243787
6786.0;94.8658989869543
6792.0;95.44348079586037
6798.0;96.88105823190729
6804.0;98.40855277319366
6810.0;97.96584630838774
6816.0;97.18375547104829
6822.0;95.50728277247615
6828.0;95.13453397431297
6834.0;95.20628542727991
6840.0;95.01183898973954
6846.0;93.9728779507785
6852.0;93.53304154409126
6858.0;95.32359905288082
6864.0;97.79113152041329
6870.0;98.06880964339528
6876.0;98.23886058692689
6882.0;95.31355384946545
6888.0;95.67733371600775
6894.0;95.3286216545885
6900.0;94.87658750089689
6906.0;94.46329913180742
6912.0;93.98466756164771
6918.0;96.66254504345369
6924.0;98.33674839256695
6930.0;97.84074047905038
6936.0;98.10428884335477
6942.0;95.44266233307425
6948.0;95.43594997527026
6954.0;96.00720695258956
6960.0;94.76330106691161
6966.0;94.3195788878683
6972.0;93.95499187451423
6978.0;96.14498692856638
6984.0;98.48759980216208
6990.0;98.42294919804988
6996.0;97.02077298099343
7002.0;95.96234013989967
7008.0;95.2854518476648
7014.0;95.90440189359147
7020.0;95.14893172802562
7026.0;94.12380819820447
7032.0;94.24420627740274
7038.0;96.80666713062844
7044.0;98.3112951492797
7050.0;97.36898879532326
7056.0;96.77604565383812
7062.0;96.20746050525436
7068.0;95.51638944950936
7074.0;95.9054213932772
7080.0;95.46419375043496
7086.0;94.37991509499618
7092.0;94.80513605678892
7098.0;95.11900619388962
7104.0;98.42612568724337
7110.0;97.58821073143572
7116.0;97.334191662607
7122.0;95.20530308302595
7128.0;95.89441206719232
7134.0;95.56667809393213
7140.0;95.05176551251286
7146.0;95.02605416523826
7152.0;94.1107302022626
7158.0;96.80905039424066
7164.0;97.75419952005485
7170.0;98.0061707233459
7176.0;97.65341103873843
7182.0;96.36372985944463
7188.0;95.75659924580047
7194.0;96.07679122386013
7200.0;95.32190606787796
7206.0;93.27356873500172
7212.0;94.00582790538225
7218.0;95.56770654782311
7224.0;98.05587932807678
7230.0;98.08844703462461
7236.0;97.83359232484291
7242.0;95.0398621714749
7248.0;95.35200324302411
7254.0;96.2803188973718
7260.0;95.3205864468617
7266.0;95.22566042834944
7272.0;95.4405107762989
7278.0;97.57009661509358
7284.0;98.39402743057902
7290.0;98.53286940071617
7296.0;97.67008985879332
7302.0;97.05155057090737
7308.0;95.82359300047294
7314.0;94.81251266806296
7320.0;94.59462198500101
7326.0;93.58725761772853
7332.0;93.22680899939193
7338.0;96.19079791905952
7344.0;98.05653592595058
7350.0;97.97163215022974
7356.0;97.64333755077578
7362.0;97.0273689818206
7368.0;95.74282479856163
7374.0;96.32083638542984
7380.0;95.30598654857828
7386.0;94.35539721648799
7392.0;94.0933608576946
7398.0;96.39774921755344
7404.0;98.02357328361191
7410.0;98.38016914163947
7416.0;97.4508889924752
7422.0;96.00752480522075
7428.0;96.21961776653126
7434.0;96.46467337018046
7440.0;95.88865951921156
7446.0;95.38190051275221
7452.0;94.92778835423094
7458.0;97.18965404056982
7464.0;98.07720081402219
7470.0;98.47272369198451
7476.0;97.74338606971706
7482.0;96.18427099061249
7488.0;95.97551368738922
7494.0;95.99914658964092
7500.0;95.60723429396704
7506.0;94.81947088557736
7512.0;94.7557933433992
7518.0;98.0913149084225
7524.0;98.78979846386136
7530.0;98.40116851572245
7536.0;97.79196481323443
7542.0;96.05560296724217
7548.0;95.16214796822688
7554.0;96.21709446596206
7560.0;95.4495436597838
7566.0;94.95112952294647
7572.0;94.29412906984271
7578.0;96.10557317625737
7584.0;98.34487669104796
7590.0;98.08078192763286
7596.0;98.04679914557576
7602.0;96.27322156773901
7608.0;95.2974302543854
7614.0;95.09612272639006
7620.0;94.52132824131012
7626.0;94.99611625347919
7632.0;95.08608971454463
7638.0;96.8292446113017
7644.0;98.35458605734999
7650.0;98.12512136707878
7656.0;97.7594019030358
7662.0;95.9702893391158
7668.0;95.69454197255027
7674.0;95.98340248962656
7680.0;95.36897542291733
7686.0;94.65751675710182
7692.0;93.40951165017555
7698.0;96.872646026173
7704.0;98.14554739865943
7710.0;98.37918927545483
7716.0;97.60357484838812
7722.0;95.63549313756782
7728.0;95.66613469518033
7734.0;96.52984360038302
7740.0;95.71018193424833
7746.0;95.27034790935205
7752.0;95.09288222151292
7758.0;97.30481966166613
7764.0;98.89147781678902
7770.0;98.44557931694861
7776.0;97.1850009445249
7782.0;94.87217429632895
7788.0;95.86518481203954
7794.0;95.12877022857502
7800.0;95.07272841760594
7806.0;94.03343618160065
7812.0;94.06019772054657
7818.0;96.43221459605819
7824.0;98.50670612681822
7830.0;98.25199924438007
7836.0;97.63144638246962
7842.0;96.34059568037277
7848.0;96.00875259744349
7854.0;95.81323594232101
7860.0;95.09098923241609
7866.0;95.34758516466218
7872.0;94.28971727221207
7878.0;96.03740318619734
7884.0;98.57426849723551
7890.0;98.35559421010126
7896.0;97.57718829595576
7902.0;95.98682984407033
7908.0;96.57172143877742
7914.0;96.01851276635398
7920.0;95.23265204696527
7926.0;94.90401938249363
7932.0;94.18369882586818
7938.0;96.41734484686587
7944.0;97.96670186991365
7950.0;98.28663726160154
7956.0;97.08268621482264
7962.0;95.70292601105795
7968.0;96.67670994595267
7974.0;96.13468348139405
7980.0;95.8802882524694
7986.0;95.0413120457228
7992.0;95.19524305768405
7998.0;97.16207932323914
8004.0;98.48801569300558
8010.0;98.06044259179795
8016.0;97.69508980567646
8022.0;96.24134126157053
8028.0;94.91356586771286
8034.0;94.8470544964139
8040.0;94.90498375528719
8046.0;93.37123766321339
8052.0;93.41476123337216
8058.0;95.447802366211
8064.0;98.183044197879
8070.0;98.01722552565438
8076.0;97.3113467786428
8082.0;95.91797952553179
8088.0;95.54128609084779
8094.0;95.44596334211978
8100.0;95.80797386411761
8106.0;94.95129771916027
8112.0;94.70808881360034
8118.0;96.72998971504629
8124.0;97.77905499425252
8130.0;98.23885292516184
8136.0;98.07671365478855
8142.0;96.70094984572569
8148.0;95.08651461068425
8154.0;95.62980216589025
8160.0;94.71565127956924
8166.0;93.01379393792728
8172.0;93.56403896182468
8178.0;96.38877125052937
8184.0;98.4369895335471
8190.0;98.2645653094561
8196.0;96.70004234980942
8202.0;95.75533910097404
8208.0;94.91758733950432
8214.0;95.2248432367871
8220.0;94.68826515377725
8226.0;94.38100925649448
8232.0;94.75843535383697
8238.0;97.93072558972828
8244.0;98.91012242460435
8250.0;98.60794266945356
8256.0;97.29262466407883
8262.0;96.10659898477158
8268.0;95.93938489101224
8274.0;96.21409375933115
8280.0;95.18453269632727
8286.0;95.06479546133174
8292.0;95.29352045386683
8298.0;97.48014332636608
8304.0;98.84592415646462
8310.0;97.9029561063004
8316.0;97.41996344555156
8322.0;96.36283238016627
8328.0;95.66918224161311
8334.0;95.99050763516303
8340.0;95.69306055067509
8346.0;95.39001238134544
8352.0;95.37881021166204
8358.0;96.859854961382
8364.0;97.84446671776428
8370.0;98.26543246270856
8376.0;97.7802016390543
8382.0;95.63469135074583
8388.0;95.97517835033312
8394.0;95.85726077471847
8400.0;94.64801603679028
8406.0;94.8655739637993
8412.0;93.98296091032368
8418.0;96.51759919816048
8424.0;98.30965826395762
8430.0;97.47685858997497
8436.0;97.55516097106596
8442.0;96.51801828025849
8448.0;96.22518484019328
8454.0;95.89712988298307
8460.0;95.86511032194213
8466.0;94.46061593991966
8472.0;94.79856785236072
8478.0;96.74361064213774
8484.0;98.35914304011177
8490.0;98.38097455900332
8496.0;96.78814694067648
8502.0;95.38889212318799
8508.0;93.90609536007452
8514.0;95.1091575944577
8520.0;93.7963555917797
8526.0;93.93549513884847
8532.0;94.83757833611223
8538.0;96.62910366239292
8544.0;98.7730696257115
8550.0;97.83878571839246
8556.0;97.6663025355028
8562.0;96.86425573506583
8568.0;95.60455355602829
8574.0;95.92652216408901
8580.0;95.21934111424136
8586.0;94.61794974989938
8592.0;94.66854481688036
8598.0;96.68803541654688
8604.0;98.59138733973438
8610.0;98.54855401598344
8616.0;98.18662680388663
8622.0;96.43822227332835
8628.0;95.53182314724314
8634.0;96.56528488472374
8640.0;95.94837866999829
8646.0;94.93753194389232
8652.0;94.28786416037254
8658.0;96.29337270713839
8664.0;98.14356295076381
8670.0;97.8116304162644
8676.0;98.36958373558976
8682.0;96.55801010846726
8688.0;95.28508149241866
8694.0;95.03549321369753
8700.0;95.69311147708558
8706.0;94.52694644783918
8712.0;94.86171843943438
8718.0;96.9731387358737
8724.0;98.71798512124482
8730.0;98.48259412800273
8736.0;98.1841671872338
8742.0;96.16502924640808
8748.0;95.5929873772791
8754.0;95.17503506311361
8760.0;94.6
8766.0;92.83983169705469
8772.0;93.16353436185133
8778.0;94.98260869565217
8784.0;98.30659186535765
8790.0;98.35343618513323
8796.0;97.35820476858345
8802.0;95.16521739130435
8808.0;95.70771388499298
8814.0;96.10939691444601
8820.0;95.71669004207574
8826.0;94.72314165497896
8832.0;94.98064516129033
8838.0;97.60336605890603
8844.0;98.71416549789622
8850.0;98.57559607293128
8856.0;98.43855662102987
8862.0;95.69342054209855
8868.0;94.14832880660717
8874.0;96.04733662213846
8880.0;95.46255750789868
8886.0;94.88442990965024
8892.0;93.94462612937198
8898.0;96.6199212903941
8904.0;97.85793470428469
8910.0;97.93581287068345
8916.0;98.04417715204256
8922.0;96.28817693032536
8928.0;96.17205254697633
8934.0;95.56842747076105
8940.0;95.81896790643535
8946.0;94.52413946011862
8952.0;94.1987694695416
8958.0;96.98436893742031
8964.0;98.84099249602892
8970.0;98.3647368132771
8976.0;98.24505669058443
8982.0;96.84887988168921
8988.0;95.5485567179712
8994.0;95.32699786383306
9000.0;95.21991564879224
9006.0;94.39721750561428
9012.0;94.13567398805938
9018.0;95.57375253327491
9024.0;98.20233335159116
9030.0;98.43019115955524
9036.0;97.46727282686093
9042.0;95.9790765185956
9048.0;96.06507093169743
9054.0;95.73615599496084
9060.0;95.2007449197568
9066.0;95.10324806923371
9072.0;94.90066583662643
9078.0;97.4773994478428
9084.0;98.73545174037785
9090.0;98.87836301629405
9096.0;98.04985654739349
9102.0;95.07984626211227
9108.0;94.86899799707682
9114.0;95.70643642072214
9120.0;95.18107508255291
9126.0;94.89092188599578
9132.0;93.55194067016727
9138.0;96.59232393222541
9144.0;98.09316299464082
9150.0;98.41769068370054
9156.0;98.00844475721323
9162.0;97.17398365181616
9168.0;96.00281491907107
9174.0;95.73350295025172
9180.0;95.13885173096475
9186.0;94.15699074321793
9192.0;94.54224410080796
9198.0;97.32971266520413
9204.0;98.7837765530526
9210.0;98.15666969875328
9216.0;97.04906629568195
9222.0;95.61025201990476
9228.0;95.82428166301032
9234.0;95.04173578040559
9240.0;94.85740275028091
9246.0;93.94831184119
9252.0;93.83327090802076
9258.0;94.87024452886725
9264.0;97.56541280967414
9270.0;98.07961902723527
9276.0;97.55364117930333
9282.0;96.11723473701107
9288.0;94.59455170589791
9294.0;95.13938111610685
9300.0;93.76725733932822
9306.0;93.81169002909283
9312.0;94.35519703782069
9318.0;96.50780216873842
9324.0;98.14652208410473
9330.0;98.6474477651415
9336.0;98.2197831261571
9342.0;97.01586881777308
9348.0;95.87992594551706
9354.0;95.17138323194922
9360.0;94.82306268183021
9366.0;93.59084898175087
9372.0;94.5384818830997
9378.0;95.98175085956096
9384.0;98.40941549854536
9390.0;98.13964559640307
9396.0;97.61361853459547
9402.0;96.72820459181006
9408.0;96.276083886826
9414.0;95.87939961299095
9420.0;94.68568589508916
9426.0;95.54625804089744
9432.0;94.5107473458501
9438.0;96.0485853250353
9444.0;98.75058835834946
9450.0;98.55002353433397
9456.0;98.26891898959259
9462.0;96.93949061241567
9468.0;96.00596203127452
9474.0;96.22404685947387
9480.0;94.91030803828252
9486.0;93.89833167721353
9492.0;93.18131896867318
9498.0;95.18958213482559
9504.0;98.49149299270827
9510.0;98.33169571288204
9516.0;97.43057351192016
9522.0;95.70357346020582
9528.0;95.31183741014635
9534.0;96.1930495940425
9540.0;95.55644619123959
9546.0;95.64617055386047
9552.0;94.29901225629622
9558.0;96.12452810673838
9564.0;98.41004292289394
9570.0;98.52665873713606
9576.0;97.51254072503491
9582.0;96.7551843615866
9588.0;95.63660340280292
9594.0;95.26994880281326
9600.0;94.69410973780835
9606.0;94.50845529296168
9612.0;94.18912698818596
9618.0;95.82110162123459
9624.0;98.66235360302767
9630.0;98.75262108116402
9636.0;97.03421469851173
9642.0;95.61704086329463
9648.0;95.1414105252391
9654.0;95.6369866516647
9660.0;94.45762798547537
9666.0;94.96394415179256
9672.0;95.14703626042039
9678.0;98.16064031094973
9684.0;98.93929320308904
9690.0;98.44473993760548
9696.0;97.73282872193525
9702.0;96.12386846008285
9708.0;96.08372116810719
9714.0;96.22768884570142
9720.0;95.05665435783297
9726.0;94.56725175780262
9732.0;93.82163994132227
9738.0;96.35616369062674
9744.0;97.8559866457585
9750.0;98.52395164145885
9756.0;98.02063837321059
9762.0;95.82452324346198
9768.0;95.89685871819515
9774.0;96.17785421619708
9780.0;95.67428802670848
9786.0;94.67347867873944
9792.0;95.09863928372705
9798.0;96.48060094086702
9804.0;98.18857807678688
9810.0;98.33147857757095
9816.0;97.19358591734535
9822.0;96.41003591481612
9828.0;95.77007755816862
9834.0;95.47360520390292
9840.0;94.3627720790593
9846.0;93.85489116837628
9852.0;92.88466349762322
9858.0;95.20990743057293
9864.0;98.16562421816363
9870.0;98.29221916437328
9876.0;97.8418814110583
9882.0;96.1851388541406
9888.0;95.08881661245934
9894.0;95.6019514635977
9900.0;95.74681010758069
9906.0;94.82912184138104
9912.0;95.56417312984739
9918.0;97.24768576432324
9924.0;98.68951713785339
9930.0;98.62321741305979
9936.0;97.57883273105291
9942.0;96.41057373397356
9948.0;96.2994406217514
9954.0;96.01356368496609
9960.0;95.20246522449384
9966.0;94.33988416415029
9972.0;92.95653680510866
9978.0;96.5273996336815
9984.0;98.14340874214147
9990.0;98.05331419236671
9996.0;97.92312261769219
10002.0;95.70194544824514
10008.0;95.6655611108361
10014.0;96.00935597247661
10020.0;94.97673382505816
10026.0;94.422800851443
10032.0;94.30820256422949
10038.0;96.95732884510667
10044.0;98.80075427339962
10050.0;98.52230983983935
10056.0;98.0359504334623
10062.0;96.62878973404516
10068.0;96.62021844541313
10074.0;95.94406621932703
10080.0;95.45476808541902
10086.0;94.46784542293187
10092.0;93.84287603467699
10098.0;96.1666748297987
10104.0;98.56688054072586
10110.0;98.73879610128814
10116.0;97.52853014644658
10122.0;96.34716167899299
10128.0;96.42871136797767
10134.0;95.61762256942744
10140.0;95.49835921046187
10146.0;95.48023705735416
10152.0;94.37309164929967
10158.0;96.84704114767605
10164.0;98.69529394659041
10170.0;98.33640284980372
10176.0;97.49624388116125
10182.0;95.66883148354577
10188.0;94.76615131100664
10194.0;95.66640818106916
10200.0;95.16429990791451
10206.0;94.22090825376823
10212.0;93.91581447196239
10218.0;95.68846023360636
10224.0;98.34173411525227
10230.0;98.16022875975379
10236.0;97.18581883390685
10242.0;95.55517859739253
10248.0;95.25153879707266
10254.0;95.28619202248825
10260.0;94.94771931507506
10266.0;95.31296465058276
10272.0;94.15727373015493
10278.0;97.3356036260732
10284.0;98.16753801141542
10290.0;97.98551489280061
10296.0;97.52458151470094
10302.0;96.50199050314164
10308.0;96.03889874814139
10314.0;95.66022351191904
10320.0;95.48587462228404
10326.0;95.15852079236414
10332.0;93.86589284857787
10338.0;96.6808959662334
10344.0;97.81164564247686
10350.0;98.12485011271524
10356.0;96.38687706844453
10362.0;95.92354549378867
10368.0;95.76952290529314
10374.0;96.21813434607168
10380.0;95.11084737716591
10386.0;95.37526703061951
10392.0;94.87016377877997
10398.0;96.7911227154047
10404.0;98.7759316401614
10410.0;98.51412295276525
10416.0;97.77877996676952
10422.0;96.56135770234987
10428.0;95.3885592214574
10434.0;95.81984334203655
10440.0;96.23213861856159
10446.0;94.82221694754332
10452.0;94.87538571089485
10458.0;96.57061476382626
10464.0;98.48967481604558
10470.0;98.30643247092333
10476.0;97.53301066679198
10482.0;96.04999765048635
10488.0;95.86274141252761
10494.0;95.56740754663785
10500.0;94.85550491048353
10506.0;95.00211456228561
10512.0;95.35031248531554
10518.0;97.11479723697195
10524.0;98.74301019688924
10530.0;98.43404915182558
10536.0;97.8271697758564
10542.0;95.47624641699169
10548.0;95.47272214651566
10554.0;95.75043466002538
10560.0;95.45604059959588
10566.0;94.18401390912081
10572.0;93.26018514167568
10578.0;95.6543395517128
10584.0;97.09308275573336
10590.0;97.69921384379215
10596.0;97.01935153742383
10602.0;95.79801832813881
10608.0;95.09373400939666
10614.0;95.62427315439363
10620.0;95.52867842024469
10626.0;95.04977438712379
10632.0;95.41168535144439
10638.0;97.3459087314509
10644.0;98.73866120854073
10650.0;98.48583523282319
10656.0;98.3848909150114
10662.0;97.48964971856537
10668.0;96.07573149741825
10674.0;96.07759222217054
10680.0;95.96432060287482
10686.0;94.99348746336698
10692.0;93.40947819278773
10698.0;94.74485331368305
10704.0;98.1554828904343
10710.0;98.46244185510984
10716.0;97.30391931101184
10722.0;96.15115368673145
10728.0;95.27886519596555
10734.0;95.67793487772302
10740.0;95.1190531018284
10746.0;94.96292543637452
10752.0;95.5100630958412
10758.0;96.56887578869801
10764.0;98.94533228941188
10770.0;98.53451849122645
10776.0;97.9316538479252
10782.0;96.66282872012158
10788.0;96.2969188965136
10794.0;95.76474922857274
