#auto generated file!
6.0;0.0
12.0;0.17477203647416414
18.0;0.6306990881458967
24.0;1.6337386018237081
30.0;2.013677811550152
36.0;1.9376899696048633
42.0;2.613981762917933
48.0;3.229483282674772
54.0;3.768996960486322
60.0;3.24468085106383
66.0;2.9635258358662613
72.0;3.31306990881459
78.0;3.4422492401215807
84.0;3.882978723404255
90.0;2.8267477203647418
96.0;3.024316109422492
102.0;3.1306990881458967
108.0;2.8799392097264436
114.0;2.545592705167173
120.0;2.4088145896656536
126.0;2.211246200607903
132.0;1.6033434650455927
138.0;2.142857142857143
144.0;2.5531914893617023
150.0;2.4848024316109423
156.0;2.765957446808511
162.0;2.5911854103343464
168.0;3.0167173252279635
174.0;3.6474164133738602
180.0;3.5714285714285716
186.0;3.601823708206687
192.0;3.5182370820668694
198.0;3.5106382978723403
204.0;3.7006079027355625
210.0;3.229483282674772
216.0;2.2188449848024314
222.0;2.256838905775076
228.0;2.917933130699088
234.0;2.6519756838905777
240.0;2.6595744680851063
246.0;1.8085106382978724
252.0;1.458966565349544
258.0;2.188449848024316
264.0;2.234042553191489
270.0;2.2416413373860182
276.0;2.6595744680851063
282.0;2.8875379939209727
288.0;2.370820668693009
294.0;3.9133738601823707
300.0;4.202127659574468
306.0;3.17629179331307
312.0;3.0091185410334345
318.0;3.0851063829787235
324.0;3.594224924012158
330.0;3.358662613981763
336.0;2.9635258358662613
342.0;2.310030395136778
348.0;2.8799392097264436
354.0;3.3282674772036476
360.0;2.621580547112462
366.0;1.9680851063829787
372.0;2.0972644376899696
378.0;1.952887537993921
384.0;1.9680851063829787
390.0;2.743161094224924
396.0;1.7933130699088147
402.0;2.7507598784194527
408.0;3.1306990881458967
414.0;3.2750759878419453
420.0;3.480243161094225
426.0;3.1914893617021276
432.0;2.978723404255319
438.0;3.5638297872340425
444.0;3.427051671732523
450.0;2.864741641337386
456.0;2.9483282674772036
462.0;2.629179331306991
468.0;2.9939209726443767
474.0;2.2188449848024314
480.0;2.613981762917933
486.0;2.264437689969605
492.0;1.7553191489361701
498.0;1.6337386018237081
504.0;2.4012158054711246
510.0;2.682370820668693
516.0;2.6443768996960486
522.0;2.264437689969605
528.0;3.0851063829787235
534.0;3.001519756838906
540.0;3.1990881458966567
546.0;2.9483282674772036
552.0;3.662613981762918
558.0;3.768996960486322
564.0;4.11854103343465
570.0;3.229483282674772
576.0;3.0319148936170213
582.0;2.2872340425531914
588.0;2.386018237082067
594.0;2.4848024316109423
600.0;3.0851063829787235
606.0;2.188449848024316
612.0;1.5197568389057752
618.0;1.9984802431610942
624.0;2.3556231003039514
630.0;2.325227963525836
636.0;2.3556231003039514
642.0;2.5379939209726445
648.0;3.31306990881459
654.0;4.0121580547112465
660.0;4.103343465045593
666.0;3.6702127659574466
672.0;3.525835866261398
678.0;3.1231003039513676
684.0;3.282674772036474
690.0;3.1003039513677813
696.0;2.5835866261398177
702.0;2.629179331306991
708.0;2.621580547112462
714.0;2.9103343465045595
720.0;2.4012158054711246
726.0;2.1732522796352582
732.0;1.8389057750759878
738.0;1.648936170212766
744.0;2.507598784194529
750.0;2.021276595744681
756.0;2.5379939209726445
762.0;2.5379939209726445
768.0;2.674772036474164
774.0;3.5638297872340425
780.0;3.844984802431611
786.0;3.9361702127659575
792.0;3.655015197568389
798.0;3.8905775075987843
804.0;3.3814589665653494
810.0;3.4346504559270516
816.0;2.2796352583586628
822.0;2.872340425531915
828.0;2.135258358662614
834.0;3.221884498480243
840.0;2.4696048632218845
846.0;1.9452887537993921
852.0;1.4741641337386018
858.0;1.7553191489361701
864.0;2.522796352583587
870.0;1.7477203647416413
876.0;2.370820668693009
882.0;2.5151975683890577
888.0;3.1990881458966567
894.0;3.6702127659574466
900.0;3.708206686930091
906.0;3.358662613981763
912.0;3.9361702127659575
918.0;3.472644376899696
924.0;3.6930091185410334
930.0;3.0623100303951367
936.0;2.5303951367781155
942.0;2.4848024316109423
948.0;2.8799392097264436
954.0;3.092705167173252
960.0;2.393617021276596
966.0;2.0288753799392096
972.0;1.7705167173252279
978.0;2.393617021276596
984.0;2.9939209726443767
990.0;2.522796352583587
996.0;2.4164133738601823
1002.0;2.43161094224924
1008.0;3.1458966565349544
1014.0;3.814589665653495
1020.0;3.814589665653495
1026.0;3.1231003039513676
1032.0;3.3738601823708207
1038.0;3.5790273556231003
1044.0;3.358662613981763
1050.0;2.9027355623100304
1056.0;2.9027355623100304
1062.0;2.0364741641337387
1068.0;2.9483282674772036
1074.0;2.674772036474164
1080.0;2.1048632218844983
1086.0;2.317629179331307
1092.0;1.8465045592705167
1098.0;2.150455927051672
1104.0;2.7127659574468086
1110.0;2.325227963525836
1116.0;2.43161094224924
1122.0;2.9635258358662613
1128.0;2.8343465045592704
1134.0;3.396656534954407
1140.0;4.156534954407295
1146.0;3.8297872340425534
1152.0;3.115501519756839
1158.0;3.943768996960486
1164.0;3.5182370820668694
1170.0;2.56838905775076
1176.0;2.9483282674772036
1182.0;2.3328267477203646
1188.0;2.317629179331307
1194.0;2.1580547112462005
1200.0;1.762917933130699
1206.0;1.9756838905775076
1212.0;1.5653495440729484
1218.0;2.4088145896656536
1224.0;2.4088145896656536
1230.0;2.7051671732522795
1236.0;2.0060790273556233
1242.0;2.8343465045592704
1248.0;2.986322188449848
1254.0;3.533434650455927
1260.0;3.943768996960486
1266.0;2.8343465045592704
1272.0;3.3662613981762917
1278.0;3.465045592705167
1284.0;3.731003039513678
1290.0;3.10790273556231
1296.0;2.378419452887538
1302.0;2.788753799392097
1308.0;2.621580547112462
1314.0;2.36322188449848
1320.0;2.2188449848024314
1326.0;1.9452887537993921
1332.0;1.4209726443768997
1338.0;1.8009118541033435
1344.0;2.4468085106382977
1350.0;2.188449848024316
1356.0;2.310030395136778
1362.0;2.522796352583587
1368.0;2.917933130699088
1374.0;3.594224924012158
1380.0;3.2674772036474162
1386.0;3.4498480243161094
1392.0;3.8677811550151975
1398.0;3.601823708206687
1404.0;3.427051671732523
1410.0;3.617021276595745
1416.0;2.325227963525836
1422.0;3.054711246200608
1428.0;2.9559270516717326
1434.0;2.613981762917933
1440.0;2.917933130699088
1446.0;2.310030395136778
1452.0;2.378419452887538
1458.0;1.9680851063829787
1464.0;2.135258358662614
1470.0;2.4012158054711246
1476.0;2.56838905775076
1482.0;2.256838905775076
1488.0;2.7583586626139818
1494.0;4.300911854103344
1500.0;3.3434650455927053
1506.0;4.2097264437689965
1512.0;3.7613981762917934
1518.0;3.3282674772036476
1524.0;2.986322188449848
1530.0;3.115501519756839
1536.0;2.674772036474164
1542.0;2.1808510638297873
1548.0;2.36322188449848
1554.0;2.7203647416413372
1560.0;2.5911854103343464
1566.0;1.7705167173252279
1572.0;2.0972644376899696
1578.0;2.234042553191489
1584.0;2.629179331306991
1590.0;2.370820668693009
1596.0;2.386018237082067
1602.0;2.454407294832827
1608.0;2.8799392097264436
1614.0;3.31306990881459
1620.0;3.594224924012158
1626.0;3.7462006079027357
1632.0;3.533434650455927
1638.0;3.0775075987841944
1644.0;3.7613981762917934
1650.0;3.525835866261398
1656.0;2.5379939209726445
1662.0;2.0060790273556233
1668.0;2.788753799392097
1674.0;3.1686930091185412
1680.0;2.7811550151975686
1686.0;2.0972644376899696
1692.0;1.8009118541033435
1698.0;2.135258358662614
1704.0;2.3328267477203646
1710.0;2.522796352583587
1716.0;2.1732522796352582
1722.0;2.0972644376899696
1728.0;2.9103343465045595
1734.0;3.556231003039514
1740.0;3.791793313069909
1746.0;3.1382978723404253
1752.0;3.7993920972644375
1758.0;3.7462006079027357
1764.0;3.617021276595745
1770.0;2.9027355623100304
1776.0;2.082066869300912
1782.0;2.560790273556231
1788.0;2.689969604863222
1794.0;2.3480243161094223
1800.0;2.3480243161094223
1806.0;2.1048632218844983
1812.0;1.9224924012158056
1818.0;1.8996960486322187
1824.0;2.1048632218844983
1830.0;1.9300911854103344
1836.0;2.43161094224924
1842.0;2.978723404255319
1848.0;3.1686930091185412
1854.0;3.8525835866261398
1860.0;3.731003039513678
1866.0;3.708206686930091
1872.0;3.465045592705167
1878.0;3.662613981762918
1884.0;3.0319148936170213
1890.0;2.4848024316109423
1896.0;2.811550151975684
1902.0;2.8267477203647418
1908.0;2.325227963525836
1914.0;2.5379939209726445
1920.0;2.849544072948328
1926.0;2.188449848024316
1932.0;2.074468085106383
1938.0;2.2188449848024314
1944.0;2.066869300911854
1950.0;2.6519756838905777
1956.0;2.310030395136778
1962.0;2.735562310030395
1968.0;2.872340425531915
1974.0;3.2598784194528876
1980.0;4.0121580547112465
1986.0;3.2066869300911853
1992.0;3.6322188449848025
1998.0;3.3814589665653494
2004.0;3.525835866261398
2010.0;3.1382978723404253
2016.0;3.0319148936170213
2022.0;2.621580547112462
2028.0;2.135258358662614
2034.0;2.2948328267477205
2040.0;2.7127659574468086
2046.0;2.059270516717325
2052.0;2.1124620060790273
2058.0;1.778115501519757
2064.0;2.2264437689969605
2070.0;1.9680851063829787
2076.0;2.5151975683890577
2082.0;2.2036474164133737
2088.0;2.629179331306991
2094.0;3.5182370820668694
2100.0;3.943768996960486
2106.0;3.3738601823708207
2112.0;3.411854103343465
2118.0;3.6702127659574466
2124.0;2.7583586626139818
2130.0;3.4498480243161094
2136.0;2.7507598784194527
2142.0;2.492401215805471
2148.0;2.1580547112462005
2154.0;2.522796352583587
2160.0;2.310030395136778
2166.0;2.43161094224924
2172.0;1.9452887537993921
2178.0;1.6869300911854104
2184.0;2.6671732522796354
2190.0;2.477203647416413
2196.0;2.560790273556231
2202.0;2.6671732522796354
2208.0;3.1686930091185412
2214.0;3.351063829787234
2220.0;3.556231003039514
2226.0;3.3814589665653494
2232.0;3.3434650455927053
2238.0;3.0167173252279635
2244.0;3.601823708206687
2250.0;3.1306990881458967
2256.0;2.5835866261398177
2262.0;2.8419452887537995
2268.0;2.059270516717325
2274.0;2.021276595744681
2280.0;2.6443768996960486
2286.0;1.5045592705167172
2292.0;1.9984802431610942
2298.0;2.127659574468085
2304.0;2.013677811550152
2310.0;2.6595744680851063
2316.0;2.765957446808511
2322.0;2.4468085106382977
2328.0;3.7158054711246202
2334.0;3.844984802431611
2340.0;3.31306990881459
2346.0;3.6322188449848025
2352.0;2.933130699088146
2358.0;3.3814589665653494
2364.0;3.685410334346505
2370.0;2.4240121580547114
2376.0;2.613981762917933
2382.0;2.8875379939209727
2388.0;3.0167173252279635
2394.0;2.378419452887538
2400.0;2.56838905775076
2406.0;2.264437689969605
2412.0;1.9376899696048633
2418.0;1.9376899696048633
2424.0;2.0060790273556233
2430.0;2.370820668693009
2436.0;2.0516717325227964
2442.0;2.4620060790273555
2448.0;3.069908814589666
2454.0;4.164133738601824
2460.0;3.6930091185410334
2466.0;3.3738601823708207
2472.0;3.7993920972644375
2478.0;3.5030395136778116
2484.0;3.860182370820669
2490.0;3.1686930091185412
2496.0;2.522796352583587
2502.0;2.4164133738601823
2508.0;2.545592705167173
2514.0;2.5
2520.0;2.849544072948328
2526.0;1.702127659574468
2532.0;1.5577507598784195
2538.0;2.082066869300912
2544.0;2.507598784194529
2550.0;2.613981762917933
2556.0;2.629179331306991
2562.0;3.221884498480243
2568.0;2.8419452887537995
2574.0;3.3206686930091185
2580.0;3.2142857142857144
2586.0;3.594224924012158
2592.0;4.316109422492401
2598.0;3.3814589665653494
2604.0;3.3890577507598785
2610.0;2.9103343465045595
2616.0;2.7735562310030395
2622.0;2.925531914893617
2628.0;2.3480243161094223
2634.0;2.743161094224924
2640.0;2.302431610942249
2646.0;2.302431610942249
2652.0;1.8465045592705167
2658.0;1.5045592705167172
2664.0;2.621580547112462
2670.0;2.43161094224924
2676.0;2.7963525835866263
2682.0;2.2948328267477205
2688.0;2.9027355623100304
2694.0;4.148936170212766
2700.0;4.019756838905775
2706.0;4.019756838905775
2712.0;3.2750759878419453
2718.0;3.7841945288753798
2724.0;3.8297872340425534
2730.0;3.791793313069909
2736.0;2.560790273556231
2742.0;2.302431610942249
2748.0;2.803951367781155
2754.0;2.743161094224924
2760.0;2.9711246200607904
2766.0;1.7249240121580547
2772.0;1.7249240121580547
2778.0;1.9832826747720365
2784.0;2.3480243161094223
2790.0;2.606382978723404
2796.0;2.2188449848024314
2802.0;2.7963525835866263
2808.0;3.404255319148936
2814.0;2.925531914893617
2820.0;3.297872340425532
2826.0;3.7841945288753798
2832.0;3.768996960486322
2838.0;3.427051671732523
2844.0;3.655015197568389
2850.0;2.9939209726443767
2856.0;2.2188449848024314
2862.0;2.5379939209726445
2868.0;2.6595744680851063
2874.0;2.5531914893617023
2880.0;2.150455927051672
2886.0;1.8465045592705167
2892.0;2.1200607902735564
2898.0;2.3556231003039514
2904.0;2.5759878419452886
2910.0;2.36322188449848
2916.0;2.264437689969605
2922.0;2.1048632218844983
2928.0;3.2598784194528876
2934.0;3.6474164133738602
2940.0;3.237082066869301
2946.0;2.857142857142857
2952.0;3.731003039513678
2958.0;3.6094224924012157
2964.0;3.229483282674772
2970.0;2.6443768996960486
2976.0;2.560790273556231
2982.0;2.302431610942249
2988.0;2.545592705167173
2994.0;2.857142857142857
3000.0;2.5835866261398177
3006.0;2.3328267477203646
3012.0;1.9680851063829787
3018.0;1.8389057750759878
3024.0;2.2188449848024314
3030.0;2.021276595744681
3036.0;2.629179331306991
3042.0;2.378419452887538
3048.0;3.0395136778115504
3054.0;3.282674772036474
3060.0;3.6094224924012157
3066.0;3.4422492401215807
3072.0;3.3890577507598785
3078.0;3.639817629179331
3084.0;3.556231003039514
3090.0;3.1231003039513676
3096.0;2.7811550151975686
3102.0;3.047112462006079
3108.0;2.9711246200607904
3114.0;2.378419452887538
3120.0;2.393617021276596
3126.0;1.8920972644376899
3132.0;1.9072948328267476
3138.0;2.059270516717325
3144.0;2.310030395136778
3150.0;2.545592705167173
3156.0;2.765957446808511
3162.0;1.9984802431610942
3168.0;3.525835866261398
3174.0;3.3814589665653494
3180.0;3.7537993920972643
3186.0;3.4498480243161094
3192.0;3.054711246200608
3198.0;3.548632218844985
3204.0;4.0121580547112465
3210.0;3.221884498480243
3216.0;2.7963525835866263
3222.0;1.8693009118541033
3228.0;2.8343465045592704
3234.0;3.2750759878419453
3240.0;2.7127659574468086
3246.0;1.9376899696048633
3252.0;1.952887537993921
3258.0;2.135258358662614
3264.0;2.7127659574468086
3270.0;2.0364741641337387
3276.0;2.1732522796352582
3282.0;2.4012158054711246
3288.0;3.2750759878419453
3294.0;3.525835866261398
3300.0;3.5866261398176293
3306.0;3.723404255319149
3312.0;3.7462006079027357
3318.0;3.5714285714285716
3324.0;3.776595744680851
3330.0;3.24468085106383
3336.0;3.0167173252279635
3342.0;3.335866261398176
3348.0;2.674772036474164
3354.0;2.9103343465045595
3360.0;2.63677811550152
3366.0;2.560790273556231
3372.0;2.0288753799392096
3378.0;1.9148936170212767
3384.0;2.5987841945288754
3390.0;2.765957446808511
3396.0;2.378419452887538
3402.0;2.1656534954407296
3408.0;2.9483282674772036
3414.0;3.2598784194528876
3420.0;3.3434650455927053
3426.0;3.1306990881458967
3432.0;3.2142857142857144
3438.0;3.3282674772036476
3444.0;4.589665653495441
3450.0;2.6443768996960486
3456.0;2.4164133738601823
3462.0;2.6595744680851063
3468.0;2.917933130699088
3474.0;2.4164133738601823
3480.0;2.1580547112462005
3486.0;1.8389057750759878
3492.0;1.7857142857142858
3498.0;2.1124620060790273
3504.0;2.2720364741641337
3510.0;2.4164133738601823
3516.0;1.9908814589665653
3522.0;2.6443768996960486
3528.0;2.765957446808511
3534.0;4.171732522796352
3540.0;3.9589665653495443
3546.0;3.24468085106383
3552.0;4.2477203647416415
3558.0;4.171732522796352
3564.0;4.0349544072948325
3570.0;3.237082066869301
3576.0;3.0851063829787235
3582.0;2.188449848024316
3588.0;2.5835866261398177
3594.0;2.522796352583587
3600.0;2.606382978723404
3606.0;2.1200607902735564
3612.0;2.1808510638297873
3618.0;2.066869300911854
3624.0;1.709726443768997
3630.0;2.3328267477203646
3636.0;2.302431610942249
3642.0;2.6443768996960486
3648.0;2.4088145896656536
3654.0;3.290273556231003
3660.0;3.685410334346505
3666.0;3.860182370820669
3672.0;3.7462006079027357
3678.0;3.3206686930091185
3684.0;3.5714285714285716
3690.0;3.0091185410334345
3696.0;3.054711246200608
3702.0;2.9483282674772036
3708.0;2.8343465045592704
3714.0;2.6595744680851063
3720.0;2.522796352583587
3726.0;2.0516717325227964
3732.0;2.082066869300912
3738.0;2.066869300911854
3744.0;2.2492401215805473
3750.0;1.9148936170212767
3756.0;2.7963525835866263
3762.0;2.7127659574468086
3768.0;2.613981762917933
3774.0;3.898176291793313
3780.0;4.065349544072948
3786.0;3.5182370820668694
3792.0;3.1306990881458967
3798.0;3.8753799392097266
3804.0;3.9361702127659575
3810.0;3.472644376899696
3816.0;2.743161094224924
3822.0;2.4240121580547114
3828.0;2.310030395136778
3834.0;2.386018237082067
3840.0;2.5911854103343464
3846.0;1.952887537993921
3852.0;1.4513677811550152
3858.0;2.234042553191489
3864.0;2.211246200607903
3870.0;2.1580547112462005
3876.0;2.4088145896656536
3882.0;2.135258358662614
3888.0;3.054711246200608
3894.0;3.5030395136778116
3900.0;3.3434650455927053
3906.0;2.933130699088146
3912.0;3.533434650455927
3918.0;3.7386018237082066
3924.0;3.2066869300911853
3930.0;2.803951367781155
3936.0;2.264437689969605
3942.0;2.7279635258358663
3948.0;2.8951367781155017
3954.0;2.7507598784194527
3960.0;2.7127659574468086
3966.0;2.066869300911854
3972.0;1.5729483282674772
3978.0;1.8389057750759878
3984.0;1.9148936170212767
3990.0;2.370820668693009
3996.0;2.021276595744681
4002.0;2.8267477203647418
4008.0;2.788753799392097
4014.0;3.6474164133738602
4020.0;3.5410334346504557
4026.0;3.161094224924012
4032.0;3.5866261398176293
4038.0;3.5182370820668694
4044.0;3.723404255319149
4050.0;3.3890577507598785
4056.0;2.370820668693009
4062.0;2.7583586626139818
4068.0;2.7963525835866263
4074.0;2.7203647416413372
4080.0;1.8693009118541033
4086.0;1.778115501519757
4092.0;1.7933130699088147
4098.0;1.7705167173252279
4104.0;2.7203647416413372
4110.0;2.3556231003039514
4116.0;2.127659574468085
4122.0;2.7203647416413372
4128.0;3.0319148936170213
4134.0;4.293313069908814
4140.0;3.2142857142857144
4146.0;3.31306990881459
4152.0;3.556231003039514
4158.0;3.5106382978723403
4164.0;3.7841945288753798
4170.0;3.1914893617021276
4176.0;2.43161094224924
4182.0;2.310030395136778
4188.0;2.7279635258358663
4194.0;2.302431610942249
4200.0;2.3328267477203646
4206.0;1.9908814589665653
4212.0;2.066869300911854
4218.0;2.074468085106383
4224.0;2.378419452887538
4230.0;2.439209726443769
4236.0;2.211246200607903
4242.0;1.8161094224924013
4248.0;3.10790273556231
4254.0;3.943768996960486
4260.0;3.5106382978723403
4266.0;3.601823708206687
4272.0;3.7841945288753798
4278.0;3.7537993920972643
4284.0;3.7006079027355625
4290.0;3.221884498480243
4296.0;2.8875379939209727
4302.0;2.978723404255319
4308.0;3.054711246200608
4314.0;2.317629179331307
4320.0;2.5151975683890577
4326.0;1.952887537993921
4332.0;1.641337386018237
4338.0;2.142857142857143
4344.0;2.5987841945288754
4350.0;1.9832826747720365
4356.0;2.378419452887538
4362.0;2.697568389057751
4368.0;3.0091185410334345
4374.0;3.791793313069909
4380.0;3.791793313069909
4386.0;3.5790273556231003
4392.0;3.5866261398176293
4398.0;3.8069908814589666
4404.0;3.7006079027355625
4410.0;3.2142857142857144
4416.0;2.925531914893617
4422.0;3.1306990881458967
4428.0;2.8419452887537995
4434.0;2.765957446808511
4440.0;2.621580547112462
4446.0;1.9984802431610942
4452.0;1.8617021276595744
4458.0;1.588145896656535
4464.0;2.4240121580547114
4470.0;2.4468085106382977
4476.0;2.743161094224924
4482.0;2.7127659574468086
4488.0;3.282674772036474
4494.0;3.480243161094225
4500.0;3.882978723404255
4506.0;3.5714285714285716
4512.0;3.731003039513678
4518.0;3.3662613981762917
4524.0;3.404255319148936
4530.0;3.221884498480243
4536.0;2.6595744680851063
4542.0;2.3556231003039514
4548.0;2.7279635258358663
4554.0;2.7127659574468086
4560.0;2.849544072948328
4566.0;1.8996960486322187
4572.0;1.884498480243161
4578.0;2.1656534954407296
4584.0;2.310030395136778
4590.0;1.9224924012158056
4596.0;2.2948328267477205
4602.0;2.7963525835866263
4608.0;3.10790273556231
4614.0;3.882978723404255
4620.0;4.574468085106383
4626.0;3.6930091185410334
4632.0;3.8069908814589666
4638.0;4.46048632218845
4644.0;3.5410334346504557
4650.0;3.639817629179331
4656.0;3.1306990881458967
4662.0;2.2720364741641337
4668.0;3.2598784194528876
4674.0;3.069908814589666
4680.0;2.606382978723404
4686.0;1.9984802431610942
4692.0;1.2386018237082066
4698.0;1.9680851063829787
4704.0;2.36322188449848
4710.0;2.2796352583586628
4716.0;2.613981762917933
4722.0;2.256838905775076
4728.0;2.978723404255319
4734.0;3.951367781155015
4740.0;3.844984802431611
4746.0;3.731003039513678
4752.0;3.5030395136778116
4758.0;3.358662613981763
4764.0;3.966565349544073
4770.0;3.4422492401215807
4776.0;2.7963525835866263
4782.0;3.047112462006079
4788.0;2.7203647416413372
4794.0;2.8267477203647418
4800.0;2.5835866261398177
4806.0;2.370820668693009
4812.0;1.9984802431610942
4818.0;1.9452887537993921
4824.0;1.831306990881459
4830.0;2.682370820668693
4836.0;2.2872340425531914
4842.0;2.682370820668693
4848.0;2.2264437689969605
4854.0;3.556231003039514
4860.0;4.25531914893617
4866.0;4.027355623100304
4872.0;3.1458966565349544
4878.0;2.7127659574468086
4884.0;3.731003039513678
4890.0;2.9027355623100304
4896.0;2.2492401215805473
4902.0;2.507598784194529
4908.0;2.545592705167173
4914.0;2.6595744680851063
4920.0;2.1732522796352582
4926.0;1.8465045592705167
4932.0;1.778115501519757
4938.0;1.8161094224924013
4944.0;2.2872340425531914
4950.0;2.674772036474164
4956.0;2.1732522796352582
4962.0;2.2720364741641337
4968.0;3.0775075987841944
4974.0;3.0623100303951367
4980.0;4.354103343465046
4986.0;3.5106382978723403
4992.0;3.2522796352583585
4998.0;3.533434650455927
5004.0;3.951367781155015
5010.0;3.7841945288753798
5016.0;2.872340425531915
5022.0;2.5759878419452886
5028.0;2.2188449848024314
5034.0;2.7279635258358663
5040.0;2.256838905775076
5046.0;2.074468085106383
5052.0;1.3677811550151975
5058.0;1.8389057750759878
5064.0;2.1656534954407296
5070.0;3.001519756838906
5076.0;2.5531914893617023
5082.0;2.264437689969605
5088.0;3.1306990881458967
5094.0;4.1109422492401215
5100.0;2.9711246200607904
5106.0;3.335866261398176
5112.0;2.8799392097264436
5118.0;3.0623100303951367
5124.0;3.5410334346504557
5130.0;3.2674772036474162
5136.0;2.811550151975684
5142.0;2.621580547112462
5148.0;2.2872340425531914
5154.0;2.735562310030395
5160.0;2.5531914893617023
5166.0;2.021276595744681
5172.0;2.2264437689969605
5178.0;2.013677811550152
5184.0;2.393617021276596
5190.0;2.36322188449848
5196.0;2.3404255319148937
5202.0;2.9103343465045595
5208.0;3.4498480243161094
5214.0;3.9361702127659575
5220.0;4.4832826747720365
5226.0;3.6778115501519757
5232.0;3.5790273556231003
5238.0;3.594224924012158
5244.0;3.639817629179331
5250.0;3.221884498480243
5256.0;2.7963525835866263
5262.0;2.43161094224924
5268.0;2.811550151975684
5274.0;2.872340425531915
5280.0;2.2188449848024314
5286.0;2.3404255319148937
5292.0;2.1200607902735564
5298.0;1.9908814589665653
5304.0;2.4696048632218845
5310.0;2.150455927051672
5316.0;2.7279635258358663
5322.0;2.188449848024316
5328.0;2.9559270516717326
5334.0;3.3814589665653494
5340.0;3.9817629179331306
5346.0;3.1306990881458967
5352.0;3.404255319148936
5358.0;3.047112462006079
5364.0;3.024316109422492
5370.0;3.601823708206687
5376.0;3.465045592705167
5382.0;2.7051671732522795
5388.0;2.522796352583587
5394.0;2.4468085106382977
5400.0;2.439209726443769
5406.0;1.7401215805471124
5412.0;1.9832826747720365
5418.0;1.8996960486322187
5424.0;2.545592705167173
5430.0;2.454407294832827
5436.0;2.3328267477203646
5442.0;2.325227963525836
5448.0;3.161094224924012
5454.0;3.9285714285714284
5460.0;3.297872340425532
5466.0;3.1914893617021276
5472.0;3.9969604863221884
5478.0;4.3465045592705165
5484.0;3.731003039513678
5490.0;3.8221884498480243
5496.0;2.560790273556231
5502.0;2.674772036474164
5508.0;2.6671732522796354
5514.0;3.0167173252279635
5520.0;2.1124620060790273
5526.0;1.656534954407295
5532.0;1.3525835866261398
5538.0;2.1656534954407296
5544.0;2.606382978723404
5550.0;2.5531914893617023
5556.0;2.0972644376899696
5562.0;2.9711246200607904
5568.0;3.3282674772036476
5574.0;3.768996960486322
5580.0;4.422492401215806
5586.0;3.297872340425532
5592.0;3.6702127659574466
5598.0;3.7613981762917934
5604.0;3.7006079027355625
5610.0;2.978723404255319
5616.0;3.1306990881458967
5622.0;2.196048632218845
5628.0;2.522796352583587
5634.0;2.4620060790273555
5640.0;2.370820668693009
5646.0;2.0288753799392096
5652.0;1.831306990881459
5658.0;1.778115501519757
5664.0;2.1124620060790273
5670.0;2.674772036474164
5676.0;2.2948328267477205
5682.0;2.8191489361702127
5688.0;2.6443768996960486
5694.0;3.153495440729483
5700.0;3.617021276595745
5706.0;3.8905775075987843
5712.0;3.297872340425532
5718.0;3.639817629179331
5724.0;3.0395136778115504
5730.0;3.297872340425532
5736.0;2.9939209726443767
5742.0;2.4848024316109423
5748.0;2.1808510638297873
5754.0;2.2264437689969605
5760.0;2.545592705167173
5766.0;2.317629179331307
5772.0;1.3677811550151975
5778.0;1.9072948328267476
5784.0;1.8389057750759878
5790.0;2.8799392097264436
5796.0;2.872340425531915
5802.0;2.5531914893617023
5808.0;2.8343465045592704
5814.0;3.3662613981762917
5820.0;3.685410334346505
5826.0;3.617021276595745
5832.0;2.7811550151975686
5838.0;3.3890577507598785
5844.0;3.487841945288754
5850.0;2.7507598784194527
5856.0;2.4468085106382977
5862.0;2.56838905775076
5868.0;2.9027355623100304
5874.0;2.9939209726443767
5880.0;2.393617021276596
5886.0;2.2720364741641337
5892.0;1.8617021276595744
5898.0;1.9300911854103344
5904.0;2.5151975683890577
5910.0;2.188449848024316
5916.0;2.325227963525836
5922.0;2.697568389057751
5928.0;2.7507598784194527
5934.0;3.3206686930091185
5940.0;3.047112462006079
5946.0;3.335866261398176
5952.0;3.1231003039513676
5958.0;3.411854103343465
5964.0;3.0395136778115504
5970.0;2.6595744680851063
5976.0;2.8191489361702127
5982.0;2.2948328267477205
5988.0;2.522796352583587
5994.0;2.6671732522796354
6000.0;2.522796352583587
6006.0;2.674772036474164
6012.0;1.5957446808510638
6018.0;2.059270516717325
6024.0;2.234042553191489
6030.0;2.507598784194529
6036.0;2.507598784194529
6042.0;2.310030395136778
6048.0;3.2674772036474162
6054.0;3.685410334346505
6060.0;3.655015197568389
6066.0;3.4498480243161094
6072.0;3.419452887537994
6078.0;4.133738601823708
6084.0;3.8525835866261398
6090.0;3.0623100303951367
6096.0;3.1914893617021276
6102.0;2.6671732522796354
6108.0;2.2948328267477205
6114.0;2.4164133738601823
6120.0;2.5987841945288754
6126.0;1.9300911854103344
6132.0;1.9984802431610942
6138.0;2.021276595744681
6144.0;2.522796352583587
6150.0;2.9027355623100304
6156.0;2.188449848024316
6162.0;1.9452887537993921
6168.0;3.3890577507598785
6174.0;3.3662613981762917
6180.0;3.8069908814589666
6186.0;3.8221884498480243
6192.0;3.4422492401215807
6198.0;3.3434650455927053
6204.0;4.179331306990881
6210.0;3.708206686930091
6216.0;2.7127659574468086
6222.0;2.4088145896656536
6228.0;2.629179331306991
6234.0;2.6443768996960486
6240.0;2.613981762917933
6246.0;2.0972644376899696
6252.0;1.5577507598784195
6258.0;1.9376899696048633
6264.0;2.1656534954407296
6270.0;2.378419452887538
6276.0;2.3480243161094223
6282.0;2.940729483282675
6288.0;2.3480243161094223
6294.0;3.4574468085106385
6300.0;3.7613981762917934
6306.0;3.1003039513677813
6312.0;3.882978723404255
6318.0;3.655015197568389
6324.0;3.237082066869301
6330.0;3.290273556231003
6336.0;3.2598784194528876
6342.0;2.5303951367781155
6348.0;2.56838905775076
6354.0;2.8419452887537995
6360.0;2.0972644376899696
6366.0;1.8237082066869301
6372.0;1.4893617021276595
6378.0;2.697568389057751
6384.0;2.8267477203647418
6390.0;2.5911854103343464
6396.0;2.9027355623100304
6402.0;3.001519756838906
6408.0;3.548632218844985
6414.0;3.662613981762918
6420.0;3.9133738601823707
6426.0;3.594224924012158
6432.0;3.5638297872340425
6438.0;3.9133738601823707
6444.0;3.054711246200608
6450.0;2.8951367781155017
6456.0;2.317629179331307
6462.0;2.788753799392097
6468.0;2.560790273556231
6474.0;2.849544072948328
6480.0;2.629179331306991
6486.0;1.6641337386018238
6492.0;2.021276595744681
6498.0;1.8465045592705167
6504.0;2.4240121580547114
6510.0;2.4620060790273555
6516.0;2.477203647416413
6522.0;2.188449848024316
6528.0;3.723404255319149
6534.0;3.708206686930091
6540.0;3.4954407294832825
6546.0;3.0091185410334345
6552.0;3.427051671732523
6558.0;2.9635258358662613
6564.0;3.3434650455927053
6570.0;3.0395136778115504
6576.0;2.522796352583587
6582.0;1.6945288753799392
6588.0;2.310030395136778
6594.0;2.5759878419452886
6600.0;2.4696048632218845
6606.0;1.8237082066869301
6612.0;2.0364741641337387
6618.0;1.702127659574468
6624.0;2.234042553191489
6630.0;2.2188449848024314
6636.0;2.6595744680851063
6642.0;2.370820668693009
6648.0;3.047112462006079
6654.0;3.4498480243161094
6660.0;4.065349544072948
6666.0;2.933130699088146
6672.0;3.8069908814589666
6678.0;3.3206686930091185
6684.0;3.9361702127659575
6690.0;3.3662613981762917
6696.0;2.8419452887537995
6702.0;2.234042553191489
6708.0;3.153495440729483
6714.0;3.3206686930091185
6720.0;2.7051671732522795
6726.0;2.021276595744681
6732.0;1.1854103343465046
6738.0;1.8389057750759878
6744.0;1.9604863221884499
6750.0;2.370820668693009
6756.0;2.1124620060790273
6762.0;2.560790273556231
6768.0;2.933130699088146
6774.0;3.0167173252279635
6780.0;3.3206686930091185
6786.0;3.1003039513677813
6792.0;3.9969604863221884
6798.0;3.7386018237082066
6804.0;3.290273556231003
6810.0;3.419452887537994
6816.0;2.8267477203647418
6822.0;2.4012158054711246
6828.0;2.3404255319148937
6834.0;2.9711246200607904
6840.0;2.4012158054711246
6846.0;2.2948328267477205
6852.0;1.9984802431610942
6858.0;1.9224924012158056
6864.0;2.150455927051672
6870.0;2.2948328267477205
6876.0;2.370820668693009
6882.0;2.43161094224924
6888.0;2.8799392097264436
6894.0;4.164133738601824
6900.0;3.8905775075987843
6906.0;3.1003039513677813
6912.0;3.7993920972644375
6918.0;3.655015197568389
6924.0;3.8297872340425534
6930.0;2.8267477203647418
6936.0;2.917933130699088
6942.0;2.196048632218845
6948.0;2.849544072948328
6954.0;2.5531914893617023
6960.0;2.492401215805471
6966.0;1.8085106382978724
6972.0;1.9224924012158056
6978.0;1.7325227963525835
6984.0;2.522796352583587
6990.0;2.3480243161094223
6996.0;2.697568389057751
7002.0;2.560790273556231
7008.0;3.1990881458966567
7014.0;3.3206686930091185
7020.0;3.6930091185410334
7026.0;2.507598784194529
7032.0;3.837386018237082
7038.0;3.10790273556231
7044.0;3.8297872340425534
7050.0;3.3282674772036476
7056.0;2.492401215805471
7062.0;2.36322188449848
7068.0;2.4088145896656536
7074.0;3.4346504559270516
7080.0;2.2720364741641337
7086.0;1.7857142857142858
7092.0;1.588145896656535
7098.0;1.9148936170212767
7104.0;2.63677811550152
7110.0;2.8343465045592704
7116.0;2.8799392097264436
7122.0;2.386018237082067
7128.0;3.0851063829787235
7134.0;3.943768996960486
7140.0;3.601823708206687
7146.0;3.3434650455927053
7152.0;3.5790273556231003
7158.0;3.396656534954407
7164.0;3.31306990881459
7170.0;3.4574468085106385
7176.0;2.560790273556231
7182.0;2.43161094224924
7188.0;2.2796352583586628
7194.0;2.3404255319148937
7200.0;2.7811550151975686
7206.0;1.9908814589665653
7212.0;1.702127659574468
7218.0;2.43161094224924
7224.0;2.013677811550152
7230.0;2.629179331306991
7236.0;2.0516717325227964
7242.0;2.196048632218845
7248.0;3.161094224924012
7254.0;3.6094224924012157
7260.0;4.088145896656535
7266.0;3.5714285714285716
7272.0;3.8677811550151975
7278.0;3.844984802431611
7284.0;3.5410334346504557
7290.0;2.864741641337386
7296.0;2.5151975683890577
7302.0;2.188449848024316
7308.0;2.735562310030395
7314.0;2.986322188449848
7320.0;2.5379939209726445
7326.0;1.7477203647416413
7332.0;1.7933130699088147
7338.0;1.9376899696048633
7344.0;2.2796352583586628
7350.0;2.5987841945288754
7356.0;2.613981762917933
7362.0;2.3328267477203646
7368.0;2.8875379939209727
7374.0;3.153495440729483
7380.0;4.612462006079028
7386.0;3.229483282674772
7392.0;3.3282674772036476
7398.0;3.7613981762917934
7404.0;2.8343465045592704
7410.0;3.047112462006079
7416.0;2.7127659574468086
7422.0;2.7583586626139818
7428.0;2.4012158054711246
7434.0;2.9483282674772036
7440.0;2.7279635258358663
7446.0;2.2796352583586628
7452.0;1.709726443768997
7458.0;2.1048632218844983
7464.0;2.2720364741641337
7470.0;2.5
7476.0;2.454407294832827
7482.0;2.1656534954407296
7488.0;2.8875379939209727
7494.0;3.290273556231003
7500.0;3.8069908814589666
7506.0;3.7613981762917934
7512.0;3.297872340425532
7518.0;3.282674772036474
7524.0;4.293313069908814
7530.0;3.3814589665653494
7536.0;2.697568389057751
7542.0;2.1732522796352582
7548.0;2.621580547112462
7554.0;2.5303951367781155
7560.0;3.351063829787234
7566.0;2.196048632218845
7572.0;1.4893617021276595
7578.0;1.8693009118541033
7584.0;2.3480243161094223
7590.0;2.8267477203647418
7596.0;2.7051671732522795
7602.0;3.2066869300911853
7608.0;3.0167173252279635
7614.0;3.2522796352583585
7620.0;3.465045592705167
7626.0;3.7993920972644375
7632.0;3.31306990881459
7638.0;3.3814589665653494
7644.0;3.662613981762918
7650.0;3.9209726443768997
7656.0;2.4696048632218845
7662.0;2.5987841945288754
7668.0;2.613981762917933
7674.0;2.7583586626139818
7680.0;2.4468085106382977
7686.0;1.5653495440729484
7692.0;1.580547112462006
7698.0;2.4012158054711246
7704.0;2.378419452887538
7710.0;2.3404255319148937
7716.0;2.3404255319148937
7722.0;2.7279635258358663
7728.0;3.115501519756839
7734.0;4.171732522796352
7740.0;3.556231003039514
7746.0;3.8753799392097266
7752.0;3.7462006079027357
7758.0;3.6246200607902734
7764.0;2.682370820668693
7770.0;2.765957446808511
7776.0;3.465045592705167
7782.0;2.9483282674772036
7788.0;2.5379939209726445
7794.0;3.1306990881458967
7800.0;2.6443768996960486
7806.0;1.6869300911854104
7812.0;2.074468085106383
7818.0;1.6793313069908815
7824.0;2.2492401215805473
7830.0;1.9832826747720365
7836.0;2.7203647416413372
7842.0;2.1732522796352582
7848.0;2.7811550151975686
7854.0;3.4954407294832825
7860.0;3.548632218844985
7866.0;3.7841945288753798
7872.0;3.4954407294832825
7878.0;3.2674772036474162
7884.0;3.17629179331307
7890.0;2.917933130699088
7896.0;3.1458966565349544
7902.0;2.0972644376899696
7908.0;2.477203647416413
7914.0;2.743161094224924
7920.0;2.8951367781155017
7926.0;1.8768996960486322
7932.0;1.6641337386018238
7938.0;1.8693009118541033
7944.0;2.621580547112462
7950.0;2.264437689969605
7956.0;2.735562310030395
7962.0;2.4848024316109423
7968.0;3.0091185410334345
7974.0;3.7386018237082066
7980.0;3.723404255319149
7986.0;2.978723404255319
7992.0;3.427051671732523
7998.0;3.7841945288753798
8004.0;4.2477203647416415
8010.0;2.682370820668693
8016.0;2.743161094224924
8022.0;2.6519756838905777
8028.0;2.5835866261398177
8034.0;2.325227963525836
8040.0;3.047112462006079
8046.0;2.370820668693009
8052.0;1.702127659574468
8058.0;2.0060790273556233
8064.0;2.788753799392097
8070.0;2.2188449848024314
8076.0;2.4012158054711246
8082.0;2.234042553191489
8088.0;3.358662613981763
8094.0;3.5714285714285716
8100.0;3.601823708206687
8106.0;3.404255319148936
8112.0;4.141337386018237
8118.0;3.6094224924012157
8124.0;4.293313069908814
8130.0;3.6778115501519757
8136.0;1.9908814589665653
8142.0;1.9300911854103344
8148.0;2.302431610942249
8154.0;2.560790273556231
8160.0;2.5987841945288754
8166.0;1.762917933130699
8172.0;1.656534954407295
8178.0;2.196048632218845
8184.0;2.5835866261398177
8190.0;2.302431610942249
8196.0;2.2036474164133737
8202.0;2.56838905775076
8208.0;2.872340425531915
8214.0;3.092705167173252
8220.0;3.358662613981763
8226.0;3.601823708206687
8232.0;3.221884498480243
8238.0;3.7613981762917934
8244.0;3.2522796352583585
8250.0;2.9939209726443767
8256.0;2.4164133738601823
8262.0;2.188449848024316
8268.0;2.477203647416413
8274.0;3.0319148936170213
8280.0;2.2948328267477205
8286.0;2.2492401215805473
8292.0;1.8996960486322187
8298.0;1.5501519756838906
8304.0;1.9300911854103344
8310.0;2.803951367781155
8316.0;2.621580547112462
8322.0;1.9300911854103344
8328.0;3.047112462006079
8334.0;2.917933130699088
8340.0;3.951367781155015
8346.0;3.5714285714285716
8352.0;2.9483282674772036
8358.0;3.4954407294832825
8364.0;3.685410334346505
8370.0;3.5030395136778116
8376.0;2.849544072948328
8382.0;2.507598784194529
8388.0;2.5
8394.0;3.183890577507599
8400.0;2.545592705167173
8406.0;2.317629179331307
8412.0;1.8920972644376899
8418.0;2.2872340425531914
8424.0;2.621580547112462
8430.0;2.8875379939209727
8436.0;2.211246200607903
8442.0;2.689969604863222
8448.0;3.3662613981762917
8454.0;3.6322188449848025
8460.0;3.4498480243161094
8466.0;4.027355623100304
8472.0;4.840425531914893
8478.0;3.844984802431611
8484.0;3.297872340425532
8490.0;3.10790273556231
8496.0;3.3434650455927053
8502.0;2.4468085106382977
8508.0;2.4164133738601823
8514.0;2.439209726443769
8520.0;2.674772036474164
8526.0;2.0972644376899696
8532.0;2.0516717325227964
8538.0;2.135258358662614
8544.0;2.0972644376899696
8550.0;2.2036474164133737
8556.0;2.492401215805471
8562.0;2.4012158054711246
8568.0;2.697568389057751
8574.0;3.054711246200608
8580.0;4.202127659574468
8586.0;3.229483282674772
8592.0;4.224924012158055
8598.0;3.419452887537994
8604.0;3.814589665653495
8610.0;2.743161094224924
8616.0;2.325227963525836
8622.0;2.1580547112462005
8628.0;2.234042553191489
8634.0;2.9711246200607904
8640.0;1.9072948328267476
8646.0;2.2264437689969605
8652.0;2.0288753799392096
8658.0;1.8541033434650456
8664.0;2.56838905775076
8670.0;2.2796352583586628
8676.0;1.9908814589665653
8682.0;2.142857142857143
8688.0;2.7127659574468086
8694.0;3.4574468085106385
8700.0;3.791793313069909
8706.0;4.072948328267477
8712.0;2.811550151975684
8718.0;3.7537993920972643
8724.0;3.6474164133738602
8730.0;2.9027355623100304
8736.0;2.9635258358662613
8742.0;1.9300911854103344
8748.0;2.8799392097264436
8754.0;2.3556231003039514
8760.0;3.161094224924012
8766.0;2.1124620060790273
8772.0;2.1048632218844983
8778.0;1.9604863221884499
8784.0;2.5
8790.0;2.1732522796352582
8796.0;2.4620060790273555
8802.0;2.7735562310030395
8808.0;2.9711246200607904
8814.0;3.5030395136778116
8820.0;3.5866261398176293
8826.0;3.297872340425532
8832.0;3.639817629179331
8838.0;3.1990881458966567
8844.0;3.6474164133738602
8850.0;3.221884498480243
8856.0;3.2522796352583585
8862.0;3.24468085106383
8868.0;2.864741641337386
8874.0;3.161094224924012
8880.0;2.2264437689969605
8886.0;1.8920972644376899
8892.0;1.9072948328267476
8898.0;2.150455927051672
8904.0;2.2188449848024314
8910.0;2.211246200607903
8916.0;2.393617021276596
8922.0;2.234042553191489
8928.0;3.1382978723404253
8934.0;3.054711246200608
8940.0;3.966565349544073
8946.0;3.791793313069909
8952.0;3.8297872340425534
8958.0;3.548632218844985
8964.0;3.221884498480243
8970.0;3.054711246200608
8976.0;2.066869300911854
8982.0;2.682370820668693
8988.0;2.9027355623100304
8994.0;2.689969604863222
9000.0;2.142857142857143
9006.0;2.492401215805471
9012.0;2.264437689969605
9018.0;1.9148936170212767
9024.0;2.560790273556231
9030.0;2.325227963525836
9036.0;2.5379939209726445
9042.0;3.2598784194528876
9048.0;2.925531914893617
9054.0;3.31306990881459
9060.0;3.3054711246200608
9066.0;3.5182370820668694
9072.0;3.0091185410334345
9078.0;3.2142857142857144
9084.0;2.7507598784194527
9090.0;2.978723404255319
9096.0;2.2492401215805473
9102.0;2.3404255319148937
9108.0;2.7203647416413372
9114.0;2.5759878419452886
9120.0;2.545592705167173
9126.0;2.256838905775076
9132.0;1.7933130699088147
9138.0;1.778115501519757
9144.0;2.211246200607903
9150.0;2.4620060790273555
9156.0;3.1990881458966567
9162.0;2.8419452887537995
9168.0;2.788753799392097
9174.0;3.183890577507599
9180.0;3.905775075987842
9186.0;3.2066869300911853
9192.0;2.8267477203647418
9198.0;3.9969604863221884
9204.0;3.4346504559270516
9210.0;2.9483282674772036
9216.0;2.765957446808511
9222.0;2.9483282674772036
9228.0;2.857142857142857
9234.0;3.221884498480243
9240.0;2.2492401215805473
9246.0;1.762917933130699
9252.0;2.2796352583586628
9258.0;2.370820668693009
9264.0;1.9300911854103344
9270.0;1.778115501519757
9276.0;2.4012158054711246
9282.0;2.7735562310030395
9288.0;2.7203647416413372
9294.0;3.5182370820668694
9300.0;3.5714285714285716
9306.0;3.5866261398176293
9312.0;4.065349544072948
9318.0;3.6474164133738602
9324.0;3.951367781155015
9330.0;3.6702127659574466
9336.0;3.1990881458966567
9342.0;3.2598784194528876
9348.0;2.9483282674772036
9354.0;3.639817629179331
9360.0;2.4088145896656536
9366.0;2.5
9372.0;1.831306990881459
9378.0;2.021276595744681
9384.0;2.507598784194529
9390.0;2.621580547112462
9396.0;2.5987841945288754
9402.0;2.370820668693009
9408.0;2.5835866261398177
9414.0;3.2598784194528876
9420.0;4.635258358662614
9426.0;4.0121580547112465
9432.0;4.202127659574468
9438.0;4.095744680851064
9444.0;4.004559270516717
9450.0;2.917933130699088
9456.0;3.17629179331307
9462.0;2.8267477203647418
9468.0;2.4012158054711246
9474.0;3.10790273556231
9480.0;2.8343465045592704
9486.0;2.2416413373860182
9492.0;1.778115501519757
9498.0;2.082066869300912
9504.0;2.7203647416413372
9510.0;2.6443768996960486
9516.0;2.234042553191489
9522.0;2.386018237082067
9528.0;3.0623100303951367
9534.0;3.844984802431611
9540.0;3.639817629179331
9546.0;3.731003039513678
9552.0;3.487841945288754
9558.0;3.6246200607902734
9564.0;3.556231003039514
9570.0;3.24468085106383
9576.0;3.0319148936170213
9582.0;2.2872340425531914
9588.0;2.9559270516717326
9594.0;3.290273556231003
9600.0;2.2796352583586628
9606.0;2.127659574468085
9612.0;2.082066869300912
9618.0;2.0288753799392096
9624.0;2.3404255319148937
9630.0;2.545592705167173
9636.0;2.013677811550152
9642.0;2.6671732522796354
9648.0;3.0319148936170213
9654.0;3.419452887537994
9660.0;3.487841945288754
9666.0;3.2598784194528876
9672.0;3.731003039513678
9678.0;3.282674772036474
9684.0;3.5106382978723403
9690.0;3.5182370820668694
9696.0;2.36322188449848
9702.0;3.0623100303951367
9708.0;2.917933130699088
9714.0;2.477203647416413
9720.0;2.6519756838905777
9726.0;1.9680851063829787
9732.0;2.0972644376899696
9738.0;1.466565349544073
9744.0;2.1048632218844983
9750.0;2.0896656534954405
9756.0;2.4696048632218845
9762.0;3.0775075987841944
9768.0;3.221884498480243
9774.0;3.358662613981763
9780.0;3.465045592705167
9786.0;3.183890577507599
9792.0;2.8875379939209727
9798.0;3.1382978723404253
9804.0;4.32370820668693
9810.0;3.1990881458966567
9816.0;3.24468085106383
9822.0;2.3480243161094223
9828.0;2.234042553191489
9834.0;2.4240121580547114
9840.0;2.7051671732522795
9846.0;1.8617021276595744
9852.0;1.709726443768997
9858.0;1.9452887537993921
9864.0;2.522796352583587
9870.0;2.066869300911854
9876.0;2.522796352583587
9882.0;2.803951367781155
9888.0;3.10790273556231
9894.0;3.9817629179331306
9900.0;4.141337386018237
9906.0;3.472644376899696
9912.0;3.153495440729483
9918.0;3.5030395136778116
9924.0;3.2674772036474162
9930.0;3.054711246200608
9936.0;2.689969604863222
9942.0;2.0288753799392096
9948.0;2.150455927051672
9954.0;2.492401215805471
9960.0;2.560790273556231
9966.0;2.059270516717325
9972.0;2.0364741641337387
9978.0;2.1732522796352582
9984.0;2.1808510638297873
9990.0;2.9559270516717326
9996.0;2.150455927051672
10002.0;3.0623100303951367
10008.0;3.655015197568389
10014.0;4.2097264437689965
10020.0;3.8297872340425534
10026.0;3.2750759878419453
10032.0;3.404255319148936
10038.0;3.2674772036474162
10044.0;4.0349544072948325
10050.0;3.3054711246200608
10056.0;2.5759878419452886
10062.0;1.9604863221884499
10068.0;2.735562310030395
10074.0;2.0288753799392096
10080.0;2.477203647416413
10086.0;1.8693009118541033
10092.0;1.648936170212766
10098.0;1.9376899696048633
10104.0;2.849544072948328
10110.0;2.560790273556231
10116.0;2.4696048632218845
10122.0;2.7127659574468086
10128.0;2.63677811550152
10134.0;3.3738601823708207
10140.0;4.156534954407295
10146.0;3.882978723404255
10152.0;4.551671732522796
10158.0;2.7963525835866263
10164.0;3.0851063829787235
10170.0;2.933130699088146
10176.0;3.0395136778115504
10182.0;2.2188449848024314
10188.0;2.606382978723404
10194.0;3.3662613981762917
10200.0;2.4240121580547114
10206.0;1.3829787234042554
10212.0;1.155015197568389
10218.0;1.9148936170212767
10224.0;2.4696048632218845
10230.0;2.393617021276596
10236.0;2.8191489361702127
10242.0;2.142857142857143
10248.0;2.8875379939209727
10254.0;4.057750759878419
10260.0;3.419452887537994
10266.0;2.940729483282675
10272.0;3.533434650455927
10278.0;3.723404255319149
10284.0;3.723404255319149
10290.0;3.487841945288754
10296.0;2.6671732522796354
10302.0;2.059270516717325
10308.0;2.674772036474164
10314.0;2.8875379939209727
10320.0;2.5151975683890577
10326.0;1.6185410334346504
10332.0;1.6033434650455927
10338.0;2.2264437689969605
10344.0;2.013677811550152
10350.0;1.9756838905775076
10356.0;2.4468085106382977
10362.0;2.2796352583586628
10368.0;2.940729483282675
10374.0;3.6702127659574466
10380.0;4.141337386018237
10386.0;3.837386018237082
10392.0;3.472644376899696
10398.0;3.487841945288754
10404.0;3.5714285714285716
10410.0;2.682370820668693
10416.0;2.8419452887537995
10422.0;2.674772036474164
10428.0;3.17629179331307
10434.0;2.917933130699088
10440.0;2.127659574468085
10446.0;1.9604863221884499
10452.0;1.5957446808510638
10458.0;2.310030395136778
10464.0;2.940729483282675
10470.0;2.4620060790273555
10476.0;2.5379939209726445
10482.0;3.161094224924012
10488.0;3.3434650455927053
10494.0;3.10790273556231
10500.0;4.278115501519757
10506.0;3.5410334346504557
10512.0;3.7993920972644375
10518.0;4.361702127659575
10524.0;4.194528875379939
10530.0;2.7507598784194527
10536.0;2.8419452887537995
10542.0;2.507598784194529
10548.0;2.7583586626139818
10554.0;3.3054711246200608
10560.0;2.4012158054711246
10566.0;2.066869300911854
10572.0;1.8996960486322187
10578.0;2.2264437689969605
10584.0;2.477203647416413
10590.0;2.2492401215805473
10596.0;2.6443768996960486
10602.0;2.735562310030395
10608.0;3.3890577507598785
10614.0;3.358662613981763
10620.0;3.282674772036474
10626.0;3.7993920972644375
10632.0;3.487841945288754
10638.0;2.864741641337386
10644.0;3.465045592705167
10650.0;2.735562310030395
10656.0;2.4088145896656536
10662.0;2.5835866261398177
10668.0;2.507598784194529
10674.0;2.674772036474164
10680.0;2.629179331306991
10686.0;2.310030395136778
10692.0;1.28419452887538
10698.0;1.8768996960486322
10704.0;2.4848024316109423
10710.0;2.9635258358662613
10716.0;2.4164133738601823
10722.0;2.986322188449848
10728.0;3.161094224924012
10734.0;3.943768996960486
10740.0;4.756838905775076
10746.0;3.9817629179331306
10752.0;3.10790273556231
10758.0;3.092705167173252
10764.0;3.0319148936170213
10770.0;3.161094224924012
10776.0;2.872340425531915
10782.0;2.4620060790273555
10788.0;2.925531914893617
10794.0;2.560790273556231
