#auto generated file!
6.0;0.0
12.0;1.0
18.0;2.3333333333333335
24.0;8.0
30.0;5.333333333333333
36.0;15.666666666666666
42.0;18.333333333333332
48.0;22.833333333333332
54.0;19.5
60.0;21.666666666666668
66.0;19.0
72.0;15.0
78.0;11.0
84.0;13.0
90.0;18.666666666666668
96.0;13.666666666666666
102.0;14.0
108.0;18.666666666666668
114.0;20.5
120.0;24.0
126.0;18.333333333333332
132.0;8.666666666666666
138.0;11.833333333333334
144.0;9.666666666666666
150.0;17.333333333333332
156.0;16.0
162.0;10.0
168.0;15.0
174.0;24.0
180.0;23.0
186.0;19.0
192.0;21.5
198.0;15.166666666666666
204.0;10.333333333333334
210.0;16.666666666666668
216.0;16.666666666666668
222.0;17.666666666666668
228.0;16.0
234.0;20.666666666666668
240.0;12.333333333333334
246.0;10.0
252.0;12.666666666666666
258.0;16.0
264.0;11.333333333333334
270.0;9.333333333333334
276.0;13.0
282.0;16.5
288.0;17.333333333333332
294.0;22.833333333333332
300.0;17.666666666666668
306.0;19.333333333333332
312.0;17.666666666666668
318.0;22.333333333333332
324.0;12.0
330.0;13.0
336.0;12.333333333333334
342.0;16.333333333333332
348.0;18.333333333333332
354.0;23.833333333333332
360.0;22.0
366.0;11.333333333333334
372.0;10.0
378.0;8.666666666666666
384.0;12.333333333333334
390.0;12.666666666666666
396.0;17.0
402.0;16.0
408.0;17.666666666666668
414.0;23.666666666666668
420.0;21.666666666666668
426.0;12.666666666666666
432.0;15.0
438.0;18.166666666666668
444.0;16.166666666666668
450.0;16.0
456.0;24.0
462.0;18.333333333333332
468.0;14.333333333333334
474.0;20.5
480.0;22.166666666666668
486.0;17.333333333333332
492.0;13.833333333333334
498.0;13.333333333333334
504.0;10.166666666666666
510.0;14.0
516.0;14.0
522.0;16.0
528.0;20.666666666666668
534.0;17.333333333333332
540.0;21.666666666666668
546.0;19.0
552.0;9.5
558.0;8.5
564.0;15.333333333333334
570.0;14.666666666666666
576.0;19.333333333333332
582.0;12.333333333333334
588.0;17.5
594.0;21.333333333333332
600.0;15.666666666666666
606.0;13.333333333333334
612.0;8.166666666666666
618.0;15.333333333333334
624.0;10.833333333333334
630.0;9.333333333333334
636.0;20.333333333333332
642.0;13.0
648.0;19.0
654.0;19.333333333333332
660.0;17.0
666.0;17.333333333333332
672.0;15.666666666666666
678.0;11.833333333333334
684.0;11.166666666666666
690.0;10.333333333333334
696.0;14.333333333333334
702.0;12.666666666666666
708.0;19.0
714.0;27.333333333333332
720.0;15.333333333333334
726.0;14.0
732.0;13.333333333333334
738.0;10.666666666666666
744.0;15.666666666666666
750.0;12.0
756.0;17.333333333333332
762.0;19.666666666666668
768.0;19.333333333333332
774.0;20.0
780.0;25.333333333333332
786.0;15.0
792.0;11.166666666666666
798.0;18.333333333333332
804.0;8.333333333333334
810.0;12.666666666666666
816.0;17.666666666666668
822.0;14.0
828.0;20.5
834.0;19.666666666666668
840.0;20.0
846.0;12.333333333333334
852.0;11.333333333333334
858.0;12.666666666666666
864.0;10.666666666666666
870.0;11.0
876.0;17.0
882.0;9.666666666666666
888.0;22.166666666666668
894.0;16.833333333333332
900.0;17.0
906.0;17.666666666666668
912.0;11.666666666666666
918.0;11.833333333333334
924.0;18.666666666666668
930.0;19.0
936.0;15.0
942.0;14.333333333333334
948.0;20.666666666666668
954.0;17.333333333333332
960.0;19.0
966.0;17.333333333333332
972.0;8.0
978.0;12.333333333333334
984.0;14.666666666666666
990.0;16.333333333333332
996.0;13.0
1002.0;14.666666666666666
1008.0;27.666666666666668
1014.0;24.833333333333332
1020.0;20.666666666666668
1026.0;21.333333333333332
1032.0;24.333333333333332
1038.0;23.5
1044.0;18.666666666666668
1050.0;12.666666666666666
1056.0;18.666666666666668
1062.0;16.333333333333332
1068.0;21.833333333333332
1074.0;23.0
1080.0;15.0
1086.0;11.333333333333334
1092.0;16.5
1098.0;12.666666666666666
1104.0;10.333333333333334
1110.0;10.333333333333334
1116.0;10.0
1122.0;15.666666666666666
1128.0;11.833333333333334
1134.0;23.5
1140.0;24.333333333333332
1146.0;22.333333333333332
1152.0;23.666666666666668
1158.0;16.0
1164.0;12.666666666666666
1170.0;19.666666666666668
1176.0;8.0
1182.0;17.333333333333332
1188.0;15.333333333333334
1194.0;19.666666666666668
