#auto generated file!
6.0;0.0
12.0;0.12158054711246201
18.0;0.3191489361702128
24.0;0.5015197568389058
30.0;0.5927051671732523
36.0;0.729483282674772
42.0;0.3799392097264438
48.0;0.9270516717325228
54.0;0.7446808510638298
60.0;1.1854103343465046
66.0;1.094224924012158
72.0;1.033434650455927
78.0;0.8206686930091185
84.0;1.162613981762918
90.0;0.8738601823708206
96.0;0.8738601823708206
102.0;0.7598784194528876
108.0;0.8814589665653495
114.0;1.0106382978723405
120.0;0.8586626139817629
126.0;0.4027355623100304
132.0;0.6003039513677811
138.0;0.5623100303951368
144.0;0.5775075987841946
150.0;0.7522796352583586
156.0;0.7978723404255319
162.0;0.7370820668693009
168.0;1.0182370820668694
174.0;1.0562310030395137
180.0;1.1930091185410334
186.0;1.2765957446808511
192.0;1.033434650455927
198.0;1.527355623100304
204.0;0.8814589665653495
210.0;0.668693009118541
216.0;0.6534954407294833
222.0;0.60790273556231
228.0;0.7142857142857143
234.0;0.9118541033434651
240.0;0.6306990881458967
246.0;0.7826747720364742
252.0;0.6155015197568389
258.0;0.8054711246200608
264.0;0.9346504559270516
270.0;0.7142857142857143
276.0;0.9422492401215805
282.0;1.041033434650456
288.0;0.8054711246200608
294.0;0.8054711246200608
300.0;1.1094224924012157
306.0;0.9118541033434651
312.0;1.155015197568389
318.0;0.8738601823708206
324.0;1.0182370820668694
330.0;1.0562310030395137
336.0;0.5243161094224924
342.0;0.41793313069908816
348.0;0.9802431610942249
354.0;0.9346504559270516
360.0;0.6990881458966566
366.0;0.5167173252279635
372.0;0.6306990881458967
378.0;0.6458966565349544
384.0;0.5699088145896657
390.0;0.6306990881458967
396.0;0.6838905775075987
402.0;0.6610942249240122
408.0;1.1702127659574468
414.0;0.6155015197568389
420.0;1.0790273556231003
426.0;0.8966565349544073
432.0;1.0030395136778116
438.0;1.1170212765957446
444.0;0.9498480243161094
450.0;1.094224924012158
456.0;0.9118541033434651
462.0;0.60790273556231
468.0;0.7598784194528876
474.0;0.8738601823708206
480.0;0.9118541033434651
486.0;0.44072948328267475
492.0;1.033434650455927
498.0;0.8738601823708206
504.0;0.5851063829787234
510.0;0.9954407294832827
516.0;0.7066869300911854
522.0;0.5699088145896657
528.0;0.9954407294832827
534.0;0.9726443768996961
540.0;1.1170212765957446
546.0;1.2537993920972645
552.0;1.0866261398176291
558.0;0.9878419452887538
564.0;1.1322188449848025
570.0;0.8662613981762918
576.0;0.8054711246200608
582.0;1.094224924012158
588.0;0.8966565349544073
594.0;0.5775075987841946
600.0;0.5927051671732523
606.0;0.547112462006079
612.0;0.6231003039513677
618.0;0.5775075987841946
624.0;0.7370820668693009
630.0;1.0714285714285714
636.0;0.6003039513677811
642.0;0.5851063829787234
648.0;1.162613981762918
654.0;1.1094224924012157
660.0;1.3525835866261398
666.0;1.2613981762917934
672.0;1.0182370820668694
678.0;1.0714285714285714
684.0;1.1018237082066868
690.0;0.8434650455927052
696.0;0.9650455927051672
702.0;1.0486322188449848
708.0;0.9574468085106383
714.0;0.8586626139817629
720.0;0.5547112462006079
726.0;0.8586626139817629
732.0;0.41793313069908816
738.0;0.6914893617021277
744.0;0.5623100303951368
750.0;0.7598784194528876
756.0;0.851063829787234
762.0;0.7066869300911854
768.0;0.8054711246200608
774.0;1.2082066869300911
780.0;1.3677811550151975
786.0;1.3601823708206686
792.0;0.8434650455927052
798.0;1.2310030395136777
804.0;0.8890577507598785
810.0;0.9498480243161094
816.0;1.28419452887538
822.0;0.5395136778115501
828.0;1.1322188449848025
834.0;1.1018237082066868
840.0;0.7750759878419453
846.0;0.8206686930091185
852.0;0.8358662613981763
858.0;0.7826747720364742
864.0;0.8814589665653495
870.0;0.6838905775075987
876.0;1.1778115501519757
882.0;0.7750759878419453
888.0;1.0486322188449848
894.0;1.0106382978723405
900.0;1.1246200607902737
906.0;1.3221884498480243
912.0;1.21580547112462
918.0;1.4893617021276595
924.0;1.0638297872340425
930.0;0.7750759878419453
936.0;0.668693009118541
942.0;0.8662613981762918
948.0;0.9422492401215805
954.0;1.2765957446808511
960.0;0.9574468085106383
966.0;0.7750759878419453
972.0;0.5623100303951368
978.0;0.7750759878419453
984.0;0.5927051671732523
990.0;1.1170212765957446
996.0;0.668693009118541
1002.0;0.9422492401215805
1008.0;1.2917933130699089
1014.0;1.4893617021276595
1020.0;0.9574468085106383
1026.0;1.21580547112462
1032.0;1.0790273556231003
1038.0;0.9878419452887538
1044.0;1.6109422492401215
1050.0;1.0258358662613982
1056.0;1.2993920972644377
1062.0;0.8206686930091185
1068.0;0.5699088145896657
1074.0;0.7142857142857143
1080.0;0.8890577507598785
1086.0;0.6610942249240122
1092.0;0.6610942249240122
1098.0;0.7522796352583586
1104.0;0.7142857142857143
1110.0;0.7142857142857143
1116.0;0.8206686930091185
1122.0;0.5623100303951368
1128.0;1.3069908814589666
1134.0;1.2765957446808511
1140.0;1.762917933130699
1146.0;1.3525835866261398
1152.0;1.4513677811550152
1158.0;0.9346504559270516
1164.0;0.7142857142857143
1170.0;1.0790273556231003
1176.0;0.7142857142857143
1182.0;0.7446808510638298
1188.0;0.48632218844984804
1194.0;0.9422492401215805
1200.0;0.5775075987841946
1206.0;0.5015197568389058
1212.0;0.6534954407294833
1218.0;0.5243161094224924
1224.0;0.7750759878419453
1230.0;0.8206686930091185
1236.0;0.5927051671732523
1242.0;0.7446808510638298
1248.0;0.7218844984802432
1254.0;0.8890577507598785
1260.0;1.534954407294833
1266.0;1.1246200607902737
1272.0;0.9574468085106383
1278.0;0.8890577507598785
1284.0;0.9270516717325228
1290.0;0.8662613981762918
1296.0;0.7598784194528876
1302.0;0.8054711246200608
1308.0;0.8662613981762918
1314.0;0.7598784194528876
1320.0;0.6003039513677811
1326.0;0.6458966565349544
1332.0;0.4027355623100304
1338.0;0.6231003039513677
1344.0;0.7826747720364742
1350.0;0.9270516717325228
1356.0;0.9118541033434651
1362.0;0.790273556231003
1368.0;0.9878419452887538
1374.0;1.0638297872340425
1380.0;1.709726443768997
1386.0;1.2537993920972645
1392.0;1.162613981762918
1398.0;0.9270516717325228
1404.0;0.9726443768996961
1410.0;0.790273556231003
1416.0;1.033434650455927
1422.0;0.9270516717325228
1428.0;0.851063829787234
1434.0;0.7370820668693009
1440.0;0.9118541033434651
1446.0;0.5927051671732523
1452.0;0.6838905775075987
1458.0;0.5547112462006079
1464.0;0.7598784194528876
1470.0;1.1854103343465046
1476.0;0.7598784194528876
1482.0;0.7750759878419453
1488.0;0.8282674772036475
1494.0;1.0866261398176291
1500.0;1.0106382978723405
1506.0;0.9498480243161094
1512.0;1.1170212765957446
1518.0;1.2386018237082066
1524.0;1.2082066869300911
1530.0;0.9194528875379939
1536.0;0.4787234042553192
1542.0;0.5547112462006079
1548.0;0.6003039513677811
1554.0;0.6990881458966566
1560.0;0.8206686930091185
1566.0;0.425531914893617
1572.0;0.5167173252279635
1578.0;0.6838905775075987
1584.0;0.8054711246200608
1590.0;0.6610942249240122
1596.0;0.7370820668693009
1602.0;0.8130699088145896
1608.0;0.9878419452887538
1614.0;0.9194528875379939
1620.0;1.2310030395136777
1626.0;1.2765957446808511
1632.0;1.0790273556231003
1638.0;1.2917933130699089
1644.0;1.2082066869300911
1650.0;0.9498480243161094
1656.0;0.9346504559270516
1662.0;1.0486322188449848
1668.0;1.0258358662613982
1674.0;0.9346504559270516
1680.0;0.851063829787234
1686.0;0.5927051671732523
1692.0;0.5623100303951368
1698.0;0.729483282674772
1704.0;0.8662613981762918
1710.0;0.6534954407294833
1716.0;0.9118541033434651
1722.0;0.6534954407294833
1728.0;1.0866261398176291
1734.0;1.0790273556231003
1740.0;1.2917933130699089
1746.0;1.2006079027355623
1752.0;1.4741641337386018
1758.0;0.9422492401215805
1764.0;1.0258358662613982
1770.0;0.9422492401215805
1776.0;1.033434650455927
1782.0;0.9270516717325228
1788.0;0.7066869300911854
1794.0;1.0182370820668694
1800.0;0.6610942249240122
1806.0;0.5623100303951368
1812.0;0.6838905775075987
1818.0;0.5623100303951368
1824.0;0.6231003039513677
1830.0;1.0790273556231003
1836.0;0.6231003039513677
1842.0;1.0790273556231003
1848.0;0.9498480243161094
1854.0;1.3297872340425532
1860.0;1.4361702127659575
1866.0;1.1854103343465046
1872.0;1.3753799392097263
1878.0;0.8358662613981763
1884.0;1.0790273556231003
1890.0;1.0866261398176291
1896.0;0.9726443768996961
1902.0;0.9726443768996961
1908.0;1.1474164133738602
1914.0;0.9878419452887538
1920.0;1.0866261398176291
1926.0;0.6155015197568389
1932.0;0.7674772036474165
1938.0;0.6914893617021277
1944.0;0.9194528875379939
1950.0;1.094224924012158
1956.0;0.9422492401215805
1962.0;0.9118541033434651
1968.0;0.9270516717325228
1974.0;1.6793313069908815
1980.0;1.3145896656534954
1986.0;1.4513677811550152
1992.0;1.5653495440729484
1998.0;1.1474164133738602
2004.0;1.2613981762917934
2010.0;1.3829787234042554
2016.0;0.8814589665653495
2022.0;1.0486322188449848
2028.0;0.9726443768996961
2034.0;0.7446808510638298
2040.0;0.9422492401215805
2046.0;0.9118541033434651
2052.0;0.60790273556231
2058.0;0.6762917933130699
2064.0;0.6914893617021277
2070.0;1.1778115501519757
2076.0;0.7826747720364742
2082.0;0.9954407294832827
2088.0;1.3829787234042554
2094.0;1.3753799392097263
2100.0;1.702127659574468
2106.0;1.466565349544073
2112.0;1.3753799392097263
2118.0;1.1018237082066868
2124.0;1.0486322188449848
2130.0;1.1474164133738602
2136.0;1.1322188449848025
2142.0;0.7674772036474165
2148.0;0.8434650455927052
2154.0;0.9726443768996961
2160.0;1.0106382978723405
2166.0;0.7066869300911854
2172.0;0.41793313069908816
2178.0;0.6003039513677811
2184.0;0.8662613981762918
2190.0;0.7066869300911854
2196.0;0.8890577507598785
2202.0;0.8586626139817629
2208.0;1.1170212765957446
2214.0;1.3829787234042554
2220.0;1.405775075987842
2226.0;1.709726443768997
2232.0;1.0106382978723405
2238.0;1.1094224924012157
2244.0;0.729483282674772
2250.0;0.9118541033434651
2256.0;0.8358662613981763
2262.0;0.6534954407294833
2268.0;0.7446808510638298
2274.0;0.8662613981762918
2280.0;0.6534954407294833
2286.0;0.45592705167173253
2292.0;0.5699088145896657
2298.0;0.6762917933130699
2304.0;0.7826747720364742
2310.0;0.851063829787234
2316.0;0.9118541033434651
2322.0;0.5927051671732523
2328.0;1.0258358662613982
2334.0;1.1094224924012157
2340.0;1.2613981762917934
2346.0;1.0486322188449848
2352.0;1.21580547112462
2358.0;1.094224924012158
2364.0;1.0486322188449848
2370.0;0.6990881458966566
2376.0;0.9574468085106383
2382.0;0.7750759878419453
2388.0;1.1246200607902737
2394.0;0.7978723404255319
2400.0;0.9498480243161094
2406.0;0.668693009118541
2412.0;0.6231003039513677
2418.0;0.60790273556231
2424.0;0.7674772036474165
2430.0;0.7446808510638298
2436.0;0.8662613981762918
2442.0;0.7750759878419453
2448.0;0.8054711246200608
2454.0;1.4209726443768997
2460.0;1.2082066869300911
2466.0;1.1018237082066868
2472.0;1.041033434650456
2478.0;1.3221884498480243
2484.0;1.2234042553191489
2490.0;1.3601823708206686
2496.0;0.8130699088145896
2502.0;1.1246200607902737
2508.0;1.3221884498480243
2514.0;0.8738601823708206
2520.0;0.5927051671732523
2526.0;0.7598784194528876
2532.0;0.7066869300911854
2538.0;0.5167173252279635
2544.0;0.8206686930091185
2550.0;0.7370820668693009
2556.0;0.7218844984802432
2562.0;0.7522796352583586
2568.0;1.0182370820668694
2574.0;0.9650455927051672
2580.0;1.155015197568389
2586.0;1.5729483282674772
2592.0;1.5577507598784195
2598.0;0.8586626139817629
2604.0;0.9726443768996961
2610.0;0.7598784194528876
2616.0;1.2613981762917934
2622.0;0.729483282674772
2628.0;0.6231003039513677
2634.0;0.6990881458966566
2640.0;1.0714285714285714
2646.0;0.8814589665653495
2652.0;0.547112462006079
2658.0;0.6762917933130699
2664.0;0.47112462006079026
2670.0;0.790273556231003
2676.0;1.0790273556231003
2682.0;0.8662613981762918
2688.0;1.1094224924012157
2694.0;1.1930091185410334
2700.0;0.8814589665653495
2706.0;1.21580547112462
2712.0;1.21580547112462
2718.0;1.3069908814589666
2724.0;1.21580547112462
2730.0;1.1246200607902737
2736.0;1.21580547112462
2742.0;0.7218844984802432
2748.0;0.8206686930091185
2754.0;0.9042553191489362
2760.0;0.8738601823708206
2766.0;0.9954407294832827
2772.0;0.5395136778115501
2778.0;0.547112462006079
2784.0;0.5699088145896657
2790.0;0.7598784194528876
2796.0;0.7598784194528876
2802.0;0.8358662613981763
2808.0;1.4209726443768997
2814.0;1.28419452887538
2820.0;1.21580547112462
2826.0;1.0486322188449848
2832.0;1.2765957446808511
2838.0;0.9042553191489362
2844.0;1.162613981762918
2850.0;0.8434650455927052
2856.0;0.9346504559270516
2862.0;0.9346504559270516
2868.0;1.2310030395136777
2874.0;0.9574468085106383
2880.0;0.9346504559270516
2886.0;0.6306990881458967
2892.0;0.5395136778115501
2898.0;0.3951367781155015
2904.0;0.8966565349544073
2910.0;1.033434650455927
2916.0;0.9270516717325228
2922.0;0.9118541033434651
2928.0;0.7066869300911854
2934.0;0.6610942249240122
2940.0;1.1778115501519757
2946.0;1.3753799392097263
2952.0;1.0562310030395137
2958.0;1.1170212765957446
2964.0;0.9422492401215805
2970.0;1.0638297872340425
2976.0;0.9118541033434651
2982.0;0.8662613981762918
2988.0;0.7142857142857143
2994.0;1.1930091185410334
3000.0;1.0714285714285714
3006.0;0.9498480243161094
3012.0;0.5243161094224924
3018.0;0.7370820668693009
3024.0;0.9270516717325228
3030.0;0.8054711246200608
3036.0;0.7142857142857143
3042.0;0.6838905775075987
3048.0;1.2234042553191489
3054.0;1.3829787234042554
3060.0;0.9498480243161094
3066.0;1.2234042553191489
3072.0;1.1246200607902737
3078.0;0.7978723404255319
3084.0;1.033434650455927
3090.0;0.9726443768996961
3096.0;1.2462006079027355
3102.0;0.6762917933130699
3108.0;1.0030395136778116
3114.0;0.8282674772036475
3120.0;0.851063829787234
3126.0;0.7750759878419453
3132.0;0.7446808510638298
3138.0;0.6458966565349544
3144.0;0.7674772036474165
3150.0;0.8054711246200608
3156.0;1.033434650455927
3162.0;0.9422492401215805
3168.0;1.0030395136778116
3174.0;0.8206686930091185
3180.0;1.2310030395136777
3186.0;1.3677811550151975
3192.0;1.1246200607902737
3198.0;1.3829787234042554
3204.0;1.1930091185410334
3210.0;1.0030395136778116
3216.0;1.2765957446808511
3222.0;1.033434650455927
3228.0;1.1018237082066868
3234.0;1.094224924012158
3240.0;0.9878419452887538
3246.0;0.668693009118541
3252.0;0.7750759878419453
3258.0;0.3951367781155015
3264.0;0.9726443768996961
3270.0;1.0182370820668694
3276.0;0.9726443768996961
3282.0;1.1398176291793314
3288.0;1.2993920972644377
3294.0;1.1854103343465046
3300.0;1.2765957446808511
3306.0;1.2613981762917934
3312.0;1.094224924012158
3318.0;1.3753799392097263
3324.0;1.0790273556231003
3330.0;1.0106382978723405
3336.0;1.0030395136778116
3342.0;0.8282674772036475
3348.0;0.8890577507598785
3354.0;0.7598784194528876
3360.0;0.9270516717325228
3366.0;0.60790273556231
3372.0;0.3343465045592705
3378.0;0.6838905775075987
3384.0;0.9042553191489362
3390.0;0.9574468085106383
3396.0;1.155015197568389
3402.0;0.9042553191489362
3408.0;0.9346504559270516
3414.0;1.21580547112462
3420.0;1.2310030395136777
3426.0;1.3677811550151975
3432.0;1.5653495440729484
3438.0;1.1018237082066868
3444.0;1.2917933130699089
3450.0;1.155015197568389
3456.0;1.2006079027355623
3462.0;0.9422492401215805
3468.0;0.5319148936170213
3474.0;0.7750759878419453
3480.0;0.6231003039513677
3486.0;0.8662613981762918
3492.0;0.5015197568389058
3498.0;0.6534954407294833
3504.0;0.8282674772036475
3510.0;0.9346504559270516
3516.0;0.9194528875379939
3522.0;0.6610942249240122
3528.0;0.8890577507598785
3534.0;1.5729483282674772
3540.0;1.344984802431611
3546.0;1.28419452887538
3552.0;1.162613981762918
3558.0;1.2917933130699089
3564.0;1.1170212765957446
3570.0;1.033434650455927
3576.0;1.2310030395136777
3582.0;0.7446808510638298
3588.0;0.8586626139817629
3594.0;1.094224924012158
