#auto generated file!
6.0;0.0
12.0;0.015197568389057751
18.0;0.6306990881458967
24.0;1.0030395136778116
30.0;1.1702127659574468
36.0;1.094224924012158
42.0;1.1702127659574468
48.0;1.4893617021276595
54.0;2.066869300911854
60.0;2.196048632218845
66.0;1.5425531914893618
72.0;1.8161094224924013
78.0;2.386018237082067
84.0;1.952887537993921
90.0;1.5729483282674772
96.0;1.3221884498480243
102.0;1.041033434650456
108.0;1.5197568389057752
114.0;1.466565349544073
120.0;1.155015197568389
126.0;1.2917933130699089
132.0;0.60790273556231
138.0;1.3677811550151975
144.0;1.0182370820668694
150.0;1.527355623100304
156.0;1.3297872340425532
162.0;1.2765957446808511
168.0;1.1398176291793314
174.0;1.7857142857142858
180.0;1.9984802431610942
186.0;1.6641337386018238
192.0;1.512158054711246
198.0;2.013677811550152
204.0;2.2720364741641337
210.0;2.0972644376899696
216.0;1.162613981762918
222.0;1.3221884498480243
228.0;1.4969604863221884
234.0;1.5197568389057752
240.0;1.1246200607902737
246.0;0.8814589665653495
252.0;0.9118541033434651
258.0;1.4133738601823709
264.0;1.458966565349544
270.0;1.041033434650456
276.0;1.3829787234042554
282.0;1.2917933130699089
288.0;1.762917933130699
294.0;1.7857142857142858
300.0;2.0288753799392096
306.0;1.9224924012158056
312.0;2.0896656534954405
318.0;2.0364741641337387
324.0;1.6945288753799392
330.0;1.580547112462006
336.0;1.5501519756838906
342.0;1.6109422492401215
348.0;1.5501519756838906
354.0;1.1778115501519757
360.0;1.4893617021276595
366.0;1.344984802431611
372.0;1.2082066869300911
378.0;1.3525835866261398
384.0;0.9954407294832827
390.0;1.2537993920972645
396.0;1.1474164133738602
402.0;1.458966565349544
408.0;1.337386018237082
414.0;1.778115501519757
420.0;2.074468085106383
426.0;1.8920972644376899
432.0;1.778115501519757
438.0;2.0896656534954405
444.0;1.3069908814589666
450.0;1.884498480243161
456.0;1.1702127659574468
462.0;1.033434650455927
468.0;1.4893617021276595
474.0;1.2234042553191489
480.0;1.4741641337386018
486.0;1.1702127659574468
492.0;1.28419452887538
498.0;1.2689969604863223
504.0;1.2689969604863223
510.0;0.9042553191489362
516.0;1.1018237082066868
522.0;1.0866261398176291
528.0;1.3753799392097263
534.0;1.8920972644376899
540.0;2.0288753799392096
546.0;1.5425531914893618
552.0;2.188449848024316
558.0;2.2188449848024314
564.0;2.1580547112462005
570.0;1.3829787234042554
576.0;1.155015197568389
582.0;1.3145896656534954
588.0;1.6261398176291793
594.0;1.8009118541033435
600.0;1.8996960486322187
606.0;1.884498480243161
612.0;0.8206686930091185
618.0;1.0638297872340425
624.0;1.3677811550151975
630.0;0.9802431610942249
636.0;1.1398176291793314
642.0;1.28419452887538
648.0;1.1854103343465046
654.0;2.0896656534954405
660.0;2.1580547112462005
666.0;2.082066869300912
672.0;1.9756838905775076
678.0;2.4012158054711246
684.0;2.211246200607903
690.0;1.6945288753799392
696.0;1.2386018237082066
702.0;1.0790273556231003
708.0;1.0790273556231003
714.0;1.7401215805471124
720.0;1.6717325227963526
726.0;1.2613981762917934
732.0;1.2006079027355623
738.0;0.8130699088145896
744.0;1.344984802431611
750.0;0.9726443768996961
756.0;1.3525835866261398
762.0;1.4285714285714286
768.0;1.3069908814589666
774.0;2.150455927051672
780.0;2.256838905775076
786.0;2.0896656534954405
792.0;2.211246200607903
798.0;2.234042553191489
804.0;1.9604863221884499
810.0;2.1808510638297873
816.0;2.378419452887538
822.0;1.28419452887538
828.0;1.3905775075987843
834.0;1.2689969604863223
840.0;1.1702127659574468
846.0;0.851063829787234
852.0;0.8434650455927052
858.0;1.4893617021276595
864.0;1.3069908814589666
870.0;1.2689969604863223
876.0;1.534954407294833
882.0;1.8389057750759878
888.0;1.534954407294833
894.0;1.6641337386018238
900.0;1.6337386018237081
906.0;1.8617021276595744
912.0;1.7173252279635258
918.0;1.648936170212766
924.0;2.074468085106383
930.0;1.7857142857142858
936.0;1.702127659574468
942.0;1.4361702127659575
948.0;1.4741641337386018
954.0;1.8389057750759878
960.0;1.1094224924012157
966.0;1.1246200607902737
972.0;1.0714285714285714
978.0;1.041033434650456
984.0;1.5653495440729484
990.0;1.2234042553191489
996.0;1.3601823708206686
1002.0;1.6641337386018238
1008.0;1.8541033434650456
1014.0;1.8541033434650456
1020.0;1.8693009118541033
1026.0;1.641337386018237
1032.0;2.0060790273556233
1038.0;1.527355623100304
1044.0;2.0364741641337387
1050.0;1.702127659574468
1056.0;2.1732522796352582
1062.0;1.4209726443768997
1068.0;1.534954407294833
1074.0;0.8738601823708206
1080.0;1.458966565349544
1086.0;1.1778115501519757
1092.0;0.7522796352583586
1098.0;1.6793313069908815
1104.0;1.6869300911854104
1110.0;1.1702127659574468
1116.0;1.2613981762917934
1122.0;1.6185410334346504
1128.0;1.8237082066869301
1134.0;1.7173252279635258
1140.0;2.0364741641337387
1146.0;1.7477203647416413
1152.0;1.8161094224924013
1158.0;2.2036474164133737
1164.0;2.8951367781155017
1170.0;2.059270516717325
1176.0;1.588145896656535
1182.0;1.3297872340425532
1188.0;1.8617021276595744
1194.0;1.1246200607902737
1200.0;1.5045592705167172
1206.0;1.2462006079027355
1212.0;0.8662613981762918
1218.0;1.0638297872340425
1224.0;1.7249240121580547
1230.0;1.2613981762917934
1236.0;1.2310030395136777
1242.0;1.033434650455927
1248.0;1.6945288753799392
1254.0;2.074468085106383
1260.0;2.1656534954407296
1266.0;2.1200607902735564
1272.0;1.6945288753799392
1278.0;1.7249240121580547
1284.0;2.082066869300912
1290.0;1.5045592705167172
1296.0;1.4437689969604863
1302.0;1.5957446808510638
1308.0;0.8586626139817629
1314.0;1.1930091185410334
1320.0;1.4133738601823709
1326.0;1.0030395136778116
1332.0;0.790273556231003
1338.0;1.0182370820668694
1344.0;1.2917933130699089
1350.0;1.466565349544073
1356.0;1.2689969604863223
1362.0;1.3145896656534954
1368.0;1.8617021276595744
1374.0;1.8693009118541033
1380.0;2.3404255319148937
1386.0;2.3404255319148937
1392.0;2.211246200607903
1398.0;2.2188449848024314
1404.0;2.5759878419452886
1410.0;2.066869300911854
1416.0;1.762917933130699
1422.0;1.3829787234042554
1428.0;1.458966565349544
1434.0;1.648936170212766
1440.0;1.7477203647416413
1446.0;1.4893617021276595
1452.0;0.9954407294832827
1458.0;1.2689969604863223
1464.0;1.337386018237082
1470.0;1.580547112462006
1476.0;1.4133738601823709
1482.0;1.405775075987842
1488.0;1.9224924012158056
1494.0;2.386018237082067
1500.0;1.9832826747720365
1506.0;2.0516717325227964
1512.0;1.6869300911854104
1518.0;1.7173252279635258
1524.0;2.1732522796352582
1530.0;2.2492401215805473
1536.0;1.8693009118541033
1542.0;1.094224924012158
1548.0;1.344984802431611
1554.0;1.641337386018237
1560.0;1.0638297872340425
1566.0;0.9878419452887538
1572.0;1.0258358662613982
1578.0;1.3221884498480243
1584.0;1.1170212765957446
1590.0;1.0714285714285714
1596.0;1.2689969604863223
1602.0;1.3297872340425532
1608.0;1.8693009118541033
1614.0;2.013677811550152
1620.0;1.952887537993921
1626.0;1.6033434650455927
1632.0;2.066869300911854
1638.0;2.7735562310030395
1644.0;2.4468085106382977
1650.0;1.9604863221884499
1656.0;1.884498480243161
1662.0;1.0714285714285714
1668.0;0.851063829787234
1674.0;1.4513677811550152
1680.0;1.4969604863221884
1686.0;0.9042553191489362
1692.0;0.9042553191489362
1698.0;1.155015197568389
1704.0;1.1474164133738602
1710.0;1.4209726443768997
1716.0;1.4285714285714286
1722.0;0.9878419452887538
1728.0;1.5577507598784195
1734.0;1.9224924012158056
1740.0;2.1580547112462005
1746.0;1.5729483282674772
1752.0;1.7325227963525835
1758.0;2.2036474164133737
1764.0;2.150455927051672
1770.0;1.641337386018237
1776.0;1.3981762917933132
1782.0;1.3981762917933132
1788.0;1.458966565349544
1794.0;1.4817629179331306
1800.0;1.155015197568389
1806.0;1.1246200607902737
1812.0;1.0106382978723405
1818.0;1.2082066869300911
1824.0;1.405775075987842
1830.0;1.5197568389057752
1836.0;1.5653495440729484
1842.0;1.5045592705167172
1848.0;1.527355623100304
1854.0;2.0516717325227964
1860.0;2.074468085106383
1866.0;2.0972644376899696
1872.0;2.8267477203647418
1878.0;2.4012158054711246
1884.0;2.36322188449848
1890.0;2.234042553191489
1896.0;1.6717325227963526
1902.0;1.0790273556231003
1908.0;1.1246200607902737
1914.0;1.2234042553191489
1920.0;1.3069908814589666
1926.0;1.3525835866261398
1932.0;1.534954407294833
1938.0;1.4817629179331306
1944.0;1.5197568389057752
1950.0;1.337386018237082
1956.0;1.3069908814589666
1962.0;1.2082066869300911
1968.0;1.9224924012158056
1974.0;2.1124620060790273
1980.0;1.6109422492401215
1986.0;1.778115501519757
1992.0;2.4240121580547114
1998.0;2.2188449848024314
2004.0;1.831306990881459
2010.0;1.8541033434650456
2016.0;1.702127659574468
2022.0;1.4437689969604863
2028.0;1.580547112462006
2034.0;1.5577507598784195
2040.0;1.1398176291793314
2046.0;0.7750759878419453
2052.0;1.1094224924012157
2058.0;1.1930091185410334
2064.0;1.3753799392097263
2070.0;1.2006079027355623
2076.0;1.5197568389057752
2082.0;1.534954407294833
2088.0;1.656534954407295
2094.0;2.310030395136778
2100.0;1.6109422492401215
2106.0;1.8085106382978724
2112.0;1.7325227963525835
2118.0;1.7173252279635258
2124.0;1.9756838905775076
2130.0;1.648936170212766
2136.0;1.6717325227963526
2142.0;1.4741641337386018
2148.0;1.1246200607902737
2154.0;1.5425531914893618
2160.0;1.7553191489361701
2166.0;0.7750759878419453
2172.0;0.9422492401215805
2178.0;1.1702127659574468
2184.0;1.6109422492401215
2190.0;1.3069908814589666
2196.0;0.9118541033434651
2202.0;1.3981762917933132
2208.0;1.7553191489361701
2214.0;1.8161094224924013
2220.0;2.066869300911854
2226.0;1.5501519756838906
2232.0;1.6261398176291793
2238.0;2.2796352583586628
2244.0;1.9224924012158056
2250.0;1.7325227963525835
2256.0;1.702127659574468
2262.0;1.5045592705167172
2268.0;1.405775075987842
2274.0;1.8161094224924013
2280.0;1.3525835866261398
2286.0;0.9574468085106383
2292.0;1.21580547112462
2298.0;1.2234042553191489
2304.0;1.4817629179331306
2310.0;1.155015197568389
2316.0;1.6717325227963526
2322.0;1.6109422492401215
2328.0;1.588145896656535
2334.0;2.0288753799392096
2340.0;2.142857142857143
2346.0;2.522796352583587
2352.0;1.7173252279635258
2358.0;1.8996960486322187
2364.0;2.7203647416413372
2370.0;1.9224924012158056
2376.0;1.3905775075987843
2382.0;1.1170212765957446
2388.0;1.5577507598784195
2394.0;1.458966565349544
2400.0;1.4817629179331306
2406.0;1.1322188449848025
2412.0;1.0714285714285714
2418.0;1.5957446808510638
2424.0;1.4513677811550152
2430.0;1.8465045592705167
2436.0;1.5425531914893618
2442.0;1.5729483282674772
2448.0;1.8465045592705167
2454.0;2.1200607902735564
2460.0;2.059270516717325
2466.0;2.1200607902735564
2472.0;1.9832826747720365
2478.0;2.013677811550152
2484.0;1.952887537993921
2490.0;1.5425531914893618
2496.0;1.6869300911854104
2502.0;1.7553191489361701
2508.0;1.5197568389057752
2514.0;1.2082066869300911
2520.0;1.4361702127659575
2526.0;1.4513677811550152
2532.0;0.9954407294832827
2538.0;1.3525835866261398
2544.0;1.5501519756838906
2550.0;1.3981762917933132
2556.0;0.8966565349544073
2562.0;1.3981762917933132
2568.0;1.5501519756838906
2574.0;2.127659574468085
2580.0;2.0972644376899696
2586.0;1.9148936170212767
2592.0;1.702127659574468
2598.0;2.393617021276596
2604.0;1.9148936170212767
2610.0;1.9756838905775076
2616.0;1.7933130699088147
2622.0;1.7933130699088147
2628.0;1.28419452887538
2634.0;1.2613981762917934
2640.0;1.6717325227963526
2646.0;1.2386018237082066
2652.0;0.9194528875379939
2658.0;1.2917933130699089
2664.0;1.3981762917933132
2670.0;1.6641337386018238
2676.0;1.7173252279635258
2682.0;1.0030395136778116
2688.0;1.1930091185410334
2694.0;2.1124620060790273
2700.0;2.2188449848024314
2706.0;2.0364741641337387
2712.0;2.3480243161094223
2718.0;2.196048632218845
2724.0;1.6109422492401215
2730.0;1.9148936170212767
2736.0;1.5957446808510638
2742.0;0.9042553191489362
2748.0;1.2462006079027355
2754.0;1.3297872340425532
2760.0;1.3145896656534954
2766.0;0.9042553191489362
2772.0;0.9042553191489362
2778.0;0.790273556231003
2784.0;1.2310030395136777
2790.0;1.1854103343465046
2796.0;1.4133738601823709
2802.0;0.9878419452887538
2808.0;2.2036474164133737
2814.0;2.606382978723404
2820.0;1.7933130699088147
2826.0;2.059270516717325
2832.0;2.2872340425531914
2838.0;2.5379939209726445
2844.0;1.952887537993921
2850.0;1.3905775075987843
2856.0;1.7553191489361701
2862.0;1.4209726443768997
2868.0;1.5729483282674772
2874.0;1.6717325227963526
2880.0;1.4969604863221884
2886.0;1.0866261398176291
2892.0;0.9802431610942249
2898.0;1.4133738601823709
2904.0;1.2689969604863223
2910.0;1.0866261398176291
2916.0;1.6185410334346504
2922.0;1.2386018237082066
2928.0;1.2462006079027355
2934.0;2.2492401215805473
2940.0;1.9148936170212767
2946.0;1.9680851063829787
2952.0;2.013677811550152
2958.0;1.831306990881459
2964.0;2.1200607902735564
2970.0;1.4437689969604863
2976.0;1.4285714285714286
2982.0;1.2613981762917934
2988.0;1.512158054711246
2994.0;1.405775075987842
3000.0;1.5957446808510638
3006.0;0.9422492401215805
3012.0;0.8054711246200608
3018.0;1.512158054711246
3024.0;1.4285714285714286
3030.0;1.4437689969604863
3036.0;1.4893617021276595
3042.0;1.3601823708206686
3048.0;1.6109422492401215
3054.0;1.5653495440729484
3060.0;2.811550151975684
3066.0;2.0972644376899696
3072.0;2.150455927051672
3078.0;2.2188449848024314
3084.0;2.059270516717325
3090.0;2.0972644376899696
3096.0;1.5653495440729484
3102.0;1.656534954407295
3108.0;1.405775075987842
3114.0;1.2386018237082066
3120.0;1.3221884498480243
3126.0;1.1398176291793314
3132.0;0.8966565349544073
3138.0;1.6033434650455927
3144.0;1.2537993920972645
3150.0;1.094224924012158
3156.0;1.337386018237082
3162.0;1.1930091185410334
3168.0;1.4969604863221884
3174.0;1.7325227963525835
3180.0;1.9832826747720365
3186.0;1.9224924012158056
3192.0;2.074468085106383
3198.0;2.439209726443769
3204.0;2.4468085106382977
3210.0;1.9224924012158056
3216.0;1.4361702127659575
3222.0;1.5425531914893618
3228.0;1.8693009118541033
3234.0;1.5957446808510638
3240.0;1.656534954407295
3246.0;1.1702127659574468
3252.0;1.3981762917933132
3258.0;1.2386018237082066
3264.0;1.3221884498480243
3270.0;1.5653495440729484
3276.0;1.1094224924012157
3282.0;1.6793313069908815
3288.0;1.8009118541033435
3294.0;2.0896656534954405
3300.0;1.9072948328267476
3306.0;1.5045592705167172
3312.0;2.1808510638297873
3318.0;2.325227963525836
3324.0;1.8693009118541033
3330.0;1.7857142857142858
3336.0;1.3297872340425532
3342.0;1.2082066869300911
3348.0;1.5197568389057752
3354.0;1.466565349544073
3360.0;1.458966565349544
3366.0;0.9346504559270516
3372.0;0.9954407294832827
3378.0;1.1246200607902737
3384.0;1.6185410334346504
3390.0;1.4437689969604863
3396.0;1.2613981762917934
3402.0;1.466565349544073
3408.0;1.8541033434650456
3414.0;1.4361702127659575
3420.0;2.4164133738601823
3426.0;2.5987841945288754
3432.0;2.066869300911854
3438.0;2.264437689969605
3444.0;2.1200607902735564
3450.0;2.2264437689969605
3456.0;1.0562310030395137
3462.0;1.2386018237082066
3468.0;1.4209726443768997
3474.0;1.1170212765957446
3480.0;1.6945288753799392
3486.0;1.1322188449848025
3492.0;1.0106382978723405
3498.0;1.2765957446808511
3504.0;1.1930091185410334
3510.0;1.466565349544073
3516.0;0.8966565349544073
3522.0;1.1018237082066868
3528.0;1.3829787234042554
3534.0;1.884498480243161
3540.0;2.188449848024316
3546.0;1.9984802431610942
3552.0;2.5
3558.0;2.2416413373860182
3564.0;2.2872340425531914
3570.0;1.8996960486322187
3576.0;1.702127659574468
3582.0;1.2613981762917934
3588.0;1.580547112462006
3594.0;1.5577507598784195
3600.0;1.4969604863221884
3606.0;0.8586626139817629
3612.0;1.033434650455927
3618.0;1.4893617021276595
3624.0;1.3525835866261398
3630.0;1.2310030395136777
3636.0;1.6717325227963526
3642.0;1.3981762917933132
3648.0;1.1702127659574468
3654.0;2.211246200607903
3660.0;2.560790273556231
3666.0;1.8920972644376899
3672.0;1.8768996960486322
3678.0;2.059270516717325
3684.0;2.1732522796352582
3690.0;1.9376899696048633
3696.0;1.7325227963525835
3702.0;1.3525835866261398
3708.0;1.4893617021276595
3714.0;1.4893617021276595
3720.0;1.2006079027355623
3726.0;1.21580547112462
3732.0;0.9422492401215805
3738.0;1.4817629179331306
3744.0;1.2993920972644377
3750.0;1.4437689969604863
3756.0;1.4893617021276595
3762.0;1.0638297872340425
3768.0;1.5577507598784195
3774.0;2.2948328267477205
3780.0;2.0440729483282674
3786.0;1.527355623100304
3792.0;1.831306990881459
3798.0;2.0060790273556233
3804.0;1.9908814589665653
3810.0;2.606382978723404
3816.0;1.6033434650455927
3822.0;1.7477203647416413
3828.0;1.6793313069908815
3834.0;1.4285714285714286
3840.0;1.5729483282674772
3846.0;1.2689969604863223
3852.0;1.2234042553191489
3858.0;1.4209726443768997
3864.0;1.3677811550151975
3870.0;1.7173252279635258
3876.0;1.094224924012158
3882.0;1.2613981762917934
3888.0;2.127659574468085
3894.0;2.4164133738601823
3900.0;2.2872340425531914
3906.0;1.6337386018237081
3912.0;2.1808510638297873
3918.0;2.1124620060790273
3924.0;1.9984802431610942
3930.0;1.7477203647416413
3936.0;1.702127659574468
3942.0;1.527355623100304
3948.0;1.5197568389057752
3954.0;1.4209726443768997
3960.0;1.3145896656534954
3966.0;1.1322188449848025
3972.0;1.0030395136778116
3978.0;0.9346504559270516
3984.0;1.4285714285714286
3990.0;1.2765957446808511
3996.0;1.3221884498480243
4002.0;1.1854103343465046
4008.0;1.1702127659574468
4014.0;2.492401215805471
4020.0;2.2416413373860182
4026.0;1.6793313069908815
4032.0;1.4437689969604863
4038.0;1.21580547112462
4044.0;1.8389057750759878
4050.0;2.2036474164133737
4056.0;1.6109422492401215
4062.0;1.3677811550151975
4068.0;1.6717325227963526
4074.0;1.405775075987842
4080.0;1.6185410334346504
4086.0;1.2234042553191489
4092.0;1.155015197568389
4098.0;1.21580547112462
4104.0;1.5501519756838906
4110.0;1.1778115501519757
4116.0;1.648936170212766
4122.0;1.4133738601823709
4128.0;1.5729483282674772
4134.0;1.709726443768997
4140.0;1.9680851063829787
4146.0;2.3480243161094223
4152.0;1.5425531914893618
4158.0;1.8161094224924013
4164.0;1.580547112462006
4170.0;1.9604863221884499
4176.0;1.580547112462006
4182.0;1.1170212765957446
4188.0;1.1094224924012157
4194.0;1.4893617021276595
4200.0;1.5197568389057752
4206.0;1.2765957446808511
4212.0;1.033434650455927
4218.0;1.1702127659574468
4224.0;1.702127659574468
4230.0;1.6033434650455927
4236.0;1.344984802431611
4242.0;1.28419452887538
4248.0;1.9300911854103344
4254.0;2.3556231003039514
4260.0;2.1732522796352582
4266.0;2.066869300911854
4272.0;1.8465045592705167
4278.0;1.8693009118541033
4284.0;2.4848024316109423
4290.0;1.9908814589665653
4296.0;1.458966565349544
4302.0;1.1778115501519757
4308.0;1.0714285714285714
4314.0;1.1778115501519757
4320.0;1.884498480243161
4326.0;1.3525835866261398
4332.0;0.9270516717325228
4338.0;1.28419452887538
4344.0;1.5045592705167172
4350.0;1.0714285714285714
4356.0;1.8768996960486322
4362.0;1.2082066869300911
4368.0;1.1702127659574468
4374.0;1.7933130699088147
4380.0;2.674772036474164
4386.0;2.689969604863222
4392.0;1.8237082066869301
4398.0;2.150455927051672
4404.0;2.386018237082067
4410.0;1.5729483282674772
4416.0;1.5425531914893618
4422.0;1.2462006079027355
4428.0;1.6793313069908815
4434.0;1.5045592705167172
4440.0;1.344984802431611
4446.0;1.1474164133738602
4452.0;1.0866261398176291
4458.0;1.2462006079027355
4464.0;1.041033434650456
4470.0;1.466565349544073
4476.0;1.3297872340425532
4482.0;1.1930091185410334
4488.0;1.4817629179331306
4494.0;1.5957446808510638
4500.0;1.8237082066869301
4506.0;2.188449848024316
4512.0;2.196048632218845
4518.0;2.074468085106383
4524.0;1.9680851063829787
4530.0;1.8237082066869301
4536.0;2.135258358662614
4542.0;1.6261398176291793
4548.0;1.4513677811550152
4554.0;1.9300911854103344
4560.0;1.3145896656534954
4566.0;1.28419452887538
4572.0;1.1170212765957446
4578.0;1.466565349544073
4584.0;1.9452887537993921
4590.0;1.6945288753799392
4596.0;1.534954407294833
4602.0;1.337386018237082
4608.0;1.4437689969604863
4614.0;2.5911854103343464
4620.0;1.8693009118541033
4626.0;1.641337386018237
4632.0;1.5653495440729484
4638.0;2.2720364741641337
4644.0;2.5911854103343464
4650.0;2.325227963525836
4656.0;1.7325227963525835
4662.0;1.21580547112462
4668.0;1.466565349544073
4674.0;1.588145896656535
4680.0;1.1930091185410334
4686.0;1.0866261398176291
4692.0;1.1398176291793314
4698.0;0.7522796352583586
4704.0;1.4133738601823709
4710.0;1.1854103343465046
4716.0;1.0030395136778116
4722.0;0.8054711246200608
4728.0;1.4893617021276595
4734.0;1.527355623100304
4740.0;2.082066869300912
4746.0;1.8085106382978724
4752.0;1.6261398176291793
4758.0;2.9939209726443767
4764.0;2.36322188449848
4770.0;2.1656534954407296
4776.0;1.656534954407295
4782.0;0.9422492401215805
4788.0;1.1474164133738602
4794.0;1.5425531914893618
4800.0;1.4513677811550152
4806.0;1.3297872340425532
4812.0;1.0258358662613982
4818.0;1.2234042553191489
4824.0;1.534954407294833
4830.0;1.155015197568389
4836.0;1.2310030395136777
4842.0;1.0866261398176291
4848.0;1.9680851063829787
4854.0;2.36322188449848
4860.0;2.142857142857143
4866.0;1.9148936170212767
4872.0;2.021276595744681
4878.0;2.256838905775076
4884.0;1.9832826747720365
4890.0;2.4620060790273555
4896.0;1.8389057750759878
4902.0;0.9574468085106383
4908.0;1.2689969604863223
4914.0;1.5577507598784195
4920.0;0.729483282674772
4926.0;1.2613981762917934
4932.0;1.033434650455927
4938.0;1.0866261398176291
4944.0;1.6109422492401215
4950.0;1.3525835866261398
4956.0;1.4741641337386018
4962.0;1.588145896656535
4968.0;1.7325227963525835
4974.0;2.196048632218845
4980.0;2.310030395136778
4986.0;2.082066869300912
4992.0;1.9908814589665653
4998.0;2.0972644376899696
5004.0;2.1048632218844983
5010.0;1.7173252279635258
5016.0;2.021276595744681
5022.0;0.8662613981762918
5028.0;1.3601823708206686
5034.0;1.4361702127659575
5040.0;1.4969604863221884
5046.0;1.527355623100304
5052.0;0.7370820668693009
5058.0;1.2917933130699089
5064.0;1.7477203647416413
5070.0;1.4893617021276595
5076.0;0.9346504559270516
5082.0;1.466565349544073
5088.0;1.9376899696048633
5094.0;2.317629179331307
5100.0;2.0440729483282674
5106.0;1.9680851063829787
5112.0;2.0288753799392096
5118.0;1.7705167173252279
5124.0;2.5531914893617023
5130.0;1.778115501519757
5136.0;2.0896656534954405
5142.0;1.5577507598784195
5148.0;0.9650455927051672
5154.0;1.5197568389057752
5160.0;1.3145896656534954
5166.0;1.4209726443768997
5172.0;0.9802431610942249
5178.0;1.28419452887538
5184.0;1.041033434650456
5190.0;1.6185410334346504
5196.0;1.8389057750759878
5202.0;1.656534954407295
5208.0;1.952887537993921
5214.0;1.9756838905775076
5220.0;2.3404255319148937
5226.0;2.3556231003039514
5232.0;1.6869300911854104
5238.0;2.36322188449848
5244.0;2.256838905775076
5250.0;2.0288753799392096
5256.0;1.3601823708206686
5262.0;1.4969604863221884
5268.0;1.3829787234042554
5274.0;1.3069908814589666
5280.0;1.2310030395136777
5286.0;0.8054711246200608
5292.0;0.9878419452887538
5298.0;0.9726443768996961
5304.0;1.2386018237082066
5310.0;1.8541033434650456
5316.0;1.656534954407295
5322.0;1.3069908814589666
5328.0;1.9072948328267476
5334.0;2.013677811550152
5340.0;2.370820668693009
5346.0;2.0364741641337387
5352.0;1.9148936170212767
5358.0;2.2872340425531914
5364.0;1.8465045592705167
5370.0;1.8237082066869301
5376.0;1.580547112462006
5382.0;0.9194528875379939
5388.0;1.5197568389057752
5394.0;1.3677811550151975
5400.0;1.3525835866261398
5406.0;0.9422492401215805
5412.0;0.9574468085106383
5418.0;1.1094224924012157
5424.0;1.2082066869300911
5430.0;1.2537993920972645
5436.0;1.4209726443768997
5442.0;1.2462006079027355
5448.0;2.1580547112462005
5454.0;1.6793313069908815
5460.0;1.884498480243161
5466.0;1.8085106382978724
5472.0;1.7933130699088147
5478.0;2.0364741641337387
5484.0;2.393617021276596
5490.0;1.7325227963525835
5496.0;1.5425531914893618
5502.0;1.5729483282674772
5508.0;1.762917933130699
5514.0;1.4817629179331306
5520.0;1.405775075987842
5526.0;1.4817629179331306
5532.0;0.7370820668693009
5538.0;1.2386018237082066
5544.0;1.4361702127659575
5550.0;1.5957446808510638
5556.0;1.5501519756838906
5562.0;1.9300911854103344
5568.0;2.127659574468085
5574.0;2.545592705167173
5580.0;2.310030395136778
5586.0;2.264437689969605
5592.0;2.507598784194529
5598.0;2.4696048632218845
5604.0;1.778115501519757
5610.0;2.142857142857143
5616.0;2.066869300911854
5622.0;1.8541033434650456
5628.0;1.6717325227963526
5634.0;1.3525835866261398
5640.0;1.0562310030395137
5646.0;1.2993920972644377
5652.0;1.0106382978723405
5658.0;1.1702127659574468
5664.0;1.4133738601823709
5670.0;1.3981762917933132
5676.0;1.1398176291793314
5682.0;1.3677811550151975
5688.0;1.8465045592705167
5694.0;1.7249240121580547
5700.0;2.0516717325227964
5706.0;2.082066869300912
5712.0;1.648936170212766
5718.0;2.302431610942249
5724.0;1.9604863221884499
5730.0;2.1808510638297873
5736.0;1.6337386018237081
5742.0;1.3145896656534954
5748.0;0.8130699088145896
5754.0;1.4361702127659575
5760.0;1.28419452887538
5766.0;0.8586626139817629
5772.0;0.8282674772036475
5778.0;1.4741641337386018
5784.0;1.2613981762917934
5790.0;1.2689969604863223
5796.0;1.0714285714285714
5802.0;1.155015197568389
5808.0;1.7857142857142858
5814.0;1.648936170212766
5820.0;1.5729483282674772
5826.0;1.9376899696048633
5832.0;1.7933130699088147
5838.0;1.9452887537993921
5844.0;1.952887537993921
5850.0;1.7477203647416413
5856.0;1.4285714285714286
5862.0;1.702127659574468
5868.0;1.512158054711246
5874.0;1.4133738601823709
5880.0;1.6717325227963526
5886.0;1.2310030395136777
5892.0;0.7446808510638298
5898.0;1.0790273556231003
5904.0;1.7401215805471124
5910.0;1.4285714285714286
5916.0;1.641337386018237
5922.0;1.3677811550151975
5928.0;1.5045592705167172
5934.0;2.082066869300912
5940.0;2.1048632218844983
5946.0;1.709726443768997
5952.0;1.7401215805471124
5958.0;1.6641337386018238
5964.0;1.952887537993921
5970.0;1.7933130699088147
5976.0;1.762917933130699
5982.0;1.3069908814589666
5988.0;1.2234042553191489
5994.0;2.059270516717325
6000.0;2.1808510638297873
6006.0;1.1474164133738602
6012.0;1.1854103343465046
6018.0;0.9422492401215805
6024.0;1.1474164133738602
6030.0;1.3981762917933132
6036.0;1.527355623100304
6042.0;1.4513677811550152
6048.0;1.5577507598784195
6054.0;1.9984802431610942
6060.0;2.127659574468085
6066.0;1.7933130699088147
6072.0;1.6185410334346504
6078.0;2.256838905775076
6084.0;2.2872340425531914
6090.0;1.5957446808510638
6096.0;1.5957446808510638
6102.0;1.1930091185410334
6108.0;1.1398176291793314
6114.0;1.527355623100304
6120.0;1.0106382978723405
6126.0;1.3525835866261398
6132.0;1.3221884498480243
6138.0;1.3829787234042554
6144.0;1.7173252279635258
6150.0;1.162613981762918
6156.0;1.405775075987842
6162.0;1.3601823708206686
6168.0;1.6337386018237081
6174.0;2.256838905775076
6180.0;2.0364741641337387
6186.0;2.264437689969605
6192.0;2.013677811550152
6198.0;2.4088145896656536
6204.0;2.1732522796352582
6210.0;1.6717325227963526
6216.0;1.8541033434650456
6222.0;1.3221884498480243
6228.0;1.1778115501519757
6234.0;1.5425531914893618
6240.0;1.4361702127659575
6246.0;1.1322188449848025
6252.0;1.2689969604863223
6258.0;0.8738601823708206
6264.0;0.9726443768996961
6270.0;1.2462006079027355
6276.0;1.21580547112462
6282.0;1.1854103343465046
6288.0;1.8693009118541033
6294.0;1.8996960486322187
6300.0;1.3221884498480243
6306.0;1.762917933130699
6312.0;2.3556231003039514
6318.0;2.2796352583586628
6324.0;2.1048632218844983
6330.0;1.9300911854103344
6336.0;1.8389057750759878
6342.0;1.6261398176291793
6348.0;1.7173252279635258
6354.0;1.4361702127659575
6360.0;1.9984802431610942
6366.0;0.9194528875379939
6372.0;1.0106382978723405
6378.0;1.6945288753799392
6384.0;1.3525835866261398
6390.0;2.1732522796352582
6396.0;1.5425531914893618
6402.0;1.3525835866261398
6408.0;1.4361702127659575
6414.0;2.1808510638297873
6420.0;1.9680851063829787
6426.0;1.9224924012158056
6432.0;2.302431610942249
6438.0;2.2264437689969605
6444.0;2.188449848024316
6450.0;2.4620060790273555
6456.0;2.135258358662614
6462.0;2.0972644376899696
6468.0;1.4361702127659575
6474.0;1.2765957446808511
6480.0;1.4361702127659575
6486.0;1.458966565349544
6492.0;1.1854103343465046
6498.0;1.2613981762917934
6504.0;1.4893617021276595
6510.0;1.2310030395136777
6516.0;0.851063829787234
6522.0;1.5197568389057752
6528.0;1.7477203647416413
6534.0;1.8161094224924013
6540.0;2.393617021276596
6546.0;2.629179331306991
6552.0;2.2188449848024314
6558.0;1.7705167173252279
6564.0;1.7705167173252279
6570.0;1.9832826747720365
6576.0;1.6185410334346504
6582.0;1.162613981762918
6588.0;1.2234042553191489
6594.0;1.8161094224924013
6600.0;1.534954407294833
6606.0;1.0638297872340425
6612.0;1.0866261398176291
6618.0;1.1930091185410334
6624.0;1.3981762917933132
6630.0;1.3829787234042554
6636.0;1.6869300911854104
6642.0;1.0790273556231003
6648.0;1.3829787234042554
6654.0;1.8161094224924013
6660.0;2.0516717325227964
6666.0;2.0972644376899696
6672.0;1.9908814589665653
6678.0;2.2416413373860182
6684.0;2.629179331306991
6690.0;1.5577507598784195
6696.0;1.6033434650455927
6702.0;1.6185410334346504
6708.0;1.5577507598784195
6714.0;1.344984802431611
6720.0;1.2613981762917934
6726.0;1.0106382978723405
6732.0;1.0790273556231003
6738.0;1.2993920972644377
6744.0;1.1702127659574468
6750.0;1.4437689969604863
6756.0;1.6717325227963526
6762.0;1.0562310030395137
6768.0;2.013677811550152
6774.0;1.580547112462006
6780.0;2.5987841945288754
6786.0;2.1732522796352582
6792.0;2.56838905775076
6798.0;1.8237082066869301
6804.0;2.1732522796352582
6810.0;1.5425531914893618
6816.0;1.405775075987842
6822.0;1.3829787234042554
6828.0;1.155015197568389
6834.0;1.466565349544073
6840.0;1.3525835866261398
6846.0;1.3525835866261398
6852.0;0.851063829787234
6858.0;1.1778115501519757
6864.0;1.466565349544073
6870.0;1.0486322188449848
6876.0;1.21580547112462
6882.0;1.1018237082066868
6888.0;1.534954407294833
6894.0;1.3601823708206686
6900.0;2.370820668693009
6906.0;1.6945288753799392
6912.0;2.1656534954407296
6918.0;1.9148936170212767
6924.0;1.9376899696048633
6930.0;1.5577507598784195
6936.0;1.2689969604863223
6942.0;1.512158054711246
6948.0;1.6033434650455927
6954.0;1.162613981762918
6960.0;1.337386018237082
6966.0;0.9422492401215805
6972.0;0.8054711246200608
6978.0;1.155015197568389
6984.0;1.094224924012158
6990.0;1.1854103343465046
6996.0;1.656534954407295
7002.0;1.4513677811550152
7008.0;1.8237082066869301
7014.0;1.8389057750759878
7020.0;1.6261398176291793
7026.0;2.0972644376899696
7032.0;2.2796352583586628
7038.0;2.56838905775076
7044.0;2.3328267477203646
7050.0;1.8009118541033435
7056.0;1.4209726443768997
7062.0;1.033434650455927
7068.0;1.3145896656534954
7074.0;1.28419452887538
7080.0;1.6261398176291793
7086.0;0.9954407294832827
7092.0;0.9954407294832827
7098.0;1.4361702127659575
7104.0;1.831306990881459
7110.0;0.9726443768996961
7116.0;1.1854103343465046
7122.0;1.1474164133738602
7128.0;1.9832826747720365
7134.0;1.7705167173252279
7140.0;1.9300911854103344
7146.0;2.264437689969605
7152.0;2.2948328267477205
7158.0;2.454407294832827
7164.0;2.317629179331307
7170.0;2.0516717325227964
7176.0;1.7325227963525835
7182.0;1.2917933130699089
7188.0;1.2462006079027355
7194.0;1.1930091185410334
7200.0;1.466565349544073
7206.0;1.4513677811550152
7212.0;1.0486322188449848
7218.0;1.1322188449848025
7224.0;1.0486322188449848
7230.0;0.9422492401215805
7236.0;1.5501519756838906
7242.0;1.1702127659574468
7248.0;1.6033434650455927
7254.0;2.074468085106383
7260.0;2.059270516717325
7266.0;1.6337386018237081
7272.0;2.2492401215805473
7278.0;1.7705167173252279
7284.0;2.1656534954407296
7290.0;1.3525835866261398
7296.0;1.6717325227963526
7302.0;1.21580547112462
7308.0;1.3753799392097263
7314.0;1.3829787234042554
7320.0;1.3981762917933132
7326.0;1.2917933130699089
7332.0;0.9802431610942249
7338.0;1.3069908814589666
7344.0;1.2917933130699089
7350.0;1.1778115501519757
7356.0;1.2006079027355623
7362.0;1.1702127659574468
7368.0;1.0638297872340425
7374.0;1.8465045592705167
7380.0;2.7811550151975686
7386.0;2.3556231003039514
7392.0;1.9452887537993921
7398.0;1.9832826747720365
7404.0;1.534954407294833
7410.0;1.6945288753799392
7416.0;1.8768996960486322
7422.0;1.1778115501519757
7428.0;1.3905775075987843
7434.0;1.28419452887538
7440.0;1.4285714285714286
7446.0;0.9422492401215805
7452.0;1.0638297872340425
7458.0;0.6762917933130699
7464.0;1.155015197568389
7470.0;1.1930091185410334
7476.0;1.3753799392097263
7482.0;0.9726443768996961
7488.0;1.405775075987842
7494.0;1.3753799392097263
7500.0;1.4969604863221884
7506.0;1.9756838905775076
7512.0;1.9756838905775076
7518.0;2.188449848024316
7524.0;1.952887537993921
7530.0;1.656534954407295
7536.0;1.8693009118541033
7542.0;1.4285714285714286
7548.0;1.1702127659574468
7554.0;1.588145896656535
7560.0;1.2386018237082066
7566.0;1.2917933130699089
7572.0;0.7142857142857143
7578.0;1.0790273556231003
7584.0;1.2537993920972645
7590.0;1.155015197568389
7596.0;1.0486322188449848
7602.0;1.0182370820668694
7608.0;1.6641337386018238
7614.0;1.8693009118541033
7620.0;2.477203647416413
7626.0;2.393617021276596
7632.0;2.2188449848024314
7638.0;2.6671732522796354
7644.0;2.325227963525836
7650.0;1.8693009118541033
7656.0;1.762917933130699
7662.0;1.4209726443768997
7668.0;1.2310030395136777
7674.0;1.4209726443768997
7680.0;1.4817629179331306
7686.0;1.3145896656534954
7692.0;1.1170212765957446
7698.0;1.0106382978723405
7704.0;1.1778115501519757
7710.0;1.7401215805471124
7716.0;1.405775075987842
7722.0;1.3145896656534954
7728.0;1.7933130699088147
7734.0;2.135258358662614
7740.0;2.2264437689969605
7746.0;1.6033434650455927
7752.0;1.3753799392097263
7758.0;2.0288753799392096
7764.0;2.0516717325227964
7770.0;2.142857142857143
7776.0;1.9452887537993921
7782.0;1.2613981762917934
7788.0;1.3905775075987843
7794.0;1.709726443768997
7800.0;1.5197568389057752
7806.0;1.1094224924012157
7812.0;1.2765957446808511
7818.0;1.3297872340425532
7824.0;1.3829787234042554
7830.0;0.9954407294832827
7836.0;1.4741641337386018
7842.0;1.580547112462006
7848.0;1.4513677811550152
7854.0;1.9452887537993921
7860.0;1.9604863221884499
7866.0;2.0896656534954405
7872.0;1.8009118541033435
7878.0;2.2036474164133737
7884.0;1.8996960486322187
7890.0;1.4969604863221884
7896.0;1.1474164133738602
7902.0;1.2993920972644377
7908.0;1.21580547112462
7914.0;1.5045592705167172
7920.0;1.762917933130699
7926.0;1.3525835866261398
7932.0;1.2613981762917934
7938.0;1.3221884498480243
7944.0;1.337386018237082
7950.0;1.1474164133738602
7956.0;1.1474164133738602
7962.0;1.2993920972644377
7968.0;1.9756838905775076
7974.0;1.8161094224924013
7980.0;2.1732522796352582
7986.0;1.458966565349544
7992.0;2.4164133738601823
7998.0;1.884498480243161
8004.0;2.5835866261398177
8010.0;1.7325227963525835
8016.0;1.7325227963525835
8022.0;1.3525835866261398
8028.0;1.6717325227963526
8034.0;1.3601823708206686
8040.0;1.580547112462006
8046.0;1.4437689969604863
8052.0;1.2462006079027355
8058.0;1.2917933130699089
8064.0;1.3677811550151975
8070.0;1.21580547112462
8076.0;1.7249240121580547
8082.0;1.4817629179331306
8088.0;2.142857142857143
8094.0;2.013677811550152
8100.0;2.5987841945288754
8106.0;1.884498480243161
8112.0;1.9756838905775076
8118.0;2.196048632218845
8124.0;2.021276595744681
8130.0;2.066869300911854
8136.0;1.5957446808510638
8142.0;1.9452887537993921
8148.0;1.5197568389057752
8154.0;1.4741641337386018
8160.0;1.7401215805471124
8166.0;1.3069908814589666
8172.0;1.2006079027355623
8178.0;1.1170212765957446
8184.0;1.3601823708206686
8190.0;1.4893617021276595
8196.0;1.3829787234042554
8202.0;1.1094224924012157
8208.0;1.702127659574468
8214.0;2.2720364741641337
8220.0;2.872340425531915
8226.0;1.6945288753799392
8232.0;1.6261398176291793
8238.0;2.066869300911854
8244.0;2.2416413373860182
8250.0;2.0516717325227964
8256.0;1.7933130699088147
8262.0;1.580547112462006
8268.0;1.3069908814589666
8274.0;1.6793313069908815
8280.0;1.4513677811550152
8286.0;1.2689969604863223
8292.0;1.162613981762918
8298.0;1.1854103343465046
8304.0;1.7705167173252279
8310.0;1.5425531914893618
8316.0;1.1322188449848025
8322.0;1.527355623100304
8328.0;1.7477203647416413
8334.0;1.7933130699088147
8340.0;1.7249240121580547
8346.0;1.4969604863221884
8352.0;1.7553191489361701
8358.0;2.196048632218845
8364.0;2.2796352583586628
8370.0;1.9984802431610942
8376.0;2.43161094224924
8382.0;1.3677811550151975
8388.0;1.6641337386018238
8394.0;1.4893617021276595
8400.0;1.3753799392097263
8406.0;1.28419452887538
8412.0;1.0258358662613982
8418.0;1.094224924012158
8424.0;1.2386018237082066
8430.0;1.344984802431611
8436.0;1.5425531914893618
8442.0;1.4513677811550152
8448.0;1.3601823708206686
8454.0;2.013677811550152
8460.0;1.8237082066869301
8466.0;2.325227963525836
8472.0;1.9376899696048633
8478.0;2.082066869300912
8484.0;1.9680851063829787
8490.0;2.150455927051672
8496.0;1.2537993920972645
8502.0;1.5197568389057752
8508.0;1.3677811550151975
8514.0;1.5957446808510638
8520.0;1.3905775075987843
8526.0;1.2234042553191489
8532.0;0.8890577507598785
8538.0;0.9270516717325228
8544.0;1.6109422492401215
8550.0;1.2082066869300911
8556.0;1.1322188449848025
8562.0;1.9300911854103344
8568.0;1.8009118541033435
8574.0;2.0516717325227964
8580.0;1.641337386018237
8586.0;2.066869300911854
8592.0;2.0364741641337387
8598.0;2.3328267477203646
8604.0;2.142857142857143
8610.0;1.9604863221884499
8616.0;1.7705167173252279
8622.0;1.2234042553191489
8628.0;1.1474164133738602
8634.0;1.8237082066869301
8640.0;1.1246200607902737
8646.0;1.1094224924012157
8652.0;1.155015197568389
8658.0;1.588145896656535
8664.0;1.8389057750759878
8670.0;1.466565349544073
8676.0;1.466565349544073
8682.0;1.5197568389057752
8688.0;1.6033434650455927
8694.0;1.8617021276595744
8700.0;2.2036474164133737
8706.0;2.6443768996960486
8712.0;2.439209726443769
8718.0;1.8920972644376899
8724.0;1.9224924012158056
8730.0;2.1200607902735564
8736.0;1.7401215805471124
8742.0;1.6337386018237081
8748.0;1.2006079027355623
8754.0;1.2537993920972645
8760.0;1.466565349544073
8766.0;0.9498480243161094
8772.0;1.0562310030395137
8778.0;1.5501519756838906
8784.0;1.512158054711246
8790.0;1.6945288753799392
8796.0;1.3601823708206686
8802.0;1.033434650455927
8808.0;1.1398176291793314
8814.0;2.2188449848024314
8820.0;1.9604863221884499
8826.0;1.9756838905775076
8832.0;2.021276595744681
8838.0;2.2872340425531914
8844.0;2.477203647416413
8850.0;1.6945288753799392
8856.0;1.527355623100304
8862.0;1.527355623100304
8868.0;1.5045592705167172
8874.0;1.5045592705167172
8880.0;1.5729483282674772
8886.0;1.405775075987842
8892.0;1.0638297872340425
8898.0;1.0790273556231003
8904.0;1.2462006079027355
8910.0;1.458966565349544
8916.0;1.3221884498480243
8922.0;1.3677811550151975
8928.0;1.6185410334346504
8934.0;2.2796352583586628
8940.0;1.6869300911854104
8946.0;2.310030395136778
8952.0;2.325227963525836
8958.0;2.325227963525836
8964.0;2.439209726443769
8970.0;1.9376899696048633
8976.0;2.1200607902735564
8982.0;1.7705167173252279
8988.0;1.3753799392097263
8994.0;1.3525835866261398
9000.0;1.4285714285714286
9006.0;1.3981762917933132
9012.0;0.9118541033434651
9018.0;1.28419452887538
9024.0;1.3145896656534954
9030.0;1.4285714285714286
9036.0;1.3221884498480243
9042.0;1.1018237082066868
9048.0;1.6793313069908815
9054.0;1.5957446808510638
9060.0;2.370820668693009
9066.0;1.9452887537993921
9072.0;1.8541033434650456
9078.0;2.1580547112462005
9084.0;1.952887537993921
9090.0;1.7933130699088147
9096.0;1.5197568389057752
9102.0;1.3069908814589666
9108.0;1.6717325227963526
9114.0;1.4969604863221884
9120.0;1.2310030395136777
9126.0;1.0562310030395137
9132.0;1.1246200607902737
9138.0;1.4209726443768997
9144.0;1.2386018237082066
9150.0;1.0486322188449848
9156.0;1.3525835866261398
9162.0;1.762917933130699
9168.0;1.7477203647416413
9174.0;2.3404255319148937
9180.0;2.4468085106382977
9186.0;1.7173252279635258
9192.0;1.6261398176291793
9198.0;1.5425531914893618
9204.0;2.066869300911854
9210.0;2.059270516717325
9216.0;1.641337386018237
9222.0;1.0790273556231003
9228.0;1.2613981762917934
9234.0;1.9756838905775076
9240.0;1.6261398176291793
9246.0;1.094224924012158
9252.0;1.1094224924012157
9258.0;1.458966565349544
9264.0;1.2234042553191489
9270.0;1.094224924012158
9276.0;1.2006079027355623
9282.0;1.4893617021276595
9288.0;1.778115501519757
9294.0;2.317629179331307
9300.0;2.059270516717325
9306.0;2.211246200607903
9312.0;2.325227963525836
9318.0;1.5729483282674772
9324.0;2.1580547112462005
9330.0;2.1124620060790273
9336.0;1.4133738601823709
9342.0;1.4437689969604863
9348.0;1.702127659574468
9354.0;1.4513677811550152
9360.0;1.3981762917933132
9366.0;0.851063829787234
9372.0;0.9422492401215805
9378.0;1.162613981762918
9384.0;1.527355623100304
9390.0;1.4969604863221884
9396.0;1.4513677811550152
9402.0;1.0866261398176291
9408.0;1.641337386018237
9414.0;2.2036474164133737
9420.0;2.059270516717325
9426.0;2.196048632218845
9432.0;2.4848024316109423
9438.0;2.2416413373860182
9444.0;1.884498480243161
9450.0;1.7325227963525835
9456.0;1.5197568389057752
9462.0;1.2006079027355623
9468.0;1.6945288753799392
9474.0;1.1094224924012157
9480.0;1.3829787234042554
9486.0;0.7142857142857143
9492.0;1.0790273556231003
9498.0;1.656534954407295
9504.0;1.5653495440729484
9510.0;1.3601823708206686
9516.0;1.4513677811550152
9522.0;1.4285714285714286
9528.0;1.4437689969604863
9534.0;2.454407294832827
9540.0;2.1124620060790273
9546.0;2.811550151975684
9552.0;2.066869300911854
9558.0;2.43161094224924
9564.0;2.1732522796352582
9570.0;2.2416413373860182
9576.0;1.7401215805471124
9582.0;1.1398176291793314
9588.0;1.3677811550151975
9594.0;1.21580547112462
9600.0;1.3145896656534954
9606.0;1.7249240121580547
9612.0;0.9650455927051672
9618.0;1.2386018237082066
9624.0;1.3829787234042554
9630.0;1.5045592705167172
9636.0;1.656534954407295
9642.0;1.094224924012158
9648.0;1.6945288753799392
9654.0;1.9908814589665653
9660.0;2.743161094224924
9666.0;1.9376899696048633
9672.0;1.9680851063829787
9678.0;1.8768996960486322
9684.0;2.196048632218845
9690.0;1.8996960486322187
9696.0;1.6945288753799392
9702.0;1.8161094224924013
9708.0;1.534954407294833
9714.0;1.3677811550151975
9720.0;1.534954407294833
9726.0;1.2310030395136777
9732.0;0.9270516717325228
9738.0;1.3829787234042554
9744.0;1.2537993920972645
9750.0;1.466565349544073
9756.0;1.2234042553191489
9762.0;0.9802431610942249
9768.0;1.5653495440729484
9774.0;2.234042553191489
9780.0;1.702127659574468
9786.0;1.6793313069908815
9792.0;2.150455927051672
9798.0;2.4012158054711246
9804.0;2.142857142857143
9810.0;1.7933130699088147
9816.0;1.3525835866261398
9822.0;1.534954407294833
9828.0;1.7705167173252279
9834.0;1.6641337386018238
9840.0;1.2993920972644377
9846.0;0.9042553191489362
9852.0;0.8586626139817629
9858.0;0.9270516717325228
9864.0;1.3677811550151975
9870.0;1.3525835866261398
9876.0;1.3981762917933132
9882.0;1.4893617021276595
9888.0;1.21580547112462
9894.0;2.2720364741641337
9900.0;1.9756838905775076
9906.0;2.613981762917933
9912.0;2.5531914893617023
9918.0;1.952887537993921
9924.0;2.9559270516717326
9930.0;1.4741641337386018
9936.0;1.762917933130699
9942.0;1.656534954407295
9948.0;1.8389057750759878
9954.0;2.066869300911854
9960.0;1.8085106382978724
9966.0;1.6869300911854104
9972.0;1.6261398176291793
9978.0;0.9346504559270516
9984.0;1.0714285714285714
9990.0;1.1246200607902737
9996.0;1.6109422492401215
10002.0;1.5197568389057752
10008.0;1.512158054711246
10014.0;2.1732522796352582
10020.0;2.135258358662614
10026.0;2.0516717325227964
10032.0;2.7583586626139818
10038.0;2.074468085106383
10044.0;2.6671732522796354
10050.0;2.3404255319148937
10056.0;1.580547112462006
10062.0;1.458966565349544
10068.0;1.5653495440729484
10074.0;1.1170212765957446
10080.0;1.3145896656534954
10086.0;1.041033434650456
10092.0;1.3753799392097263
10098.0;1.527355623100304
10104.0;1.344984802431611
10110.0;1.1398176291793314
10116.0;1.458966565349544
10122.0;1.1398176291793314
10128.0;1.8237082066869301
10134.0;1.6033434650455927
10140.0;1.8541033434650456
10146.0;2.0440729483282674
10152.0;1.884498480243161
10158.0;2.0060790273556233
10164.0;2.0972644376899696
10170.0;1.2462006079027355
10176.0;1.2310030395136777
10182.0;1.3525835866261398
10188.0;0.9726443768996961
10194.0;1.6641337386018238
10200.0;1.3981762917933132
10206.0;1.2006079027355623
10212.0;0.851063829787234
10218.0;0.8890577507598785
10224.0;1.0562310030395137
10230.0;1.0790273556231003
10236.0;1.1854103343465046
10242.0;1.1702127659574468
10248.0;1.6109422492401215
10254.0;2.1200607902735564
10260.0;1.8465045592705167
10266.0;2.0060790273556233
10272.0;2.522796352583587
10278.0;1.8996960486322187
10284.0;1.9300911854103344
10290.0;2.2720364741641337
10296.0;1.4817629179331306
10302.0;1.5957446808510638
10308.0;1.5197568389057752
10314.0;1.588145896656535
10320.0;1.155015197568389
10326.0;1.1398176291793314
10332.0;0.9270516717325228
10338.0;1.2993920972644377
10344.0;1.5501519756838906
10350.0;1.4285714285714286
10356.0;1.4893617021276595
10362.0;1.3525835866261398
10368.0;2.0896656534954405
10374.0;2.386018237082067
10380.0;1.512158054711246
10386.0;2.234042553191489
10392.0;1.6261398176291793
10398.0;1.580547112462006
10404.0;1.7933130699088147
10410.0;2.188449848024316
10416.0;1.5957446808510638
10422.0;1.3905775075987843
10428.0;1.3601823708206686
10434.0;1.2689969604863223
10440.0;1.1398176291793314
10446.0;0.8814589665653495
10452.0;1.0714285714285714
10458.0;1.094224924012158
10464.0;1.3145896656534954
10470.0;1.3145896656534954
10476.0;1.4361702127659575
10482.0;1.094224924012158
10488.0;1.580547112462006
10494.0;1.9148936170212767
10500.0;2.2188449848024314
10506.0;2.507598784194529
10512.0;1.9908814589665653
10518.0;2.2416413373860182
10524.0;2.5911854103343464
10530.0;2.0896656534954405
10536.0;1.7249240121580547
10542.0;1.3905775075987843
10548.0;1.5653495440729484
10554.0;1.7173252279635258
10560.0;1.7173252279635258
10566.0;1.4133738601823709
10572.0;1.3601823708206686
10578.0;1.2689969604863223
10584.0;1.8161094224924013
10590.0;1.2765957446808511
10596.0;1.094224924012158
10602.0;1.5045592705167172
10608.0;1.4285714285714286
10614.0;2.1200607902735564
10620.0;2.1124620060790273
10626.0;1.884498480243161
10632.0;1.762917933130699
10638.0;1.7857142857142858
10644.0;2.545592705167173
10650.0;2.0896656534954405
10656.0;1.648936170212766
10662.0;1.6185410334346504
10668.0;1.458966565349544
10674.0;1.466565349544073
10680.0;1.8389057750759878
10686.0;1.21580547112462
10692.0;1.094224924012158
10698.0;1.1854103343465046
10704.0;0.9270516717325228
10710.0;1.0486322188449848
10716.0;0.9574468085106383
10722.0;1.1246200607902737
10728.0;1.466565349544073
10734.0;2.127659574468085
10740.0;1.762917933130699
10746.0;1.8693009118541033
10752.0;1.4437689969604863
10758.0;1.884498480243161
10764.0;2.2036474164133737
10770.0;2.188449848024316
10776.0;1.656534954407295
10782.0;1.8161094224924013
10788.0;1.4285714285714286
10794.0;1.6869300911854104
