#auto generated file!
6.0;0.0
12.0;0.0
18.0;0.05319148936170213
24.0;0.2127659574468085
30.0;0.07598784194528875
36.0;0.0
42.0;0.13677811550151975
48.0;0.0911854103343465
54.0;0.2735562310030395
60.0;0.3495440729483283
66.0;0.3951367781155015
72.0;0.25835866261398177
78.0;0.23556231003039513
84.0;0.32674772036474165
90.0;0.23556231003039513
96.0;0.22036474164133737
102.0;0.08358662613981763
108.0;0.06838905775075987
114.0;0.1519756838905775
120.0;0.23556231003039513
126.0;0.037993920972644375
132.0;0.12917933130699089
138.0;0.14437689969604864
144.0;0.11398176291793313
150.0;0.14437689969604864
156.0;0.08358662613981763
162.0;0.35714285714285715
168.0;0.1899696048632219
174.0;0.2507598784194529
180.0;0.20516717325227962
186.0;0.2507598784194529
192.0;0.2811550151975684
198.0;0.29635258358662614
204.0;0.19756838905775076
210.0;0.12917933130699089
216.0;0.1595744680851064
222.0;0.14437689969604864
228.0;0.14437689969604864
234.0;0.20516717325227962
240.0;0.1595744680851064
246.0;0.1899696048632219
252.0;0.1899696048632219
258.0;0.1519756838905775
264.0;0.2735562310030395
270.0;0.12158054711246201
276.0;0.2127659574468085
282.0;0.07598784194528875
288.0;0.06838905775075987
294.0;0.14437689969604864
300.0;0.06838905775075987
306.0;0.09878419452887538
312.0;0.23556231003039513
318.0;0.34194528875379937
324.0;0.4939209726443769
330.0;0.13677811550151975
336.0;0.13677811550151975
342.0;0.25835866261398177
348.0;0.04559270516717325
354.0;0.07598784194528875
360.0;0.182370820668693
366.0;0.13677811550151975
372.0;0.07598784194528875
378.0;0.0911854103343465
384.0;0.16717325227963525
390.0;0.19756838905775076
396.0;0.07598784194528875
402.0;0.007598784194528876
408.0;0.19756838905775076
414.0;0.16717325227963525
420.0;0.12158054711246201
426.0;0.3191489361702128
432.0;0.303951367781155
438.0;0.182370820668693
444.0;0.3799392097264438
450.0;0.2127659574468085
456.0;0.0911854103343465
462.0;0.13677811550151975
468.0;0.22796352583586627
474.0;0.25835866261398177
480.0;0.12158054711246201
486.0;0.19756838905775076
492.0;0.19756838905775076
498.0;0.25835866261398177
504.0;0.13677811550151975
510.0;0.364741641337386
516.0;0.12158054711246201
522.0;0.16717325227963525
528.0;0.16717325227963525
534.0;0.19756838905775076
540.0;0.2127659574468085
546.0;0.3191489361702128
552.0;0.364741641337386
558.0;0.3343465045592705
564.0;0.1519756838905775
570.0;0.303951367781155
576.0;0.25835866261398177
582.0;0.12158054711246201
588.0;0.08358662613981763
594.0;0.1595744680851064
600.0;0.06838905775075987
606.0;0.06838905775075987
612.0;0.1899696048632219
618.0;0.12917933130699089
624.0;0.22036474164133737
630.0;0.16717325227963525
636.0;0.2127659574468085
642.0;0.16717325227963525
648.0;0.07598784194528875
654.0;0.10638297872340426
660.0;0.2887537993920973
666.0;0.45592705167173253
672.0;0.1519756838905775
678.0;0.3343465045592705
684.0;0.303951367781155
690.0;0.2127659574468085
696.0;0.1519756838905775
702.0;0.10638297872340426
708.0;0.030395136778115502
714.0;0.14437689969604864
720.0;0.17477203647416414
726.0;0.06838905775075987
732.0;0.06838905775075987
738.0;0.08358662613981763
744.0;0.12917933130699089
750.0;0.1595744680851064
756.0;0.09878419452887538
762.0;0.08358662613981763
768.0;0.11398176291793313
774.0;0.09878419452887538
780.0;0.2811550151975684
786.0;0.2811550151975684
792.0;0.05319148936170213
798.0;0.26595744680851063
804.0;0.11398176291793313
810.0;0.037993920972644375
816.0;0.11398176291793313
822.0;0.1595744680851064
828.0;0.17477203647416414
834.0;0.1595744680851064
840.0;0.09878419452887538
846.0;0.06838905775075987
852.0;0.007598784194528876
858.0;0.1595744680851064
864.0;0.17477203647416414
870.0;0.05319148936170213
876.0;0.09878419452887538
882.0;0.08358662613981763
888.0;0.17477203647416414
894.0;0.364741641337386
900.0;0.29635258358662614
906.0;0.29635258358662614
912.0;0.4027355623100304
918.0;0.3495440729483283
924.0;0.31155015197568386
930.0;0.2811550151975684
936.0;0.20516717325227962
942.0;0.19756838905775076
948.0;0.16717325227963525
954.0;0.13677811550151975
960.0;0.22796352583586627
966.0;0.07598784194528875
972.0;0.04559270516717325
978.0;0.2127659574468085
984.0;0.25835866261398177
990.0;0.1519756838905775
996.0;0.07598784194528875
1002.0;0.12158054711246201
1008.0;0.19756838905775076
1014.0;0.182370820668693
1020.0;0.2127659574468085
1026.0;0.182370820668693
1032.0;0.1519756838905775
1038.0;0.26595744680851063
1044.0;0.17477203647416414
1050.0;0.38753799392097266
1056.0;0.11398176291793313
1062.0;0.08358662613981763
1068.0;0.12158054711246201
1074.0;0.31155015197568386
1080.0;0.12917933130699089
1086.0;0.12917933130699089
1092.0;0.12917933130699089
1098.0;0.12917933130699089
1104.0;0.2127659574468085
1110.0;0.06838905775075987
1116.0;0.11398176291793313
1122.0;0.06838905775075987
1128.0;0.11398176291793313
1134.0;0.2811550151975684
1140.0;0.23556231003039513
1146.0;0.31155015197568386
1152.0;0.20516717325227962
1158.0;0.12917933130699089
1164.0;0.23556231003039513
1170.0;0.32674772036474165
1176.0;0.22036474164133737
1182.0;0.17477203647416414
1188.0;0.1595744680851064
1194.0;0.12917933130699089
1200.0;0.06838905775075987
1206.0;0.09878419452887538
1212.0;0.12917933130699089
1218.0;0.1899696048632219
1224.0;0.25835866261398177
1230.0;0.2507598784194529
1236.0;0.09878419452887538
1242.0;0.11398176291793313
1248.0;0.182370820668693
1254.0;0.1899696048632219
1260.0;0.2811550151975684
1266.0;0.1899696048632219
1272.0;0.1899696048632219
1278.0;0.47112462006079026
1284.0;0.3799392097264438
1290.0;0.24316109422492402
1296.0;0.22796352583586627
1302.0;0.1519756838905775
1308.0;0.16717325227963525
1314.0;0.17477203647416414
1320.0;0.182370820668693
1326.0;0.1519756838905775
1332.0;0.24316109422492402
1338.0;0.16717325227963525
1344.0;0.2127659574468085
1350.0;0.2735562310030395
1356.0;0.25835866261398177
1362.0;0.182370820668693
1368.0;0.12158054711246201
1374.0;0.22796352583586627
1380.0;0.25835866261398177
1386.0;0.19756838905775076
1392.0;0.22796352583586627
1398.0;0.1595744680851064
1404.0;0.1899696048632219
1410.0;0.2811550151975684
1416.0;0.2507598784194529
1422.0;0.09878419452887538
1428.0;0.09878419452887538
1434.0;0.12917933130699089
1440.0;0.22036474164133737
1446.0;0.06838905775075987
1452.0;0.14437689969604864
1458.0;0.1899696048632219
1464.0;0.11398176291793313
1470.0;0.1899696048632219
1476.0;0.11398176291793313
1482.0;0.17477203647416414
1488.0;0.29635258358662614
1494.0;0.2507598784194529
1500.0;0.22036474164133737
1506.0;0.23556231003039513
1512.0;0.12917933130699089
1518.0;0.364741641337386
1524.0;0.3723404255319149
1530.0;0.31155015197568386
1536.0;0.037993920972644375
1542.0;0.1595744680851064
1548.0;0.13677811550151975
1554.0;0.23556231003039513
1560.0;0.06838905775075987
1566.0;0.1899696048632219
1572.0;0.1595744680851064
1578.0;0.22036474164133737
1584.0;0.26595744680851063
1590.0;0.08358662613981763
1596.0;0.14437689969604864
1602.0;0.08358662613981763
1608.0;0.2507598784194529
1614.0;0.29635258358662614
1620.0;0.23556231003039513
1626.0;0.007598784194528876
1632.0;0.2507598784194529
1638.0;0.13677811550151975
1644.0;0.35714285714285715
1650.0;0.14437689969604864
1656.0;0.05319148936170213
1662.0;0.17477203647416414
1668.0;0.09878419452887538
1674.0;0.2507598784194529
1680.0;0.1899696048632219
1686.0;0.1595744680851064
1692.0;0.06838905775075987
1698.0;0.14437689969604864
1704.0;0.1899696048632219
1710.0;0.1899696048632219
1716.0;0.14437689969604864
1722.0;0.12917933130699089
1728.0;0.20516717325227962
1734.0;0.2507598784194529
1740.0;0.32674772036474165
1746.0;0.20516717325227962
1752.0;0.20516717325227962
1758.0;0.19756838905775076
1764.0;0.3343465045592705
1770.0;0.24316109422492402
1776.0;0.1519756838905775
1782.0;0.0911854103343465
1788.0;0.07598784194528875
1794.0;0.0911854103343465
1800.0;0.182370820668693
1806.0;0.16717325227963525
1812.0;0.04559270516717325
1818.0;0.24316109422492402
1824.0;0.16717325227963525
1830.0;0.0911854103343465
1836.0;0.24316109422492402
1842.0;0.1519756838905775
1848.0;0.19756838905775076
1854.0;0.2127659574468085
1860.0;0.10638297872340426
1866.0;0.24316109422492402
1872.0;0.2735562310030395
1878.0;0.1519756838905775
1884.0;0.3799392097264438
1890.0;0.3495440729483283
1896.0;0.2127659574468085
1902.0;0.22796352583586627
1908.0;0.09878419452887538
1914.0;0.2507598784194529
1920.0;0.182370820668693
1926.0;0.12158054711246201
1932.0;0.2127659574468085
1938.0;0.2735562310030395
1944.0;0.3495440729483283
1950.0;0.1519756838905775
1956.0;0.0911854103343465
1962.0;0.24316109422492402
1968.0;0.23556231003039513
1974.0;0.29635258358662614
1980.0;0.31155015197568386
1986.0;0.17477203647416414
1992.0;0.31155015197568386
1998.0;0.17477203647416414
2004.0;0.4331306990881459
2010.0;0.08358662613981763
2016.0;0.2507598784194529
2022.0;0.12917933130699089
2028.0;0.030395136778115502
2034.0;0.2507598784194529
2040.0;0.23556231003039513
2046.0;0.14437689969604864
2052.0;0.14437689969604864
2058.0;0.12158054711246201
2064.0;0.10638297872340426
2070.0;0.25835866261398177
2076.0;0.0911854103343465
2082.0;0.07598784194528875
2088.0;0.0911854103343465
2094.0;0.07598784194528875
2100.0;0.19756838905775076
2106.0;0.3495440729483283
2112.0;0.303951367781155
2118.0;0.2887537993920973
2124.0;0.44832826747720367
2130.0;0.3723404255319149
2136.0;0.17477203647416414
2142.0;0.12917933130699089
2148.0;0.09878419452887538
2154.0;0.23556231003039513
2160.0;0.17477203647416414
2166.0;0.08358662613981763
2172.0;0.11398176291793313
2178.0;0.17477203647416414
2184.0;0.23556231003039513
2190.0;0.23556231003039513
2196.0;0.22036474164133737
2202.0;0.05319148936170213
2208.0;0.16717325227963525
2214.0;0.3951367781155015
2220.0;0.07598784194528875
2226.0;0.3495440729483283
2232.0;0.16717325227963525
2238.0;0.19756838905775076
2244.0;0.1519756838905775
2250.0;0.22796352583586627
2256.0;0.10638297872340426
2262.0;0.12158054711246201
2268.0;0.1899696048632219
2274.0;0.19756838905775076
2280.0;0.44072948328267475
2286.0;0.10638297872340426
2292.0;0.13677811550151975
2298.0;0.10638297872340426
2304.0;0.20516717325227962
2310.0;0.20516717325227962
2316.0;0.09878419452887538
2322.0;0.05319148936170213
2328.0;0.23556231003039513
2334.0;0.17477203647416414
2340.0;0.31155015197568386
2346.0;0.4331306990881459
2352.0;0.1595744680851064
2358.0;0.182370820668693
2364.0;0.20516717325227962
2370.0;0.2507598784194529
2376.0;0.08358662613981763
2382.0;0.05319148936170213
2388.0;0.09878419452887538
2394.0;0.11398176291793313
2400.0;0.07598784194528875
2406.0;0.13677811550151975
2412.0;0.10638297872340426
2418.0;0.10638297872340426
2424.0;0.23556231003039513
2430.0;0.060790273556231005
2436.0;0.182370820668693
2442.0;0.09878419452887538
2448.0;0.10638297872340426
2454.0;0.3495440729483283
2460.0;0.16717325227963525
2466.0;0.41033434650455924
2472.0;0.303951367781155
2478.0;0.3799392097264438
2484.0;0.364741641337386
2490.0;0.182370820668693
2496.0;0.19756838905775076
2502.0;0.2127659574468085
2508.0;0.2127659574468085
2514.0;0.20516717325227962
2520.0;0.3495440729483283
2526.0;0.07598784194528875
2532.0;0.10638297872340426
2538.0;0.13677811550151975
2544.0;0.19756838905775076
2550.0;0.24316109422492402
2556.0;0.16717325227963525
2562.0;0.10638297872340426
2568.0;0.182370820668693
2574.0;0.34194528875379937
2580.0;0.12158054711246201
2586.0;0.364741641337386
2592.0;0.2735562310030395
2598.0;0.19756838905775076
2604.0;0.303951367781155
2610.0;0.2887537993920973
2616.0;0.182370820668693
2622.0;0.13677811550151975
2628.0;0.16717325227963525
2634.0;0.182370820668693
2640.0;0.25835866261398177
2646.0;0.0911854103343465
2652.0;0.060790273556231005
2658.0;0.25835866261398177
2664.0;0.182370820668693
2670.0;0.12158054711246201
2676.0;0.12158054711246201
2682.0;0.13677811550151975
2688.0;0.1519756838905775
2694.0;0.3495440729483283
2700.0;0.10638297872340426
2706.0;0.13677811550151975
2712.0;0.2507598784194529
2718.0;0.47112462006079026
2724.0;0.3495440729483283
2730.0;0.182370820668693
2736.0;0.1519756838905775
2742.0;0.2735562310030395
2748.0;0.2127659574468085
2754.0;0.23556231003039513
2760.0;0.22036474164133737
2766.0;0.06838905775075987
2772.0;0.09878419452887538
2778.0;0.14437689969604864
2784.0;0.1595744680851064
2790.0;0.14437689969604864
2796.0;0.17477203647416414
2802.0;0.23556231003039513
2808.0;0.1595744680851064
2814.0;0.2735562310030395
2820.0;0.35714285714285715
2826.0;0.2811550151975684
2832.0;0.22036474164133737
2838.0;0.17477203647416414
2844.0;0.303951367781155
2850.0;0.12158054711246201
2856.0;0.13677811550151975
2862.0;0.16717325227963525
2868.0;0.1595744680851064
2874.0;0.19756838905775076
2880.0;0.19756838905775076
2886.0;0.19756838905775076
2892.0;0.14437689969604864
2898.0;0.2127659574468085
2904.0;0.25835866261398177
2910.0;0.13677811550151975
2916.0;0.182370820668693
2922.0;0.1519756838905775
2928.0;0.2127659574468085
2934.0;0.425531914893617
2940.0;0.13677811550151975
2946.0;0.2735562310030395
2952.0;0.182370820668693
2958.0;0.12158054711246201
2964.0;0.2735562310030395
2970.0;0.22796352583586627
2976.0;0.3343465045592705
2982.0;0.10638297872340426
2988.0;0.2735562310030395
2994.0;0.19756838905775076
3000.0;0.1519756838905775
3006.0;0.0911854103343465
3012.0;0.12158054711246201
3018.0;0.19756838905775076
3024.0;0.16717325227963525
3030.0;0.25835866261398177
3036.0;0.182370820668693
3042.0;0.16717325227963525
3048.0;0.015197568389057751
3054.0;0.08358662613981763
3060.0;0.3723404255319149
3066.0;0.20516717325227962
3072.0;0.29635258358662614
3078.0;0.22796352583586627
3084.0;0.26595744680851063
3090.0;0.22036474164133737
3096.0;0.1595744680851064
3102.0;0.1595744680851064
3108.0;0.022796352583586626
3114.0;0.14437689969604864
3120.0;0.2507598784194529
3126.0;0.11398176291793313
3132.0;0.08358662613981763
3138.0;0.05319148936170213
3144.0;0.06838905775075987
3150.0;0.11398176291793313
3156.0;0.22036474164133737
3162.0;0.13677811550151975
3168.0;0.22036474164133737
3174.0;0.20516717325227962
3180.0;0.364741641337386
3186.0;0.22796352583586627
3192.0;0.31155015197568386
3198.0;0.1899696048632219
3204.0;0.25835866261398177
3210.0;0.0911854103343465
3216.0;0.13677811550151975
3222.0;0.04559270516717325
3228.0;0.10638297872340426
3234.0;0.1595744680851064
3240.0;0.11398176291793313
3246.0;0.14437689969604864
3252.0;0.29635258358662614
3258.0;0.23556231003039513
3264.0;0.14437689969604864
3270.0;0.09878419452887538
3276.0;0.11398176291793313
3282.0;0.08358662613981763
3288.0;0.16717325227963525
3294.0;0.24316109422492402
3300.0;0.41033434650455924
3306.0;0.2887537993920973
3312.0;0.2735562310030395
3318.0;0.41033434650455924
3324.0;0.2887537993920973
3330.0;0.25835866261398177
3336.0;0.1519756838905775
3342.0;0.07598784194528875
3348.0;0.10638297872340426
3354.0;0.2735562310030395
3360.0;0.24316109422492402
3366.0;0.13677811550151975
3372.0;0.13677811550151975
3378.0;0.16717325227963525
3384.0;0.12158054711246201
3390.0;0.07598784194528875
3396.0;0.10638297872340426
3402.0;0.04559270516717325
3408.0;0.29635258358662614
3414.0;0.34194528875379937
3420.0;0.26595744680851063
3426.0;0.35714285714285715
3432.0;0.31155015197568386
3438.0;0.19756838905775076
3444.0;0.29635258358662614
3450.0;0.20516717325227962
3456.0;0.11398176291793313
3462.0;0.09878419452887538
3468.0;0.17477203647416414
3474.0;0.14437689969604864
3480.0;0.05319148936170213
3486.0;0.08358662613981763
3492.0;0.12917933130699089
3498.0;0.0911854103343465
3504.0;0.0911854103343465
3510.0;0.20516717325227962
3516.0;0.17477203647416414
3522.0;0.11398176291793313
3528.0;0.07598784194528875
3534.0;0.2811550151975684
3540.0;0.14437689969604864
3546.0;0.17477203647416414
3552.0;0.20516717325227962
3558.0;0.38753799392097266
3564.0;0.22036474164133737
3570.0;0.45592705167173253
3576.0;0.0911854103343465
3582.0;0.16717325227963525
3588.0;0.13677811550151975
3594.0;0.1519756838905775
