#auto generated file!
6.0;0.0
12.0;0.6666666666666666
18.0;4.5
24.0;7.166666666666667
30.0;6.0
36.0;9.333333333333334
42.0;10.666666666666666
48.0;13.333333333333334
54.0;21.5
60.0;18.666666666666668
66.0;17.333333333333332
72.0;15.666666666666666
78.0;13.5
84.0;14.833333333333334
90.0;19.666666666666668
96.0;15.666666666666666
102.0;14.666666666666666
108.0;20.5
114.0;13.333333333333334
120.0;16.666666666666668
126.0;15.666666666666666
132.0;4.666666666666667
138.0;8.666666666666666
144.0;21.833333333333332
150.0;14.333333333333334
156.0;12.333333333333334
162.0;13.666666666666666
168.0;19.333333333333332
174.0;23.5
180.0;23.666666666666668
186.0;15.666666666666666
192.0;12.666666666666666
198.0;16.333333333333332
204.0;15.833333333333334
210.0;18.333333333333332
216.0;11.666666666666666
222.0;12.666666666666666
228.0;10.833333333333334
234.0;21.0
240.0;15.0
246.0;8.0
252.0;7.666666666666667
258.0;10.0
264.0;11.333333333333334
270.0;9.666666666666666
276.0;14.0
282.0;15.333333333333334
288.0;17.0
294.0;17.333333333333332
300.0;18.333333333333332
306.0;21.0
312.0;14.333333333333334
318.0;16.333333333333332
324.0;19.666666666666668
330.0;18.0
336.0;14.333333333333334
342.0;14.0
348.0;11.666666666666666
354.0;12.5
360.0;20.666666666666668
366.0;17.333333333333332
372.0;17.0
378.0;12.166666666666666
384.0;16.333333333333332
390.0;16.666666666666668
396.0;15.0
402.0;13.333333333333334
408.0;12.333333333333334
414.0;17.0
420.0;20.333333333333332
426.0;15.0
432.0;17.333333333333332
438.0;18.666666666666668
444.0;14.0
450.0;9.0
456.0;15.666666666666666
462.0;10.666666666666666
468.0;12.666666666666666
474.0;14.333333333333334
480.0;10.333333333333334
486.0;9.333333333333334
492.0;13.0
498.0;24.5
504.0;19.0
510.0;13.666666666666666
516.0;21.0
522.0;10.666666666666666
528.0;16.666666666666668
534.0;24.833333333333332
540.0;22.333333333333332
546.0;17.333333333333332
552.0;15.333333333333334
558.0;15.0
564.0;17.333333333333332
570.0;16.333333333333332
576.0;16.0
582.0;7.666666666666667
588.0;12.666666666666666
594.0;16.0
600.0;13.0
606.0;12.666666666666666
612.0;9.333333333333334
618.0;10.833333333333334
624.0;13.333333333333334
630.0;14.0
636.0;14.666666666666666
642.0;13.666666666666666
648.0;9.666666666666666
654.0;15.0
660.0;17.333333333333332
666.0;12.666666666666666
672.0;14.333333333333334
678.0;18.666666666666668
684.0;22.5
690.0;12.333333333333334
696.0;16.0
702.0;17.0
708.0;16.0
714.0;12.0
720.0;14.666666666666666
726.0;10.0
732.0;9.333333333333334
738.0;16.333333333333332
744.0;11.166666666666666
750.0;13.666666666666666
756.0;11.0
762.0;9.333333333333334
768.0;16.666666666666668
774.0;30.5
780.0;26.0
786.0;15.666666666666666
792.0;17.333333333333332
798.0;12.666666666666666
804.0;17.666666666666668
810.0;16.333333333333332
816.0;15.0
822.0;13.0
828.0;16.166666666666668
834.0;16.333333333333332
840.0;11.0
846.0;11.0
852.0;15.333333333333334
858.0;12.666666666666666
864.0;14.0
870.0;14.333333333333334
876.0;15.666666666666666
882.0;10.333333333333334
888.0;13.333333333333334
894.0;20.666666666666668
900.0;16.0
906.0;19.0
912.0;20.333333333333332
918.0;17.0
924.0;14.333333333333334
930.0;15.0
936.0;13.333333333333334
942.0;14.333333333333334
948.0;10.0
954.0;15.833333333333334
960.0;18.333333333333332
966.0;14.0
972.0;11.333333333333334
978.0;14.0
984.0;20.5
990.0;10.666666666666666
996.0;14.666666666666666
1002.0;8.666666666666666
1008.0;13.666666666666666
1014.0;29.0
1020.0;25.666666666666668
1026.0;19.333333333333332
1032.0;19.666666666666668
1038.0;14.166666666666666
1044.0;16.0
1050.0;12.666666666666666
1056.0;7.333333333333333
1062.0;9.0
1068.0;18.0
1074.0;17.666666666666668
1080.0;16.0
1086.0;10.666666666666666
1092.0;9.5
1098.0;12.0
1104.0;9.5
1110.0;18.333333333333332
1116.0;11.666666666666666
1122.0;8.833333333333334
1128.0;7.0
1134.0;18.833333333333332
1140.0;18.666666666666668
1146.0;18.0
1152.0;13.5
1158.0;12.0
1164.0;16.833333333333332
1170.0;19.666666666666668
1176.0;20.0
1182.0;12.333333333333334
1188.0;9.333333333333334
1194.0;14.666666666666666
