#auto generated file!
6.0;0.0
12.0;0.6666666666666666
18.0;13.0
24.0;12.833333333333334
30.0;34.0
36.0;35.666666666666664
42.0;77.83333333333333
48.0;94.83333333333333
54.0;98.16666666666667
60.0;87.33333333333333
66.0;93.66666666666667
72.0;93.66666666666667
78.0;82.66666666666667
84.0;87.0
90.0;92.66666666666667
96.0;88.0
102.0;88.66666666666667
108.0;87.66666666666667
114.0;97.83333333333333
120.0;95.5
126.0;78.33333333333333
132.0;92.66666666666667
138.0;73.33333333333333
144.0;77.5
150.0;90.0
156.0;86.33333333333333
162.0;94.33333333333333
168.0;96.66666666666667
174.0;97.33333333333333
180.0;96.66666666666667
186.0;95.33333333333333
192.0;92.33333333333333
198.0;90.66666666666667
204.0;89.16666666666667
210.0;91.5
216.0;82.0
222.0;91.0
228.0;91.33333333333333
234.0;91.0
240.0;93.33333333333333
246.0;95.66666666666667
252.0;81.83333333333333
258.0;87.0
264.0;79.5
270.0;84.66666666666667
276.0;86.33333333333333
282.0;92.33333333333333
288.0;94.83333333333333
294.0;91.83333333333333
300.0;94.33333333333333
306.0;95.33333333333333
312.0;89.5
318.0;91.16666666666667
324.0;92.83333333333333
330.0;92.83333333333333
336.0;89.66666666666667
342.0;91.66666666666667
348.0;90.16666666666667
354.0;89.66666666666667
360.0;99.0
366.0;94.0
372.0;85.33333333333333
378.0;76.83333333333333
384.0;89.83333333333333
390.0;92.33333333333333
396.0;80.0
402.0;83.5
408.0;95.0
414.0;93.16666666666667
420.0;93.33333333333333
426.0;94.33333333333333
432.0;97.0
438.0;95.66666666666667
444.0;90.83333333333333
450.0;91.66666666666667
456.0;86.66666666666667
462.0;86.66666666666667
468.0;92.66666666666667
474.0;94.33333333333333
480.0;96.16666666666667
486.0;90.0
492.0;76.16666666666667
498.0;74.0
504.0;87.0
510.0;89.0
516.0;82.33333333333333
522.0;85.66666666666667
528.0;90.0
534.0;92.66666666666667
540.0;96.33333333333333
546.0;96.0
552.0;87.0
558.0;92.0
564.0;80.0
570.0;85.0
576.0;87.0
582.0;94.33333333333333
588.0;89.83333333333333
594.0;93.83333333333333
600.0;87.66666666666667
606.0;89.0
612.0;82.66666666666667
618.0;91.33333333333333
624.0;72.5
630.0;88.66666666666667
636.0;95.66666666666667
642.0;83.66666666666667
648.0;92.16666666666667
654.0;92.83333333333333
660.0;99.0
666.0;92.66666666666667
672.0;91.33333333333333
678.0;92.16666666666667
684.0;89.0
690.0;87.33333333333333
696.0;89.0
702.0;82.33333333333333
708.0;88.5
714.0;83.83333333333333
720.0;92.66666666666667
726.0;95.33333333333333
732.0;93.5
738.0;90.0
744.0;88.33333333333333
750.0;79.0
756.0;85.66666666666667
762.0;90.0
768.0;96.83333333333333
774.0;89.5
780.0;96.66666666666667
786.0;91.33333333333333
792.0;91.16666666666667
798.0;88.5
804.0;90.83333333333333
810.0;89.33333333333333
816.0;93.0
822.0;93.0
828.0;88.0
834.0;92.83333333333333
840.0;88.0
846.0;91.66666666666667
852.0;94.33333333333333
858.0;85.16666666666667
864.0;87.33333333333333
870.0;87.0
876.0;89.66666666666667
882.0;92.0
888.0;96.5
894.0;88.0
900.0;94.5
906.0;99.33333333333333
912.0;82.66666666666667
918.0;87.5
924.0;88.83333333333333
930.0;91.16666666666667
936.0;79.66666666666667
942.0;90.5
948.0;91.66666666666667
954.0;94.5
960.0;97.66666666666667
966.0;95.33333333333333
972.0;79.83333333333333
978.0;64.5
984.0;72.33333333333333
990.0;85.66666666666667
996.0;89.0
1002.0;94.66666666666667
1008.0;92.66666666666667
1014.0;94.83333333333333
1020.0;97.33333333333333
1026.0;92.66666666666667
1032.0;95.33333333333333
1038.0;79.33333333333333
1044.0;67.16666666666667
1050.0;86.33333333333333
1056.0;83.66666666666667
1062.0;89.0
1068.0;90.66666666666667
1074.0;95.0
1080.0;86.33333333333333
1086.0;94.66666666666667
1092.0;88.0
1098.0;70.66666666666667
1104.0;79.0
1110.0;89.16666666666667
1116.0;87.66666666666667
1122.0;93.16666666666667
1128.0;92.5
1134.0;95.83333333333333
1140.0;95.5
1146.0;95.66666666666667
1152.0;92.66666666666667
1158.0;90.16666666666667
1164.0;91.5
1170.0;86.16666666666667
1176.0;84.33333333333333
1182.0;87.0
1188.0;88.33333333333333
1194.0;93.16666666666667
