#auto generated file!
6.0;0.0
12.0;0.12917933130699089
18.0;0.7446808510638298
24.0;2.0364741641337387
30.0;2.4088145896656536
36.0;2.9483282674772036
42.0;3.1686930091185412
48.0;3.7462006079027357
54.0;4.46048632218845
60.0;5.524316109422492
66.0;5.007598784194529
72.0;4.11854103343465
78.0;4.8936170212765955
84.0;5.121580547112462
90.0;4.544072948328267
96.0;3.6778115501519757
102.0;3.1914893617021276
108.0;3.5790273556231003
114.0;3.2674772036474162
120.0;3.860182370820669
126.0;2.857142857142857
132.0;1.8920972644376899
138.0;2.378419452887538
144.0;2.978723404255319
150.0;2.63677811550152
156.0;2.743161094224924
162.0;3.4422492401215807
168.0;3.7613981762917934
174.0;4.680851063829787
180.0;5.433130699088146
186.0;4.399696048632219
192.0;4.711246200607903
198.0;5.759878419452887
204.0;5.729483282674772
210.0;5.395136778115502
216.0;4.194528875379939
222.0;2.788753799392097
228.0;2.811550151975684
234.0;3.8069908814589666
240.0;3.533434650455927
246.0;2.864741641337386
252.0;2.2872340425531914
258.0;2.4848024316109423
264.0;3.1306990881458967
270.0;3.1914893617021276
276.0;3.905775075987842
282.0;3.24468085106383
288.0;4.39209726443769
294.0;4.604863221884498
300.0;5.151975683890577
306.0;5.433130699088146
312.0;5.091185410334346
318.0;4.703647416413374
324.0;5.433130699088146
330.0;4.2097264437689965
336.0;4.316109422492401
342.0;3.3890577507598785
348.0;3.974164133738602
354.0;3.9969604863221884
360.0;3.290273556231003
366.0;2.7203647416413372
372.0;2.378419452887538
378.0;2.5531914893617023
384.0;3.2142857142857144
390.0;3.2522796352583585
396.0;3.297872340425532
402.0;3.1914893617021276
408.0;4.103343465045593
414.0;4.050151975683891
420.0;4.475683890577508
426.0;4.300911854103344
432.0;4.703647416413374
438.0;4.293313069908814
444.0;5.592705167173253
450.0;4.4832826747720365
456.0;3.6322188449848025
462.0;3.9133738601823707
468.0;3.183890577507599
474.0;3.974164133738602
480.0;3.5714285714285716
486.0;3.2522796352583585
492.0;2.507598784194529
498.0;2.4620060790273555
504.0;2.9027355623100304
510.0;2.7735562310030395
516.0;3.860182370820669
522.0;4.027355623100304
528.0;4.3465045592705165
534.0;4.498480243161095
540.0;5.8890577507598785
546.0;4.908814589665654
552.0;4.589665653495441
558.0;4.924012158054711
564.0;5.045592705167174
570.0;4.5212765957446805
576.0;4.103343465045593
582.0;3.1306990881458967
588.0;3.054711246200608
594.0;3.6930091185410334
600.0;3.837386018237082
606.0;2.9635258358662613
612.0;2.2188449848024314
618.0;2.3556231003039514
624.0;3.054711246200608
630.0;3.556231003039514
636.0;3.3434650455927053
642.0;3.837386018237082
648.0;3.708206686930091
654.0;4.156534954407295
660.0;4.718844984802431
666.0;5.113981762917933
672.0;4.217325227963526
678.0;4.764437689969605
684.0;4.642857142857143
690.0;4.445288753799392
696.0;2.857142857142857
702.0;3.525835866261398
708.0;3.525835866261398
714.0;3.358662613981763
720.0;3.1306990881458967
726.0;2.7127659574468086
732.0;2.150455927051672
738.0;2.36322188449848
744.0;2.8343465045592704
750.0;3.0167173252279635
756.0;2.735562310030395
762.0;3.3890577507598785
768.0;4.133738601823708
774.0;4.764437689969605
780.0;5.1063829787234045
786.0;4.3465045592705165
792.0;4.354103343465046
798.0;4.52887537993921
804.0;6.35258358662614
810.0;4.59726443768997
816.0;4.080547112462006
822.0;3.5106382978723403
828.0;3.6322188449848025
834.0;3.472644376899696
840.0;3.31306990881459
846.0;2.9027355623100304
852.0;2.2796352583586628
858.0;2.234042553191489
864.0;3.10790273556231
870.0;3.837386018237082
876.0;3.472644376899696
882.0;3.708206686930091
888.0;4.194528875379939
894.0;4.095744680851064
900.0;4.574468085106383
906.0;3.768996960486322
912.0;4.52887537993921
918.0;5.243161094224924
924.0;5.281155015197569
930.0;5.121580547112462
936.0;4.156534954407295
942.0;3.115501519756839
948.0;3.1231003039513676
954.0;2.864741641337386
960.0;2.522796352583587
966.0;2.674772036474164
972.0;2.074468085106383
978.0;2.697568389057751
984.0;3.7462006079027357
990.0;3.776595744680851
996.0;3.411854103343465
1002.0;3.17629179331307
1008.0;4.072948328267477
1014.0;4.050151975683891
1020.0;4.437689969604863
1026.0;4.817629179331307
1032.0;4.4832826747720365
1038.0;5.0
1044.0;4.8936170212765955
1050.0;4.787234042553192
1056.0;3.3434650455927053
1062.0;3.221884498480243
1068.0;3.6246200607902734
1074.0;3.6930091185410334
1080.0;3.0623100303951367
1086.0;2.5
1092.0;2.4088145896656536
1098.0;2.264437689969605
1104.0;3.6702127659574466
1110.0;2.7963525835866263
1116.0;3.4422492401215807
1122.0;3.8753799392097266
1128.0;4.452887537993921
1134.0;3.655015197568389
1140.0;4.445288753799392
1146.0;4.7948328267477205
1152.0;4.5592705167173255
1158.0;4.4832826747720365
1164.0;4.650455927051672
1170.0;5.3419452887537995
1176.0;4.832826747720365
1182.0;3.7537993920972643
1188.0;3.6094224924012157
1194.0;3.6322188449848025
1200.0;4.057750759878419
1206.0;3.1231003039513676
1212.0;2.978723404255319
1218.0;2.4468085106382977
1224.0;3.0167173252279635
1230.0;2.9483282674772036
1236.0;3.3206686930091185
1242.0;2.857142857142857
1248.0;3.594224924012158
1254.0;5.227963525835866
1260.0;4.498480243161095
1266.0;5.927051671732523
1272.0;4.566869300911854
1278.0;5.159574468085107
1284.0;5.288753799392097
1290.0;4.6580547112462005
1296.0;3.9361702127659575
1302.0;3.4954407294832825
1308.0;3.594224924012158
1314.0;3.2142857142857144
1320.0;2.9635258358662613
1326.0;2.674772036474164
1332.0;1.8389057750759878
1338.0;2.682370820668693
1344.0;2.803951367781155
1350.0;3.6474164133738602
1356.0;3.0623100303951367
1362.0;3.24468085106383
1368.0;4.1109422492401215
1374.0;4.878419452887538
1380.0;4.779635258358662
1386.0;5.015197568389058
1392.0;4.718844984802431
1398.0;5.212765957446808
1404.0;5.782674772036474
1410.0;4.513677811550152
1416.0;3.9817629179331306
1422.0;3.4498480243161094
1428.0;3.480243161094225
1434.0;2.8419452887537995
1440.0;3.6246200607902734
1446.0;2.9103343465045595
1452.0;2.5531914893617023
1458.0;2.5151975683890577
1464.0;3.9209726443768997
1470.0;3.8525835866261398
1476.0;4.0121580547112465
1482.0;3.047112462006079
1488.0;3.844984802431611
1494.0;4.46048632218845
1500.0;4.855623100303951
1506.0;4.148936170212766
1512.0;3.974164133738602
1518.0;5.60790273556231
1524.0;5.387537993920972
1530.0;5.501519756838905
1536.0;4.0121580547112465
1542.0;3.411854103343465
1548.0;3.5410334346504557
1554.0;3.844984802431611
1560.0;3.951367781155015
1566.0;3.465045592705167
1572.0;2.4164133738601823
1578.0;2.7127659574468086
1584.0;3.2598784194528876
1590.0;3.4498480243161094
1596.0;3.10790273556231
1602.0;3.0319148936170213
1608.0;3.662613981762918
1614.0;5.2051671732522795
1620.0;5.554711246200608
1626.0;5.349544072948328
1632.0;4.5212765957446805
1638.0;5.40273556231003
1644.0;5.577507598784194
1650.0;5.379939209726444
1656.0;3.708206686930091
1662.0;2.857142857142857
1668.0;3.282674772036474
1674.0;2.9027355623100304
1680.0;3.0851063829787235
1686.0;2.7203647416413372
1692.0;2.5
1698.0;2.7051671732522795
1704.0;3.153495440729483
1710.0;3.7537993920972643
1716.0;2.9483282674772036
1722.0;3.5790273556231003
1728.0;3.2598784194528876
1734.0;4.12613981762918
1740.0;4.696048632218845
1746.0;4.924012158054711
1752.0;3.8525835866261398
1758.0;4.566869300911854
1764.0;4.908814589665654
1770.0;4.848024316109423
1776.0;4.3465045592705165
1782.0;3.2598784194528876
1788.0;2.765957446808511
1794.0;3.3282674772036476
1800.0;3.5714285714285716
1806.0;2.560790273556231
1812.0;1.8541033434650456
1818.0;2.5379939209726445
1824.0;3.1306990881458967
1830.0;3.3282674772036476
1836.0;3.3814589665653494
1842.0;3.2674772036474162
1848.0;3.3434650455927053
1854.0;5.060790273556231
1860.0;4.338905775075988
1866.0;4.452887537993921
1872.0;4.0121580547112465
1878.0;4.87082066869301
1884.0;4.749240121580547
1890.0;5.5167173252279635
1896.0;3.6930091185410334
1902.0;3.7158054711246202
1908.0;3.6246200607902734
1914.0;3.6702127659574466
1920.0;3.617021276595745
1926.0;2.234042553191489
1932.0;2.0972644376899696
1938.0;2.196048632218845
1944.0;2.674772036474164
1950.0;3.404255319148936
1956.0;3.4346504559270516
1962.0;3.776595744680851
1968.0;4.361702127659575
1974.0;3.966565349544073
1980.0;5.182370820668693
1986.0;4.148936170212766
1992.0;5.007598784194529
1998.0;5.334346504559271
2004.0;4.9316109422492405
2010.0;4.5820668693009114
2016.0;3.3206686930091185
2022.0;3.0623100303951367
2028.0;3.1231003039513676
2034.0;3.639817629179331
2040.0;3.6702127659574466
2046.0;3.427051671732523
2052.0;1.9604863221884499
2058.0;2.857142857142857
2064.0;2.8419452887537995
2070.0;3.3054711246200608
2076.0;2.857142857142857
2082.0;3.480243161094225
2088.0;4.300911854103344
2094.0;3.617021276595745
2100.0;4.642857142857143
2106.0;4.32370820668693
2112.0;3.951367781155015
2118.0;4.779635258358662
2124.0;6.2006079027355625
2130.0;5.4407294832826745
2136.0;4.088145896656535
2142.0;3.685410334346505
2148.0;3.533434650455927
2154.0;3.6246200607902734
2160.0;3.951367781155015
2166.0;2.674772036474164
2172.0;2.264437689969605
2178.0;2.5151975683890577
2184.0;3.183890577507599
2190.0;3.5106382978723403
2196.0;3.601823708206687
2202.0;3.1003039513677813
2208.0;4.164133738601824
2214.0;4.977203647416413
2220.0;5.2051671732522795
2226.0;5.243161094224924
2232.0;4.612462006079028
2238.0;4.916413373860182
2244.0;5.729483282674772
2250.0;5.4179331306990886
2256.0;4.11854103343465
2262.0;3.5866261398176293
2268.0;3.1382978723404253
2274.0;3.6778115501519757
2280.0;3.024316109422492
2286.0;2.4696048632218845
2292.0;1.709726443768997
2298.0;2.43161094224924
2304.0;3.351063829787234
2310.0;3.548632218844985
2316.0;3.419452887537994
2322.0;3.5790273556231003
2328.0;3.8297872340425534
2334.0;5.0683890577507595
2340.0;4.6580547112462005
2346.0;5.258358662613982
2352.0;4.635258358662614
2358.0;5.288753799392097
2364.0;6.003039513677812
2370.0;4.855623100303951
2376.0;4.787234042553192
2382.0;3.8221884498480243
2388.0;3.047112462006079
2394.0;3.3662613981762917
2400.0;3.2674772036474162
2406.0;2.765957446808511
2412.0;1.8693009118541033
2418.0;2.310030395136778
2424.0;3.4422492401215807
2430.0;3.3814589665653494
2436.0;3.2598784194528876
2442.0;3.1382978723404253
2448.0;3.5410334346504557
2454.0;4.946808510638298
2460.0;4.2097264437689965
2466.0;4.787234042553192
2472.0;4.840425531914893
2478.0;5.121580547112462
2484.0;4.468085106382978
2490.0;5.0
2496.0;3.5106382978723403
2502.0;3.290273556231003
2508.0;2.849544072948328
2514.0;3.5030395136778116
2520.0;2.864741641337386
2526.0;2.6443768996960486
2532.0;2.021276595744681
2538.0;2.917933130699088
2544.0;2.864741641337386
2550.0;3.0395136778115504
2556.0;3.290273556231003
2562.0;3.427051671732523
2568.0;3.396656534954407
2574.0;4.316109422492401
2580.0;5.501519756838905
2586.0;4.498480243161095
2592.0;4.186930091185411
2598.0;4.354103343465046
2604.0;5.334346504559271
2610.0;4.452887537993921
2616.0;4.042553191489362
2622.0;3.2598784194528876
2628.0;3.655015197568389
2634.0;4.065349544072948
2640.0;3.3814589665653494
2646.0;2.864741641337386
2652.0;2.256838905775076
2658.0;2.743161094224924
2664.0;3.3434650455927053
2670.0;3.7006079027355625
2676.0;4.065349544072948
2682.0;3.487841945288754
2688.0;3.3206686930091185
2694.0;5.699088145896656
2700.0;4.924012158054711
2706.0;4.25531914893617
2712.0;4.749240121580547
2718.0;5.13677811550152
2724.0;4.878419452887538
2730.0;5.281155015197569
2736.0;3.844984802431611
2742.0;3.237082066869301
2748.0;3.723404255319149
2754.0;3.6246200607902734
2760.0;2.9103343465045595
2766.0;2.674772036474164
2772.0;1.6717325227963526
2778.0;2.393617021276596
2784.0;3.001519756838906
2790.0;3.639817629179331
2796.0;3.1306990881458967
2802.0;3.5106382978723403
2808.0;3.966565349544073
2814.0;5.167173252279635
2820.0;5.144376899696049
2826.0;5.0
2832.0;4.506079027355623
2838.0;4.475683890577508
2844.0;4.924012158054711
2850.0;4.574468085106383
2856.0;4.224924012158055
2862.0;3.2066869300911853
2868.0;3.115501519756839
2874.0;3.951367781155015
2880.0;3.9817629179331306
2886.0;2.4848024316109423
2892.0;1.7857142857142858
2898.0;2.872340425531915
2904.0;3.7462006079027357
2910.0;3.5410334346504557
2916.0;3.3282674772036476
2922.0;4.202127659574468
2928.0;3.1382978723404253
2934.0;4.3465045592705165
2940.0;5.463525835866261
2946.0;4.688449848024316
2952.0;4.5820668693009114
2958.0;4.688449848024316
2964.0;5.455927051671733
2970.0;4.39209726443769
2976.0;4.4832826747720365
2982.0;3.047112462006079
2988.0;3.153495440729483
2994.0;3.8753799392097266
3000.0;3.3282674772036476
3006.0;2.2948328267477205
3012.0;2.2188449848024314
3018.0;2.811550151975684
3024.0;3.1003039513677813
3030.0;3.6930091185410334
3036.0;3.731003039513678
3042.0;3.419452887537994
3048.0;3.951367781155015
3054.0;4.589665653495441
3060.0;5.27355623100304
3066.0;4.5820668693009114
3072.0;4.300911854103344
3078.0;5.524316109422492
3084.0;5.197568389057751
3090.0;4.513677811550152
3096.0;3.7537993920972643
3102.0;3.5030395136778116
3108.0;3.229483282674772
3114.0;3.9133738601823707
3120.0;3.024316109422492
3126.0;2.4012158054711246
3132.0;2.2872340425531914
3138.0;2.8191489361702127
3144.0;3.092705167173252
3150.0;3.708206686930091
3156.0;3.3434650455927053
3162.0;3.5790273556231003
3168.0;3.685410334346505
3174.0;4.399696048632219
3180.0;4.468085106382978
3186.0;5.151975683890577
3192.0;4.475683890577508
3198.0;4.825227963525836
3204.0;5.357142857142857
3210.0;5.813069908814589
3216.0;4.088145896656535
3222.0;3.1914893617021276
3228.0;3.472644376899696
3234.0;3.024316109422492
3240.0;3.685410334346505
3246.0;2.940729483282675
3252.0;2.0364741641337387
3258.0;2.8343465045592704
3264.0;2.8267477203647418
3270.0;3.8297872340425534
3276.0;3.0091185410334345
3282.0;3.3738601823708207
3288.0;3.966565349544073
3294.0;4.194528875379939
3300.0;4.437689969604863
3306.0;5.007598784194529
3312.0;4.642857142857143
3318.0;4.612462006079028
3324.0;5.334346504559271
3330.0;4.270516717325228
3336.0;4.369300911854103
3342.0;4.642857142857143
3348.0;3.10790273556231
3354.0;3.0623100303951367
3360.0;3.7386018237082066
3366.0;3.2522796352583585
3372.0;2.386018237082067
3378.0;2.8875379939209727
3384.0;3.6474164133738602
3390.0;3.31306990881459
3396.0;2.803951367781155
3402.0;3.9285714285714284
3408.0;3.966565349544073
3414.0;4.59726443768997
3420.0;5.425531914893617
3426.0;4.832826747720365
3432.0;4.574468085106383
3438.0;4.954407294832826
3444.0;3.8905775075987843
3450.0;5.113981762917933
3456.0;3.9817629179331306
3462.0;3.297872340425532
3468.0;3.6930091185410334
3474.0;4.3465045592705165
3480.0;3.5410334346504557
3486.0;2.933130699088146
3492.0;2.2264437689969605
3498.0;2.4696048632218845
3504.0;3.0775075987841944
3510.0;3.8753799392097266
3516.0;3.601823708206687
3522.0;3.639817629179331
3528.0;4.4832826747720365
3534.0;3.8525835866261398
3540.0;4.25531914893617
3546.0;4.589665653495441
3552.0;4.0349544072948325
3558.0;4.916413373860182
3564.0;5.531914893617022
3570.0;5.562310030395137
3576.0;3.9969604863221884
3582.0;2.8343465045592704
3588.0;3.9209726443768997
3594.0;3.6778115501519757
