#auto generated file!
6.0;0.0
12.0;0.060790273556231005
18.0;0.25835866261398177
24.0;0.6990881458966566
30.0;0.9118541033434651
36.0;1.2310030395136777
42.0;1.2613981762917934
48.0;1.3145896656534954
54.0;1.9148936170212767
60.0;2.674772036474164
66.0;2.492401215805471
72.0;1.9148936170212767
78.0;2.370820668693009
84.0;1.9604863221884499
90.0;1.762917933130699
96.0;2.1732522796352582
102.0;1.702127659574468
108.0;1.8085106382978724
114.0;2.2416413373860182
120.0;2.1048632218844983
126.0;1.8920972644376899
132.0;1.7401215805471124
138.0;1.884498480243161
144.0;1.4209726443768997
150.0;1.4741641337386018
156.0;1.458966565349544
162.0;1.534954407294833
168.0;1.8768996960486322
174.0;2.0516717325227964
180.0;2.765957446808511
186.0;1.9832826747720365
192.0;1.9832826747720365
198.0;2.6519756838905777
204.0;2.1580547112462005
210.0;2.135258358662614
216.0;1.4209726443768997
222.0;1.7173252279635258
228.0;1.9376899696048633
234.0;2.196048632218845
240.0;2.4088145896656536
246.0;1.8920972644376899
252.0;1.512158054711246
258.0;1.6641337386018238
264.0;1.466565349544073
270.0;1.709726443768997
276.0;1.3297872340425532
282.0;1.2537993920972645
288.0;1.8617021276595744
294.0;2.811550151975684
300.0;2.613981762917933
306.0;2.3404255319148937
312.0;1.9148936170212767
318.0;1.8996960486322187
324.0;1.6869300911854104
330.0;1.7325227963525835
336.0;1.641337386018237
342.0;1.8389057750759878
348.0;1.8161094224924013
354.0;1.4437689969604863
360.0;2.1732522796352582
366.0;2.1200607902735564
372.0;1.4209726443768997
378.0;1.4437689969604863
384.0;1.8617021276595744
390.0;1.9680851063829787
396.0;1.6337386018237081
402.0;1.4209726443768997
408.0;1.3297872340425532
414.0;2.2492401215805473
420.0;2.4164133738601823
426.0;2.370820668693009
432.0;1.9300911854103344
438.0;1.6869300911854104
444.0;1.9452887537993921
450.0;1.709726443768997
456.0;2.211246200607903
462.0;1.4513677811550152
468.0;1.9072948328267476
474.0;1.8920972644376899
480.0;2.082066869300912
486.0;1.5653495440729484
492.0;1.5045592705167172
498.0;1.656534954407295
504.0;1.5577507598784195
510.0;1.458966565349544
516.0;1.458966565349544
522.0;1.2765957446808511
528.0;1.2689969604863223
534.0;1.6945288753799392
540.0;2.0972644376899696
546.0;2.325227963525836
552.0;2.613981762917933
558.0;2.074468085106383
564.0;2.0288753799392096
570.0;1.458966565349544
576.0;1.9452887537993921
582.0;1.6717325227963526
588.0;1.9452887537993921
594.0;2.386018237082067
600.0;2.560790273556231
606.0;2.0364741641337387
612.0;1.2006079027355623
618.0;1.5577507598784195
624.0;1.9148936170212767
630.0;1.1702127659574468
636.0;1.762917933130699
642.0;1.21580547112462
648.0;1.512158054711246
654.0;2.0516717325227964
660.0;2.735562310030395
666.0;2.082066869300912
672.0;2.0060790273556233
678.0;1.9300911854103344
684.0;2.066869300911854
690.0;2.0288753799392096
696.0;1.7553191489361701
702.0;1.8389057750759878
708.0;1.6641337386018238
714.0;2.1656534954407296
720.0;2.0364741641337387
726.0;1.3981762917933132
732.0;1.7933130699088147
738.0;1.28419452887538
744.0;1.6945288753799392
750.0;1.8009118541033435
756.0;1.2613981762917934
762.0;1.534954407294833
768.0;1.4209726443768997
774.0;2.2948328267477205
780.0;2.986322188449848
786.0;2.188449848024316
792.0;2.7811550151975686
798.0;2.1200607902735564
804.0;2.2264437689969605
810.0;1.3677811550151975
816.0;1.5197568389057752
822.0;1.656534954407295
828.0;1.6717325227963526
834.0;1.709726443768997
840.0;2.370820668693009
846.0;2.507598784194529
852.0;1.5197568389057752
858.0;1.6945288753799392
864.0;1.5729483282674772
870.0;1.648936170212766
876.0;1.641337386018237
882.0;1.534954407294833
888.0;2.0060790273556233
894.0;1.5577507598784195
900.0;2.4620060790273555
906.0;2.234042553191489
912.0;2.0364741641337387
918.0;1.9756838905775076
924.0;1.7249240121580547
930.0;1.8541033434650456
936.0;1.4741641337386018
942.0;1.458966565349544
948.0;1.7705167173252279
954.0;2.1124620060790273
960.0;2.2188449848024314
966.0;1.6869300911854104
972.0;1.580547112462006
978.0;1.6337386018237081
984.0;1.4361702127659575
990.0;1.778115501519757
996.0;1.5957446808510638
1002.0;1.8389057750759878
1008.0;1.9072948328267476
1014.0;1.9604863221884499
1020.0;2.5379939209726445
1026.0;2.066869300911854
1032.0;2.302431610942249
1038.0;2.3480243161094223
1044.0;2.2188449848024314
1050.0;2.1124620060790273
1056.0;1.9148936170212767
1062.0;2.082066869300912
1068.0;1.8693009118541033
1074.0;1.7249240121580547
1080.0;1.8161094224924013
1086.0;2.234042553191489
1092.0;1.4437689969604863
1098.0;1.3221884498480243
1104.0;1.5425531914893618
1110.0;1.21580547112462
1116.0;1.8996960486322187
1122.0;1.4437689969604863
1128.0;1.8009118541033435
1134.0;1.9908814589665653
1140.0;2.4164133738601823
1146.0;2.386018237082067
1152.0;1.778115501519757
1158.0;1.6945288753799392
1164.0;2.56838905775076
1170.0;2.507598784194529
1176.0;2.082066869300912
1182.0;1.3753799392097263
1188.0;1.4133738601823709
1194.0;2.0972644376899696
