#auto generated file!
6.0;0.0
12.0;0.022796352583586626
18.0;0.6762917933130699
24.0;1.2082066869300911
30.0;1.588145896656535
36.0;1.831306990881459
42.0;2.5379939209726445
48.0;2.2720364741641337
54.0;3.047112462006079
60.0;2.522796352583587
66.0;2.386018237082067
72.0;2.3556231003039514
78.0;3.1382978723404253
84.0;3.427051671732523
90.0;3.092705167173252
96.0;2.4696048632218845
102.0;2.127659574468085
108.0;1.8920972644376899
114.0;2.8419452887537995
120.0;2.0440729483282674
126.0;1.6185410334346504
132.0;1.4209726443768997
138.0;1.6793313069908815
144.0;1.6337386018237081
150.0;1.8920972644376899
156.0;2.1732522796352582
162.0;2.4088145896656536
168.0;2.264437689969605
174.0;2.5151975683890577
180.0;3.024316109422492
186.0;2.310030395136778
192.0;2.5303951367781155
198.0;2.613981762917933
204.0;2.393617021276596
210.0;3.2066869300911853
216.0;2.978723404255319
222.0;2.013677811550152
228.0;2.560790273556231
234.0;1.9224924012158056
240.0;1.8768996960486322
246.0;1.3981762917933132
252.0;1.0790273556231003
258.0;1.656534954407295
264.0;1.8920972644376899
270.0;2.196048632218845
276.0;1.9376899696048633
282.0;2.0516717325227964
288.0;2.2416413373860182
294.0;2.6443768996960486
300.0;2.925531914893617
306.0;2.4848024316109423
312.0;3.2066869300911853
318.0;3.594224924012158
324.0;2.849544072948328
330.0;2.234042553191489
336.0;2.310030395136778
342.0;1.8693009118541033
348.0;2.150455927051672
354.0;2.507598784194529
360.0;2.2036474164133737
366.0;1.7477203647416413
372.0;1.3297872340425532
378.0;1.3601823708206686
384.0;2.0364741641337387
390.0;1.9908814589665653
396.0;1.9908814589665653
402.0;1.7553191489361701
408.0;2.522796352583587
414.0;2.9559270516717326
420.0;2.811550151975684
426.0;2.5531914893617023
432.0;3.0395136778115504
438.0;2.743161094224924
444.0;2.8951367781155017
450.0;2.8419452887537995
456.0;2.325227963525836
462.0;2.1124620060790273
468.0;2.56838905775076
474.0;3.3054711246200608
480.0;2.0972644376899696
486.0;1.6717325227963526
492.0;0.9574468085106383
498.0;1.6109422492401215
504.0;2.150455927051672
510.0;2.2036474164133737
516.0;2.2492401215805473
522.0;1.656534954407295
528.0;2.082066869300912
534.0;2.4012158054711246
540.0;2.811550151975684
546.0;3.601823708206687
552.0;2.5
558.0;2.917933130699088
564.0;3.1686930091185412
570.0;2.0364741641337387
576.0;1.8237082066869301
582.0;2.4468085106382977
588.0;2.629179331306991
594.0;2.4088145896656536
600.0;1.9984802431610942
606.0;1.4741641337386018
612.0;1.4209726443768997
618.0;1.2082066869300911
624.0;2.6671732522796354
630.0;1.952887537993921
636.0;2.2796352583586628
642.0;2.082066869300912
648.0;2.0440729483282674
654.0;2.36322188449848
660.0;2.1732522796352582
666.0;2.765957446808511
672.0;2.735562310030395
678.0;3.229483282674772
684.0;3.1686930091185412
690.0;2.925531914893617
696.0;2.4848024316109423
702.0;1.512158054711246
708.0;2.1656534954407296
714.0;2.3404255319148937
720.0;1.6869300911854104
726.0;1.1854103343465046
732.0;1.3221884498480243
738.0;1.762917933130699
744.0;1.7857142857142858
750.0;1.9452887537993921
756.0;2.013677811550152
762.0;2.082066869300912
768.0;2.256838905775076
774.0;3.115501519756839
780.0;3.2750759878419453
786.0;2.9711246200607904
792.0;2.477203647416413
798.0;3.3434650455927053
804.0;2.978723404255319
810.0;3.0091185410334345
816.0;2.56838905775076
822.0;2.393617021276596
828.0;2.1048632218844983
834.0;2.439209726443769
840.0;2.2264437689969605
846.0;1.7553191489361701
852.0;1.512158054711246
858.0;1.7173252279635258
864.0;1.580547112462006
870.0;1.778115501519757
876.0;1.9224924012158056
882.0;1.6261398176291793
888.0;2.211246200607903
894.0;2.9635258358662613
900.0;2.492401215805471
906.0;3.237082066869301
912.0;3.069908814589666
918.0;2.8951367781155017
924.0;3.2066869300911853
930.0;2.9027355623100304
936.0;2.8875379939209727
942.0;2.0972644376899696
948.0;2.234042553191489
954.0;2.2948328267477205
960.0;1.580547112462006
966.0;1.8389057750759878
972.0;1.1018237082066868
978.0;2.325227963525836
984.0;1.9832826747720365
990.0;2.0516717325227964
996.0;2.082066869300912
1002.0;2.0364741641337387
1008.0;2.4240121580547114
1014.0;3.0091185410334345
1020.0;3.1003039513677813
1026.0;2.5379939209726445
1032.0;2.2948328267477205
1038.0;2.5759878419452886
1044.0;2.4620060790273555
1050.0;2.689969604863222
1056.0;2.2948328267477205
1062.0;2.142857142857143
1068.0;2.5835866261398177
1074.0;1.9376899696048633
1080.0;1.8996960486322187
1086.0;1.6869300911854104
1092.0;1.2917933130699089
1098.0;1.656534954407295
1104.0;1.8920972644376899
1110.0;1.709726443768997
1116.0;1.8465045592705167
1122.0;2.196048632218845
1128.0;1.8617021276595744
1134.0;3.3814589665653494
1140.0;2.9559270516717326
1146.0;2.7583586626139818
1152.0;2.7051671732522795
1158.0;2.5987841945288754
1164.0;3.10790273556231
1170.0;2.7583586626139818
1176.0;2.4164133738601823
1182.0;2.325227963525836
1188.0;2.2796352583586628
1194.0;2.386018237082067
1200.0;2.082066869300912
1206.0;1.3829787234042554
1212.0;1.884498480243161
1218.0;1.952887537993921
1224.0;2.074468085106383
1230.0;2.1656534954407296
1236.0;1.8617021276595744
1242.0;1.8541033434650456
1248.0;2.3404255319148937
1254.0;2.5151975683890577
1260.0;2.689969604863222
1266.0;2.857142857142857
1272.0;2.4468085106382977
1278.0;2.8799392097264436
1284.0;2.6519756838905777
1290.0;2.872340425531915
1296.0;2.629179331306991
1302.0;2.234042553191489
1308.0;2.507598784194529
1314.0;2.325227963525836
1320.0;2.302431610942249
1326.0;1.8161094224924013
1332.0;1.5957446808510638
1338.0;1.5197568389057752
1344.0;1.6641337386018238
1350.0;1.884498480243161
1356.0;1.8996960486322187
1362.0;1.9832826747720365
1368.0;2.074468085106383
1374.0;3.0167173252279635
1380.0;3.487841945288754
1386.0;2.8875379939209727
1392.0;2.9939209726443767
1398.0;2.940729483282675
1404.0;3.1231003039513676
1410.0;3.31306990881459
1416.0;2.811550151975684
1422.0;1.9680851063829787
1428.0;1.6185410334346504
1434.0;2.059270516717325
1440.0;1.8541033434650456
1446.0;1.7477203647416413
1452.0;1.162613981762918
1458.0;1.5045592705167172
1464.0;2.211246200607903
1470.0;1.9148936170212767
1476.0;2.066869300911854
1482.0;1.9908814589665653
1488.0;2.135258358662614
1494.0;2.439209726443769
1500.0;3.639817629179331
1506.0;2.933130699088146
1512.0;2.4468085106382977
1518.0;2.682370820668693
1524.0;2.63677811550152
1530.0;2.9711246200607904
1536.0;2.211246200607903
1542.0;1.8768996960486322
1548.0;2.735562310030395
1554.0;2.2720364741641337
1560.0;2.36322188449848
1566.0;1.4817629179331306
1572.0;1.0866261398176291
1578.0;1.4893617021276595
1584.0;1.952887537993921
1590.0;2.013677811550152
1596.0;1.9984802431610942
1602.0;2.1732522796352582
1608.0;2.545592705167173
1614.0;2.393617021276596
1620.0;3.837386018237082
1626.0;2.940729483282675
1632.0;2.264437689969605
1638.0;2.5759878419452886
1644.0;2.8419452887537995
1650.0;3.0775075987841944
1656.0;2.4848024316109423
1662.0;1.9072948328267476
1668.0;2.1124620060790273
1674.0;2.2796352583586628
1680.0;1.8541033434650456
1686.0;1.5045592705167172
1692.0;1.1246200607902737
1698.0;1.6641337386018238
1704.0;2.256838905775076
1710.0;1.8465045592705167
1716.0;1.5197568389057752
1722.0;1.778115501519757
1728.0;2.2796352583586628
1734.0;2.454407294832827
1740.0;2.925531914893617
1746.0;2.56838905775076
1752.0;2.302431610942249
1758.0;2.8343465045592704
1764.0;2.7811550151975686
1770.0;2.5835866261398177
1776.0;2.477203647416413
1782.0;1.2082066869300911
1788.0;2.5
1794.0;2.059270516717325
1800.0;1.8617021276595744
1806.0;1.3145896656534954
1812.0;1.1170212765957446
1818.0;1.0486322188449848
1824.0;2.082066869300912
1830.0;1.9984802431610942
1836.0;1.580547112462006
1842.0;1.778115501519757
1848.0;2.1124620060790273
1854.0;3.024316109422492
1860.0;2.9027355623100304
1866.0;1.9756838905775076
1872.0;2.2796352583586628
1878.0;2.811550151975684
1884.0;3.115501519756839
1890.0;3.024316109422492
1896.0;2.196048632218845
1902.0;1.9452887537993921
1908.0;1.7933130699088147
1914.0;2.1580547112462005
1920.0;1.8465045592705167
1926.0;1.2234042553191489
1932.0;1.405775075987842
1938.0;1.5729483282674772
1944.0;1.7325227963525835
1950.0;1.3905775075987843
1956.0;2.013677811550152
1962.0;1.9376899696048633
1968.0;2.310030395136778
1974.0;2.933130699088146
1980.0;3.161094224924012
1986.0;3.001519756838906
1992.0;2.986322188449848
1998.0;3.2066869300911853
2004.0;2.978723404255319
2010.0;2.5151975683890577
2016.0;2.697568389057751
2022.0;2.317629179331307
2028.0;1.952887537993921
2034.0;1.8768996960486322
2040.0;2.378419452887538
2046.0;1.3677811550151975
2052.0;1.1018237082066868
2058.0;1.4133738601823709
2064.0;1.6945288753799392
2070.0;1.4817629179331306
2076.0;2.4240121580547114
2082.0;2.370820668693009
2088.0;2.059270516717325
2094.0;3.221884498480243
2100.0;2.933130699088146
2106.0;3.069908814589666
2112.0;2.765957446808511
2118.0;2.5759878419452886
2124.0;2.803951367781155
2130.0;2.9483282674772036
2136.0;2.5835866261398177
2142.0;1.8693009118541033
2148.0;1.7705167173252279
2154.0;1.9680851063829787
2160.0;1.8768996960486322
2166.0;1.7477203647416413
2172.0;1.458966565349544
2178.0;1.641337386018237
2184.0;2.082066869300912
2190.0;1.8541033434650456
2196.0;2.0972644376899696
2202.0;1.641337386018237
2208.0;1.9680851063829787
2214.0;2.3404255319148937
2220.0;3.1306990881458967
2226.0;2.325227963525836
2232.0;2.2492401215805473
2238.0;2.986322188449848
2244.0;3.183890577507599
2250.0;2.872340425531915
2256.0;2.1732522796352582
2262.0;1.9300911854103344
2268.0;1.9908814589665653
2274.0;2.302431610942249
2280.0;2.234042553191489
2286.0;2.188449848024316
2292.0;1.1094224924012157
2298.0;1.3981762917933132
2304.0;1.5729483282674772
2310.0;1.8465045592705167
2316.0;2.0288753799392096
2322.0;2.7507598784194527
2328.0;2.393617021276596
2334.0;3.221884498480243
2340.0;2.439209726443769
2346.0;2.5835866261398177
2352.0;3.1686930091185412
2358.0;2.454407294832827
2364.0;3.480243161094225
2370.0;2.5151975683890577
2376.0;2.142857142857143
2382.0;1.9148936170212767
2388.0;2.386018237082067
2394.0;2.256838905775076
2400.0;1.9908814589665653
2406.0;1.5197568389057752
2412.0;1.9148936170212767
2418.0;1.534954407294833
2424.0;1.8996960486322187
2430.0;2.310030395136778
2436.0;1.7325227963525835
2442.0;1.534954407294833
2448.0;1.588145896656535
2454.0;2.682370820668693
2460.0;3.054711246200608
2466.0;2.5531914893617023
2472.0;2.8191489361702127
2478.0;3.487841945288754
2484.0;3.601823708206687
2490.0;2.5835866261398177
2496.0;2.735562310030395
2502.0;2.2948328267477205
2508.0;2.4012158054711246
2514.0;2.2720364741641337
2520.0;2.0896656534954405
2526.0;1.8693009118541033
2532.0;1.1398176291793314
2538.0;1.458966565349544
2544.0;1.4285714285714286
2550.0;1.9832826747720365
2556.0;2.2720364741641337
2562.0;1.5577507598784195
2568.0;2.6519756838905777
2574.0;2.3480243161094223
2580.0;2.7507598784194527
2586.0;3.282674772036474
2592.0;2.9483282674772036
2598.0;2.7051671732522795
2604.0;2.8951367781155017
2610.0;3.9361702127659575
2616.0;2.7811550151975686
2622.0;2.135258358662614
2628.0;1.8768996960486322
2634.0;1.9756838905775076
2640.0;2.2948328267477205
2646.0;1.5653495440729484
2652.0;1.3069908814589666
2658.0;1.527355623100304
2664.0;1.648936170212766
2670.0;2.066869300911854
2676.0;2.021276595744681
2682.0;2.3404255319148937
2688.0;2.743161094224924
2694.0;2.9939209726443767
2700.0;2.560790273556231
2706.0;2.864741641337386
2712.0;2.317629179331307
2718.0;2.872340425531915
2724.0;3.10790273556231
2730.0;3.001519756838906
2736.0;2.5379939209726445
2742.0;2.2872340425531914
2748.0;2.2036474164133737
2754.0;2.3404255319148937
2760.0;2.0516717325227964
2766.0;1.656534954407295
2772.0;1.1854103343465046
2778.0;1.6869300911854104
2784.0;2.135258358662614
2790.0;2.188449848024316
2796.0;2.074468085106383
2802.0;1.2689969604863223
2808.0;2.6443768996960486
2814.0;2.872340425531915
2820.0;2.864741641337386
2826.0;3.0775075987841944
2832.0;2.2036474164133737
2838.0;2.8799392097264436
2844.0;3.1458966565349544
2850.0;2.613981762917933
2856.0;2.7279635258358663
2862.0;1.9604863221884499
2868.0;2.606382978723404
2874.0;2.522796352583587
2880.0;2.082066869300912
2886.0;1.580547112462006
2892.0;1.702127659574468
2898.0;1.5501519756838906
2904.0;2.43161094224924
2910.0;2.1656534954407296
2916.0;2.074468085106383
2922.0;2.1124620060790273
2928.0;2.317629179331307
2934.0;3.1231003039513676
2940.0;3.2142857142857144
2946.0;3.1306990881458967
2952.0;3.17629179331307
2958.0;3.2142857142857144
2964.0;3.1686930091185412
2970.0;2.6519756838905777
2976.0;2.1048632218844983
2982.0;2.142857142857143
2988.0;1.8693009118541033
2994.0;2.4164133738601823
3000.0;2.1200607902735564
3006.0;1.9072948328267476
3012.0;1.7857142857142858
3018.0;2.150455927051672
3024.0;1.656534954407295
3030.0;2.1200607902735564
3036.0;2.0364741641337387
3042.0;1.7477203647416413
3048.0;2.5531914893617023
3054.0;2.560790273556231
3060.0;2.803951367781155
3066.0;2.2264437689969605
3072.0;2.811550151975684
3078.0;3.2066869300911853
3084.0;3.3890577507598785
3090.0;3.1914893617021276
3096.0;2.386018237082067
3102.0;1.8389057750759878
3108.0;2.43161094224924
3114.0;1.9984802431610942
3120.0;1.8465045592705167
3126.0;1.3829787234042554
3132.0;1.3829787234042554
3138.0;1.527355623100304
3144.0;1.8693009118541033
3150.0;1.9604863221884499
3156.0;1.7933130699088147
3162.0;1.9224924012158056
3168.0;2.234042553191489
3174.0;3.161094224924012
3180.0;3.1003039513677813
3186.0;2.5531914893617023
3192.0;2.302431610942249
3198.0;3.001519756838906
3204.0;3.480243161094225
3210.0;2.9027355623100304
3216.0;2.5987841945288754
3222.0;2.5835866261398177
3228.0;1.8237082066869301
3234.0;2.454407294832827
3240.0;1.9604863221884499
3246.0;1.534954407294833
3252.0;1.0486322188449848
3258.0;1.5957446808510638
3264.0;2.1580547112462005
3270.0;1.8617021276595744
3276.0;1.9452887537993921
3282.0;1.7325227963525835
3288.0;2.0060790273556233
3294.0;2.872340425531915
3300.0;2.4240121580547114
3306.0;1.7857142857142858
3312.0;3.024316109422492
3318.0;3.24468085106383
3324.0;3.404255319148936
3330.0;2.7203647416413372
3336.0;2.4620060790273555
3342.0;2.3556231003039514
3348.0;2.013677811550152
3354.0;2.43161094224924
3360.0;2.629179331306991
3366.0;1.458966565349544
3372.0;1.3601823708206686
3378.0;1.4969604863221884
3384.0;1.8161094224924013
3390.0;1.7477203647416413
3396.0;1.4209726443768997
3402.0;2.2720364741641337
3408.0;2.697568389057751
3414.0;2.697568389057751
3420.0;3.1231003039513676
3426.0;2.9483282674772036
3432.0;2.8343465045592704
3438.0;2.2796352583586628
3444.0;2.142857142857143
3450.0;3.10790273556231
3456.0;1.8920972644376899
3462.0;1.7553191489361701
3468.0;2.3404255319148937
3474.0;1.9604863221884499
3480.0;1.9224924012158056
3486.0;1.7705167173252279
3492.0;1.3829787234042554
3498.0;1.3829787234042554
3504.0;1.8465045592705167
3510.0;1.6717325227963526
3516.0;1.9148936170212767
3522.0;1.9756838905775076
3528.0;2.1732522796352582
3534.0;2.7963525835866263
3540.0;3.6474164133738602
3546.0;3.860182370820669
3552.0;2.6443768996960486
3558.0;3.5106382978723403
3564.0;3.465045592705167
3570.0;3.358662613981763
3576.0;2.5987841945288754
3582.0;2.3480243161094223
3588.0;2.1124620060790273
3594.0;2.1732522796352582
3600.0;1.709726443768997
3606.0;1.5425531914893618
3612.0;1.1778115501519757
3618.0;1.1170212765957446
3624.0;1.8617021276595744
3630.0;1.9756838905775076
3636.0;2.1580547112462005
3642.0;1.588145896656535
3648.0;2.127659574468085
3654.0;3.0851063829787235
3660.0;2.629179331306991
3666.0;2.7279635258358663
3672.0;2.2720364741641337
3678.0;2.925531914893617
3684.0;2.864741641337386
3690.0;2.735562310030395
3696.0;2.765957446808511
3702.0;1.9072948328267476
3708.0;2.066869300911854
3714.0;2.1580547112462005
3720.0;2.477203647416413
3726.0;1.8541033434650456
3732.0;1.2234042553191489
3738.0;1.4513677811550152
3744.0;2.0516717325227964
3750.0;1.884498480243161
3756.0;2.2492401215805473
3762.0;1.6109422492401215
3768.0;2.545592705167173
3774.0;3.0091185410334345
3780.0;2.7203647416413372
3786.0;2.386018237082067
3792.0;2.857142857142857
3798.0;2.7051671732522795
3804.0;2.9483282674772036
3810.0;2.849544072948328
3816.0;2.4848024316109423
3822.0;1.8085106382978724
3828.0;2.2264437689969605
3834.0;2.3328267477203646
3840.0;1.9908814589665653
3846.0;1.641337386018237
3852.0;1.3677811550151975
3858.0;1.7705167173252279
3864.0;1.8996960486322187
3870.0;1.5197568389057752
3876.0;1.7477203647416413
3882.0;1.7933130699088147
3888.0;2.5
3894.0;3.4346504559270516
3900.0;2.765957446808511
3906.0;2.8267477203647418
3912.0;2.7811550151975686
3918.0;3.31306990881459
3924.0;3.427051671732523
3930.0;2.986322188449848
3936.0;2.7279635258358663
3942.0;1.7933130699088147
3948.0;1.7249240121580547
3954.0;2.2492401215805473
3960.0;1.762917933130699
3966.0;1.656534954407295
3972.0;1.466565349544073
3978.0;1.3981762917933132
3984.0;2.082066869300912
3990.0;2.127659574468085
3996.0;2.021276595744681
4002.0;2.5379939209726445
4008.0;2.7051671732522795
4014.0;2.7963525835866263
4020.0;2.9939209726443767
4026.0;2.7811550151975686
4032.0;2.7735562310030395
4038.0;2.4696048632218845
4044.0;3.17629179331307
4050.0;2.940729483282675
4056.0;2.857142857142857
4062.0;2.0972644376899696
4068.0;2.211246200607903
4074.0;2.7127659574468086
4080.0;2.1732522796352582
4086.0;1.8085106382978724
4092.0;1.4133738601823709
4098.0;1.7173252279635258
4104.0;2.4696048632218845
4110.0;2.2796352583586628
4116.0;1.778115501519757
4122.0;1.5957446808510638
4128.0;2.4012158054711246
4134.0;2.6595744680851063
4140.0;2.6671732522796354
4146.0;2.5987841945288754
4152.0;3.17629179331307
4158.0;2.211246200607903
4164.0;3.358662613981763
4170.0;3.115501519756839
4176.0;2.674772036474164
4182.0;2.013677811550152
4188.0;1.7477203647416413
4194.0;2.1200607902735564
4200.0;2.0516717325227964
4206.0;1.580547112462006
4212.0;1.155015197568389
4218.0;1.8009118541033435
4224.0;2.264437689969605
4230.0;2.234042553191489
4236.0;1.656534954407295
4242.0;1.7705167173252279
4248.0;2.0288753799392096
4254.0;2.8267477203647418
4260.0;3.1458966565349544
4266.0;2.522796352583587
4272.0;3.0775075987841944
4278.0;2.7583586626139818
4284.0;3.2598784194528876
4290.0;3.161094224924012
4296.0;2.0060790273556233
4302.0;1.7477203647416413
4308.0;2.0288753799392096
4314.0;2.135258358662614
4320.0;2.3404255319148937
4326.0;1.762917933130699
4332.0;1.5501519756838906
4338.0;1.4817629179331306
4344.0;1.9376899696048633
4350.0;2.234042553191489
4356.0;2.629179331306991
4362.0;2.2036474164133737
4368.0;2.7203647416413372
4374.0;2.743161094224924
4380.0;2.4240121580547114
4386.0;3.2142857142857144
4392.0;3.047112462006079
4398.0;3.4574468085106385
4404.0;2.7127659574468086
4410.0;3.351063829787234
4416.0;2.4620060790273555
4422.0;2.021276595744681
4428.0;2.1808510638297873
4434.0;2.454407294832827
4440.0;1.8768996960486322
4446.0;1.8920972644376899
4452.0;1.3069908814589666
4458.0;1.155015197568389
4464.0;1.831306990881459
4470.0;1.6869300911854104
4476.0;2.2948328267477205
4482.0;1.9908814589665653
4488.0;2.4468085106382977
4494.0;2.857142857142857
4500.0;2.7735562310030395
4506.0;3.047112462006079
4512.0;2.8951367781155017
4518.0;3.5866261398176293
4524.0;3.4346504559270516
4530.0;3.092705167173252
4536.0;2.1808510638297873
4542.0;2.2872340425531914
4548.0;1.8085106382978724
4554.0;2.0364741641337387
4560.0;2.2720364741641337
4566.0;2.1048632218844983
4572.0;1.466565349544073
4578.0;2.1200607902735564
4584.0;1.7705167173252279
4590.0;2.0516717325227964
4596.0;2.492401215805471
4602.0;1.884498480243161
4608.0;2.697568389057751
4614.0;2.6595744680851063
4620.0;3.601823708206687
4626.0;3.161094224924012
4632.0;2.4240121580547114
4638.0;3.297872340425532
4644.0;3.282674772036474
4650.0;3.115501519756839
4656.0;2.2416413373860182
4662.0;2.059270516717325
4668.0;2.5303951367781155
4674.0;2.4164133738601823
4680.0;2.211246200607903
4686.0;1.9680851063829787
4692.0;1.2006079027355623
4698.0;1.3221884498480243
4704.0;2.3556231003039514
4710.0;1.9680851063829787
4716.0;2.2720364741641337
4722.0;1.8465045592705167
4728.0;2.5
4734.0;2.074468085106383
4740.0;2.8343465045592704
4746.0;2.743161094224924
4752.0;3.2674772036474162
4758.0;3.5638297872340425
4764.0;3.047112462006079
4770.0;2.629179331306991
4776.0;2.933130699088146
4782.0;2.1656534954407296
4788.0;2.4620060790273555
4794.0;1.9680851063829787
4800.0;1.7705167173252279
4806.0;1.2689969604863223
4812.0;1.6717325227963526
4818.0;1.7933130699088147
4824.0;1.8085106382978724
4830.0;1.6261398176291793
4836.0;1.8996960486322187
4842.0;1.8996960486322187
4848.0;2.1808510638297873
4854.0;2.8191489361702127
4860.0;2.7127659574468086
4866.0;2.63677811550152
4872.0;2.6519756838905777
4878.0;2.743161094224924
4884.0;2.8419452887537995
4890.0;2.613981762917933
4896.0;2.477203647416413
4902.0;2.264437689969605
4908.0;1.884498480243161
4914.0;2.3404255319148937
4920.0;1.9604863221884499
4926.0;1.4133738601823709
4932.0;1.641337386018237
4938.0;1.6869300911854104
4944.0;2.0060790273556233
4950.0;1.6869300911854104
4956.0;1.9832826747720365
4962.0;2.302431610942249
4968.0;2.674772036474164
4974.0;2.8191489361702127
4980.0;2.9483282674772036
4986.0;2.5379939209726445
4992.0;3.5182370820668694
4998.0;3.4346504559270516
5004.0;3.24468085106383
5010.0;2.872340425531915
5016.0;2.545592705167173
5022.0;1.8009118541033435
5028.0;1.9832826747720365
5034.0;2.682370820668693
5040.0;1.6717325227963526
5046.0;1.5957446808510638
5052.0;1.2006079027355623
5058.0;1.3981762917933132
5064.0;1.8085106382978724
5070.0;1.6109422492401215
5076.0;1.8541033434650456
5082.0;2.2036474164133737
5088.0;2.2188449848024314
5094.0;2.689969604863222
5100.0;3.6930091185410334
5106.0;2.8267477203647418
5112.0;2.765957446808511
5118.0;2.8267477203647418
5124.0;2.9559270516717326
5130.0;2.940729483282675
5136.0;2.6443768996960486
5142.0;2.1732522796352582
5148.0;2.0364741641337387
5154.0;2.3556231003039514
5160.0;2.1048632218844983
5166.0;1.641337386018237
5172.0;1.041033434650456
5178.0;1.337386018237082
5184.0;1.9072948328267476
5190.0;1.8009118541033435
5196.0;2.317629179331307
5202.0;1.9984802431610942
5208.0;2.4620060790273555
5214.0;3.480243161094225
5220.0;2.864741641337386
5226.0;3.1231003039513676
5232.0;3.10790273556231
5238.0;3.1003039513677813
5244.0;3.5106382978723403
5250.0;2.7963525835866263
5256.0;1.884498480243161
5262.0;1.9680851063829787
5268.0;2.013677811550152
5274.0;2.7279635258358663
5280.0;2.3556231003039514
5286.0;1.702127659574468
5292.0;1.2537993920972645
5298.0;1.9224924012158056
5304.0;1.884498480243161
5310.0;1.9224924012158056
5316.0;1.709726443768997
5322.0;1.4361702127659575
5328.0;2.2188449848024314
5334.0;2.849544072948328
5340.0;3.1231003039513676
5346.0;3.3814589665653494
5352.0;2.5303951367781155
5358.0;2.439209726443769
5364.0;2.560790273556231
5370.0;2.857142857142857
5376.0;2.1580547112462005
5382.0;2.5303951367781155
5388.0;2.1808510638297873
5394.0;1.7553191489361701
5400.0;2.2188449848024314
5406.0;1.8085106382978724
5412.0;1.337386018237082
5418.0;1.6337386018237081
5424.0;1.9148936170212767
5430.0;1.8237082066869301
5436.0;2.0364741641337387
5442.0;1.778115501519757
5448.0;2.256838905775076
5454.0;2.9103343465045595
5460.0;2.7051671732522795
5466.0;3.237082066869301
5472.0;3.2522796352583585
5478.0;3.092705167173252
5484.0;3.6702127659574466
5490.0;3.4574468085106385
5496.0;3.221884498480243
5502.0;2.5
5508.0;1.9376899696048633
5514.0;2.082066869300912
5520.0;1.7173252279635258
5526.0;1.580547112462006
5532.0;1.512158054711246
5538.0;1.5501519756838906
5544.0;1.8237082066869301
5550.0;2.1808510638297873
5556.0;1.7325227963525835
5562.0;1.9680851063829787
5568.0;2.325227963525836
5574.0;3.0167173252279635
5580.0;3.161094224924012
5586.0;3.001519756838906
5592.0;2.43161094224924
5598.0;3.297872340425532
5604.0;3.0851063829787235
5610.0;2.917933130699088
5616.0;2.021276595744681
5622.0;2.4012158054711246
5628.0;1.9452887537993921
5634.0;2.0972644376899696
5640.0;1.709726443768997
5646.0;1.2917933130699089
5652.0;1.4285714285714286
5658.0;1.458966565349544
5664.0;1.8389057750759878
5670.0;1.6641337386018238
5676.0;2.082066869300912
5682.0;2.066869300911854
5688.0;2.310030395136778
5694.0;2.940729483282675
5700.0;3.054711246200608
5706.0;3.054711246200608
5712.0;2.4164133738601823
5718.0;2.7279635258358663
5724.0;3.0319148936170213
5730.0;2.522796352583587
5736.0;2.7963525835866263
5742.0;1.9224924012158056
5748.0;2.066869300911854
5754.0;1.5729483282674772
5760.0;2.3404255319148937
5766.0;1.6261398176291793
5772.0;1.3753799392097263
5778.0;1.5197568389057752
5784.0;2.1808510638297873
5790.0;2.5151975683890577
5796.0;1.6869300911854104
5802.0;2.4468085106382977
5808.0;2.378419452887538
5814.0;2.8343465045592704
5820.0;2.9635258358662613
5826.0;3.161094224924012
5832.0;2.925531914893617
5838.0;3.0167173252279635
5844.0;3.6246200607902734
5850.0;3.0091185410334345
5856.0;2.629179331306991
5862.0;2.0060790273556233
5868.0;2.256838905775076
5874.0;2.43161094224924
5880.0;2.386018237082067
5886.0;1.6717325227963526
5892.0;1.094224924012158
5898.0;1.7553191489361701
5904.0;2.1732522796352582
5910.0;2.310030395136778
5916.0;2.0516717325227964
5922.0;1.9300911854103344
5928.0;2.6671732522796354
5934.0;2.560790273556231
5940.0;3.419452887537994
5946.0;2.4164133738601823
5952.0;2.9635258358662613
5958.0;3.1686930091185412
5964.0;3.0091185410334345
5970.0;2.6519756838905777
5976.0;2.4164133738601823
5982.0;1.9376899696048633
5988.0;2.849544072948328
5994.0;2.5
6000.0;2.0060790273556233
6006.0;1.5197568389057752
6012.0;1.0638297872340425
6018.0;1.4437689969604863
6024.0;2.150455927051672
6030.0;2.606382978723404
6036.0;1.8920972644376899
6042.0;1.9300911854103344
6048.0;2.803951367781155
6054.0;2.857142857142857
6060.0;3.1382978723404253
6066.0;2.1580547112462005
6072.0;2.492401215805471
6078.0;3.229483282674772
6084.0;2.682370820668693
6090.0;2.325227963525836
6096.0;2.8267477203647418
6102.0;1.7325227963525835
6108.0;2.317629179331307
6114.0;2.0972644376899696
6120.0;1.8085106382978724
6126.0;1.458966565349544
6132.0;1.2310030395136777
6138.0;1.4741641337386018
6144.0;1.8768996960486322
6150.0;1.9756838905775076
6156.0;1.7477203647416413
6162.0;1.762917933130699
6168.0;2.63677811550152
6174.0;2.743161094224924
6180.0;3.054711246200608
6186.0;2.8343465045592704
6192.0;3.0091185410334345
6198.0;2.872340425531915
6204.0;3.1382978723404253
6210.0;2.5759878419452886
6216.0;2.507598784194529
6222.0;2.4468085106382977
6228.0;2.6519756838905777
6234.0;2.0288753799392096
6240.0;2.3556231003039514
6246.0;1.2462006079027355
6252.0;1.3905775075987843
6258.0;1.4893617021276595
6264.0;2.059270516717325
6270.0;1.9604863221884499
6276.0;1.7857142857142858
6282.0;2.2872340425531914
6288.0;2.4088145896656536
6294.0;2.621580547112462
6300.0;2.9559270516717326
6306.0;3.1990881458966567
6312.0;2.8191489361702127
6318.0;3.1382978723404253
6324.0;3.1231003039513676
6330.0;3.404255319148936
6336.0;3.2066869300911853
6342.0;1.8237082066869301
6348.0;2.150455927051672
6354.0;2.135258358662614
6360.0;2.4620060790273555
6366.0;1.762917933130699
6372.0;0.9042553191489362
6378.0;1.2537993920972645
6384.0;1.8541033434650456
6390.0;1.6033434650455927
6396.0;2.264437689969605
6402.0;2.2948328267477205
6408.0;2.56838905775076
6414.0;3.24468085106383
6420.0;2.7507598784194527
6426.0;2.857142857142857
6432.0;3.0091185410334345
6438.0;3.0167173252279635
6444.0;3.480243161094225
6450.0;2.3556231003039514
6456.0;2.188449848024316
6462.0;2.135258358662614
6468.0;1.8161094224924013
6474.0;1.5653495440729484
6480.0;2.0060790273556233
6486.0;1.2006079027355623
6492.0;1.344984802431611
6498.0;1.702127659574468
6504.0;2.0896656534954405
6510.0;1.8389057750759878
6516.0;2.2796352583586628
6522.0;2.0364741641337387
6528.0;2.378419452887538
6534.0;2.1200607902735564
6540.0;2.606382978723404
6546.0;3.419452887537994
6552.0;3.1003039513677813
6558.0;2.545592705167173
6564.0;3.221884498480243
6570.0;2.8191489361702127
6576.0;2.1656534954407296
6582.0;2.2264437689969605
6588.0;2.074468085106383
6594.0;2.978723404255319
6600.0;2.0060790273556233
6606.0;1.6261398176291793
6612.0;1.2082066869300911
6618.0;1.3981762917933132
6624.0;1.8465045592705167
6630.0;1.9300911854103344
6636.0;1.9148936170212767
6642.0;1.8389057750759878
6648.0;2.2872340425531914
6654.0;2.56838905775076
6660.0;2.4164133738601823
6666.0;2.9027355623100304
6672.0;3.358662613981763
6678.0;2.7963525835866263
6684.0;3.1231003039513676
6690.0;3.17629179331307
6696.0;2.507598784194529
6702.0;2.4240121580547114
6708.0;2.370820668693009
6714.0;1.8389057750759878
6720.0;2.2720364741641337
6726.0;1.709726443768997
6732.0;1.5577507598784195
6738.0;1.7705167173252279
6744.0;2.0516717325227964
6750.0;2.196048632218845
6756.0;1.6793313069908815
6762.0;2.0516717325227964
6768.0;2.872340425531915
6774.0;2.8419452887537995
6780.0;2.6519756838905777
6786.0;2.4848024316109423
6792.0;3.047112462006079
6798.0;2.7203647416413372
6804.0;3.2522796352583585
6810.0;2.7811550151975686
6816.0;2.370820668693009
6822.0;2.0288753799392096
6828.0;2.135258358662614
6834.0;2.849544072948328
6840.0;2.2720364741641337
6846.0;1.6337386018237081
6852.0;1.656534954407295
6858.0;1.9680851063829787
6864.0;2.127659574468085
6870.0;2.370820668693009
6876.0;2.1656534954407296
6882.0;2.0440729483282674
6888.0;1.6109422492401215
6894.0;3.351063829787234
6900.0;3.069908814589666
6906.0;2.2036474164133737
6912.0;2.5911854103343464
6918.0;3.3282674772036476
6924.0;3.768996960486322
6930.0;3.1382978723404253
6936.0;3.092705167173252
6942.0;1.9452887537993921
6948.0;2.689969604863222
6954.0;2.5
6960.0;2.021276595744681
6966.0;1.2765957446808511
6972.0;1.5045592705167172
6978.0;1.5653495440729484
6984.0;1.709726443768997
6990.0;1.9376899696048633
6996.0;2.021276595744681
7002.0;1.778115501519757
7008.0;2.0516717325227964
7014.0;2.4468085106382977
7020.0;2.743161094224924
7026.0;2.0364741641337387
7032.0;2.492401215805471
7038.0;3.419452887537994
7044.0;3.5714285714285716
7050.0;2.765957446808511
7056.0;2.021276595744681
7062.0;2.2188449848024314
7068.0;2.378419452887538
7074.0;2.5
7080.0;2.317629179331307
7086.0;1.2082066869300911
7092.0;1.2765957446808511
7098.0;1.3905775075987843
7104.0;1.9072948328267476
7110.0;2.2492401215805473
7116.0;2.2796352583586628
7122.0;2.325227963525836
7128.0;2.2492401215805473
7134.0;3.3054711246200608
7140.0;2.492401215805471
7146.0;2.9939209726443767
7152.0;2.6519756838905777
7158.0;3.297872340425532
7164.0;3.0623100303951367
7170.0;2.5835866261398177
7176.0;2.4620060790273555
7182.0;2.082066869300912
7188.0;1.9376899696048633
7194.0;2.477203647416413
7200.0;1.952887537993921
7206.0;1.4893617021276595
7212.0;1.2689969604863223
7218.0;1.4513677811550152
7224.0;2.1580547112462005
7230.0;2.196048632218845
7236.0;1.778115501519757
7242.0;1.1854103343465046
7248.0;2.1124620060790273
7254.0;2.8875379939209727
7260.0;2.4012158054711246
7266.0;2.7051671732522795
7272.0;2.765957446808511
7278.0;2.522796352583587
7284.0;3.662613981762918
7290.0;2.8343465045592704
7296.0;2.021276595744681
7302.0;1.7173252279635258
7308.0;1.8768996960486322
7314.0;2.3556231003039514
7320.0;2.127659574468085
7326.0;1.8920972644376899
7332.0;1.709726443768997
7338.0;2.021276595744681
7344.0;1.7857142857142858
7350.0;1.9680851063829787
7356.0;1.9984802431610942
7362.0;1.9300911854103344
7368.0;2.9711246200607904
7374.0;3.3434650455927053
7380.0;2.872340425531915
7386.0;3.3434650455927053
7392.0;2.7507598784194527
7398.0;2.2036474164133737
7404.0;2.4696048632218845
7410.0;2.765957446808511
7416.0;2.066869300911854
7422.0;1.8617021276595744
7428.0;1.4361702127659575
7434.0;2.188449848024316
7440.0;2.36322188449848
7446.0;1.7401215805471124
7452.0;1.094224924012158
7458.0;1.4817629179331306
7464.0;1.8617021276595744
7470.0;1.702127659574468
7476.0;1.9604863221884499
7482.0;2.188449848024316
7488.0;2.545592705167173
7494.0;2.7811550151975686
7500.0;2.8343465045592704
7506.0;2.4164133738601823
7512.0;2.613981762917933
7518.0;2.689969604863222
7524.0;2.8267477203647418
7530.0;2.43161094224924
7536.0;2.4164133738601823
7542.0;2.2948328267477205
7548.0;2.059270516717325
7554.0;2.9103343465045595
7560.0;2.066869300911854
7566.0;1.8389057750759878
7572.0;1.1930091185410334
7578.0;1.2765957446808511
7584.0;1.9300911854103344
7590.0;2.0972644376899696
7596.0;2.310030395136778
7602.0;1.641337386018237
7608.0;2.310030395136778
7614.0;3.115501519756839
7620.0;2.8191489361702127
7626.0;2.5151975683890577
7632.0;2.7811550151975686
7638.0;2.629179331306991
7644.0;2.5835866261398177
7650.0;2.7963525835866263
7656.0;2.3556231003039514
7662.0;1.6109422492401215
7668.0;2.135258358662614
7674.0;2.7811550151975686
7680.0;2.302431610942249
7686.0;1.466565349544073
7692.0;1.4817629179331306
7698.0;2.1656534954407296
7704.0;1.762917933130699
7710.0;1.9832826747720365
7716.0;1.9604863221884499
7722.0;1.778115501519757
7728.0;2.188449848024316
7734.0;3.24468085106383
7740.0;2.788753799392097
7746.0;2.4088145896656536
7752.0;3.297872340425532
7758.0;2.56838905775076
7764.0;3.556231003039514
7770.0;2.735562310030395
7776.0;2.2492401215805473
7782.0;1.9832826747720365
7788.0;2.4240121580547114
7794.0;2.5303951367781155
7800.0;1.641337386018237
7806.0;1.6717325227963526
7812.0;1.4285714285714286
7818.0;1.4969604863221884
7824.0;1.9376899696048633
7830.0;2.1808510638297873
7836.0;1.6945288753799392
7842.0;1.9224924012158056
7848.0;2.4164133738601823
7854.0;2.872340425531915
7860.0;2.7203647416413372
7866.0;2.917933130699088
7872.0;3.0851063829787235
7878.0;3.472644376899696
7884.0;3.7158054711246202
7890.0;3.0395136778115504
7896.0;2.5987841945288754
7902.0;1.9452887537993921
7908.0;1.8085106382978724
7914.0;2.234042553191489
7920.0;2.2492401215805473
7926.0;1.6109422492401215
7932.0;1.3829787234042554
7938.0;1.884498480243161
7944.0;1.6033434650455927
7950.0;2.56838905775076
7956.0;1.8085106382978724
7962.0;2.1808510638297873
7968.0;2.803951367781155
7974.0;2.735562310030395
7980.0;3.0167173252279635
7986.0;2.5531914893617023
7992.0;3.335866261398176
7998.0;3.3282674772036476
8004.0;3.487841945288754
8010.0;2.9711246200607904
8016.0;2.5303951367781155
8022.0;2.013677811550152
8028.0;2.0364741641337387
8034.0;2.142857142857143
8040.0;2.1808510638297873
8046.0;1.2689969604863223
8052.0;1.1246200607902737
8058.0;1.641337386018237
8064.0;2.325227963525836
8070.0;2.606382978723404
8076.0;1.7401215805471124
8082.0;1.8920972644376899
8088.0;2.127659574468085
8094.0;2.986322188449848
8100.0;3.4346504559270516
8106.0;2.8875379939209727
8112.0;2.674772036474164
8118.0;2.743161094224924
8124.0;2.8875379939209727
8130.0;2.803951367781155
8136.0;2.4088145896656536
8142.0;2.013677811550152
8148.0;1.762917933130699
8154.0;1.6793313069908815
8160.0;1.7401215805471124
8166.0;1.6261398176291793
8172.0;0.9118541033434651
8178.0;1.405775075987842
8184.0;1.884498480243161
8190.0;2.7279635258358663
8196.0;1.9148936170212767
8202.0;2.2796352583586628
8208.0;2.7507598784194527
8214.0;2.370820668693009
8220.0;3.3434650455927053
8226.0;2.522796352583587
8232.0;2.56838905775076
8238.0;2.864741641337386
8244.0;3.0851063829787235
8250.0;2.811550151975684
8256.0;2.613981762917933
8262.0;2.439209726443769
8268.0;1.6945288753799392
8274.0;1.6261398176291793
8280.0;1.9072948328267476
8286.0;1.588145896656535
8292.0;1.458966565349544
8298.0;2.0288753799392096
8304.0;2.2416413373860182
8310.0;2.0972644376899696
8316.0;2.142857142857143
8322.0;1.2765957446808511
8328.0;1.952887537993921
8334.0;2.6671732522796354
8340.0;2.849544072948328
8346.0;2.8343465045592704
8352.0;2.7583586626139818
8358.0;3.548632218844985
8364.0;3.3282674772036476
8370.0;3.1458966565349544
8376.0;2.454407294832827
8382.0;2.4012158054711246
8388.0;2.310030395136778
8394.0;1.952887537993921
8400.0;1.8541033434650456
8406.0;1.8768996960486322
8412.0;1.405775075987842
8418.0;1.9148936170212767
8424.0;2.454407294832827
8430.0;2.3480243161094223
8436.0;2.074468085106383
8442.0;2.1200607902735564
8448.0;2.317629179331307
8454.0;2.3404255319148937
8460.0;2.5759878419452886
8466.0;2.803951367781155
8472.0;2.7583586626139818
8478.0;3.525835866261398
8484.0;3.0775075987841944
8490.0;2.6519756838905777
8496.0;3.001519756838906
8502.0;2.0440729483282674
8508.0;2.439209726443769
8514.0;2.066869300911854
8520.0;1.9376899696048633
8526.0;1.512158054711246
8532.0;1.8465045592705167
8538.0;1.6185410334346504
8544.0;1.9756838905775076
8550.0;2.454407294832827
8556.0;2.150455927051672
8562.0;1.9072948328267476
8568.0;2.682370820668693
8574.0;2.925531914893617
8580.0;2.4164133738601823
8586.0;2.5303951367781155
8592.0;2.8191489361702127
8598.0;2.8419452887537995
8604.0;3.1231003039513676
8610.0;2.811550151975684
8616.0;2.7051671732522795
8622.0;2.2948328267477205
8628.0;1.9680851063829787
8634.0;2.211246200607903
8640.0;1.6717325227963526
8646.0;1.6869300911854104
8652.0;1.2917933130699089
8658.0;2.127659574468085
8664.0;2.0364741641337387
8670.0;2.2416413373860182
8676.0;2.1048632218844983
8682.0;1.9832826747720365
8688.0;2.4164133738601823
8694.0;2.7963525835866263
8700.0;2.689969604863222
8706.0;2.5911854103343464
8712.0;3.10790273556231
8718.0;2.872340425531915
8724.0;3.2142857142857144
8730.0;2.857142857142857
8736.0;2.522796352583587
8742.0;2.3404255319148937
8748.0;1.8465045592705167
8754.0;2.477203647416413
8760.0;2.857142857142857
8766.0;1.3829787234042554
8772.0;1.702127659574468
8778.0;1.6337386018237081
8784.0;2.021276595744681
8790.0;1.8389057750759878
8796.0;2.0060790273556233
8802.0;2.5531914893617023
8808.0;2.3328267477203646
8814.0;2.5379939209726445
8820.0;2.849544072948328
8826.0;3.1990881458966567
8832.0;2.986322188449848
8838.0;2.6671732522796354
8844.0;3.3814589665653494
8850.0;3.047112462006079
8856.0;2.211246200607903
8862.0;1.8996960486322187
8868.0;2.2492401215805473
8874.0;2.940729483282675
8880.0;2.3556231003039514
8886.0;1.884498480243161
8892.0;1.3221884498480243
8898.0;1.9756838905775076
8904.0;1.8617021276595744
8910.0;1.7249240121580547
8916.0;1.6793313069908815
8922.0;1.9148936170212767
8928.0;2.7735562310030395
8934.0;3.024316109422492
8940.0;2.5151975683890577
8946.0;3.0623100303951367
8952.0;2.8343465045592704
8958.0;3.1914893617021276
8964.0;2.5151975683890577
8970.0;2.454407294832827
8976.0;3.1306990881458967
8982.0;2.021276595744681
8988.0;1.8541033434650456
8994.0;2.674772036474164
9000.0;2.0440729483282674
9006.0;1.8768996960486322
9012.0;1.21580547112462
9018.0;1.4741641337386018
9024.0;2.021276595744681
9030.0;2.1200607902735564
9036.0;1.8617021276595744
9042.0;1.9224924012158056
9048.0;2.4012158054711246
9054.0;2.7735562310030395
9060.0;2.5531914893617023
9066.0;2.872340425531915
9072.0;3.024316109422492
9078.0;2.803951367781155
9084.0;2.7279635258358663
9090.0;2.5835866261398177
9096.0;2.477203647416413
9102.0;1.8996960486322187
9108.0;2.5
9114.0;2.386018237082067
9120.0;2.234042553191489
9126.0;1.337386018237082
9132.0;1.0714285714285714
9138.0;1.7705167173252279
9144.0;2.188449848024316
9150.0;2.021276595744681
9156.0;2.0288753799392096
9162.0;2.142857142857143
9168.0;2.5911854103343464
9174.0;2.743161094224924
9180.0;3.5106382978723403
9186.0;3.115501519756839
9192.0;2.5835866261398177
9198.0;3.24468085106383
9204.0;3.10790273556231
9210.0;3.17629179331307
9216.0;2.378419452887538
9222.0;1.778115501519757
9228.0;2.4620060790273555
9234.0;2.3328267477203646
9240.0;2.074468085106383
9246.0;1.8465045592705167
9252.0;1.4437689969604863
9258.0;1.4969604863221884
9264.0;2.302431610942249
9270.0;2.234042553191489
9276.0;2.082066869300912
9282.0;2.0060790273556233
9288.0;2.477203647416413
9294.0;2.454407294832827
9300.0;2.386018237082067
9306.0;3.069908814589666
9312.0;3.487841945288754
9318.0;3.8525835866261398
9324.0;3.001519756838906
9330.0;2.735562310030395
9336.0;2.629179331306991
9342.0;2.059270516717325
9348.0;2.63677811550152
9354.0;2.7811550151975686
9360.0;1.9908814589665653
9366.0;1.7477203647416413
9372.0;1.6337386018237081
9378.0;2.0288753799392096
9384.0;2.7203647416413372
9390.0;2.378419452887538
9396.0;1.9148936170212767
9402.0;2.522796352583587
9408.0;2.56838905775076
9414.0;3.229483282674772
9420.0;2.8419452887537995
9426.0;2.629179331306991
9432.0;2.6443768996960486
9438.0;3.3282674772036476
9444.0;3.3890577507598785
9450.0;3.6930091185410334
9456.0;2.5531914893617023
9462.0;2.454407294832827
9468.0;2.0440729483282674
9474.0;1.709726443768997
9480.0;2.0896656534954405
9486.0;1.6793313069908815
9492.0;1.5045592705167172
9498.0;1.5197568389057752
9504.0;1.9984802431610942
9510.0;1.8009118541033435
9516.0;2.196048632218845
9522.0;1.7173252279635258
9528.0;2.986322188449848
9534.0;3.115501519756839
9540.0;2.7811550151975686
9546.0;2.917933130699088
9552.0;3.358662613981763
9558.0;3.617021276595745
9564.0;3.601823708206687
9570.0;3.0319148936170213
9576.0;2.507598784194529
9582.0;1.8693009118541033
9588.0;1.7857142857142858
9594.0;2.7203647416413372
9600.0;2.256838905775076
9606.0;1.4817629179331306
9612.0;1.2765957446808511
9618.0;1.0866261398176291
9624.0;2.0364741641337387
9630.0;1.9452887537993921
9636.0;2.2492401215805473
9642.0;2.127659574468085
9648.0;2.082066869300912
9654.0;2.7811550151975686
9660.0;2.378419452887538
9666.0;3.411854103343465
9672.0;2.4468085106382977
9678.0;3.5106382978723403
9684.0;3.617021276595745
9690.0;3.1231003039513676
9696.0;2.2492401215805473
9702.0;1.8541033434650456
9708.0;2.059270516717325
9714.0;2.393617021276596
9720.0;2.3404255319148937
9726.0;1.2765957446808511
9732.0;1.405775075987842
9738.0;0.9802431610942249
9744.0;1.8996960486322187
9750.0;1.8541033434650456
9756.0;2.264437689969605
9762.0;1.9452887537993921
9768.0;2.743161094224924
9774.0;3.0319148936170213
9780.0;3.1686930091185412
9786.0;2.386018237082067
9792.0;2.765957446808511
9798.0;3.0395136778115504
9804.0;3.0623100303951367
9810.0;3.419452887537994
9816.0;2.142857142857143
9822.0;2.386018237082067
9828.0;2.2188449848024314
9834.0;2.697568389057751
9840.0;2.5151975683890577
9846.0;1.9300911854103344
9852.0;1.6717325227963526
9858.0;1.656534954407295
9864.0;2.127659574468085
9870.0;2.013677811550152
9876.0;2.310030395136778
9882.0;2.522796352583587
9888.0;2.6443768996960486
9894.0;3.237082066869301
9900.0;2.933130699088146
9906.0;2.613981762917933
9912.0;3.358662613981763
9918.0;3.6778115501519757
9924.0;3.617021276595745
9930.0;3.221884498480243
9936.0;2.5531914893617023
9942.0;2.127659574468085
9948.0;2.6671732522796354
9954.0;1.9376899696048633
9960.0;2.1808510638297873
9966.0;1.4209726443768997
9972.0;1.337386018237082
9978.0;1.7325227963525835
9984.0;1.9300911854103344
9990.0;2.811550151975684
9996.0;1.7325227963525835
10002.0;1.337386018237082
10008.0;2.013677811550152
10014.0;2.689969604863222
10020.0;2.477203647416413
10026.0;2.621580547112462
10032.0;2.4468085106382977
10038.0;2.940729483282675
10044.0;2.8799392097264436
10050.0;2.63677811550152
10056.0;1.9832826747720365
10062.0;2.310030395136778
10068.0;1.9984802431610942
10074.0;2.1808510638297873
10080.0;1.7325227963525835
10086.0;1.2765957446808511
10092.0;1.2462006079027355
10098.0;1.8617021276595744
10104.0;1.9224924012158056
10110.0;1.9756838905775076
10116.0;2.507598784194529
10122.0;3.069908814589666
10128.0;2.788753799392097
10134.0;2.933130699088146
10140.0;2.606382978723404
10146.0;3.3814589665653494
10152.0;2.4696048632218845
10158.0;2.811550151975684
10164.0;3.404255319148936
10170.0;3.290273556231003
10176.0;3.5182370820668694
10182.0;2.378419452887538
10188.0;2.4240121580547114
10194.0;2.682370820668693
10200.0;1.8768996960486322
10206.0;1.6033434650455927
10212.0;1.0866261398176291
10218.0;1.1930091185410334
10224.0;1.709726443768997
10230.0;1.8161094224924013
10236.0;2.454407294832827
10242.0;1.648936170212766
10248.0;2.2872340425531914
10254.0;2.7735562310030395
10260.0;2.8267477203647418
10266.0;2.5531914893617023
10272.0;2.4164133738601823
10278.0;2.7583586626139818
10284.0;3.153495440729483
10290.0;3.404255319148936
10296.0;2.674772036474164
10302.0;2.917933130699088
10308.0;2.545592705167173
10314.0;2.059270516717325
10320.0;2.325227963525836
10326.0;1.3753799392097263
10332.0;1.0258358662613982
10338.0;1.458966565349544
10344.0;1.7705167173252279
10350.0;1.8920972644376899
10356.0;2.074468085106383
10362.0;2.454407294832827
10368.0;3.0623100303951367
10374.0;3.1003039513677813
10380.0;2.9939209726443767
10386.0;2.613981762917933
10392.0;2.674772036474164
10398.0;3.2750759878419453
10404.0;3.282674772036474
10410.0;2.7963525835866263
10416.0;2.325227963525836
10422.0;1.9832826747720365
10428.0;2.0060790273556233
10434.0;2.3404255319148937
10440.0;2.059270516717325
10446.0;1.466565349544073
10452.0;1.3069908814589666
10458.0;1.6033434650455927
10464.0;2.150455927051672
10470.0;2.393617021276596
10476.0;1.7705167173252279
10482.0;1.8009118541033435
10488.0;2.63677811550152
10494.0;3.153495440729483
10500.0;4.0121580547112465
10506.0;3.1003039513677813
10512.0;2.917933130699088
10518.0;3.594224924012158
10524.0;3.10790273556231
10530.0;3.24468085106383
10536.0;2.5531914893617023
10542.0;1.9756838905775076
10548.0;1.6337386018237081
10554.0;1.831306990881459
10560.0;1.6641337386018238
10566.0;1.7553191489361701
10572.0;1.527355623100304
10578.0;1.7173252279635258
10584.0;1.9604863221884499
10590.0;1.9224924012158056
10596.0;2.0364741641337387
10602.0;1.9908814589665653
10608.0;2.082066869300912
10614.0;2.7583586626139818
10620.0;3.601823708206687
10626.0;3.1914893617021276
10632.0;3.0091185410334345
10638.0;3.161094224924012
10644.0;2.735562310030395
10650.0;3.001519756838906
10656.0;3.0319148936170213
10662.0;2.370820668693009
10668.0;2.439209726443769
10674.0;1.7249240121580547
10680.0;2.059270516717325
10686.0;1.7401215805471124
10692.0;0.9802431610942249
10698.0;2.0364741641337387
10704.0;2.325227963525836
10710.0;1.952887537993921
10716.0;1.952887537993921
10722.0;1.6717325227963526
10728.0;2.522796352583587
10734.0;2.7203647416413372
10740.0;2.7811550151975686
10746.0;2.3556231003039514
10752.0;2.7507598784194527
10758.0;3.2522796352583585
10764.0;3.3662613981762917
10770.0;3.351063829787234
10776.0;2.4620060790273555
10782.0;2.211246200607903
10788.0;2.196048632218845
10794.0;2.4240121580547114
