#auto generated file!
6.0;0.0
12.0;0.0
18.0;0.037993920972644375
24.0;0.13677811550151975
30.0;0.25835866261398177
36.0;0.16717325227963525
42.0;0.25835866261398177
48.0;0.3191489361702128
54.0;0.3343465045592705
60.0;0.41033434650455924
66.0;0.45592705167173253
72.0;0.44072948328267475
78.0;0.22796352583586627
84.0;0.24316109422492402
90.0;0.48632218844984804
96.0;0.3343465045592705
102.0;0.3191489361702128
108.0;0.5319148936170213
114.0;0.5015197568389058
120.0;0.3951367781155015
126.0;0.3951367781155015
132.0;0.3343465045592705
138.0;0.4939209726443769
144.0;0.38753799392097266
150.0;0.25835866261398177
156.0;0.3799392097264438
162.0;0.182370820668693
168.0;0.0911854103343465
174.0;0.547112462006079
180.0;0.3951367781155015
186.0;0.5319148936170213
192.0;0.364741641337386
198.0;0.3723404255319149
204.0;0.2811550151975684
210.0;0.3191489361702128
216.0;0.0911854103343465
222.0;0.3951367781155015
228.0;0.19756838905775076
234.0;0.24316109422492402
240.0;0.2735562310030395
246.0;0.3951367781155015
252.0;0.45592705167173253
258.0;0.24316109422492402
264.0;0.303951367781155
270.0;0.25835866261398177
276.0;0.25835866261398177
282.0;0.2127659574468085
288.0;0.2735562310030395
294.0;0.3799392097264438
300.0;0.44072948328267475
306.0;0.5319148936170213
312.0;0.24316109422492402
318.0;0.3723404255319149
324.0;0.44832826747720367
330.0;0.26595744680851063
336.0;0.26595744680851063
342.0;0.2507598784194529
348.0;0.29635258358662614
354.0;0.34194528875379937
360.0;0.29635258358662614
366.0;0.34194528875379937
372.0;0.4331306990881459
378.0;0.29635258358662614
384.0;0.364741641337386
390.0;0.12158054711246201
396.0;0.303951367781155
402.0;0.3343465045592705
408.0;0.3343465045592705
414.0;0.23556231003039513
420.0;0.5015197568389058
426.0;0.2887537993920973
432.0;0.4635258358662614
438.0;0.48632218844984804
444.0;0.5167173252279635
450.0;0.3191489361702128
456.0;0.24316109422492402
462.0;0.13677811550151975
468.0;0.41033434650455924
474.0;0.5015197568389058
480.0;0.3951367781155015
486.0;0.303951367781155
492.0;0.12158054711246201
498.0;0.2127659574468085
504.0;0.2127659574468085
510.0;0.12158054711246201
516.0;0.04559270516717325
522.0;0.060790273556231005
528.0;0.3343465045592705
534.0;0.5167173252279635
540.0;0.3343465045592705
546.0;0.547112462006079
552.0;0.6382978723404256
558.0;0.3495440729483283
564.0;0.24316109422492402
570.0;0.3951367781155015
576.0;0.0911854103343465
582.0;0.24316109422492402
588.0;0.24316109422492402
594.0;0.60790273556231
600.0;0.303951367781155
606.0;0.303951367781155
612.0;0.2735562310030395
618.0;0.41033434650455924
624.0;0.24316109422492402
630.0;0.2735562310030395
636.0;0.182370820668693
642.0;0.3951367781155015
648.0;0.3495440729483283
654.0;0.4331306990881459
660.0;0.3799392097264438
666.0;0.41033434650455924
672.0;0.7750759878419453
678.0;0.25835866261398177
684.0;0.425531914893617
690.0;0.16717325227963525
696.0;0.13677811550151975
702.0;0.16717325227963525
708.0;0.23556231003039513
714.0;0.5015197568389058
720.0;0.41033434650455924
726.0;0.41033434650455924
732.0;0.1519756838905775
738.0;0.3495440729483283
744.0;0.19756838905775076
750.0;0.182370820668693
756.0;0.2735562310030395
762.0;0.2887537993920973
768.0;0.364741641337386
774.0;0.5167173252279635
780.0;0.3799392097264438
786.0;0.7142857142857143
792.0;0.6382978723404256
798.0;0.41033434650455924
804.0;0.31155015197568386
810.0;0.2735562310030395
816.0;0.3343465045592705
822.0;0.24316109422492402
828.0;0.2887537993920973
834.0;0.35714285714285715
840.0;0.303951367781155
846.0;0.425531914893617
852.0;0.364741641337386
858.0;0.364741641337386
864.0;0.3495440729483283
870.0;0.25835866261398177
876.0;0.2887537993920973
882.0;0.182370820668693
888.0;0.19756838905775076
894.0;0.425531914893617
900.0;0.5015197568389058
906.0;0.3191489361702128
912.0;0.3191489361702128
918.0;0.48632218844984804
924.0;0.4027355623100304
930.0;0.32674772036474165
936.0;0.3723404255319149
942.0;0.2887537993920973
948.0;0.364741641337386
954.0;0.3343465045592705
960.0;0.3343465045592705
966.0;0.2735562310030395
972.0;0.547112462006079
978.0;0.2811550151975684
984.0;0.2127659574468085
990.0;0.13677811550151975
996.0;0.182370820668693
1002.0;0.2127659574468085
1008.0;0.41033434650455924
1014.0;0.6762917933130699
1020.0;0.44832826747720367
1026.0;0.5395136778115501
1032.0;0.6762917933130699
1038.0;0.35714285714285715
1044.0;0.3723404255319149
1050.0;0.11398176291793313
1056.0;0.4787234042553192
1062.0;0.23556231003039513
1068.0;0.41033434650455924
1074.0;0.4939209726443769
1080.0;0.6003039513677811
1086.0;0.22036474164133737
1092.0;0.4939209726443769
1098.0;0.2887537993920973
1104.0;0.31155015197568386
1110.0;0.2811550151975684
1116.0;0.1899696048632219
1122.0;0.17477203647416414
1128.0;0.23556231003039513
1134.0;0.5091185410334347
1140.0;0.5395136778115501
1146.0;0.4939209726443769
1152.0;0.38753799392097266
1158.0;0.31155015197568386
1164.0;0.4635258358662614
1170.0;0.17477203647416414
1176.0;0.31155015197568386
1182.0;0.2811550151975684
1188.0;0.2127659574468085
1194.0;0.3723404255319149
