#auto generated file!
6.0;0.0
12.0;0.12158054711246201
18.0;4.680851063829787
24.0;14.544072948328267
30.0;24.635258358662615
36.0;33.17629179331307
42.0;41.18541033434651
48.0;48.525835866261396
54.0;54.77203647416413
60.0;59.6048632218845
66.0;62.006079027355625
72.0;63.37386018237082
78.0;65.2127659574468
84.0;67.40121580547113
90.0;66.55015197568389
96.0;65.3951367781155
102.0;64.57446808510639
108.0;77.19266055045871
114.0;81.44036697247707
120.0;79.57798165137615
126.0;78.22018348623853
132.0;77.44954128440367
138.0;78.91743119266054
144.0;80.45871559633028
150.0;79.39449541284404
156.0;78.66055045871559
162.0;78.18348623853211
168.0;77.54128440366972
174.0;77.79816513761467
180.0;77.81651376146789
186.0;77.04587155963303
192.0;77.24770642201835
198.0;79.3211009174312
204.0;79.85321100917432
210.0;79.85321100917432
216.0;84.15243101182655
222.0;83.62680683311433
228.0;82.87779237844941
234.0;83.27858081471747
240.0;82.47700394218134
246.0;81.6819973718791
252.0;81.49145860709592
258.0;83.77792378449409
264.0;85.17082785808147
270.0;85.11169513797634
276.0;84.70433639947437
282.0;83.32457293035479
288.0;81.61629434954008
294.0;82.58212877792378
300.0;83.00262812089356
306.0;81.91852825229961
312.0;82.24704336399475
318.0;84.19185282522996
324.0;88.66939611054248
330.0;87.76356192425793
336.0;87.36949846468782
342.0;86.85772773797339
348.0;86.02865916069601
354.0;85.56806550665301
360.0;86.10030706243603
366.0;84.89252814738997
372.0;84.27840327533265
378.0;86.1207778915046
384.0;87.98874104401229
390.0;87.67656090071648
396.0;87.49232343909928
402.0;86.33572159672467
408.0;85.48106448311157
414.0;85.78300921187308
420.0;85.02558853633572
426.0;84.48311156601842
432.0;86.62196144174351
438.0;89.11148365465213
444.0;89.24979044425817
450.0;89.45096395641241
456.0;89.03185247275775
462.0;87.53562447611064
468.0;86.79798826487846
474.0;87.30092204526404
480.0;86.47108130762783
486.0;85.95138306789606
492.0;85.4316848281643
498.0;87.6487845766974
504.0;89.55574182732607
510.0;89.7569153394803
516.0;88.91450125733445
522.0;86.93629505448449
528.0;87.17518860016764
534.0;87.46437552388936
540.0;87.5443577004968
546.0;87.57274662881476
552.0;87.9347054648687
558.0;90.29808374733854
564.0;91.56848828956707
570.0;90.68843151171043
576.0;90.6458481192335
582.0;89.3541518807665
588.0;88.5805535841022
594.0;88.5805535841022
600.0;88.2540809084457
606.0;86.48687012065295
612.0;87.71469127040454
618.0;90.33356990773598
624.0;91.49041873669269
630.0;90.97941802696948
636.0;90.01419446415898
642.0;88.10503903477644
648.0;89.69538461538461
654.0;90.16615384615385
660.0;89.60615384615384
666.0;89.28615384615385
672.0;89.41846153846154
678.0;91.15076923076923
684.0;92.57846153846154
690.0;92.0276923076923
696.0;91.52
702.0;90.05846153846154
708.0;89.33846153846154
714.0;90.07692307692308
720.0;89.23076923076923
726.0;87.99384615384615
732.0;87.85846153846154
738.0;90.75384615384615
744.0;92.67384615384616
750.0;92.44
756.0;91.97718631178707
762.0;91.0917979359044
768.0;90.41825095057034
774.0;91.54263986963606
780.0;90.9614340032591
786.0;90.32047800108637
792.0;90.81477457903313
798.0;92.65616512764802
804.0;93.09614340032591
810.0;92.75936990765888
816.0;91.90114068441065
822.0;90.63552417164584
828.0;91.14883215643673
834.0;90.73601303639326
840.0;89.65507876154264
846.0;89.46496469310158
852.0;88.9326453014666
858.0;91.87126561651276
864.0;94.21487603305785
870.0;93.16723383568304
876.0;92.48663101604278
882.0;90.8750607681089
888.0;90.27467185221195
894.0;91.2105007292173
900.0;90.63928050559066
906.0;90.76567817209528
912.0;89.73018959649976
918.0;93.15264948954788
924.0;93.85512882839086
930.0;93.4175984443364
936.0;93.07486631016043
942.0;91.90325717063685
948.0;90.88478366553232
954.0;91.56781720952844
960.0;90.69032571706369
966.0;90.00729217306757
972.0;90.20677518697757
978.0;92.82886053673559
984.0;94.06511218653762
990.0;93.68235811702596
996.0;93.51957765068192
1002.0;91.70699516058073
1008.0;91.16146062472504
1014.0;91.85217773867136
1020.0;90.98328200615926
1026.0;90.69951605807303
1032.0;90.6291245050594
1038.0;92.78486581610207
1044.0;94.28288605367356
1050.0;93.85833699956005
1056.0;93.21161460624725
1062.0;91.02067751869775
1068.0;91.04707435107787
1074.0;91.24945006599208
1080.0;90.99638408999598
1086.0;90.40578545600643
1092.0;89.92969063881077
1098.0;92.55725190839695
1104.0;95.01406187223785
1110.0;93.99959823222177
1116.0;93.55363599839293
1122.0;91.22137404580153
1128.0;91.61510646846124
1134.0;91.65930092406589
1140.0;91.8903173965448
1146.0;91.72157492969063
1152.0;92.16552832462837
1158.0;94.1462434712736
1164.0;94.85335476094818
1170.0;94.43149859381278
1176.0;93.55564483728405
1182.0;92.25190839694656
1188.0;92.30499075785582
1194.0;92.15157116451017
1200.0;91.5268022181146
1206.0;90.99815157116451
1212.0;91.30499075785582
1218.0;93.29390018484288
1224.0;95.10351201478743
1230.0;94.47689463955638
1236.0;93.9815157116451
1242.0;92.70979667282809
1248.0;91.98890942698706
1254.0;92.66173752310536
1260.0;92.17375231053605
1266.0;91.28650646950092
1272.0;91.31977818853974
1278.0;93.79667282809612
1284.0;94.82809611829944
1290.0;94.78743068391867
1296.0;94.36836699760356
1302.0;93.39609722697706
1308.0;92.8397808969531
1314.0;93.19411160561451
1320.0;92.1345429647381
1326.0;91.8247175624786
1332.0;91.21191372817528
1338.0;94.19376925710372
1344.0;95.0171174255392
1350.0;94.68846285518659
1356.0;93.97466621020199
1362.0;92.78329339267374
1368.0;92.34337555631633
1374.0;92.74221157137967
1380.0;92.79698733310511
1386.0;91.79219445395412
1392.0;92.06607326258131
1398.0;93.58952413557002
1404.0;95.34587185208798
1410.0;95.5977048135161
1416.0;95.34587185208798
1422.0;93.6053554351291
1428.0;92.41313356710232
1434.0;92.6091807459356
1440.0;92.71915843162257
1446.0;91.45680586547657
1452.0;90.96589097864201
1458.0;93.80140261396238
1464.0;95.35543512910424
1470.0;95.42556582722347
1476.0;95.0015938795027
1482.0;93.589416640102
1488.0;93.64998406120498
1494.0;92.89129741791521
1500.0;92.97736691106152
1506.0;91.29741791520561
1512.0;92.17417238294065
1518.0;95.38473009245452
1524.0;95.78288100208768
1530.0;95.14315538323889
1536.0;95.41157172681181
1542.0;93.49239487026543
1548.0;92.88845809722636
1554.0;92.90038771249627
1560.0;92.98091261556814
1566.0;92.04145541306293
1572.0;91.23620638234416
1578.0;93.4327467939159
1584.0;95.72472412764688
1590.0;95.94691321204891
1596.0;94.7479868774232
1602.0;93.13599761407694
1608.0;92.93468535639725
1614.0;92.48434237995825
1620.0;92.31717567946204
1626.0;92.44326141776408
1632.0;92.2163070888204
1638.0;94.25329223872234
1644.0;96.20061641916503
1650.0;95.2956010086859
1656.0;95.22835528159148
1662.0;93.86662930792939
1668.0;93.39871112356403
1674.0;93.25581395348837
1680.0;92.65340431493415
1686.0;91.9193051274867
1692.0;91.85205940039226
1698.0;94.10058840011207
1704.0;96.32390025217147
1710.0;96.37993835808349
1716.0;95.41047912580555
1722.0;93.8862426449986
1728.0;94.28005284015852
1734.0;93.90620871862616
1740.0;92.8110964332893
1746.0;92.83619550858653
1752.0;93.33817701453104
1758.0;94.38969616908851
1764.0;95.98811096433289
1770.0;95.99339498018495
1776.0;95.34874504623514
1782.0;92.97886393659181
1788.0;93.37384412153236
1794.0;93.85997357992073
1800.0;92.40819022457067
1806.0;92.27476882430648
1812.0;91.00132100396301
1818.0;94.22324966974901
1824.0;96.22589167767504
1830.0;95.28401585204756
1836.0;95.0662334416396
1842.0;93.64658835291178
1848.0;94.05898525368657
1854.0;93.38790302424394
1860.0;92.83679080229942
1866.0;92.10697325668583
1872.0;93.2191952011997
1878.0;95.5486128467883
1884.0;95.88352911772057
1890.0;95.16870782304424
1896.0;95.54361409647588
1902.0;94.48887778055486
1908.0;93.52911772056986
1914.0;93.40664833791553
1920.0;92.28942764308923
1926.0;92.2819295176206
1932.0;91.68207948012997
1938.0;94.44638840289927
1944.0;96.16789186625563
1950.0;95.60943798909177
1956.0;94.99170026084894
1962.0;92.70452928622244
1968.0;93.27602561062366
1974.0;93.03059046715674
1980.0;92.60730377045293
1986.0;93.1420441071852
1992.0;93.56177377282428
1998.0;95.99241166706189
2004.0;96.15722077306141
2010.0;96.49988143229784
2016.0;95.02964192553948
2022.0;93.37325112639317
2028.0;92.99027744842304
2034.0;93.34360920085369
2040.0;92.76737016836614
2046.0;91.63030590467157
2052.0;91.3782991202346
2058.0;94.86916309496955
2064.0;96.54635686893751
2070.0;96.82833295736522
2076.0;96.09293931874576
2082.0;94.82517482517483
2088.0;93.9363861944507
2094.0;94.1867809609745
2100.0;93.49875930521092
2106.0;92.89645838032935
2112.0;93.07241145950823
2118.0;95.85156778705166
2124.0;96.71667042634785
2130.0;95.97563726595985
2136.0;95.29889465373337
2142.0;93.90254906383939
2148.0;93.60929393187457
2154.0;93.75592149785699
2160.0;93.22865132286513
2166.0;91.91439019143903
2172.0;90.98838459883846
2178.0;94.8257689825769
2184.0;97.12411271241128
2190.0;96.67670466767046
2196.0;96.00451710045171
2202.0;93.59109485910949
2208.0;94.3310389331039
2214.0;93.91482039148204
2220.0;93.88255538825554
2226.0;92.85437728543774
2232.0;92.18541621854162
2238.0;95.77758657775865
2244.0;96.64228866422887
2250.0;96.99397719939772
2256.0;95.62271456227145
2262.0;94.35469993547
2268.0;93.83144912641316
2274.0;94.22507708119218
2280.0;93.70195272353546
2286.0;93.20452209660843
2292.0;92.40082219938336
2298.0;96.0863309352518
2304.0;96.82528263103802
2310.0;96.25282631038027
2316.0;96.67009249743063
2322.0;95.18396711202466
2328.0;94.13669064748201
2334.0;93.83350462487154
2340.0;93.72867420349435
2346.0;92.88386433710174
2352.0;93.19424460431655
2358.0;95.66289825282631
2364.0;96.2147995889003
2370.0;97.08941418293936
2376.0;96.75752804566031
2382.0;94.90848258216886
2388.0;94.46270419208817
2394.0;94.0375910253887
2400.0;92.56740799055304
2406.0;92.59988191300926
2412.0;91.69946860854162
2418.0;94.01102145246999
2424.0;96.49281637472939
2430.0;96.01948435347373
2436.0;95.003936233025
2442.0;94.3141113953946
2448.0;93.94902578232632
2454.0;94.36921865774454
2460.0;93.82601850029522
2466.0;93.5288329069081
2472.0;93.10962408974612
2478.0;96.07852784884865
2484.0;97.04172172928072
2490.0;96.97942231451765
2496.0;96.3337738342458
2502.0;94.72720407777987
2508.0;94.38927694921654
2514.0;94.10232206909572
2520.0;92.71663205588068
2526.0;92.46554653577496
2532.0;91.61412120067963
2538.0;94.12120067962998
2544.0;96.28280158580328
2550.0;96.86426279025864
2556.0;95.52388144232584
2562.0;93.95506890692845
2568.0;94.1155370964697
2574.0;94.09854634698887
2580.0;93.59259958467057
2586.0;93.2452331508401
2592.0;92.5566842009795
2598.0;95.83983312171232
2604.0;96.6225285688373
2610.0;96.82387085071649
2616.0;95.95138762923997
2622.0;94.85035370941411
2628.0;93.92345365499727
2634.0;93.93161617993833
2640.0;93.24415019045891
2646.0;92.61926355886088
2652.0;92.93850897877743
2658.0;96.19626337747142
2664.0;97.3489932885906
2670.0;97.06965354616361
2676.0;96.21077453292219
2682.0;94.7596589878469
2688.0;94.35153274079448
2694.0;95.35008162524942
2700.0;94.19095828242276
2706.0;94.23110490486997
2712.0;94.15604817594694
2718.0;96.43044161284692
2724.0;97.41316111014139
2730.0;97.2735206842381
2736.0;95.98184674463258
2742.0;94.64478966660849
2748.0;94.14819340198987
2754.0;94.53482283120964
2760.0;94.1857217664514
2766.0;93.90644091464479
2772.0;92.69156920928609
2778.0;95.72002094606388
2784.0;96.71670448594868
2790.0;96.54389945889335
2796.0;96.07086751614592
2802.0;94.45278408099145
2808.0;94.09587888982338
2814.0;94.43481917577796
2820.0;93.67956265769554
2826.0;93.7838519764508
2832.0;93.99915895710681
2838.0;95.94785534062237
2844.0;97.40117746005046
2850.0;96.44407064760303
2856.0;96.00588730025231
2862.0;94.89655172413794
2868.0;93.79983179142137
2874.0;93.51471825063078
2880.0;93.94701429772918
2886.0;93.0883095037847
2892.0;92.36921783010933
2898.0;94.78973927670312
2904.0;96.2026913372582
2910.0;96.65264928511354
2916.0;95.36601201103717
2922.0;93.65362765784775
2928.0;93.40853757506898
2934.0;93.95390358708002
2940.0;94.17789319915597
2946.0;93.34523616296056
2952.0;92.85018665801006
2958.0;95.00730400908944
2964.0;97.3186171076124
2970.0;96.95341665314072
2976.0;96.82519071579289
2982.0;94.25580262944327
2988.0;94.06752150624898
2994.0;94.3402045122545
3000.0;94.19412433046584
3006.0;93.3403668235676
3012.0;92.78688524590164
3018.0;94.61288751826002
3024.0;96.43719617374941
3030.0;96.7680727614866
3036.0;96.09142229888663
3042.0;94.78202916732006
3048.0;94.49349223772934
3054.0;95.24149286498353
3060.0;94.9114003449898
3066.0;93.7360827975537
3072.0;94.15399090481418
3078.0;96.22785008624746
3084.0;97.67210286968795
3090.0;96.89273953269563
3096.0;96.64654226125137
3102.0;95.04782813235063
3108.0;94.27395326956248
3114.0;93.82076211384664
3120.0;93.85212482358476
3126.0;92.73012388270347
3132.0;92.78477172758987
3138.0;95.0735628697103
3144.0;96.70256332473836
3150.0;96.8906415895647
3156.0;96.66919460033368
3162.0;94.5320794782345
3168.0;94.75655998786591
3174.0;94.70726528135901
3180.0;93.97163658425603
3186.0;93.63870772030941
3192.0;93.40360988927651
3198.0;96.16107993326256
3204.0;97.50417109055059
3210.0;97.47307750644623
3216.0;96.65251023813136
3222.0;95.51342332777187
3228.0;94.62156833004703
3234.0;95.05232822690732
3240.0;94.59538845645469
3246.0;93.67161110295197
3252.0;92.644294316346
3258.0;95.37744162138347
3264.0;97.11484799530034
3270.0;97.25583786165369
3276.0;96.60669701865179
3282.0;95.48465266558966
3288.0;95.41856366573653
3294.0;95.44573358789837
3300.0;94.8773681891614
3306.0;93.0195329710677
3312.0;93.32280804817154
3318.0;96.05008077544427
3324.0;97.32045821706565
3330.0;97.23747980613894
3336.0;96.22044353062124
3342.0;94.86708767807313
3348.0;93.95017793594306
3354.0;95.01779359430606
3360.0;94.42846975088968
3366.0;92.97935943060499
3372.0;91.80355871886121
3378.0;95.05622775800711
3384.0;97.24555160142349
3390.0;96.89822064056939
3396.0;96.69039145907473
3402.0;95.16868327402135
3408.0;94.77153024911033
3414.0;94.7373665480427
3420.0;94.04555160142348
3426.0;93.72241992882562
3432.0;93.14021352313168
3438.0;95.79572953736655
3444.0;97.33665480427047
3450.0;97.16725978647686
3456.0;96.33821295401188
3462.0;95.01035768540257
3468.0;94.31363071398978
3474.0;94.43239883993924
3480.0;93.67214473139069
3486.0;93.27164756249137
3492.0;93.3020301063389
3498.0;95.80513741195968
3504.0;97.0701560557934
3510.0;97.5983980113244
3516.0;96.4528380058003
3522.0;95.00207153708051
3528.0;95.08355199558072
3534.0;94.84670625604198
3540.0;94.60709846706256
3546.0;94.24457947797265
3552.0;93.6742162684712
3558.0;96.49703079685126
3564.0;97.47820839479684
3570.0;96.72388359930267
3576.0;96.507979080059
3582.0;95.69129676813732
3588.0;95.32385677886549
3594.0;94.57824862545259
3600.0;94.28590586026552
3606.0;93.55907201287381
3612.0;93.0776451656162
3618.0;95.08649590988333
3624.0;97.2106745339949
3630.0;96.94515220598096
3636.0;96.05873675740915
3642.0;95.06772160386214
3648.0;94.78610701354432
3654.0;94.9859192704841
3660.0;94.13973447767198
3666.0;93.67305887085959
3672.0;94.4962856770494
3678.0;96.73400234588819
3684.0;97.83656979017333
3690.0;97.8137625439854
3696.0;96.89104652678222
3702.0;95.77544637038967
3708.0;95.67704939397889
3714.0;94.90420956601069
3720.0;94.45653590512185
3726.0;92.52834614883358
3732.0;92.65606672748599
3738.0;95.55519353577479
3744.0;96.88713671315
3750.0;96.83109605108824
3756.0;95.66792649550372
3762.0;94.06881271992701
3768.0;94.2037012902385
3774.0;93.59898344845563
3780.0;93.93459247052859
3786.0;93.3413613892762
3792.0;92.71770820129294
3798.0;96.2086449486627
3804.0;98.26150335910762
3810.0;97.21510964634301
3816.0;97.48383825579921
3822.0;95.60654075294714
3828.0;95.40372670807453
3834.0;94.61782228419318
3840.0;93.63417416656104
3846.0;92.96995816960325
3852.0;91.84941057168209
3858.0;95.03232348840157
3864.0;96.85511471669413
3870.0;96.96919761693498
3876.0;96.09582963620231
3882.0;94.11839269869438
3888.0;94.817396668723
3894.0;93.75077112893275
3900.0;94.17951881554596
3906.0;93.11906230721776
3912.0;94.07526218383714
3918.0;95.91671807526218
3924.0;97.78346699568168
3930.0;97.74090067859346
3936.0;96.44540407156076
3942.0;95.17643429981493
3948.0;94.80074028377545
3954.0;95.37939543491672
3960.0;93.99938309685379
3966.0;93.16779765576804
3972.0;91.99383096853794
3978.0;96.07526218383714
3984.0;97.32572486119679
3990.0;97.44478716841456
3996.0;96.37663742338661
4002.0;95.58105996875375
4008.0;95.1592356687898
4014.0;95.3887753875736
4020.0;95.24576373032087
4026.0;94.43095781757
4032.0;94.28554260305252
4038.0;96.14709770460281
4044.0;97.72262949164764
4050.0;97.45102752073068
4056.0;95.6687898089172
4062.0;94.69294555942795
4068.0;94.61002283379402
4074.0;94.66650642951568
4080.0;93.9574570364139
4086.0;93.08736930657373
4092.0;91.89280134599207
4098.0;94.49345030645355
4104.0;96.97961813283355
4110.0;97.0241302565304
4116.0;95.78833313810472
4122.0;95.04744055288744
4128.0;93.98617781422045
4134.0;94.50392409511538
4140.0;94.91976104017805
4146.0;94.1876537425325
4152.0;94.92093241185428
4158.0;97.22677755651868
4164.0;97.39604076373433
4170.0;97.77029401429074
4176.0;96.39393229471712
4182.0;95.62082698840342
4188.0;95.3279840693452
4194.0;94.67494435984538
4200.0;94.37917301159658
4206.0;92.66018507672484
4212.0;93.23888952359191
4218.0;95.9231120758597
4224.0;97.29921169884611
4230.0;97.09014052324918
4236.0;96.0790586084771
4242.0;95.28733005826574
4248.0;93.76785102250656
4254.0;95.17708214326517
4260.0;94.8657603107506
4266.0;94.18256597737918
4272.0;93.93922083856964
4278.0;95.7157545984234
4284.0;97.50828287444305
4290.0;97.75505540957386
4296.0;96.94504741231577
4302.0;94.98800411287559
4308.0;94.58128641608592
4314.0;95.15537529989717
4320.0;94.03779685583677
4326.0;93.55669528375516
4332.0;92.72494146504627
4338.0;95.69517226000669
4344.0;97.83253428475861
4350.0;97.28007581670197
4356.0;96.66852491916602
4362.0;94.95595941576542
4368.0;94.1108261790612
4374.0;94.49882930092541
4380.0;93.60240829523916
4386.0;93.77299587467945
4392.0;94.44698405619356
4398.0;95.95662838666517
4404.0;97.79295350652247
4410.0;97.3854387334151
4416.0;96.8034340506188
4422.0;95.40361244285873
4428.0;94.58845944474687
4434.0;94.92215568862275
4440.0;94.4735982580294
4446.0;94.19814915623299
4452.0;94.09254218835058
4458.0;95.88187261839957
4464.0;97.39793140990746
4470.0;97.46107784431138
4476.0;96.36799129014697
4482.0;95.09961894393032
4488.0;94.72509526401743
4494.0;94.35002721829069
4500.0;93.98149156232988
4506.0;93.58192705498095
4512.0;93.14861186717474
4518.0;95.59662493195427
4524.0;97.17310832879696
4530.0;96.3462166575939
4536.0;96.66524837783214
4542.0;95.39729815977024
4548.0;95.3207105627061
4554.0;95.1393468779917
4560.0;94.61972130624402
4566.0;93.27837464099564
4572.0;92.19923412402936
4578.0;94.69737261993404
4584.0;97.03010318051271
4590.0;96.89713860227636
4596.0;96.01372194447399
4602.0;94.44261248803319
4608.0;94.64259121370067
4614.0;94.8314009147963
4620.0;94.57557706626955
4626.0;93.64269758536327
4632.0;93.62620997766196
4638.0;96.78385278161898
4644.0;97.36404284080274
4650.0;97.89539357387959
4656.0;96.98658625350942
4662.0;95.02131641884164
4668.0;95.31766663200582
4674.0;94.0854736404284
4680.0;93.92118124155142
4686.0;93.10907767495061
4692.0;93.07060413850473
4698.0;96.21607569928253
4704.0;97.41759384423416
4710.0;97.54809192055734
4716.0;96.32109805552668
4722.0;95.31558698138713
4728.0;94.26744306956431
4734.0;95.02235624415098
4740.0;94.05843818238536
4746.0;93.73921181241552
4752.0;93.69215905623919
4758.0;96.27122953320452
4764.0;97.79365402217024
4770.0;96.92464151327164
4776.0;97.17939591172582
4782.0;95.05644259127428
4788.0;94.38879284043527
4794.0;94.62219058273162
4800.0;93.06264619139633
4806.0;92.73212651276314
4812.0;91.71107495169328
4818.0;95.23441472592292
4824.0;96.54022170243059
4830.0;96.56106986677514
4836.0;96.47157530763755
4842.0;94.87592799755924
4848.0;94.07657886708024
4854.0;95.04830672226177
4860.0;94.5626430490596
4866.0;94.0501542442034
4872.0;94.21235943875013
4878.0;95.45875211463827
4884.0;97.43258035625435
4890.0;97.86446412578366
4896.0;96.31107572892824
4902.0;95.1836003582446
4908.0;94.63130659767141
4914.0;93.65708030649816
4920.0;94.4531794208379
4926.0;93.07294258135138
4932.0;91.77430590108469
4938.0;93.38192855010449
4944.0;96.4016320031844
4950.0;97.00069658672504
4956.0;96.30311473778485
4962.0;94.58851627027565
4968.0;94.44958597174866
4974.0;93.77301509985388
4980.0;93.81636629322942
4986.0;93.12956648806625
4992.0;92.59376522162688
4998.0;95.47929858743302
5004.0;96.50608865075499
5010.0;97.06527033609352
5016.0;96.4145153433999
5022.0;95.2528007793473
5028.0;94.52800779347297
5034.0;94.52508524111057
5040.0;93.29907452508525
5046.0;92.20116902094496
5052.0;91.10034096444228
5058.0;95.02143205065758
5064.0;97.5017048222114
5070.0;97.63565513882124
5076.0;96.62532201125846
5082.0;94.56349584963267
5088.0;93.48583150462743
5094.0;94.0320580097319
5100.0;94.31351970231849
5106.0;93.49203320293866
5112.0;93.32792672454919
5118.0;95.80192729701365
5124.0;97.66625322011258
5130.0;97.4773399484782
5136.0;96.09960881595268
5142.0;94.90268104188532
5148.0;95.29291098177654
5154.0;94.79343574086442
5160.0;94.15704608338899
5166.0;93.39471424482397
5172.0;93.33746779887416
5178.0;95.5719874057819
5184.0;96.44666728989436
5190.0;97.09871926708423
5196.0;96.24053472936338
5202.0;95.06777601196598
5208.0;94.26708422922314
5214.0;94.08432270730111
5220.0;94.34701318126578
5226.0;93.23735626811255
5232.0;93.97821819201646
5238.0;96.44152566140039
5244.0;98.33972141721978
5250.0;97.81714499392353
5256.0;97.16135365055624
5262.0;95.56604655510891
5268.0;94.40777788164905
5274.0;94.02682995232308
5280.0;92.98635131345237
5286.0;92.95877348789381
5292.0;92.35590580042151
5298.0;94.92944194996792
5304.0;97.64821772198296
5310.0;97.20516814808028
5316.0;97.11536699349399
5322.0;95.57683496746999
5328.0;95.30468248877486
5334.0;95.29047924493723
5340.0;94.36177036561898
5346.0;94.97754971135343
5352.0;94.21698891230642
5358.0;96.97196004764959
5364.0;97.82919453862365
5370.0;98.14441491798772
5376.0;97.11170164024558
5382.0;95.75414643086228
5388.0;95.82012278933382
5394.0;95.68954457985889
5400.0;94.3117081498787
5406.0;94.06909875101087
5412.0;92.92479108635098
5418.0;96.12004672477312
5424.0;96.96378830083566
5430.0;96.72971515859466
5436.0;96.45385928654866
5442.0;94.2366789468955
5448.0;94.52331745889119
5454.0;95.11366699613622
5460.0;94.22005571030641
5466.0;94.18995417378021
5472.0;93.67867732949951
5478.0;95.73052385659089
5484.0;97.48135501842035
5490.0;96.45745349986522
5496.0;96.7562224818043
5502.0;94.96989846347381
5508.0;95.47465843984133
5514.0;94.85940943146761
5520.0;94.17981489643014
5526.0;93.70736007051565
5532.0;92.23358307624504
5538.0;95.67783164389598
5544.0;96.11326575583958
5550.0;97.16967827236668
5556.0;96.39841339797267
5562.0;94.87086822388717
5568.0;94.13397972675187
5574.0;95.75143234905245
5580.0;95.36624063464082
5586.0;94.83649184662848
5592.0;94.3525782282944
5598.0;96.6390480387836
5604.0;98.0537681798149
5610.0;97.43146760687527
5616.0;97.00847677536545
5622.0;95.02681428942132
5628.0;94.58870339935991
5634.0;93.7535680304472
5640.0;93.6899922152063
5646.0;93.90364155349883
5652.0;92.90589049390191
5658.0;96.21183288642851
5664.0;97.5780641812992
5670.0;97.36917221693625
5676.0;97.40204134590434
5682.0;95.02162442695268
5688.0;95.27895510768964
5694.0;95.12585416486463
5700.0;94.8944727964709
5706.0;94.53118242366577
5712.0;94.40057088487156
5718.0;96.80823458178358
5724.0;97.69126263055108
5730.0;97.63776853188418
5736.0;96.92706122102403
5742.0;95.10911097902692
5748.0;94.67606351362826
5754.0;95.62664515581217
5760.0;94.75248365458096
5766.0;94.12244204805978
5772.0;92.28835866519488
5778.0;95.70603719113527
5784.0;96.69185700942515
5790.0;96.85403753078033
5796.0;96.34372081175172
5802.0;94.75078542922645
5808.0;93.79213721660864
5814.0;95.25176190880529
5820.0;94.77540969686677
5826.0;94.51388299227307
5832.0;95.00291836904861
5838.0;96.30284332527307
5844.0;98.21437505211374
5850.0;97.7791211540065
5856.0;97.6373718002168
5862.0;95.73084299174519
5868.0;95.10756274493454
5874.0;94.7719503043442
5880.0;94.59392979237889
5886.0;93.49495539064455
5892.0;91.70807971316601
5898.0;95.28808471608438
5904.0;97.23255232218794
5910.0;97.76578003835571
5916.0;97.20003335278912
5922.0;95.90094221629283
5928.0;95.09046944050696
5934.0;94.72817476861502
5940.0;94.98812351543943
5946.0;94.27717257760668
5952.0;94.48767302809402
5958.0;96.34531902694734
5964.0;97.53624375460726
5970.0;97.30117126709804
5976.0;95.97100499631419
5982.0;94.54582684904578
5988.0;94.70636415758867
5994.0;94.71455483659595
6000.0;94.91195020067164
6006.0;92.6603325415677
6012.0;92.18609222704562
6018.0;94.43361454664591
6024.0;96.93668605127365
6030.0;97.02391678270129
6036.0;96.09755098697683
6042.0;94.386518142354
6048.0;94.95533199195171
6054.0;94.44909456740443
6060.0;94.28571428571429
6066.0;93.91670020120725
6072.0;93.64426559356137
6078.0;96.79396378269618
6084.0;97.53158953722334
6090.0;97.32635814889336
6096.0;96.72032193158954
6102.0;95.64386317907444
6108.0;95.95010060362173
6114.0;95.32032193158953
6120.0;94.09657947686117
6126.0;93.09617706237425
6132.0;92.55895372233401
6138.0;95.15855130784708
6144.0;96.65955734406438
6150.0;97.0354124748491
6156.0;96.7565857131556
6162.0;93.97753342298869
6168.0;94.72470532394588
6174.0;95.03915829443874
6180.0;94.73222055217151
6186.0;94.62779843366822
6192.0;94.67130764971125
6198.0;95.81045803338344
6204.0;97.13313820109168
6210.0;97.41080610711178
6216.0;96.6656118977929
6222.0;94.10489676449647
6228.0;94.2559924056641
6234.0;94.54157107823748
6240.0;94.29159085515387
6246.0;94.32481607467764
6252.0;92.9285657780239
6258.0;95.0154259947789
6264.0;95.6035622618029
6270.0;96.13012366804075
6276.0;95.60706230069223
6282.0;94.95372170801897
6288.0;95.31422571361904
6294.0;95.33289258769543
6300.0;94.78183090923233
6306.0;94.65427393637707
6312.0;93.72793031033679
6318.0;96.14334603717819
6324.0;97.61336237069301
6330.0;97.994866609629
6336.0;96.65629618106868
6342.0;95.52772808586762
6348.0;95.64984055378393
6354.0;95.84545383837599
6360.0;94.93699929999222
6366.0;94.17982422026911
6372.0;92.88686605981795
6378.0;96.19368163390193
6384.0;97.37512430199648
6390.0;97.33726000152987
6396.0;96.4851220071904
6402.0;94.29893673984549
6408.0;95.13730589765164
6414.0;94.26680945460109
6420.0;93.7833703052092
6426.0;93.2165532012545
6432.0;93.8116729136388
6438.0;96.57232463856803
6444.0;98.1783064331064
6450.0;98.13814732655091
6456.0;96.53866748259772
6462.0;95.631454142125
6468.0;95.19085137305898
6474.0;95.53354241566588
6480.0;94.78403190608775
6486.0;94.06802618707201
6492.0;93.15223116863571
6498.0;95.52374144028896
6504.0;96.48017157047182
6510.0;96.70968470163292
6516.0;96.98510045902626
6522.0;95.03047633380991
6528.0;94.5714500714877
6534.0;95.07224019866055
6540.0;94.68733539017232
6546.0;93.56648355782978
6552.0;93.70757769583867
6558.0;96.37632628489729
6564.0;97.02084430732185
6570.0;97.3071713447212
6576.0;97.03326059146663
6582.0;95.30212958085635
6588.0;94.5401703072936
6594.0;95.27545353572751
6600.0;94.53980007404665
6606.0;93.76231025546095
6612.0;92.49166975194372
6618.0;94.24472417623103
6624.0;96.9326175490559
6630.0;97.34468715290633
6636.0;96.54424287300999
6642.0;95.75638652350982
6648.0;94.90633098852277
6654.0;95.31803035912625
6660.0;93.68085894113291
6666.0;94.02369492780451
6672.0;94.80858941132914
6678.0;96.85449833395039
6684.0;97.39689004072565
6690.0;98.08737504627915
6696.0;97.22177683842285
6702.0;95.49850593980031
6708.0;94.56016325340718
6714.0;94.99927119014649
6720.0;94.64907805553531
6726.0;94.20632606952846
6732.0;92.6452153633117
6738.0;92.96990015305006
6744.0;96.1777567232709
6750.0;96.61322061074266
6756.0;96.87231251366518
6762.0;94.69499307630639
6768.0;94.39800306100139
6774.0;94.4227825960207
6780.0;94.28248669922017
6786.0;93.74025216820931
6792.0;94.06675898258145
6798.0;95.77180963486626
6804.0;97.22752385735811
6810.0;97.62897323670805
6816.0;96.5982636148382
6822.0;95.16610461361843
6828.0;94.9802683504341
6834.0;94.59568056253138
6840.0;94.29217191648131
6846.0;92.70144220420464
6852.0;92.21568486761856
6858.0;95.71679701513956
6864.0;96.72956877376767
6870.0;97.23182894453613
6876.0;96.5889359259525
6882.0;95.54997488699146
6888.0;95.2457487264117
6894.0;94.89273157781444
6900.0;94.02095142426634
6906.0;93.67582693549545
6912.0;94.27647848512683
6918.0;95.13248074613156
6924.0;97.21048540945382
6930.0;97.70013424715609
6936.0;97.0281919027768
6942.0;95.35646152759132
6948.0;94.88412350738359
6954.0;95.03638804493747
6960.0;93.89422737228855
6966.0;93.24984102310464
6972.0;92.73051649826891
6978.0;94.7565887091076
6984.0;96.57669751996043
6990.0;97.19882710379424
6996.0;97.03137144068396
7002.0;95.31265456087048
7008.0;94.00091853317318
7014.0;94.23443792835441
7020.0;95.27176560651402
7026.0;94.81870693854826
7032.0;94.47769503792887
7038.0;95.9015937086784
7044.0;97.38047184911963
7050.0;97.91843552091308
7056.0;97.19047950448883
7062.0;94.86046349780779
7068.0;95.32535319089708
7074.0;94.97842577771591
7080.0;93.66552996033127
7086.0;92.33071194933538
7092.0;91.34177743753915
7098.0;93.84160345187557
7104.0;95.5188252487995
7110.0;96.65390771800404
7116.0;96.79727190479504
7122.0;95.12283387848841
7128.0;94.62941378128214
7134.0;94.39938292766541
7140.0;93.52005485087419
7146.0;93.94549194377785
7152.0;93.56702091189578
7158.0;96.0983887555708
7164.0;97.68597874528625
7170.0;97.44532053479602
7176.0;97.1319849160096
7182.0;95.38155639355502
7188.0;94.15872471717518
7194.0;94.67020911895783
7200.0;93.97497428865273
7206.0;93.26294137812822
7212.0;92.77991086732945
7218.0;94.86835790195406
7224.0;95.58210490229688
7230.0;97.06582104902297
7236.0;95.66515775961084
7242.0;94.69765556381326
7248.0;95.42091750557395
7254.0;94.94155800283765
7260.0;95.00743193027498
7266.0;94.06188771028985
7272.0;93.83622728194041
7278.0;95.70197959597324
7284.0;96.9177758259577
7290.0;97.46503614620634
7296.0;96.65428011620837
7302.0;94.91588406188771
7308.0;94.73211269508818
7314.0;93.99432470779001
7320.0;93.25586109046687
7326.0;92.8748057563678
7332.0;92.9606107695426
7338.0;94.47233295047631
7344.0;97.1478990477459
7350.0;97.05666910834388
7356.0;97.16055137510821
7362.0;94.99034427648665
7368.0;93.84331091429713
7374.0;94.5115535726177
7380.0;93.96084437637344
7386.0;93.06485982553106
7392.0;93.13311580209097
7398.0;96.06945461809948
7404.0;97.321369115003
7410.0;97.26809615768795
7416.0;96.78098155423854
7422.0;95.32762868748752
7428.0;93.87827129253513
7434.0;94.41133382166878
7440.0;94.79722980621962
7446.0;92.66664446960112
7452.0;92.07969539814876
7458.0;94.8857743057835
7464.0;96.33690015098799
7470.0;96.05724414100965
7476.0;96.67104313004661
7482.0;95.0075493993304
7488.0;95.0994551303092
7494.0;95.03446464911706
7500.0;93.42545788748113
7506.0;93.3814744305127
7512.0;92.73025667957724
7518.0;96.26140615768398
7524.0;97.55497932121052
7530.0;97.46077594695727
7536.0;96.30670255366638
7542.0;95.14146917875665
7548.0;94.7866474102278
7554.0;95.06597518545263
7560.0;93.60994239109327
7566.0;93.57757783675319
7572.0;92.31892031846722
7578.0;94.5129134571817
7584.0;97.1269985112305
7590.0;96.89106091009127
7596.0;97.14900640818176
7602.0;95.19418732604052
7608.0;94.52909573435174
7614.0;94.80645996504629
7620.0;94.89902259045893
7626.0;92.67007573305716
7632.0;93.1743154896757
7638.0;96.61596219820053
7644.0;97.6513042915399
7650.0;97.47653569810343
7656.0;97.28687940967053
7662.0;94.61033076574536
7668.0;94.93137567826365
7674.0;95.66166613469518
7680.0;93.95531439514842
7686.0;94.00766038940313
7692.0;92.78518991382062
7698.0;95.29141398021066
7704.0;96.14267475263325
7710.0;96.5317586977338
7716.0;97.18672199170125
7722.0;95.83402489626556
7728.0;94.83498244494095
7734.0;94.55090967124163
7740.0;94.34024896265561
7746.0;93.62591765081392
7752.0;93.3712097031599
7758.0;95.6166613469518
7764.0;97.52633258857325
7770.0;96.69326524098308
7776.0;96.97342736603488
7782.0;95.94546942887727
7788.0;95.0267615389459
7794.0;94.2478433348026
7800.0;94.26956740759398
7806.0;93.34708141804673
7812.0;92.39909325609219
7818.0;94.03406586486997
7824.0;96.40702726528556
7830.0;95.9952144071532
7836.0;96.63182419243121
7842.0;94.5601662363831
7848.0;94.38228071280146
7854.0;94.86776651344374
7860.0;94.80259429506958
7866.0;94.7138089540961
7872.0;94.39204080347585
7878.0;95.69957811220957
7884.0;97.68590420575262
7890.0;97.98285394794061
7896.0;96.69255140709448
7902.0;94.4672920419954
7908.0;94.78225756352116
7914.0;94.25514070944897
7920.0;94.37162204137417
7926.0;94.0839908057402
7932.0;92.31968689817978
7938.0;94.75647636205504
7944.0;95.72187364105113
7950.0;95.88743244082748
7956.0;95.47058458097783
7962.0;94.27843697583401
7968.0;93.72926632291731
7974.0;94.9183077592098
7980.0;94.51264210722495
7986.0;93.90818164875442
7992.0;93.25691166554282
7998.0;97.12039477717158
8004.0;97.42107521608533
8010.0;98.16189542083
8016.0;97.04499478943174
8022.0;95.54833568319745
8028.0;95.71446085943725
8034.0;95.36903083430393
8040.0;94.10991233985165
8046.0;93.11653282658003
8052.0;91.5224054435113
8058.0;95.16030159995096
8064.0;96.44915098387789
8070.0;97.15932078710232
8076.0;96.63305339299944
8082.0;95.82357628884938
8088.0;93.94164163550542
8094.0;93.55605958438055
8100.0;94.9930425313086
8106.0;93.89920745356646
8112.0;94.83695323371045
8118.0;96.4885958013189
8124.0;97.63869562586969
8130.0;96.99013854437655
8136.0;96.66283501724243
8142.0;94.77221852501664
8148.0;94.40680016939923
8154.0;94.89533547099037
8160.0;93.92461733922197
8166.0;93.16716074777663
8172.0;91.96442616008228
8178.0;94.17992619033214
8184.0;96.84433420049609
8190.0;97.26510980700587
8196.0;95.16395426220582
8202.0;94.1947486236312
8208.0;93.79665571812481
8214.0;94.48611525828606
8220.0;94.01433263660795
8226.0;93.09047476858764
8232.0;92.20782323081517
8238.0;95.2753060615109
8244.0;96.93132278292028
8250.0;97.01522842639594
8256.0;96.73842938190505
8262.0;94.43684681994625
8268.0;95.13556285458345
8274.0;94.71513884741714
8280.0;93.45237384293819
8286.0;93.00955509107196
8292.0;92.48342788892207
8298.0;94.5488205434458
8304.0;96.31203344281874
8310.0;96.46073454762616
8316.0;97.00253522787571
8322.0;94.08761275868169
8328.0;93.90248216496668
8334.0;93.6457166440658
8340.0;93.3261600141501
8346.0;94.40510583102412
8352.0;93.32792877778432
8358.0;95.16685336949472
8364.0;97.41878426979541
8370.0;98.24420729909794
8376.0;97.07387536112257
8382.0;95.18778373916632
8388.0;94.85525617593302
8394.0;94.81752255173633
8400.0;94.05282707387536
8406.0;93.39897411709215
8412.0;93.39248865043335
8418.0;94.58817286716585
8424.0;96.55382197124061
8430.0;96.45747220119928
8436.0;95.86190836583803
8442.0;92.80404028642953
8448.0;94.1567211969494
8454.0;94.29411422250683
8460.0;93.84176515107411
8466.0;91.94970018047388
8472.0;92.45910228794318
8478.0;96.18792571461839
8484.0;97.24282470745764
8490.0;97.2387494905979
8496.0;96.34889678057868
8502.0;93.85137101938639
8508.0;93.81178319846306
8514.0;94.00040752168597
8520.0;93.46917389532514
8526.0;93.25638935786226
8532.0;91.07801989306043
8538.0;93.10268498821365
8544.0;96.62967860633589
8550.0;97.52342896567585
8556.0;96.97062036451446
8562.0;95.68677053987236
8568.0;94.95199218076237
8574.0;94.62858621284425
8580.0;93.91853044328178
8586.0;93.78658080837118
8592.0;94.07060311619617
8598.0;95.06985568907031
8604.0;97.87845685045708
8610.0;97.89340539297419
8616.0;96.02598746622205
8622.0;94.69355487839935
8628.0;94.19392859196229
8634.0;95.52406140401311
8640.0;94.7705718666591
8646.0;93.73956499517293
8652.0;92.67817593276166
8658.0;94.51899596797092
8664.0;96.11249929013573
8670.0;97.1247657447896
8676.0;96.09858595036629
8682.0;94.33556703958203
8688.0;93.73984894088251
8694.0;94.45368845476744
8700.0;95.29842694076892
8706.0;94.49599636549492
8712.0;94.72996763018911
8718.0;97.26162757680731
8724.0;98.06377420637175
8730.0;97.73354534612982
8736.0;96.8419558180476
8742.0;95.53097847691521
8748.0;94.88863955119214
8754.0;94.24572230014026
8760.0;94.22776998597476
8766.0;92.15427769985975
8772.0;92.49789621318374
8778.0;94.2704067321178
8784.0;97.00953716690042
8790.0;98.02328190743339
8796.0;97.33267882187938
8802.0;95.42636746143057
8808.0;94.43338008415147
8814.0;94.12201963534362
8820.0;94.7312762973352
8826.0;95.23927068723702
8832.0;95.29481065918654
8838.0;97.3382889200561
8844.0;98.0437587657784
8850.0;97.96521739130435
8856.0;97.3540823679397
8862.0;95.10725569536056
8868.0;95.3608447425309
8874.0;95.08480682888975
8880.0;94.81264896624356
8886.0;93.56160966686991
8892.0;91.72468266725791
8898.0;94.62114073499252
8904.0;96.7665317887035
8910.0;97.33385067346599
8916.0;96.92201097500138
8922.0;94.7788370932875
8928.0;95.12942741533175
8934.0;94.71758771686713
8940.0;94.33373981486614
8946.0;94.23562995399368
8952.0;94.60617482401197
8958.0;96.41899007815532
8964.0;98.251629511968
8970.0;98.66106151065345
8976.0;97.42482335542532
8982.0;95.75970860491866
8988.0;95.55841595004655
8994.0;95.30344525387522
9000.0;94.40598126745905
9006.0;94.20879662595169
9012.0;93.1149696007011
9018.0;94.83513173029523
9024.0;97.87396614996987
9030.0;98.21903927260777
9036.0;97.52861915977434
9042.0;94.61521608150298
9048.0;94.05762173412937
9054.0;94.3298460864326
9060.0;95.06709755162403
9066.0;94.43336802322396
9072.0;94.8113462891788
9078.0;97.08358144318736
9084.0;97.75293671845397
9090.0;97.63357332322849
9096.0;97.0995506956098
9102.0;95.35240621447518
9108.0;94.40670167271152
9114.0;94.54690629567477
9120.0;93.39333080712392
9126.0;93.11616954474097
9132.0;92.79299518215774
9138.0;94.21561197423266
9144.0;97.30606831592053
9150.0;98.36436962052726
9156.0;96.89303307529909
9162.0;94.70795214637579
9168.0;94.42429491690575
9174.0;95.084176906837
9180.0;94.76697522606881
9186.0;93.72946653111455
9192.0;94.82904382256943
9198.0;96.60950291615389
9204.0;98.32896356145326
9210.0;98.16496334742362
9216.0;96.88158809995184
9222.0;95.10246669163679
9228.0;94.20889293167103
9234.0;94.09599229493284
9240.0;94.92455455080528
9246.0;94.2302958959816
9252.0;91.99315105142063
9258.0;94.00074910375086
9264.0;96.44255979453155
9270.0;97.51939643640644
9276.0;97.35994435229279
9282.0;95.79378243886778
9288.0;95.31975667812748
9294.0;95.89870404654853
9300.0;95.21740280349114
9306.0;94.03438243850833
9312.0;94.10341179582122
9318.0;95.9026712509918
9324.0;98.1224543771489
9330.0;97.50647976725735
9336.0;96.93149960327956
9342.0;96.29013488495107
9348.0;94.94710394075642
9354.0;94.67627611742925
9360.0;94.5104469717006
9366.0;94.48585030415234
9372.0;93.678391959799
9378.0;94.64824120603015
9384.0;97.52631578947368
9390.0;97.91695318698757
9396.0;97.17300350400083
9402.0;95.18670571622823
9408.0;95.2178233355996
9414.0;94.9683593954291
9420.0;94.31462789603054
9426.0;94.83081428795565
9432.0;94.33816223000889
9438.0;96.63903561529209
9444.0;98.1747816536792
9450.0;98.08692014016003
9456.0;96.94524344961037
9462.0;95.46833324616914
9468.0;93.68809162700695
9474.0;95.32189739030386
9480.0;94.9819570106166
9486.0;94.63051095653994
9492.0;93.10810104074055
9498.0;95.85115841221693
9504.0;98.41133578114496
9510.0;97.92858251021357
9516.0;97.08176035579459
9522.0;95.69736774060092
9528.0;96.37715260898796
9534.0;95.49878471324404
9540.0;95.52774473806691
9546.0;94.55551533329886
9552.0;94.36106945234525
9558.0;96.64813569840203
9564.0;98.04752546930754
9570.0;97.70465946113669
9576.0;97.46780782954957
9582.0;95.40104462946682
9588.0;94.78564410198067
9594.0;94.36520659874851
9600.0;93.9954491389564
9606.0;93.46770440088949
9612.0;93.14683168823198
9618.0;95.79604152815425
9624.0;98.21076049711041
9630.0;98.67258221244822
9636.0;97.77962461003426
9642.0;94.94655551577763
9648.0;95.57254641231525
9654.0;94.99974428476449
9660.0;94.2177670945635
9666.0;93.92829744796195
9672.0;95.20406075793996
9678.0;98.10719582672736
9684.0;97.6387255152662
9690.0;98.2923336572393
9696.0;97.29657853014882
9702.0;96.09727407558943
9708.0;94.71232036004704
9714.0;94.39676775942311
9720.0;94.40158834538924
9726.0;94.19646921948505
9732.0;93.26420152764429
9738.0;96.35085234457989
9744.0;97.59674237442461
9750.0;97.80540239769336
9756.0;96.63058323638019
9762.0;95.37078253831757
9768.0;95.39683342607113
9774.0;95.52734078607922
9780.0;94.37199656027113
9786.0;94.79892761394102
9792.0;94.8194142344074
9798.0;96.13131670797713
9804.0;97.94653244979513
9810.0;98.31276240578684
9816.0;96.08174414487328
9822.0;95.802013253073
9828.0;96.50137603202401
9834.0;95.76182136602452
9840.0;95.08831623717788
9846.0;94.45083812859644
9852.0;93.52464348261196
9858.0;95.48086064548411
9864.0;97.66975231423568
9870.0;97.60370277708282
9876.0;96.7525644233175
9882.0;95.3014761070803
9888.0;94.06604953715286
9894.0;94.70853139854891
9900.0;94.93920440330248
9906.0;94.38929196897674
9912.0;95.17212909682262
9918.0;97.46810107580686
9924.0;98.9459594696022
9930.0;98.7150362772079
9936.0;97.19518835701203
9942.0;96.39201029651997
9948.0;95.60937577347656
9954.0;95.69551012326123
9960.0;94.98836691252909
9966.0;93.50725211623187
9972.0;92.81718726795704
9978.0;94.63516657591208
9984.0;96.96054650759864
9990.0;97.9572793426068
9996.0;96.41255383396862
10002.0;95.60393049849017
10008.0;94.45200732636998
10014.0;95.72248898569377
10020.0;94.73813177565467
10026.0;93.7718429780704
10032.0;94.06663036483343
10038.0;96.94940844512648
10044.0;98.5460645540481
10050.0;98.00582847626977
10056.0;97.29661556546016
10062.0;96.07263554880737
10068.0;95.54660332076212
10074.0;95.56986824704903
10080.0;95.68031542342166
10086.0;94.46123328598716
10092.0;93.42484204339522
10098.0;96.0469216829113
10104.0;97.26845275995494
10110.0;97.82313758142725
10116.0;96.83352108537004
10122.0;94.92334819023363
10128.0;94.3943772346574
10134.0;93.86687564284665
10140.0;94.97771464955675
10146.0;94.16123818386639
10152.0;93.6846314156933
10158.0;95.77521446226918
10164.0;97.43832695197014
10170.0;97.83114428342945
10176.0;97.63558377356662
10182.0;95.25178112732031
10188.0;96.05219793534629
10194.0;95.85154849028255
10200.0;94.85920612610866
10206.0;93.52299714050308
10212.0;91.93306838559589
10218.0;95.36034507827267
10224.0;97.26845344835942
10230.0;97.78122425241119
10236.0;96.72902631706489
10242.0;94.67188484466631
10248.0;94.71938157320797
10254.0;95.73934958561527
10260.0;94.8433977648808
10266.0;94.42898939997121
10272.0;94.80358770204806
10278.0;96.65979183653893
10284.0;97.76631972756488
10290.0;97.9322749292532
10296.0;97.3092234639551
10302.0;95.35085615617056
10308.0;95.55398340447984
10314.0;95.69979375509617
10320.0;94.86138423905223
10326.0;93.68890594273107
10332.0;92.3041872511871
10338.0;94.33210225910116
10344.0;97.23224135450141
10350.0;96.72718115976785
10356.0;96.35929780804835
10362.0;95.6484723487937
10368.0;95.40303821504865
10374.0;95.72798480892476
10380.0;95.22881557085212
10386.0;94.37075718015666
10392.0;92.93377640636126
10398.0;96.50581533349157
10404.0;98.25468787087586
10410.0;97.79373368146214
10416.0;96.59553762164728
10422.0;96.09470685971992
10428.0;94.79634464751958
10434.0;94.22525516259198
10440.0;94.20246854972703
10446.0;93.85331117968194
10452.0;92.35817707097081
10458.0;94.6356515547116
10464.0;95.90054592926656
10470.0;97.45217184903869
10476.0;96.98980311075607
10482.0;95.15177858183355
10488.0;94.89215732343405
10494.0;95.54743668060712
10500.0;93.67745876603543
10506.0;94.5801419106245
10512.0;94.98472816127062
10518.0;95.98303651144214
10524.0;98.10159297025515
10530.0;98.00808232695832
10536.0;97.33612142286546
10542.0;95.05427376533058
10548.0;94.59611860344909
10554.0;95.28922513039801
10560.0;94.48240214275646
10566.0;92.98200272543583
10572.0;92.22170010807763
10578.0;94.22771486302335
10584.0;96.64697399637159
10590.0;97.66316230171653
10596.0;96.47043773549798
10602.0;94.95348188119273
10608.0;95.33772154254082
10614.0;95.50658231381124
10620.0;94.5850583802391
10626.0;94.49155696143647
10632.0;95.13536772572917
10638.0;96.91026654882077
10644.0;98.37791319719031
10650.0;97.75666372051914
10656.0;96.55742661766759
10662.0;96.14155463553054
10668.0;95.27817835046751
10674.0;95.5249569707401
10680.0;94.68949155696144
10686.0;94.90184676931665
10692.0;93.52093216045687
10698.0;96.51268825127804
10704.0;97.97057062589232
10710.0;97.32280200801364
10716.0;96.95666190761295
10722.0;95.8531755169714
10728.0;94.24100769124487
10734.0;95.20218302399485
10740.0;95.50822088149957
10746.0;95.18214894302952
10752.0;94.79666559204163
10758.0;97.36977847372542
10764.0;98.22456592824575
10770.0;97.87592686409063
10776.0;96.7489522405932
10782.0;95.824621194676
10788.0;94.79620503845622
10794.0;94.97904481186386
