#auto generated file!
6.0;0.0
12.0;2.1666666666666665
18.0;16.5
24.0;21.5
30.0;33.0
36.0;45.666666666666664
42.0;54.166666666666664
48.0;71.16666666666667
54.0;79.83333333333333
60.0;73.66666666666667
66.0;68.33333333333333
72.0;61.666666666666664
78.0;66.33333333333333
84.0;68.0
90.0;68.33333333333333
96.0;66.66666666666667
102.0;62.333333333333336
108.0;71.5
114.0;66.5
120.0;77.66666666666667
126.0;56.333333333333336
132.0;54.5
138.0;59.833333333333336
144.0;60.166666666666664
150.0;67.33333333333333
156.0;57.666666666666664
162.0;61.333333333333336
168.0;67.0
174.0;68.16666666666667
180.0;75.33333333333333
186.0;70.0
192.0;68.16666666666667
198.0;68.0
204.0;60.666666666666664
210.0;66.0
216.0;58.666666666666664
222.0;49.833333333333336
228.0;61.333333333333336
234.0;70.66666666666667
240.0;63.0
246.0;67.33333333333333
252.0;59.666666666666664
258.0;51.5
264.0;57.666666666666664
270.0;64.33333333333333
276.0;68.33333333333333
282.0;59.166666666666664
288.0;62.666666666666664
294.0;59.666666666666664
300.0;73.66666666666667
306.0;61.333333333333336
312.0;56.666666666666664
318.0;58.833333333333336
324.0;46.5
330.0;48.5
336.0;54.0
342.0;56.666666666666664
348.0;58.0
354.0;65.83333333333333
360.0;68.16666666666667
366.0;60.666666666666664
372.0;51.666666666666664
378.0;54.833333333333336
384.0;40.666666666666664
390.0;48.833333333333336
396.0;54.666666666666664
402.0;55.333333333333336
408.0;61.666666666666664
414.0;69.0
420.0;64.66666666666667
426.0;52.666666666666664
432.0;55.0
438.0;55.833333333333336
444.0;58.5
450.0;56.5
456.0;53.333333333333336
462.0;56.333333333333336
468.0;57.333333333333336
474.0;65.0
480.0;59.0
486.0;55.666666666666664
492.0;37.333333333333336
498.0;47.333333333333336
504.0;45.333333333333336
510.0;50.166666666666664
516.0;51.333333333333336
522.0;46.666666666666664
528.0;59.333333333333336
534.0;64.16666666666667
540.0;68.33333333333333
546.0;62.333333333333336
552.0;59.833333333333336
558.0;56.0
564.0;56.833333333333336
570.0;55.0
576.0;52.666666666666664
582.0;52.333333333333336
588.0;56.0
594.0;61.166666666666664
600.0;61.833333333333336
606.0;54.0
612.0;52.166666666666664
618.0;54.5
624.0;51.833333333333336
630.0;43.666666666666664
636.0;49.666666666666664
642.0;53.333333333333336
648.0;50.5
654.0;64.33333333333333
660.0;59.5
666.0;50.0
672.0;51.0
678.0;54.333333333333336
684.0;49.5
690.0;62.833333333333336
696.0;47.666666666666664
702.0;60.0
708.0;56.666666666666664
714.0;58.666666666666664
720.0;60.666666666666664
726.0;59.0
732.0;47.333333333333336
738.0;50.5
744.0;47.333333333333336
750.0;48.0
756.0;46.333333333333336
762.0;50.0
768.0;59.5
774.0;67.66666666666667
780.0;69.66666666666667
786.0;63.666666666666664
792.0;56.0
798.0;51.166666666666664
804.0;53.833333333333336
810.0;54.333333333333336
816.0;43.333333333333336
822.0;48.666666666666664
828.0;60.833333333333336
834.0;59.833333333333336
840.0;58.0
846.0;59.0
852.0;49.333333333333336
858.0;48.0
864.0;55.833333333333336
870.0;40.333333333333336
876.0;55.666666666666664
882.0;58.5
888.0;65.16666666666667
894.0;76.33333333333333
900.0;60.0
906.0;51.666666666666664
912.0;55.0
918.0;55.166666666666664
924.0;54.5
930.0;55.666666666666664
936.0;45.666666666666664
942.0;47.166666666666664
948.0;51.333333333333336
954.0;62.333333333333336
960.0;65.33333333333333
966.0;49.666666666666664
972.0;45.666666666666664
978.0;54.333333333333336
984.0;45.666666666666664
990.0;51.333333333333336
996.0;50.333333333333336
1002.0;49.666666666666664
1008.0;58.166666666666664
1014.0;57.833333333333336
1020.0;51.0
1026.0;55.0
1032.0;57.166666666666664
1038.0;51.5
1044.0;44.166666666666664
1050.0;44.0
1056.0;43.666666666666664
1062.0;37.333333333333336
1068.0;57.166666666666664
1074.0;56.166666666666664
1080.0;63.0
1086.0;52.333333333333336
1092.0;41.666666666666664
1098.0;41.833333333333336
1104.0;43.666666666666664
1110.0;47.833333333333336
1116.0;47.666666666666664
1122.0;57.833333333333336
1128.0;55.0
1134.0;59.166666666666664
1140.0;57.5
1146.0;62.0
1152.0;55.166666666666664
1158.0;56.0
1164.0;57.333333333333336
1170.0;67.16666666666667
1176.0;62.0
1182.0;60.5
1188.0;51.5
1194.0;60.666666666666664
