#auto generated file!
6.0;0.0
12.0;0.06018518518518518
18.0;0.3333333333333333
24.0;0.6203703703703703
30.0;0.9537037037037037
36.0;0.9629629629629629
42.0;1.2037037037037037
48.0;1.2777777777777777
54.0;1.2916666666666667
60.0;1.4861111111111112
66.0;1.6666666666666667
72.0;1.6296296296296295
78.0;1.8101851851851851
84.0;1.8564814814814814
90.0;2.0185185185185186
96.0;2.111111111111111
102.0;2.185185185185185
108.0;2.1296296296296298
114.0;2.0416666666666665
120.0;2.074074074074074
126.0;2.2037037037037037
132.0;2.2175925925925926
138.0;2.162037037037037
144.0;2.1018518518518516
150.0;2.0277777777777777
156.0;2.1527777777777777
162.0;2.1944444444444446
168.0;2.310185185185185
174.0;2.236111111111111
180.0;2.2824074074074074
186.0;2.3518518518518516
192.0;2.3703703703703702
198.0;2.2916666666666665
204.0;2.3796296296296298
210.0;2.259259259259259
216.0;2.2314814814814814
222.0;2.1203703703703702
228.0;2.0972222222222223
234.0;1.9537037037037037
240.0;2.0833333333333335
246.0;2.1203703703703702
252.0;2.1296296296296298
258.0;2.0555555555555554
264.0;2.013888888888889
270.0;2.0694444444444446
276.0;2.050925925925926
282.0;2.1203703703703702
288.0;2.1712962962962963
294.0;2.0462962962962963
300.0;2.1203703703703702
306.0;2.050925925925926
312.0;2.111111111111111
318.0;2.087962962962963
324.0;2.25
330.0;2.300925925925926
336.0;2.25
342.0;2.0833333333333335
348.0;2.060185185185185
354.0;2.0231481481481484
360.0;2.0
366.0;1.9583333333333333
372.0;2.0185185185185186
378.0;2.009259259259259
384.0;1.8935185185185186
390.0;1.8611111111111112
396.0;2.0231481481481484
402.0;2.0416666666666665
408.0;2.037037037037037
414.0;2.0324074074074074
420.0;2.0972222222222223
426.0;2.1481481481481484
432.0;2.324074074074074
438.0;2.3564814814814814
444.0;2.240740740740741
450.0;2.2916666666666665
456.0;2.324074074074074
462.0;2.3287037037037037
468.0;2.2824074074074074
474.0;2.314814814814815
480.0;2.361111111111111
486.0;2.3194444444444446
492.0;2.236111111111111
498.0;2.1018518518518516
504.0;2.125
510.0;2.1944444444444446
516.0;2.2824074074074074
522.0;2.2037037037037037
528.0;2.138888888888889
534.0;2.138888888888889
540.0;2.185185185185185
546.0;2.138888888888889
552.0;2.162037037037037
558.0;2.2314814814814814
564.0;1.9953703703703705
570.0;2.0
576.0;2.0972222222222223
582.0;2.064814814814815
588.0;2.050925925925926
594.0;2.064814814814815
600.0;2.1574074074074074
606.0;2.009259259259259
612.0;2.0277777777777777
618.0;1.9444444444444444
624.0;1.8194444444444444
630.0;1.8796296296296295
636.0;1.962962962962963
642.0;2.0694444444444446
648.0;2.0277777777777777
654.0;1.9722222222222223
660.0;1.8981481481481481
666.0;1.8935185185185186
672.0;2.074074074074074
678.0;2.115740740740741
684.0;2.125
690.0;2.0555555555555554
696.0;2.0046296296296298
702.0;1.8981481481481481
708.0;1.9583333333333333
714.0;1.9259259259259258
720.0;1.9768518518518519
726.0;1.9953703703703705
732.0;1.9305555555555556
738.0;1.8055555555555556
744.0;1.8703703703703705
750.0;1.9351851851851851
756.0;1.8935185185185186
762.0;2.009259259259259
768.0;1.9722222222222223
774.0;1.9814814814814814
780.0;2.0277777777777777
786.0;2.185185185185185
792.0;2.175925925925926
798.0;2.125
804.0;2.2083333333333335
810.0;2.162037037037037
816.0;2.064814814814815
822.0;2.134259259259259
828.0;2.1064814814814814
834.0;2.125
840.0;2.212962962962963
846.0;2.162037037037037
852.0;2.0972222222222223
858.0;2.111111111111111
864.0;1.9166666666666667
870.0;1.9398148148148149
876.0;1.962962962962963
882.0;2.1064814814814814
888.0;2.009259259259259
894.0;2.0694444444444446
900.0;2.060185185185185
906.0;2.009259259259259
912.0;2.064814814814815
918.0;2.1018518518518516
924.0;2.1296296296296298
930.0;2.111111111111111
936.0;2.125
942.0;2.199074074074074
948.0;2.2824074074074074
954.0;2.2777777777777777
960.0;2.111111111111111
966.0;2.0925925925925926
972.0;2.115740740740741
978.0;2.037037037037037
984.0;1.9444444444444444
990.0;1.9583333333333333
996.0;1.8564814814814814
1002.0;2.0046296296296298
1008.0;2.115740740740741
1014.0;2.2037037037037037
1020.0;2.25
1026.0;2.310185185185185
1032.0;2.439814814814815
1038.0;2.2222222222222223
1044.0;2.2685185185185186
1050.0;2.199074074074074
1056.0;2.1435185185185186
1062.0;2.263888888888889
1068.0;2.1435185185185186
1074.0;2.1527777777777777
1080.0;2.2546296296296298
1086.0;2.1574074074074074
1092.0;2.212962962962963
1098.0;2.0231481481481484
1104.0;2.138888888888889
1110.0;2.2083333333333335
1116.0;2.1944444444444446
1122.0;2.2268518518518516
1128.0;2.2685185185185186
1134.0;2.162037037037037
1140.0;2.300925925925926
1146.0;2.3703703703703702
1152.0;2.3333333333333335
1158.0;2.337962962962963
1164.0;2.2685185185185186
1170.0;2.25
1176.0;2.2314814814814814
1182.0;2.300925925925926
1188.0;2.3425925925925926
1194.0;2.2916666666666665
1200.0;2.1435185185185186
1206.0;2.162037037037037
1212.0;2.199074074074074
1218.0;2.263888888888889
1224.0;2.138888888888889
1230.0;2.1296296296296298
1236.0;2.287037037037037
1242.0;2.361111111111111
1248.0;2.162037037037037
1254.0;2.134259259259259
1260.0;2.1203703703703702
1266.0;2.0787037037037037
1272.0;1.9398148148148149
1278.0;2.111111111111111
1284.0;2.2083333333333335
1290.0;2.138888888888889
1296.0;2.0416666666666665
1302.0;1.9907407407407407
1308.0;2.0555555555555554
1314.0;2.134259259259259
1320.0;2.0046296296296298
1326.0;1.9861111111111112
1332.0;1.9953703703703705
1338.0;1.8981481481481481
1344.0;2.074074074074074
1350.0;2.125
1356.0;2.087962962962963
1362.0;2.0
1368.0;2.074074074074074
1374.0;2.115740740740741
1380.0;2.2037037037037037
1386.0;2.1435185185185186
1392.0;2.1296296296296298
1398.0;2.0462962962962963
1404.0;1.9259259259259258
1410.0;1.9675925925925926
1416.0;2.1435185185185186
1422.0;2.162037037037037
1428.0;2.2453703703703702
1434.0;2.0462962962962963
1440.0;2.175925925925926
1446.0;2.263888888888889
1452.0;2.287037037037037
1458.0;2.1712962962962963
1464.0;2.2175925925925926
1470.0;2.162037037037037
1476.0;2.138888888888889
1482.0;2.1481481481481484
1488.0;2.263888888888889
1494.0;2.3333333333333335
1500.0;2.490740740740741
1506.0;2.587962962962963
1512.0;2.4675925925925926
1518.0;2.587962962962963
1524.0;2.4305555555555554
1530.0;2.4212962962962963
1536.0;2.324074074074074
1542.0;2.337962962962963
1548.0;2.2453703703703702
1554.0;2.2962962962962963
1560.0;2.2916666666666665
1566.0;2.2546296296296298
1572.0;2.25
1578.0;2.1296296296296298
1584.0;2.1296296296296298
1590.0;2.2453703703703702
1596.0;2.189814814814815
1602.0;2.2037037037037037
1608.0;2.0972222222222223
1614.0;2.134259259259259
1620.0;2.0833333333333335
1626.0;2.0787037037037037
1632.0;2.1064814814814814
1638.0;2.1712962962962963
1644.0;2.0925925925925926
1650.0;2.1296296296296298
1656.0;2.0416666666666665
1662.0;2.060185185185185
1668.0;2.0
1674.0;2.0787037037037037
1680.0;1.9583333333333333
1686.0;2.0277777777777777
1692.0;1.9537037037037037
1698.0;2.087962962962963
1704.0;2.111111111111111
1710.0;2.1064814814814814
1716.0;2.2268518518518516
1722.0;2.2037037037037037
1728.0;2.2685185185185186
1734.0;2.2268518518518516
1740.0;2.259259259259259
1746.0;2.3935185185185186
1752.0;2.4305555555555554
1758.0;2.4583333333333335
1764.0;2.3194444444444446
1770.0;2.111111111111111
1776.0;2.3796296296296298
1782.0;2.3287037037037037
1788.0;2.324074074074074
1794.0;2.2546296296296298
