#auto generated file!
6.0;0.0
12.0;0.0
18.0;0.12158054711246201
24.0;0.04559270516717325
30.0;0.13677811550151975
36.0;0.182370820668693
42.0;0.5319148936170213
48.0;0.48632218844984804
54.0;0.6534954407294833
60.0;0.364741641337386
66.0;0.3343465045592705
72.0;0.425531914893617
78.0;0.2735562310030395
84.0;0.17477203647416414
90.0;0.25835866261398177
96.0;0.41033434650455924
102.0;0.24316109422492402
108.0;0.3191489361702128
114.0;0.5319148936170213
120.0;0.2735562310030395
126.0;0.425531914893617
132.0;0.3343465045592705
138.0;0.22036474164133737
144.0;0.16717325227963525
150.0;0.182370820668693
156.0;0.48632218844984804
162.0;0.47112462006079026
168.0;0.4331306990881459
174.0;0.44832826747720367
180.0;0.5547112462006079
186.0;0.4787234042553192
192.0;0.4027355623100304
198.0;0.3723404255319149
204.0;0.41793313069908816
210.0;0.34194528875379937
216.0;0.3723404255319149
222.0;0.29635258358662614
228.0;0.364741641337386
234.0;0.35714285714285715
240.0;0.5851063829787234
246.0;0.4331306990881459
252.0;0.2507598784194529
258.0;0.1899696048632219
264.0;0.2507598784194529
270.0;0.3723404255319149
276.0;0.32674772036474165
282.0;0.29635258358662614
288.0;0.6306990881458967
294.0;0.5699088145896657
300.0;0.41793313069908816
306.0;0.7218844984802432
312.0;0.4787234042553192
318.0;0.34194528875379937
324.0;0.35714285714285715
330.0;0.4331306990881459
336.0;0.3723404255319149
342.0;0.5851063829787234
348.0;0.6914893617021277
354.0;0.5243161094224924
360.0;0.45592705167173253
366.0;0.48632218844984804
372.0;0.364741641337386
378.0;0.2811550151975684
384.0;0.22796352583586627
390.0;0.2127659574468085
396.0;0.3191489361702128
402.0;0.364741641337386
408.0;0.5167173252279635
414.0;0.47112462006079026
420.0;0.3951367781155015
426.0;0.3495440729483283
432.0;0.6231003039513677
438.0;0.425531914893617
444.0;0.32674772036474165
450.0;0.364741641337386
456.0;0.25835866261398177
462.0;0.2735562310030395
468.0;0.5851063829787234
474.0;0.60790273556231
480.0;0.3495440729483283
486.0;0.425531914893617
492.0;0.3951367781155015
498.0;0.182370820668693
504.0;0.3723404255319149
510.0;0.2127659574468085
516.0;0.3343465045592705
522.0;0.5623100303951368
528.0;0.5015197568389058
534.0;0.25835866261398177
540.0;0.5167173252279635
546.0;0.6231003039513677
552.0;0.425531914893617
558.0;0.22796352583586627
564.0;0.303951367781155
570.0;0.26595744680851063
576.0;0.44832826747720367
582.0;0.26595744680851063
588.0;0.425531914893617
594.0;0.4331306990881459
600.0;0.5243161094224924
606.0;0.4635258358662614
612.0;0.4635258358662614
618.0;0.09878419452887538
624.0;0.2811550151975684
630.0;0.2887537993920973
636.0;0.3191489361702128
642.0;0.425531914893617
648.0;0.48632218844984804
654.0;0.5927051671732523
660.0;0.44072948328267475
666.0;0.44072948328267475
672.0;0.19756838905775076
678.0;0.3343465045592705
684.0;0.19756838905775076
690.0;0.2811550151975684
696.0;0.6610942249240122
702.0;0.4331306990881459
708.0;0.3723404255319149
714.0;0.5395136778115501
720.0;0.4027355623100304
726.0;0.4027355623100304
732.0;0.34194528875379937
738.0;0.34194528875379937
744.0;0.2507598784194529
750.0;0.2507598784194529
756.0;0.31155015197568386
762.0;0.2507598784194529
768.0;0.3191489361702128
774.0;0.4939209726443769
780.0;0.5699088145896657
786.0;0.2811550151975684
792.0;0.4787234042553192
798.0;0.41033434650455924
804.0;0.38753799392097266
810.0;0.1899696048632219
816.0;0.41793313069908816
822.0;0.4635258358662614
828.0;0.31155015197568386
834.0;0.4027355623100304
840.0;0.31155015197568386
846.0;0.31155015197568386
852.0;0.4027355623100304
858.0;0.24316109422492402
864.0;0.2507598784194529
870.0;0.38753799392097266
876.0;0.44832826747720367
882.0;0.5091185410334347
888.0;0.4331306990881459
894.0;0.4635258358662614
900.0;0.4331306990881459
906.0;0.5091185410334347
912.0;0.4027355623100304
918.0;0.34194528875379937
924.0;0.1595744680851064
930.0;0.4027355623100304
936.0;0.4331306990881459
942.0;0.5395136778115501
948.0;0.5547112462006079
954.0;0.5243161094224924
960.0;0.38753799392097266
966.0;0.4939209726443769
972.0;0.41793313069908816
978.0;0.20516717325227962
984.0;0.23556231003039513
990.0;0.23556231003039513
996.0;0.2811550151975684
1002.0;0.31155015197568386
1008.0;0.32674772036474165
1014.0;0.4331306990881459
1020.0;0.4635258358662614
1026.0;0.4939209726443769
1032.0;0.6610942249240122
1038.0;0.3191489361702128
1044.0;0.22036474164133737
1050.0;0.3723404255319149
1056.0;0.35714285714285715
1062.0;0.44832826747720367
1068.0;0.5243161094224924
1074.0;0.3723404255319149
1080.0;0.34194528875379937
1086.0;0.3723404255319149
1092.0;0.2811550151975684
1098.0;0.38753799392097266
1104.0;0.20516717325227962
1110.0;0.2507598784194529
1116.0;0.20516717325227962
1122.0;0.5851063829787234
1128.0;0.6003039513677811
1134.0;0.6914893617021277
1140.0;0.5091185410334347
1146.0;0.6762917933130699
1152.0;0.4331306990881459
1158.0;0.22036474164133737
1164.0;0.29635258358662614
1170.0;0.34194528875379937
1176.0;0.32674772036474165
1182.0;0.31155015197568386
1188.0;0.32674772036474165
1194.0;0.5699088145896657
