#auto generated file!
6.0;0.0
12.0;2.0
18.0;6.5
24.0;11.333333333333334
30.0;15.666666666666666
36.0;18.666666666666668
42.0;23.0
48.0;34.0
54.0;73.66666666666667
60.0;63.5
66.0;38.333333333333336
72.0;58.333333333333336
78.0;51.0
84.0;42.5
90.0;29.666666666666668
96.0;37.0
102.0;35.666666666666664
108.0;41.5
114.0;42.333333333333336
120.0;48.666666666666664
126.0;36.666666666666664
132.0;29.0
138.0;25.5
144.0;37.166666666666664
150.0;38.0
156.0;35.333333333333336
162.0;18.666666666666668
168.0;33.666666666666664
174.0;49.833333333333336
180.0;46.833333333333336
186.0;36.333333333333336
192.0;35.333333333333336
198.0;35.333333333333336
204.0;40.0
210.0;36.333333333333336
216.0;23.0
222.0;30.333333333333332
228.0;41.666666666666664
234.0;48.0
240.0;48.0
246.0;34.666666666666664
252.0;22.666666666666668
258.0;31.666666666666668
264.0;26.833333333333332
270.0;38.0
276.0;46.0
282.0;39.333333333333336
288.0;39.0
294.0;55.333333333333336
300.0;70.33333333333333
306.0;58.333333333333336
312.0;48.333333333333336
318.0;54.333333333333336
324.0;55.166666666666664
330.0;33.0
336.0;34.0
342.0;30.333333333333332
348.0;33.166666666666664
354.0;52.5
360.0;50.0
366.0;32.333333333333336
372.0;29.333333333333332
378.0;25.5
384.0;28.0
390.0;32.0
396.0;31.666666666666668
402.0;34.333333333333336
408.0;39.166666666666664
414.0;42.0
420.0;50.666666666666664
426.0;58.0
432.0;60.5
438.0;55.833333333333336
444.0;48.5
450.0;35.833333333333336
456.0;34.0
462.0;36.5
468.0;36.166666666666664
474.0;49.166666666666664
480.0;46.0
486.0;50.0
492.0;28.333333333333332
498.0;35.166666666666664
504.0;40.5
510.0;32.666666666666664
516.0;26.0
522.0;24.666666666666668
528.0;37.833333333333336
534.0;59.5
540.0;55.666666666666664
546.0;60.0
552.0;43.333333333333336
558.0;50.333333333333336
564.0;41.666666666666664
570.0;44.0
576.0;39.333333333333336
582.0;36.833333333333336
588.0;31.166666666666668
594.0;57.333333333333336
600.0;53.333333333333336
606.0;40.0
612.0;21.0
618.0;26.5
624.0;32.0
630.0;32.666666666666664
636.0;31.666666666666668
642.0;36.666666666666664
648.0;38.0
654.0;58.333333333333336
660.0;61.333333333333336
666.0;41.333333333333336
672.0;45.833333333333336
678.0;42.5
684.0;42.833333333333336
690.0;37.0
696.0;26.666666666666668
702.0;41.0
708.0;35.666666666666664
714.0;45.666666666666664
720.0;48.0
726.0;32.0
732.0;26.0
738.0;32.666666666666664
744.0;29.666666666666668
750.0;24.666666666666668
756.0;33.333333333333336
762.0;31.0
768.0;30.833333333333332
774.0;51.5
780.0;51.333333333333336
786.0;58.0
792.0;53.0
798.0;50.666666666666664
804.0;42.333333333333336
810.0;36.666666666666664
816.0;22.333333333333332
822.0;26.666666666666668
828.0;34.5
834.0;37.833333333333336
840.0;51.333333333333336
846.0;42.0
852.0;28.666666666666668
858.0;31.166666666666668
864.0;21.333333333333332
870.0;27.666666666666668
876.0;25.666666666666668
882.0;21.333333333333332
888.0;27.333333333333332
894.0;45.5
900.0;63.333333333333336
906.0;54.666666666666664
912.0;44.0
918.0;55.333333333333336
924.0;47.666666666666664
930.0;32.0
936.0;29.333333333333332
942.0;22.666666666666668
948.0;35.5
954.0;42.5
960.0;54.666666666666664
966.0;40.333333333333336
972.0;28.0
978.0;36.833333333333336
984.0;36.833333333333336
990.0;44.0
996.0;28.0
1002.0;27.333333333333332
1008.0;37.0
1014.0;43.0
1020.0;55.666666666666664
1026.0;55.666666666666664
1032.0;38.0
1038.0;45.666666666666664
1044.0;52.5
1050.0;36.5
1056.0;31.333333333333332
1062.0;41.666666666666664
1068.0;43.0
1074.0;53.333333333333336
1080.0;50.333333333333336
1086.0;43.666666666666664
1092.0;26.666666666666668
1098.0;29.833333333333332
1104.0;38.0
1110.0;36.333333333333336
1116.0;27.666666666666668
1122.0;32.666666666666664
1128.0;39.333333333333336
1134.0;54.333333333333336
1140.0;55.0
1146.0;47.333333333333336
1152.0;39.666666666666664
1158.0;43.5
1164.0;55.833333333333336
1170.0;46.166666666666664
1176.0;28.0
1182.0;39.333333333333336
1188.0;23.666666666666668
1194.0;29.666666666666668
