#auto generated file!
6.0;0.0
12.0;0.12158054711246201
18.0;0.2127659574468085
24.0;0.8358662613981763
30.0;1.2310030395136777
36.0;1.6261398176291793
42.0;2.2188449848024314
48.0;2.674772036474164
54.0;3.3738601823708207
60.0;3.8297872340425534
66.0;4.042553191489362
72.0;4.042553191489362
78.0;4.300911854103344
84.0;4.604863221884498
90.0;4.544072948328267
96.0;4.407294832826747
102.0;4.3465045592705165
108.0;5.4495412844036695
114.0;5.926605504587156
120.0;5.6880733944954125
126.0;6.055045871559633
132.0;5.908256880733945
138.0;6.623853211009174
144.0;6.678899082568807
150.0;6.697247706422019
156.0;6.972477064220183
162.0;6.7889908256880735
168.0;6.844036697247707
174.0;6.89908256880734
180.0;6.660550458715596
186.0;6.513761467889908
192.0;6.8807339449541285
198.0;7.577981651376147
204.0;8.642201834862385
210.0;9.46788990825688
216.0;10.407358738501971
222.0;10.170827858081472
228.0;9.756898817345597
234.0;9.362680683311432
240.0;9.894875164257556
246.0;9.658344283837057
252.0;9.264126149802891
258.0;9.185282522996058
264.0;9.894875164257556
270.0;10.64388961892247
276.0;10.170827858081472
282.0;10.249671484888305
288.0;9.59921156373193
294.0;9.50065703022339
300.0;9.362680683311432
306.0;9.461235216819974
312.0;10.486202365308804
318.0;10.919842312746386
324.0;11.668372569089048
330.0;12.671443193449335
336.0;12.098259979529171
342.0;12.139201637666325
348.0;11.13613101330604
354.0;10.706243602865916
360.0;10.808597748208802
366.0;10.214943705220062
372.0;10.255885363357216
378.0;9.662231320368475
384.0;10.133060388945752
390.0;9.600818833162743
396.0;9.539406345957012
402.0;8.904810644831116
408.0;8.49539406345957
414.0;9.109518935516888
420.0;9.600818833162743
426.0;9.068577277379735
432.0;9.782062028499581
438.0;10.41072925398156
444.0;11.290863369656329
450.0;11.647108130762783
456.0;11.207041072925398
462.0;10.787929589270746
468.0;11.039396479463537
474.0;10.326906957250628
480.0;10.557418273260687
486.0;10.138306789606036
492.0;10.201173512154233
498.0;10.201173512154233
504.0;10.620284995808886
510.0;11.605196982397318
516.0;12.19195305951383
522.0;12.02430846605197
528.0;10.976529756915339
534.0;10.82984073763621
540.0;11.06458481192335
546.0;11.192334989354151
552.0;10.830376153300213
558.0;11.767210787792761
564.0;12.086586231369767
570.0;12.044002838892832
576.0;12.235628105039035
582.0;12.533711852377573
588.0;12.150461320085167
594.0;11.831085876508162
600.0;11.213626685592619
606.0;11.171043293115686
612.0;11.00070972320795
618.0;10.340667139815473
624.0;10.830376153300213
630.0;10.468417317246274
636.0;10.447125621007807
642.0;9.680624556422995
648.0;9.833846153846153
654.0;10.504615384615384
660.0;10.892307692307693
666.0;10.827692307692308
672.0;10.827692307692308
678.0;10.612307692307692
684.0;10.28923076923077
690.0;11.28
696.0;10.935384615384615
702.0;10.935384615384615
708.0;9.793846153846154
714.0;10.28923076923077
720.0;10.16
726.0;10.633846153846154
732.0;10.612307692307692
738.0;10.138461538461538
744.0;10.353846153846154
750.0;11.193846153846154
756.0;11.626833242802824
762.0;11.19228680065182
768.0;11.583378598587725
774.0;11.561651276480173
780.0;11.148832156436718
786.0;10.888104291146115
792.0;10.670831070070614
798.0;10.736013036393265
804.0;10.972297664312874
810.0;11.711026615969581
816.0;11.363389462248778
822.0;11.776208582292233
828.0;12.36284627919609
834.0;11.49375339489408
840.0;11.51548071700163
846.0;10.907115697990223
852.0;10.472569255839218
858.0;9.864204236827812
864.0;9.735051045211472
870.0;10.478852698104035
876.0;10.085075352455032
882.0;9.53816237238697
888.0;10.369470102090423
894.0;10.588235294117647
900.0;10.741370928536703
906.0;10.413223140495868
912.0;10.106951871657754
918.0;9.71317452600875
924.0;10.281964025279533
930.0;10.566358774914924
936.0;11.025765678172096
942.0;11.035488575595528
948.0;10.991735537190083
954.0;10.281964025279533
960.0;10.1507049100632
966.0;9.603791929995138
972.0;9.678838539375276
978.0;10.338759348878135
984.0;10.756709194896612
990.0;10.646722393312803
996.0;10.316761988561373
1002.0;10.470743510778707
1008.0;9.876814782226132
1014.0;9.986801583809942
1020.0;9.50285965684118
1026.0;9.85481742190937
1032.0;10.030796304443466
1038.0;10.95468543774747
1044.0;10.888693356797184
1050.0;11.17465904091509
1056.0;10.646722393312803
1062.0;10.008798944126704
1068.0;9.260888693356797
1074.0;9.788825340959084
1080.0;9.855363599839293
1086.0;10.032141422257935
1092.0;9.170349537967056
1098.0;9.54600241060667
1104.0;9.877460827641624
1110.0;9.50180795500201
1116.0;9.325030132583366
1122.0;9.457613499397349
1128.0;9.855363599839293
1134.0;9.391321815990358
1140.0;8.905182804339091
1146.0;8.971474487746082
1152.0;8.838891120932102
1158.0;9.965849738850943
1164.0;10.49618320610687
1170.0;10.142627561269586
1176.0;9.50180795500201
1182.0;9.413419043792688
1188.0;9.249537892791128
1194.0;9.360443622920517
1200.0;8.783733826247689
1206.0;9.138632162661738
1212.0;8.606284658040666
1218.0;8.872458410351202
1224.0;8.783733826247689
1230.0;9.227356746765249
1236.0;8.805914972273568
1242.0;9.138632162661738
1248.0;8.828096118299445
1254.0;9.582255083179298
1260.0;10.247689463955638
1266.0;10.78003696857671
1272.0;10.913123844731977
1278.0;10.402957486136783
1284.0;10.691312384473198
1290.0;11.024029574861368
1296.0;10.280725778842863
1302.0;9.435124957206437
1308.0;9.880178021225607
1314.0;10.191715166039028
1320.0;9.813420061622733
1326.0;9.346114344402602
1332.0;8.322492297158508
1338.0;8.589524135570011
1344.0;8.500513522766177
1350.0;9.503594659363232
1356.0;9.436836699760356
1362.0;9.659363231769941
1368.0;9.792879150975693
1374.0;9.792879150975693
1380.0;9.548099965765148
1386.0;9.303320780554605
1392.0;8.947278329339268
1398.0;10.30469017459774
1404.0;10.533949633407714
1410.0;10.712464137711189
1416.0;11.404207841887153
1422.0;10.801721389862927
1428.0;10.345871852087981
1434.0;10.175326745298056
1440.0;10.086069493146319
1446.0;9.639783232387632
1452.0;9.104239719477208
1458.0;8.903410902135798
1464.0;8.881096589097865
1470.0;9.282754223780682
1476.0;9.193496971628944
1482.0;9.104239719477208
1488.0;9.862926362766975
1494.0;9.862926362766975
1500.0;9.974497927956646
1506.0;9.84061204972904
1512.0;10.423501342081718
1518.0;11.295854458693707
1524.0;11.8774232031017
1530.0;11.295854458693707
1536.0;11.318222487324784
1542.0;11.497166716373396
1548.0;11.184014315538324
1554.0;11.34059051595586
1560.0;10.80375782881002
1566.0;10.93796600059648
1572.0;10.468237399343872
1578.0;10.222189084402029
1584.0;10.155084998508798
1590.0;11.161646286907247
1596.0;11.54190277363555
1602.0;11.184014315538324
1608.0;11.497166716373396
1614.0;11.430062630480167
1620.0;11.3883440739703
1626.0;11.903894648360886
1632.0;12.397029980386662
1638.0;13.24880919024937
1644.0;13.405715886803026
1650.0;13.047072008966097
1656.0;12.44186046511628
1662.0;12.284953768562623
1668.0;11.119361165592602
1674.0;10.91762398430933
1680.0;10.781731577472682
1686.0;10.355841972541327
1692.0;10.131689548893247
1698.0;9.548893247408238
1704.0;10.02521714766041
1710.0;9.728215186326702
1716.0;9.660969459232279
1722.0;9.616138974502661
1728.0;10.375165125495377
1734.0;10.397622192866578
1740.0;10.599735799207398
1746.0;10.240422721268164
1752.0;9.25231175693527
1758.0;9.274768824306474
1764.0;9.791281373844122
1770.0;10.198150594451784
1776.0;10.198150594451784
1782.0;10.332892998678997
1788.0;10.894319682959049
1794.0;9.996036988110964
1800.0;9.097754293262879
1806.0;8.087186261558784
1812.0;7.368560105680317
1818.0;7.233817701453105
1824.0;6.986789960369881
1830.0;7.548216644649934
1836.0;7.628092976755811
1842.0;7.33566608347913
1848.0;7.290677330667333
1854.0;8.302924268932767
1860.0;9.180204948762809
1866.0;9.270182454386404
1872.0;8.595351162209449
1878.0;8.415396150962259
1884.0;9.178955261184704
1890.0;9.741314671332168
1896.0;9.741314671332168
1902.0;10.101224693826543
1908.0;9.876280929767558
1914.0;9.47013246688328
1920.0;8.99775056235941
1926.0;8.615346163459135
1932.0;8.210447388152962
1938.0;7.918020494876281
1944.0;7.932179274365663
1950.0;8.155086554422576
1956.0;8.695755276262746
1962.0;7.862224330092483
1968.0;7.682001422812426
1974.0;7.72705714963244
1980.0;8.11003082760256
1986.0;8.988617500592838
1992.0;8.875978183542802
1998.0;9.05620109082286
2004.0;9.326535451742945
2010.0;9.50912971306616
2016.0;9.261323215556082
2022.0;8.855821674175955
2028.0;8.608015176665877
2034.0;9.351434669196111
2040.0;9.12615603509604
2046.0;9.621769030116196
2052.0;8.912700203022784
2058.0;8.912700203022784
2064.0;9.093164899616513
2070.0;8.775095871870066
2076.0;9.542070832393414
2082.0;9.045792916760659
2088.0;9.158583352131739
2094.0;9.862395668847281
2100.0;9.751861042183624
2106.0;9.70674486803519
2112.0;9.796977216332055
2118.0;9.835325964358223
2124.0;9.56462891946763
2130.0;9.632303180690277
2136.0;10.421836228287841
2142.0;10.963230318069028
2148.0;10.512068576584706
2154.0;9.3841642228739
2160.0;8.94385889438589
2166.0;8.175951817595182
2172.0;8.311464831146482
2178.0;8.469563346956335
2184.0;9.101957410195741
2190.0;9.01161540116154
2196.0;9.034200903420091
2202.0;8.401806840180685
2208.0;8.153366315336632
2214.0;7.882340288234029
2220.0;8.718003871800388
2226.0;8.492148849214885
2232.0;8.763174876317487
2238.0;9.463325446332545
2244.0;9.305226930522693
2250.0;10.231232523123252
2256.0;10.389331038933104
2262.0;9.350397935039794
2268.0;9.383350462487153
2274.0;9.31551901336074
2280.0;8.908530318602262
2286.0;8.591983556012334
2292.0;8.411099691675231
2298.0;7.870503597122302
2304.0;7.351490236382323
2310.0;8.097636176772868
2316.0;8.029804727646454
2322.0;8.730729701952724
2328.0;9.182939362795478
2334.0;9.06988694758479
2340.0;8.843782117163412
2346.0;9.024665981500513
2352.0;9.182939362795478
2358.0;9.091469681397738
2364.0;10.063720452209662
2370.0;10.088386433710175
2376.0;10.413304467624483
2382.0;10.09643770911238
2388.0;9.756937610706554
2394.0;9.98327100964377
2400.0;9.259004133044677
2406.0;9.145837433576068
2412.0;8.78370399527652
2418.0;8.036803778783703
2424.0;8.398937217083251
2430.0;8.489470576658139
2436.0;8.557370596339304
2442.0;8.828970675063964
2448.0;8.942137374532573
2454.0;9.372170832513286
2460.0;9.621137571344224
2466.0;9.57587089155678
2472.0;9.621137571344224
2478.0;10.956504625073805
2484.0;10.900509722484426
2490.0;11.510288842741174
2496.0;10.966584859354352
2502.0;10.879743250896734
2508.0;10.78535019822541
2514.0;10.377572210685294
2520.0;9.788559562016236
2526.0;8.859731923730413
2532.0;8.610534264678119
2538.0;8.497262601472531
2544.0;8.451953936190296
2550.0;9.199546913347177
2556.0;8.973003586936002
2562.0;9.018312252218237
2568.0;9.494053237681706
2574.0;10.471965263356617
2580.0;10.53992826127997
2586.0;10.290730602227676
2592.0;10.208597859604572
2598.0;10.36731362234718
2604.0;10.204970070741883
2610.0;10.182296390350082
2616.0;9.864864864864865
2622.0;9.819517504081263
2628.0;9.592780700163251
2634.0;9.524759658987847
2640.0;9.36604389624524
2646.0;8.889896608017413
2652.0;8.25503355704698
2658.0;8.413749319789588
2664.0;8.504444041356793
2670.0;8.209686196263377
2676.0;8.07364411391257
2682.0;8.028296753128968
2688.0;9.20732813350263
2694.0;9.116633411935425
2700.0;9.441438296386805
2706.0;10.0994938034561
2712.0;9.736428696107524
2718.0;10.235643218711816
2724.0;10.644091464478967
2730.0;11.192180136149416
2736.0;10.893698725781114
2742.0;10.50794204922325
2748.0;10.39448420317682
2754.0;10.28451736777797
2760.0;10.0994938034561
2766.0;10.303717926339676
2772.0;9.668353988479664
2778.0;10.144876941874672
2784.0;10.150113457846047
2790.0;10.010473031942748
2796.0;9.897015185896317
2802.0;9.897015185896317
2808.0;10.585365853658537
2814.0;9.608915054667788
2820.0;9.7905803195963
2826.0;9.858704793944492
2832.0;9.200168208578637
2838.0;8.950378469301935
2844.0;9.063919259882255
2850.0;10.063078216989066
2856.0;9.949537426408748
2862.0;10.040370058873002
2868.0;9.703111858704794
2874.0;9.699747687132044
2880.0;9.245584524810765
2886.0;8.976450798990749
2892.0;8.40874684608915
2898.0;8.566021867115223
2904.0;8.931034482758621
2910.0;9.089991589571069
2916.0;9.371855218308717
2922.0;10.027592923226749
2928.0;9.459503327381919
2934.0;10.209381593897094
2940.0;10.027592923226749
2946.0;10.073040090894334
2952.0;9.982145755559163
2958.0;10.00324622626197
2964.0;10.185034896932317
2970.0;10.981983444246064
2976.0;11.868203213764
2982.0;11.410485310826164
2988.0;10.865119298815127
2994.0;10.45609478980685
3000.0;10.118487258561922
3006.0;9.32316182437916
3012.0;8.732348644700537
3018.0;8.596007141697775
3024.0;8.213893680413987
3030.0;8.171554022267523
3036.0;8.486749255135644
3042.0;8.574564842402383
3048.0;8.801944488003764
3054.0;8.006115728398933
3060.0;8.028853692959071
3066.0;8.188019444880037
3072.0;7.71052218911714
3078.0;7.2118551042810095
3084.0;6.823741571271758
3090.0;7.119335110553552
3096.0;7.71052218911714
3102.0;7.323976791594794
3108.0;7.187549004233966
3114.0;6.823741571271758
3120.0;7.577230672730124
3126.0;7.39532695624902
3132.0;6.830729561656302
3138.0;7.037008948885181
3144.0;7.898528742605794
3150.0;8.330805399666312
3156.0;7.966782951615349
3162.0;7.8302745335962385
3168.0;7.420749279538905
3174.0;7.420749279538905
3180.0;8.53556802669498
3186.0;8.740330653723646
3192.0;8.239799787653572
3198.0;8.80706810253299
3204.0;8.85257090853936
3210.0;8.990596086758684
3216.0;8.67207644471409
3222.0;8.126042772637646
3228.0;8.376308205672682
3234.0;8.785833459730016
3240.0;8.406520781318843
3246.0;7.9284770157144955
3252.0;8.065060948744309
3258.0;8.065060948744309
3264.0;8.611396680863564
3270.0;8.90439124687913
3276.0;9.245851079453665
3282.0;7.948303715670436
3288.0;7.538551916580996
3294.0;7.542957849904538
3300.0;7.99383169334704
3306.0;7.948303715670436
3312.0;7.811719782640623
3318.0;7.969599060067558
3324.0;7.855779115876047
3330.0;8.28829490380379
3336.0;7.696431194007931
3342.0;7.878543104714349
3348.0;7.495373665480427
3354.0;7.108185053380783
3360.0;7.176512455516014
3366.0;7.335943060498221
3372.0;7.153736654804271
3378.0;7.700355871886121
3384.0;8.204270462633453
3390.0;8.750889679715302
3396.0;8.840569395017793
3402.0;8.795017793594306
3408.0;9.3644128113879
3414.0;10.38932384341637
3420.0;10.320996441281139
3426.0;9.819928825622776
3432.0;9.614946619217083
3438.0;10.20711743772242
3444.0;10.02491103202847
3450.0;10.730960854092526
3456.0;10.303134926115177
3462.0;10.075265847258667
3468.0;9.596740781659992
3474.0;9.572572849053998
3480.0;9.276343046540534
3486.0;9.663720480596602
3492.0;9.754868112139206
3498.0;9.823228835796161
3504.0;9.39027758596879
3510.0;9.823228835796161
3516.0;9.347465819638172
3522.0;9.598121806380334
3528.0;9.324678911752521
3534.0;9.595359756939649
3540.0;9.572572849053998
3546.0;9.572572849053998
3552.0;9.846015743681813
3558.0;10.301753901394836
3564.0;10.443207724285905
3570.0;10.124044521925708
3576.0;10.557194582271691
3582.0;10.19243663671718
3588.0;10.32922086630012
3594.0;10.238031379911492
3600.0;10.101917661257879
3606.0;9.805551830494837
3612.0;10.261499262437978
3618.0;9.898082338742121
3624.0;9.67010862277055
3630.0;10.194448169505163
3636.0;10.832104063296232
3642.0;10.14818291538152
3648.0;10.034196057395736
3654.0;10.034196057395736
3660.0;10.102588172187208
3666.0;9.145098565106611
3672.0;8.647204483252965
3678.0;8.71562622181676
3684.0;8.71562622181676
3690.0;9.491072592206438
3696.0;9.901603023589209
3702.0;9.924410269777141
3708.0;10.129675485468526
3714.0;9.970024762153004
3720.0;9.815587123680437
3726.0;9.878795777401278
3732.0;9.582301576958166
3738.0;8.96650592988401
3744.0;9.1268082888049
3750.0;9.148312263782094
3756.0;9.330770233285547
3762.0;9.513228202789
3768.0;9.92375863417177
3774.0;8.783396324775186
3780.0;8.535936113575865
3786.0;8.239320572949676
3792.0;8.558752693624033
3798.0;8.992267714539231
3804.0;9.153251362656864
3810.0;9.449866903283052
3816.0;9.769299023957409
3822.0;9.06198504246419
3828.0;8.765369501838002
3834.0;8.445937381163645
3840.0;8.263404740778299
3846.0;7.533274179236912
3852.0;7.259475218658892
3858.0;7.487641019140575
3864.0;7.305108378755229
3870.0;6.894409937888199
3876.0;7.943972620103942
3882.0;7.396374698947902
3888.0;7.467612584824183
3894.0;7.33066008636644
3900.0;7.6045650832819245
3906.0;8.083898827884022
3912.0;8.723010487353486
3918.0;8.974090067859347
3924.0;9.338062924120914
3930.0;9.042566317088218
3936.0;9.203578038247995
3942.0;10.16224552745219
3948.0;10.253547193090684
3954.0;10.070943861813696
3960.0;9.454657618753856
3966.0;9.409006785934608
3972.0;8.632942628007402
3978.0;8.107958050586058
3984.0;8.67859346082665
3990.0;9.68167797655768
3996.0;8.907583223170292
4002.0;8.770580459079438
4008.0;8.133637783920202
4014.0;8.065136401874774
4020.0;8.11320754716981
4026.0;8.569883427472659
4032.0;9.186395865881504
4038.0;9.483235188078355
4044.0;8.861915635140008
4050.0;9.638264631654849
4056.0;9.228458118014661
4062.0;9.456796058166086
4068.0;9.638865520971038
4074.0;9.54993390217522
4080.0;9.616031726955894
4086.0;8.931017906501623
4092.0;8.428674438168489
4098.0;8.33733926210792
4104.0;8.134590605599156
4110.0;8.363008082464566
4116.0;8.431533325524189
4122.0;8.480730935925969
4128.0;8.45437507321073
4134.0;8.522900316270352
4140.0;8.20311584865878
4146.0;9.43657022373199
4152.0;9.322361485299286
4158.0;9.230994494553121
4164.0;9.93908867283589
4170.0;10.989809066416774
4176.0;11.035492561789855
4182.0;9.961930420522432
4188.0;9.663816328921166
4194.0;8.955722150638397
4200.0;8.704462926086448
4206.0;8.498887196907578
4212.0;8.547355192505426
4218.0;8.66160173654747
4224.0;8.914086598880385
4230.0;9.074031760539244
4236.0;9.828058951216725
4242.0;9.233976922198103
4248.0;8.935793442248372
4254.0;9.461327544841769
4260.0;8.775848280589512
4266.0;9.2785330743745
4272.0;8.730149662972694
4278.0;9.237404318519365
4284.0;9.668113789557866
4290.0;10.971666857077574
4296.0;12.045584371072776
4302.0;11.908488518222324
4308.0;11.131612018736433
4314.0;10.2404889752085
4320.0;9.80934329356673
4326.0;9.032222098338723
4332.0;8.117961868658714
4338.0;8.575091983498718
4344.0;8.641431597725498
4350.0;8.596833537741109
4356.0;8.75682907793511
4362.0;8.459694503289107
4368.0;8.68825956070911
4374.0;9.282528710001115
4380.0;9.71680231909912
4386.0;9.373954732969116
4392.0;9.67108930761512
4398.0;9.695060764856729
4404.0;10.128219422455123
4410.0;9.92251087077712
4416.0;10.72248857174713
4422.0;10.128219422455123
4428.0;10.016875340228633
4434.0;9.786608600979859
4440.0;8.89493739793141
4446.0;9.192161132280892
4452.0;9.466521502449647
4458.0;9.604790419161677
4464.0;9.76374523679913
4470.0;10.267827980402831
4476.0;9.993467610234077
4482.0;9.650517147523136
4488.0;10.064235166031573
4494.0;10.062057702776265
4500.0;10.405008165487207
4506.0;11.13663581927055
4512.0;10.885138813282525
4518.0;11.295590636908003
4524.0;12.301578660860098
4530.0;13.170386499727817
4536.0;12.808211892351878
4542.0;12.488033187958727
4548.0;11.962025316455696
4554.0;11.344537815126051
4560.0;10.841399851079672
4566.0;10.566960961599829
4572.0;10.155302627380067
4578.0;10.361131794489948
4584.0;9.904797361982768
4590.0;10.086692905010105
4596.0;9.46920540368046
4602.0;9.380916923731517
4608.0;9.995213275183492
4614.0;9.697904478246995
4620.0;9.812254015530263
4626.0;9.835123922986917
4632.0;10.063822997553451
4638.0;10.978619295819593
4644.0;10.8443381511906
4650.0;12.011022148279089
4656.0;12.103566600811064
4662.0;11.64604346469793
4668.0;10.868254133305605
4674.0;10.982115004679214
4680.0;10.776229593428305
4686.0;9.266403244254965
4692.0;8.717375480919205
4698.0;8.465217843402309
4704.0;8.809400020796506
4710.0;9.105750233960695
4716.0;10.157013621711553
4722.0;10.183009254445253
4728.0;9.840386815015078
4734.0;10.16065301029427
4740.0;10.686804616824373
4746.0;10.114900696682957
4752.0;10.392047188040273
4758.0;10.322892301433948
4764.0;10.869012508898606
4770.0;11.305806976507679
4776.0;11.418183667242957
4782.0;11.212244482863825
4788.0;10.319841350554256
4794.0;10.710871554967966
4800.0;11.143598088070782
4806.0;10.319841350554256
4812.0;10.207464659818976
4818.0;10.024916098850808
4824.0;9.705583240109835
4830.0;9.317603986575817
4836.0;9.592189565747992
4842.0;10.414929319637954
4848.0;10.3940811552934
4854.0;10.460185091020035
4860.0;10.851826052343517
4866.0;11.057816698178923
4872.0;11.034928848641655
4878.0;11.240919494477062
4884.0;12.086774803463031
4890.0;12.590307493282914
4896.0;12.771420041795203
4902.0;12.634092944571599
4908.0;11.764354662155439
4914.0;11.260821972335556
4920.0;10.825952831127475
4926.0;9.956214548711314
4932.0;9.132251965369688
4938.0;9.040700567220618
4944.0;8.926261319534282
4950.0;8.743158523236144
4956.0;8.651607125087073
4962.0;8.697382824161608
4968.0;9.248904042864101
4974.0;9.409157330735509
4980.0;10.23331709693132
4986.0;9.572333170969314
4992.0;9.821237213833415
4998.0;10.668290306867998
5004.0;10.623477837311253
5010.0;10.990745250852411
5016.0;11.585971748660496
5022.0;11.036531904529957
5028.0;11.198733560642962
5034.0;11.334145153434
5040.0;10.830491962981004
5046.0;10.670238675109596
5052.0;10.029225523623966
5058.0;9.79931807111544
5064.0;9.639551875304432
5070.0;10.1660983925962
5076.0;9.965175078713862
5082.0;9.804885030054384
5088.0;9.98807365709379
5094.0;9.45854403205801
5100.0;9.389848296918233
5106.0;9.297776929682282
5112.0;9.389371243201985
5118.0;10.512355691250836
5124.0;10.488503005438412
5130.0;10.397862799351207
5136.0;10.671691632477817
5142.0;10.925484209521992
5148.0;10.900677416277073
5154.0;10.694590210857742
5160.0;10.305314378399007
5166.0;9.801545654040645
5172.0;8.9542982539834
5178.0;8.839805362083771
5184.0;9.208189211928579
5190.0;9.460129008133121
5196.0;9.941104982705431
5202.0;10.35337010376741
5208.0;10.605309899971955
5214.0;10.742731606992615
5220.0;10.516499953257922
5226.0;10.170141161073198
5232.0;10.284659250257082
5238.0;10.35337010376741
5244.0;10.56043750584276
5250.0;10.97270262690474
5256.0;11.38496774796672
5262.0;10.400112180985323
5268.0;10.445919416658876
5274.0;10.07946153127045
5280.0;9.713003645882022
5286.0;8.865569785921286
5292.0;8.82158893063319
5298.0;8.775772015027949
5304.0;9.62246861541281
5310.0;9.462109410794465
5316.0;9.737010904425913
5322.0;9.09465774764043
5328.0;9.919362228534775
5334.0;9.484101530284981
5340.0;9.75900302391643
5346.0;9.988087601942636
5352.0;10.262989095574087
5358.0;10.354622926784568
5364.0;10.835700540639603
5370.0;11.50096215522771
5376.0;11.8216805644644
5382.0;12.279849720516815
5388.0;12.165307431503711
5394.0;11.79877210666178
5400.0;10.815886422859197
5406.0;10.86171264264534
5412.0;9.37236049959565
5418.0;9.052475514421781
5424.0;8.799532752268847
5430.0;9.37146194626651
5436.0;10.035942133165603
5442.0;10.035942133165603
5448.0;9.78389792434181
5454.0;9.600593045197233
5460.0;9.852637254021026
5466.0;10.035942133165603
5472.0;9.623506155090304
5478.0;9.670230928205589
5484.0;9.578578488633301
5490.0;9.829724144127955
5496.0;9.4631143858388
5502.0;10.5189145475784
5508.0;9.767298369325694
5514.0;9.627148523578668
5520.0;9.695901278096077
5526.0;8.438078448655796
5532.0;8.117232260907889
5538.0;8.50771264874394
5544.0;8.71308946672543
5550.0;8.576465403261349
5556.0;9.148523578669018
5562.0;8.758924636403702
5568.0;8.621419127368885
5574.0;8.804759806081975
5580.0;8.690171881886293
5586.0;9.102688408990744
5592.0;9.102688408990744
5598.0;9.401498457470252
5604.0;9.79021595416483
5610.0;10.36403702071397
5616.0;10.228353948620361
5622.0;9.359051985122393
5628.0;8.531268921373584
5634.0;8.437851396937981
5640.0;8.689992215206297
5646.0;7.612663264423492
5652.0;7.383444338725024
5658.0;7.543897586713952
5664.0;7.177147305596402
5670.0;8.460773289507829
5676.0;9.171351959173082
5682.0;8.414929504368134
5688.0;8.392007611798288
5694.0;8.785139693798115
5700.0;9.216330767234668
5706.0;10.18164518640256
5712.0;9.21892569846899
5718.0;9.92777441397803
5724.0;10.159633183323427
5730.0;10.319266366646854
5736.0;10.455973507684469
5742.0;10.249639127112168
5748.0;9.745690753162945
5754.0;9.401800118875775
5760.0;9.447652203447397
5766.0;9.034558885964167
5772.0;8.942854716820921
5778.0;8.621890124819563
5784.0;9.127112167784665
5790.0;9.080410970535791
5796.0;9.493079731680394
5802.0;10.043304746539865
5808.0;9.471851914749088
5814.0;9.172115139679036
5820.0;9.332597435679714
5826.0;9.791118281395942
5832.0;9.953306095222214
5838.0;10.851746852330526
5844.0;11.471691820228466
5850.0;11.72308846827316
5856.0;11.95238889352122
5862.0;11.792712415575753
5868.0;11.515050446093555
5874.0;10.918869340448595
5880.0;10.664137413491202
5886.0;9.769865755023764
5892.0;8.875594096556325
5898.0;7.866672225464854
5904.0;7.821645960143417
5910.0;8.142666555490703
5916.0;8.670057533561245
5922.0;8.99107812890853
5928.0;8.853497873759693
5934.0;8.532477278412408
5940.0;8.442132852813499
5946.0;8.946678679662543
5952.0;8.763207469899255
5958.0;8.968793512982225
5964.0;9.176017691866656
5970.0;8.788598574821853
5976.0;8.693586698337292
5982.0;8.739454500778114
5988.0;8.395445982471946
5994.0;7.913834056843312
6000.0;7.248750921451388
6006.0;7.248750921451388
6012.0;7.294618723892211
6018.0;7.2716848226718
6024.0;7.410107297894996
6030.0;7.386354328773855
6036.0;7.386354328773855
6042.0;7.615693340977967
6048.0;7.664386317907445
6054.0;8.603219315895371
6060.0;9.222535211267605
6066.0;9.26841046277666
6072.0;8.717907444668008
6078.0;8.534406438631791
6084.0;9.360965794768612
6090.0;8.81046277665996
6096.0;9.635412474849094
6102.0;9.291348088531187
6108.0;8.878470824949698
6114.0;8.878470824949698
6120.0;8.6261569416499
6126.0;7.9150905432595575
6132.0;7.754527162977867
6138.0;7.43420523138833
6144.0;8.122334004024145
6150.0;8.717907444668008
6156.0;8.330828257258128
6162.0;8.031010204888855
6168.0;8.627482003006092
6174.0;8.833953010046674
6180.0;8.927300055375365
6186.0;8.491416818289693
6192.0;8.858476386361838
6198.0;9.202594731429475
6204.0;9.614745668855312
6210.0;10.027687682936477
6216.0;10.395538327663951
6222.0;10.579068111700023
6228.0;9.982596313582786
6234.0;9.500039553832766
6240.0;9.363974369116367
6246.0;9.041215093742583
6252.0;8.765920417688474
6258.0;9.109247686100783
6264.0;9.020378004200047
6270.0;9.34082600917788
6276.0;10.372559695107723
6282.0;10.005444504938943
6288.0;9.408882320914676
6294.0;9.68577428638096
6300.0;9.731663685152057
6306.0;9.34004822275803
6312.0;9.225324725830287
6318.0;9.615384615384615
6324.0;9.91366570739675
6330.0;10.579839775997511
6336.0;10.648673874154158
6342.0;10.78634207046745
6348.0;9.570273003033368
6354.0;9.731274791942132
6360.0;9.386715407948977
6366.0;8.904876720852453
6372.0;8.676661822076035
6378.0;8.653713761187179
6384.0;8.722557943853744
6390.0;8.859481373823911
6396.0;7.3908054769371985
6402.0;6.931844259160101
6408.0;6.91042606899717
6414.0;7.415283408551978
6420.0;7.8512965654402205
6426.0;7.713608200107091
6432.0;7.484127591218542
6438.0;8.792167061883271
6444.0;8.472806547846707
6450.0;8.747418343150004
6456.0;9.06792626023101
6462.0;8.838445651342461
6468.0;8.540120859787349
6474.0;9.090874321119866
6480.0;8.885544435247198
6486.0;8.33471292046053
6492.0;8.105199789299421
6498.0;7.463315524117691
6504.0;7.692828655278802
6510.0;6.889532696214914
6516.0;6.958386635563248
6522.0;7.233802392956581
6528.0;7.141997140492136
6534.0;7.991195725788246
6540.0;8.381368048762134
6546.0;8.908871999397999
6552.0;8.725261494469109
6558.0;8.265482730077508
6564.0;8.702310181352999
6570.0;8.566483557829784
6576.0;7.6691248400933105
6582.0;7.531416961396644
6588.0;8.014068863383931
6594.0;7.669751943724546
6600.0;7.853387634209552
6606.0;7.9466864124398375
6612.0;7.991114402073306
6618.0;8.312847093669012
6624.0;7.532395409107738
6630.0;8.26693817104776
6636.0;8.175120325805258
6642.0;8.129211403184005
6648.0;8.726027397260275
6654.0;9.66604961125509
6660.0;10.102184376156979
6666.0;9.620140688633839
6672.0;9.574231766012588
6678.0;9.918548685671974
6684.0;10.63087745279526
6690.0;10.607922991484635
6696.0;10.494497485606006
6702.0;9.899059835288973
6708.0;9.165148312805188
6714.0;9.09408935208804
6720.0;8.979301800160338
6726.0;8.772684206690474
6732.0;8.405364040521828
6738.0;7.876976896727644
6744.0;8.359084614823992
6750.0;7.6014867721011585
6756.0;7.831061875956563
6762.0;7.578529261715619
6768.0;7.8081043655710225
6774.0;8.267618978208585
6780.0;8.26725457328183
6786.0;9.231470009474528
6792.0;9.27738503024561
6798.0;9.32257124116318
6804.0;10.150319293965703
6810.0;10.219200688813949
6816.0;11.137619286790558
6822.0;10.953935567195236
6828.0;11.229461146588218
6834.0;10.563607663055176
6840.0;9.668149530027984
6846.0;9.691109994977399
6852.0;8.956375116596112
6858.0;9.071894955872857
6864.0;8.95709263112578
6870.0;9.96663557437038
6876.0;9.416301930114084
6882.0;9.186697280619933
6888.0;9.852550764152975
6894.0;10.334720528090694
6900.0;10.175073545239291
6906.0;10.793571069814163
6912.0;10.748957818130432
6918.0;11.071504274712074
6924.0;11.369320992015828
6930.0;11.047834381403236
6936.0;11.874514237264185
6942.0;11.989330883911538
6948.0;11.575990955981064
6954.0;11.43821098000424
6960.0;11.73673426128736
6966.0;11.667490991309263
6972.0;11.437857698014556
6978.0;10.932311170776513
6984.0;10.863774464777785
6990.0;10.887444358086626
6996.0;10.611884406132976
7002.0;10.703737723450859
7008.0;10.910407687416095
7014.0;11.117077651381333
7020.0;10.614517363769226
7026.0;10.522652933398287
7032.0;9.695873060059851
7038.0;9.58104252209618
7044.0;9.580346579441853
7050.0;9.993040573456748
7056.0;9.510752314009325
7062.0;9.32702345326745
7068.0;8.729904655856357
7074.0;8.316862690514302
7080.0;7.83457443106688
7086.0;7.857540538659615
7092.0;7.076692880506647
7098.0;7.0993110167722175
7104.0;7.697125756837637
7110.0;8.708330433572273
7116.0;8.68536432597954
7122.0;7.996381098197508
7128.0;8.112101474117244
7134.0;8.525539938292766
7140.0;7.767569420637641
7146.0;7.490572505999315
7152.0;7.720260541652382
7158.0;8.408639012684265
7164.0;9.098388755570792
7170.0;9.029482344874872
7176.0;9.351045594789166
7182.0;8.914638327048337
7188.0;9.488172780253686
7194.0;9.419266369557764
7200.0;9.671923208776139
7206.0;9.02879670894755
7212.0;8.29379499485773
7218.0;7.6273568735001716
7224.0;8.248200205690779
7230.0;9.189235515941036
7236.0;9.397000202689007
7242.0;9.098371731639753
7248.0;8.960543206540098
7254.0;8.570029052091074
7260.0;8.638943314640903
7266.0;8.570029052091074
7272.0;9.534828727788662
7278.0;10.844199716235389
7284.0;11.809675021957975
7290.0;12.085669887169786
7296.0;12.774136882643065
7302.0;12.153908519694616
7308.0;12.222822782244442
7314.0;12.659279778393351
7320.0;12.062022836294846
7326.0;11.579622998446052
7332.0;11.763394365245592
7338.0;11.947165732045132
7344.0;12.476859559166279
7350.0;12.247119930745155
7356.0;11.902510488113471
7362.0;11.48897915695545
7368.0;11.284211227275755
7374.0;11.052473862955317
7380.0;10.84504228540987
7386.0;10.684224545515082
7392.0;11.16667776519944
7398.0;11.580209096357462
7404.0;11.580875008323899
7410.0;11.649130984883799
7416.0;11.557901045481787
7422.0;12.040354265166146
7428.0;11.442365319304788
7434.0;10.868016248251982
7440.0;10.316641140041286
7446.0;10.04095358593594
7452.0;9.214862469638286
7458.0;9.07700387317009
7464.0;9.605461826298168
7470.0;10.203505547167333
7476.0;10.433269874614323
7482.0;9.973741219720344
7488.0;10.226481979912034
7494.0;10.317731241383838
7500.0;10.317731241383838
7506.0;10.202849077660343
7512.0;10.04201404844745
7518.0;10.06499048119215
7524.0;11.007024223724809
7530.0;11.512505744108186
7536.0;11.192148624696383
7542.0;10.824525700781198
7548.0;10.985688964747588
7554.0;10.824853935534694
7560.0;10.113599585733704
7566.0;9.998705417826397
7572.0;9.929768917082011
7578.0;9.929445271538611
7584.0;10.181565149847886
7590.0;10.020713314777655
7596.0;10.666062528318985
7602.0;10.206485856689753
7608.0;9.883487604375688
7614.0;9.445595184154314
7620.0;9.423910932746455
7626.0;10.206485856689753
7632.0;9.653699268561072
7638.0;10.136254773771766
7644.0;10.319438151336657
7650.0;9.998381772282995
7656.0;9.538805100653764
7662.0;9.239432973007961
7668.0;8.849664857963614
7674.0;8.391318225343122
7680.0;8.206192148100861
7686.0;7.815512288541334
7692.0;7.769549952122566
7698.0;7.401851260772423
7704.0;7.263325885732525
7710.0;7.656559208426429
7716.0;7.126077242259815
7722.0;6.5055857006064475
7728.0;5.8850941589530805
7734.0;6.436642195978296
7740.0;7.173316310245771
7746.0;7.218001915097351
7752.0;6.8962655601659755
7758.0;8.275135652729015
7764.0;8.48196616661347
7770.0;8.711777848707309
7776.0;8.713242239153706
7782.0;8.75920911781374
7788.0;9.21887790441408
7794.0;9.63195012908507
7800.0;8.988728669479253
7806.0;8.299225489578742
7812.0;7.93149046029847
7818.0;8.253258610918708
7824.0;8.275927208614068
7830.0;8.666645677224356
7836.0;8.25294376928405
7842.0;8.48277816258422
7848.0;8.827529752534476
7854.0;8.94244694918456
7860.0;9.70090044707512
7866.0;8.827529752534476
7872.0;8.367860965934135
7878.0;9.264215099804797
7884.0;10.299434677269057
7890.0;10.414362924768591
7896.0;10.529912406038392
7902.0;10.713797602037646
7908.0;11.150524942535876
7914.0;10.966639746536622
7920.0;11.196496241535689
7926.0;10.277070261539418
7932.0;9.702429024041747
7938.0;8.920916941044915
7944.0;8.874324408274834
7950.0;9.724793439771386
7956.0;10.253463378269243
7962.0;9.380008697272784
7968.0;9.380008697272784
7974.0;9.33403739827297
7980.0;9.563893893272038
7986.0;9.150152202273716
7992.0;9.932569116655428
7998.0;9.403849690430945
8004.0;9.955556917795622
8010.0;11.15092257708576
8016.0;10.69116655428186
8022.0;10.530251946300497
8028.0;10.898056764543616
8034.0;10.737142156562252
8040.0;10.484276344020106
8046.0;10.668178753141666
8052.0;9.748666707533868
8058.0;10.346349537178938
8064.0;10.300986942928953
8070.0;10.163060136087783
8076.0;9.978544718935819
8082.0;9.65671550297309
8088.0;9.380861889290749
8094.0;9.817630110954454
8100.0;9.151793816927825
8106.0;9.565611954746204
8112.0;9.933450299473652
8118.0;9.979430092564584
8124.0;10.761086575110411
8130.0;11.91058140238369
8136.0;12.508318712565794
8142.0;12.646258091838586
8148.0;12.025530885111017
8154.0;11.427793574928913
8160.0;10.990985540565067
8166.0;10.830056264746808
8172.0;9.933450299473652
8178.0;9.358702885837014
8184.0;10.002419989110049
8190.0;9.772521023655393
8196.0;9.796115917478371
8202.0;9.842095710569302
8208.0;10.348760824126606
8214.0;9.727978501045088
8220.0;9.26993132278292
8226.0;9.591818453269633
8232.0;9.52284263959391
8238.0;9.545834577485817
8244.0;9.476858763810093
8250.0;9.430874888026276
8256.0;9.959689459540161
8262.0;9.04001194386384
8268.0;9.108987757539564
8274.0;9.177963571215288
8280.0;9.108987757539564
8286.0;8.534189310241864
8292.0;8.44222155867423
8298.0;8.650940579277396
8304.0;8.557181248133771
8310.0;8.879068378620484
8316.0;9.31666764931313
8322.0;9.939272448558457
8328.0;9.017746595130005
8334.0;8.76481339543659
8340.0;8.971758740640292
8346.0;8.60208714108838
8352.0;8.694062850067803
8358.0;9.222923176699487
8364.0;10.071929721124933
8370.0;10.348446435941277
8376.0;10.16449501798243
8382.0;10.71634927185897
8388.0;9.980543600023584
8394.0;9.636224279228818
8400.0;9.405105831024114
8406.0;9.727020812452096
8412.0;8.853251577147574
8418.0;9.31313012204469
8424.0;10.005530651452524
8430.0;10.555684927519357
8436.0;10.647668393782384
8442.0;10.442452116201897
8448.0;10.327472783373116
8454.0;10.833381847819759
8460.0;10.005821738371077
8466.0;9.498166152413111
8472.0;9.451883332363044
8478.0;10.5326890609536
8484.0;11.176573324794784
8490.0;11.820457588635966
8496.0;12.120568201665018
8502.0;11.452523723583862
8508.0;10.948361180648542
8514.0;10.856377714385516
8520.0;10.396460383070385
8526.0;10.16650171741282
8532.0;9.753349048467774
8538.0;9.52337147128155
8544.0;9.79934456390502
8550.0;10.535272810900937
8556.0;9.385384924969815
8562.0;9.70735353303053
8568.0;10.719254872649916
8574.0;10.330017823262232
8580.0;10.535560282872419
8586.0;10.765537860058645
8592.0;10.535272810900937
8598.0;11.156212269303744
8604.0;11.478180877364457
8610.0;11.938710975679871
8616.0;12.467659403208188
8622.0;11.616742367619157
8628.0;11.73173115621227
8634.0;12.30667509917783
8640.0;12.031631552047248
8646.0;11.41064228519507
8652.0;10.766653415866886
8658.0;10.60565619853484
8664.0;10.030666136634675
8670.0;10.513657788630814
8676.0;9.93866772673065
8682.0;9.80067011187461
8688.0;9.34238173661196
8694.0;9.158384916803907
8700.0;9.34266568232154
8706.0;9.066670452609461
8712.0;9.34266568232154
8718.0;9.457663694701573
8724.0;10.400647396217844
8730.0;10.952637855642001
8736.0;11.090635470498041
8742.0;10.768641035833948
8748.0;10.83842917251052
8754.0;10.424403927068724
8760.0;10.217391304347826
8766.0;9.458345021037868
8772.0;9.113323983169705
8778.0;8.906311360448807
8784.0;9.389340813464235
8790.0;9.918092566619915
8796.0;9.895091164095371
8802.0;9.964095371669003
8808.0;10.516129032258064
8814.0;10.884151472650771
8820.0;10.767461430575034
8826.0;10.928471248246844
8832.0;10.445441795231417
8838.0;10.74446002805049
8844.0;10.629453015427769
8850.0;11.870967741935484
8856.0;11.963860096446982
8862.0;11.457790588104872
8868.0;11.434787428634776
8874.0;10.675683166121612
8880.0;10.606950834210965
8886.0;10.330912920569814
8892.0;8.605675960312622
8898.0;9.065739149714538
8904.0;9.318773903885594
8910.0;9.6175378304972
8916.0;9.709550468377584
8922.0;10.721689485061804
8928.0;11.388781109694584
8934.0;11.29843135081204
8940.0;11.733828501746023
8946.0;11.41178426916468
8952.0;11.871847458566599
8958.0;12.262901169558228
8964.0;12.816453962863559
8970.0;12.862463712548612
8976.0;12.678424713808402
8982.0;12.724434463493454
8988.0;12.539847729637946
8994.0;11.571999780905953
9000.0;11.641014405433532
9006.0;11.387960782165745
9012.0;10.743824286575013
9018.0;10.237717040039437
9024.0;10.950868160157748
9030.0;11.503259023936025
9036.0;10.951142027715397
9042.0;10.491044530864874
9048.0;10.146793010899929
9054.0;9.847729637947088
9060.0;10.240455715615928
9066.0;10.537875883222874
9072.0;11.320846641043685
9078.0;10.561630487738862
9084.0;11.181724679261626
9090.0;11.618849131164403
9096.0;10.975207058950902
9102.0;10.515076056947978
9108.0;10.009202620040059
9114.0;9.41103231743626
9120.0;9.249986466735235
9126.0;9.249986466735235
9132.0;8.973907865533482
9138.0;9.733124018838305
9144.0;9.502787852541546
9150.0;10.19244302495534
9156.0;10.44605640664754
9162.0;10.215990905646079
9168.0;10.26200400584637
9174.0;9.733936014724192
9180.0;10.056985392476857
9186.0;9.98769329552143
9192.0;9.895660548986035
9198.0;10.469795066616726
9204.0;11.367649419444593
9210.0;11.367114345336828
9216.0;10.768366418748997
9222.0;11.228530151425973
9228.0;10.630584835999786
9234.0;10.653593022633634
9240.0;9.710257370645834
9246.0;9.158060891433463
9252.0;8.375782545882604
9258.0;8.628872598854942
9264.0;8.214725239445663
9270.0;8.651613248434908
9276.0;8.145433142490235
9282.0;8.23746588902563
9288.0;8.6061888389315
9294.0;8.30706162390902
9300.0;8.76725733932822
9306.0;8.515736577624967
9312.0;8.239619148373446
9318.0;7.365247289076963
9324.0;7.8484527902671255
9330.0;8.193599576831526
9336.0;8.055540862205765
9342.0;8.377677862999207
9348.0;9.160010579211848
9354.0;8.929912721502248
9360.0;8.308648505686326
9366.0;8.239619148373446
9372.0;8.009521290663846
9378.0;8.078550647976726
9384.0;7.871462576038085
9390.0;8.079079608569161
9396.0;8.977040949741122
9402.0;9.207154437529418
9408.0;8.952460645363736
9414.0;9.619789759949793
9420.0;9.27488102086711
9426.0;9.827153391559019
9432.0;9.320903718424768
9438.0;10.288949322734167
9444.0;11.232153130066418
9450.0;11.002039642278124
9456.0;11.370221222739396
9462.0;11.508289315412373
9468.0;11.117096386172271
9474.0;11.554312012970033
9480.0;11.623346059306522
9486.0;10.702892108153339
9492.0;9.943517598451963
9498.0;9.874483552115475
9504.0;9.898122769819517
9510.0;10.10472151833273
9516.0;9.643946837668718
9522.0;10.03516574442778
9528.0;9.551895330195997
9534.0;9.782024098877798
9540.0;9.898639913119926
9546.0;9.528882453327817
9552.0;9.252727930909655
9558.0;9.459843822723277
9564.0;9.828049852614159
9570.0;10.380358897450483
9576.0;9.92010136008688
9582.0;9.85106272948234
9588.0;10.173501577287066
9594.0;10.081191498164142
9600.0;9.505869576459636
9606.0;9.528882453327817
9612.0;9.368383368281082
9618.0;9.392420600419372
9624.0;8.725003835728533
9630.0;8.701989464532296
9636.0;9.229785710632639
9642.0;9.091699483455224
9648.0;10.127346187285838
9654.0;9.989515675343936
9660.0;9.828415076970286
9666.0;9.621285736204163
9672.0;8.7467396307472
9678.0;8.654682145962257
9684.0;9.068685112258988
9690.0;9.552754053086483
9696.0;9.391142024241804
9702.0;9.52922825141922
9708.0;9.160998312279446
9714.0;8.401524062803661
9720.0;8.493348171379433
9726.0;8.102079012595478
9732.0;7.135414032070413
9738.0;7.388588193636502
9744.0;6.9510344478729325
9750.0;7.895189438009004
9756.0;8.31023319338358
9762.0;8.126106530426425
9768.0;7.919216955839952
9774.0;7.666042794273863
9780.0;8.149375284536395
9786.0;7.458647377206738
9792.0;7.228489048510294
9798.0;8.011027366078203
9804.0;8.932419444584957
9810.0;9.301937376700895
9816.0;9.255399868480955
9822.0;8.795083211088068
9828.0;8.519389542156617
9834.0;8.749061796347261
9840.0;8.495871903927945
9846.0;8.288716537403053
9852.0;8.288716537403053
9858.0;8.035026269702277
9864.0;8.449337002752063
9870.0;8.150112584438329
9876.0;8.610958218663997
9882.0;8.426820115086315
9888.0;8.334751063297473
9894.0;8.035276457343008
9900.0;7.528896672504378
9906.0;7.346259694771078
9912.0;7.508881661245934
9918.0;7.8756567425569175
9924.0;8.105328996747561
9930.0;8.749562171628721
9936.0;9.164397802089006
9942.0;8.843621602890947
9948.0;9.072570664818574
9954.0;9.026533339933666
9960.0;8.957477352606306
9966.0;8.774318103064205
9972.0;8.197861492005346
9978.0;8.543141428642146
9984.0;8.77332805306668
9990.0;9.073313202316717
9996.0;9.303004801742487
10002.0;9.164892827087767
10008.0;9.372060789069849
10014.0;9.257214989356962
10020.0;9.465125488837186
10026.0;8.843621602890947
10032.0;8.520370278699074
10038.0;9.487154101282115
10044.0;10.316647891462997
10050.0;9.694862124700006
10056.0;9.671842092374002
10062.0;9.25748151050595
10068.0;9.25748151050595
10074.0;9.16540138120194
10080.0;9.075280403585248
10086.0;8.6839398540432
10092.0;8.084439437723466
10098.0;7.899299603271784
10104.0;8.10599010628398
10110.0;8.313660185139835
10116.0;8.567370328647696
10122.0;8.567370328647696
10128.0;8.589410785130038
10134.0;8.865651173042073
10140.0;8.589410785130038
10146.0;8.727530979086056
10152.0;8.842630737168614
10158.0;8.97978965734503
10164.0;9.486502205205253
10170.0;9.878592545921581
10176.0;10.361072069015654
10182.0;9.071875151456405
10188.0;8.751029903552562
10194.0;7.851742354480686
10200.0;7.737604807832113
10206.0;7.5534338196093636
10212.0;7.6455193137207385
10218.0;7.046963601996802
10224.0;7.093491009547812
10230.0;7.784132215383124
10236.0;7.646003974216062
10242.0;8.291571753986332
10248.0;8.382687927107062
10254.0;8.31362380652353
10260.0;8.77452155978704
10266.0;9.557292915727373
10272.0;9.855628567317376
10278.0;10.914672166530769
10284.0;11.23698978368267
10290.0;11.121876348985563
10296.0;11.191424049115065
10302.0;10.915151805842006
10308.0;10.316561945417046
10314.0;10.178425823780517
10320.0;9.672885989735718
10326.0;9.212432250947288
10332.0;8.245479399491582
10338.0;8.383615521128112
10344.0;8.567317377332246
10350.0;8.521272003453403
10356.0;8.406638208067534
10362.0;8.31406782099861
10368.0;8.384998813197246
10374.0;9.350581533349157
10380.0;9.557797294089722
10386.0;9.349632091146452
10392.0;8.844054118205554
10398.0;9.051269878946119
10404.0;9.165915024922858
10410.0;9.810586280560171
10416.0;10.731545217184904
10422.0;12.112983622122004
10428.0;12.25207690481842
10434.0;11.929029195347733
10440.0;11.32945644433895
10446.0;11.237360550676478
10452.0;10.639686684073107
10458.0;9.832898172323759
10464.0;9.257061476382626
10470.0;9.718015665796345
10476.0;9.90320003759222
10482.0;10.54790658333725
10488.0;10.755133687326722
10494.0;10.501856115784033
10500.0;10.042291245712137
10506.0;9.536206005356892
10512.0;9.121751797377943
10518.0;9.212443024293972
10524.0;9.741553498425827
10530.0;10.294629011794559
10536.0;10.686057985996898
10542.0;10.156477609134908
10548.0;9.465250693106526
10554.0;9.604341901226446
10560.0;9.004746017574362
10566.0;8.52121610826559
10572.0;7.485080588318218
10578.0;7.55533104647338
10584.0;7.578034144299204
10590.0;8.08484904870447
10596.0;8.22347304275015
10602.0;8.407684793226961
10608.0;8.362794808577942
10614.0;8.637484300134902
10620.0;8.499325487277295
10626.0;8.68260687537796
10632.0;8.037865748709121
10638.0;8.222077499185932
10644.0;9.259431548588175
10650.0;10.502860864306648
10656.0;10.639624133600037
10662.0;9.534353630739172
10668.0;9.211983067404754
10674.0;9.83369772526399
10680.0;9.881611387635484
10686.0;9.120807554542495
10692.0;8.315294984571455
10698.0;8.292267305300971
10704.0;8.269700179615898
10710.0;8.984018790586285
10716.0;9.605766130889329
10722.0;9.583199005204255
10728.0;10.365909823607977
10734.0;10.710403905494404
10740.0;10.779486943305853
10746.0;10.687376226223922
10752.0;10.82554230184682
10758.0;10.687376226223922
10764.0;10.894625339658269
10770.0;10.779947496891264
10776.0;11.194445723759959
10782.0;10.641781421268364
10788.0;9.628563533367107
10794.0;9.78929673467508
