#auto generated file!
6.0;0.0
12.0;0.030395136778115502
18.0;0.8966565349544073
24.0;3.662613981762918
30.0;6.6109422492401215
36.0;8.601823708206688
42.0;11.48936170212766
48.0;13.951367781155016
54.0;17.99392097264438
60.0;20.95744680851064
66.0;22.522796352583587
72.0;24.726443768996962
78.0;26.96048632218845
84.0;29.209726443768997
90.0;29.80243161094225
96.0;29.316109422492403
102.0;29.756838905775076
108.0;36.018348623853214
114.0;36.8348623853211
120.0;37.00917431192661
126.0;36.38532110091743
132.0;35.77981651376147
138.0;35.48623853211009
144.0;36.65137614678899
150.0;38.20183486238532
156.0;38.293577981651374
162.0;37.54128440366973
168.0;38.69724770642202
174.0;38.0
180.0;39.87155963302752
186.0;40.93577981651376
192.0;40.788990825688074
198.0;41.596330275229356
204.0;42.04587155963303
210.0;43.211009174311926
216.0;47.562417871222074
222.0;46.990801576872535
228.0;45.90670170827858
234.0;46.14323258869908
240.0;45.913272010512486
246.0;45.51248357424441
252.0;44.19185282522996
258.0;43.23915900131406
264.0;43.83048620236531
270.0;45.61760840998686
276.0;45.7095926412615
282.0;44.37582128777924
288.0;44.2969776609724
294.0;44.19185282522996
300.0;44.7568988173456
306.0;45.2365308804205
312.0;44.7503285151117
318.0;45.31537450722733
324.0;48.454452405322414
330.0;49.176049129989764
336.0;48.33162743091095
342.0;47.41044012282497
348.0;46.131013306038895
354.0;45.83418628454452
360.0;46.642784032753326
366.0;44.912998976458546
372.0;42.74309109518936
378.0;42.077789150460596
384.0;43.89969293756397
390.0;44.29887410440123
396.0;44.08393039918116
402.0;41.985670419651996
408.0;42.13408393039918
414.0;42.69703172978505
420.0;43.812691914022516
426.0;45.44012282497441
432.0;46.64291701592624
438.0;46.64291701592624
444.0;48.31936295054484
450.0;50.067057837384745
456.0;49.396479463537304
462.0;48.72170997485331
468.0;48.055322715842415
474.0;48.3780385582565
480.0;47.29673093042749
486.0;46.98658843252305
492.0;45.1802179379715
498.0;44.199497066219614
504.0;46.554903604358756
510.0;46.49622799664711
516.0;45.004191114836544
522.0;46.00167644593462
528.0;45.01257334450964
534.0;44.64375523889355
540.0;45.13839602555004
546.0;45.9971611071682
552.0;44.4180269694819
558.0;44.58836053938964
564.0;46.738821859474804
570.0;48.250532292405964
576.0;48.05180979418027
582.0;47.1291696238467
588.0;47.57629524485451
594.0;47.902767920511
600.0;47.22143364088006
606.0;46.56139105748758
612.0;44.24414478353442
618.0;43.53797019162526
624.0;43.47764371894961
630.0;44.985805535841024
636.0;46.10007097232079
642.0;44.517388218594746
648.0;45.10769230769231
654.0;46.356923076923074
660.0;46.05230769230769
666.0;46.64923076923077
672.0;47.15384615384615
678.0;46.72615384615385
684.0;48.06461538461539
690.0;49.74153846153846
696.0;50.10769230769231
702.0;49.129230769230766
708.0;47.215384615384615
714.0;46.63384615384616
720.0;45.47692307692308
726.0;43.65538461538461
732.0;42.824615384615385
738.0;44.15692307692308
744.0;44.144615384615385
750.0;45.24923076923077
756.0;45.659967409016836
762.0;44.2802824551874
768.0;44.875067897881586
774.0;45.551330798479086
780.0;45.36664856056491
786.0;45.24443237370994
792.0;46.77077675176535
798.0;46.50190114068441
804.0;48.068984247691475
810.0;49.665942422596416
816.0;49.617055947854425
822.0;47.66431287343835
828.0;48.07170016295492
834.0;47.3574144486692
840.0;46.73818576860402
846.0;44.470396523628466
852.0;42.40358500814774
858.0;41.24660510592069
864.0;42.00291686922703
870.0;44.324258629071466
876.0;44.03986387943607
882.0;42.977637335926104
888.0;42.778317938745744
894.0;43.43218279047156
900.0;43.70442391832766
906.0;44.09820126397666
912.0;42.44530870199319
918.0;44.17355371900826
924.0;45.48614487117161
930.0;47.771025765678175
936.0;47.88770053475936
942.0;48.13806514341274
948.0;45.99902771025766
954.0;45.160427807486634
960.0;44.0325717063685
966.0;42.88283908604764
972.0;42.02375714914211
978.0;41.90277166739991
984.0;42.45270567531896
990.0;43.682358117025956
996.0;44.44346678398592
1002.0;44.14430268367796
1008.0;44.67443906731192
1014.0;44.38407391113066
1020.0;45.30136383633964
1026.0;45.75450945886494
1032.0;44.65904091509019
1038.0;44.96700395952486
1044.0;47.272327320721516
1050.0;48.38539375274967
1056.0;46.34403871535416
1062.0;45.921689397272324
1068.0;43.20281566212054
1074.0;42.468103827540695
1080.0;41.43431096826035
1086.0;40.9883487344315
1092.0;39.42547207713941
1098.0;39.43953394937726
1104.0;40.84170349537967
1110.0;40.865809562073125
1116.0;40.87585375652873
1122.0;41.20530333467256
1128.0;41.63519485737244
1134.0;43.08155885897951
1140.0;43.4933708316593
1146.0;42.768179991964644
1152.0;42.24387304138208
1158.0;42.40257131378063
1164.0;44.02973081558859
1170.0;46.004419445560465
1176.0;45.98433105664925
1182.0;43.94535958216151
1188.0;43.966728280961185
1194.0;42.52310536044362
1200.0;41.99445471349353
1206.0;41.28096118299445
1212.0;40.186691312384475
1218.0;40.42329020332717
1224.0;40.13123844731978
1230.0;39.94269870609982
1236.0;41.033271719038815
1242.0;40.92975970425139
1248.0;40.208872458410355
1254.0;41.48983364140481
1260.0;40.99630314232902
1266.0;41.76155268022181
1272.0;41.35859519408503
1278.0;42.26432532347505
1284.0;43.79667282809612
1290.0;44.58964879852126
1296.0;45.285861006504625
1302.0;44.79116740842177
1308.0;45.10099281068128
1314.0;45.071893187264635
1320.0;45.33721328312222
1326.0;44.06367682300582
1332.0;43.26600479287915
1338.0;42.850051352276616
1344.0;43.341321465251625
1350.0;43.522766175967135
1356.0;43.87880862718247
1362.0;43.34988017802122
1368.0;42.74221157137966
1374.0;42.71824717562479
1380.0;43.35843889079082
1386.0;43.392673741869224
1392.0;42.81923998630606
1398.0;42.37076343717905
1404.0;43.382212304749764
1410.0;45.03984698756774
1416.0;44.513866751673575
1422.0;44.59674848581447
1428.0;43.646796302199554
1434.0;43.382212304749764
1440.0;41.50781000956328
1446.0;39.82786101370736
1452.0;38.125597704813515
1458.0;38.2722346190628
1464.0;39.595154606311766
1470.0;40.92285623206885
1476.0;40.78897035384125
1482.0;39.555307618744024
1488.0;39.399107427478484
1494.0;38.73127191584316
1500.0;40.615237488045906
1506.0;41.010519604717885
1512.0;41.34357291977334
1518.0;41.87444079928422
1524.0;42.09662988368625
1530.0;43.33880107366537
1536.0;43.19713689233522
1542.0;43.38801073665374
1548.0;43.64598866686549
1554.0;42.12496271995228
1560.0;41.60602445571131
1566.0;40.73068893528184
1572.0;39.66149716671637
1578.0;40.55025350432449
1584.0;41.370414554130626
1590.0;42.426185505517445
1596.0;41.16910229645094
1602.0;41.04682373993439
1608.0;41.02743811512079
1614.0;42.15627796003579
1620.0;42.46707761277669
1626.0;42.36620902213505
1632.0;42.63519193051275
1638.0;43.23479966377136
1644.0;44.7086018492575
1650.0;45.88400112076212
1656.0;45.76632109834688
1662.0;44.228075091061925
1668.0;43.30624824880919
1674.0;42.94620341832446
1680.0;42.623984309330346
1686.0;41.26225833566826
1692.0;38.6116559260297
1698.0;38.00084057158868
1704.0;40.10367049593724
1710.0;40.8293639674979
1716.0;41.69235079854301
1722.0;40.62342392827122
1728.0;39.03170409511228
1734.0;38.86261558784676
1740.0;39.562747688243064
1746.0;39.66446499339498
1752.0;40.58652575957728
1758.0;42.10303830911493
1764.0;43.49537648612946
1770.0;44.361955085865254
1776.0;43.89299867899604
1782.0;42.018494055482165
1788.0;41.85336856010568
1794.0;41.396301188903564
1800.0;41.0224570673712
1806.0;40.21796565389696
1812.0;39.91941875825628
1818.0;40.12681638044914
1824.0;39.79128137384412
1830.0;41.34214002642008
1836.0;41.723319170207446
1842.0;40.54361409647588
1848.0;39.48012996750812
1854.0;39.79630092476881
1860.0;40.43864033991502
1866.0;40.46738315421145
1872.0;42.201949512621844
1878.0;43.63659085228693
1884.0;44.65258685328668
1890.0;44.66633341664584
1896.0;44.96750812296926
1902.0;44.36640839790053
1908.0;43.03299175206198
1914.0;42.578105473631595
1920.0;41.37090727318171
1926.0;40.20119970007498
1932.0;39.35141214696326
1938.0;38.6065983504124
1944.0;37.78515532368983
1950.0;38.363765710220534
1956.0;37.86578136115722
1962.0;36.08133744368034
1968.0;37.02632202987906
1974.0;37.17808868864122
1980.0;38.63647142518378
1986.0;39.339577898980316
1992.0;39.42376096751245
1998.0;40.40431586435855
2004.0;41.29475930756462
2010.0;42.86222433009248
2016.0;42.85866729902774
2022.0;42.782783969646665
2028.0;42.19824519800806
2034.0;41.722788712354756
2040.0;40.04742708086317
2046.0;38.23808394593313
2052.0;36.35235732009926
2058.0;36.97721633205504
2064.0;37.61561019625536
2070.0;38.07241145950823
2076.0;39.49131513647643
2082.0;39.80712835551545
2088.0;39.137153169411235
2094.0;40.40830137604331
2100.0;39.80487254680803
2106.0;38.61380554928942
2112.0;38.43334085269569
2118.0;39.852244529663885
2124.0;40.81885856079405
2130.0;42.546808030678996
2136.0;42.970900067674265
2142.0;43.0690277464471
2148.0;41.8373561921949
2154.0;39.93796526054591
2160.0;40.3204990320499
2166.0;38.50075285007529
2172.0;38.83953538395354
2178.0;38.15013981501398
2184.0;39.407399440739944
2190.0;39.46332544633255
2196.0;39.7956549795655
2202.0;38.77608087760809
2208.0;39.65691546569155
2214.0;39.473004947300495
2220.0;40.46031404603141
2226.0;41.85953968595397
2232.0;41.79393417939342
2238.0;42.470423747042375
2244.0;43.940632394063236
2250.0;45.278554527855455
2256.0;43.56205635620564
2262.0;42.707033770703376
2268.0;42.07810894141829
2274.0;41.74306269270298
2280.0;42.07194244604317
2286.0;41.68756423432682
2292.0;39.60739979445015
2298.0;39.32374100719424
2304.0;38.10688591983556
2310.0;38.55087358684481
2316.0;36.97019527235354
2322.0;37.93730729701953
2328.0;38.53751284686536
2334.0;37.972250770811925
2340.0;38.397738951695786
2346.0;38.685508735868446
2352.0;39.67831449126413
2358.0;39.59917780061665
2364.0;41.72147995889003
2370.0;41.843782117163414
2376.0;40.677032080299156
2382.0;40.093485534343635
2388.0;39.09761857901988
2394.0;38.88801417043889
2400.0;38.71678803385161
2406.0;37.75044282621531
2412.0;35.48809289509939
2418.0;35.550088565243065
2424.0;36.285180082660894
2430.0;36.605983074197994
2436.0;36.75162369612281
2442.0;35.98405825624877
2448.0;36.6423932296792
2454.0;37.94331824444007
2460.0;39.01594174375123
2466.0;39.18224758905727
2472.0;40.36016532178705
2478.0;40.79413501279276
2484.0;41.79441193128186
2490.0;41.32433452897867
2496.0;40.33131961487634
2502.0;40.24825372852558
2508.0;39.71398905040589
2514.0;39.14196715121767
2520.0;38.2811025108552
2526.0;36.80290730602228
2532.0;35.36246932225788
2538.0;34.71965263356617
2544.0;34.98300925051916
2550.0;35.33981498961676
2556.0;35.91372474985841
2562.0;34.90938266943553
2568.0;34.21181801019445
2574.0;35.35869360015103
2580.0;36.868982442892204
2586.0;37.79781008117803
2592.0;38.15436241610738
2598.0;38.34300743696717
2604.0;39.93379285325594
2610.0;41.061128242336295
2616.0;40.899691637946674
2622.0;40.34101215309269
2628.0;41.2751677852349
2634.0;39.86214402321785
2640.0;38.30763649555596
2646.0;37.03065481588972
2652.0;35.56412116814801
2658.0;34.16651550879739
2664.0;34.963722111373116
2670.0;36.08652276437511
2676.0;37.171231634318886
2682.0;37.27099582804281
2688.0;36.43116270633049
2694.0;36.13549791402141
2700.0;35.7374759993018
2706.0;36.231454005934715
2712.0;36.70099493803456
2718.0;37.9874323616687
2724.0;38.68039797521382
2730.0;39.783557339849885
2736.0;39.90486995985338
2742.0;39.39343689998255
2748.0;38.90993192529237
2754.0;39.11590155349974
2760.0;37.41665212078897
2766.0;37.43847093733636
2772.0;35.3395007854774
2778.0;35.185023564321874
2784.0;35.8369698027579
2790.0;36.83452609530459
2796.0;37.02478617559783
2802.0;37.72298830511433
2808.0;37.41379310344828
2814.0;36.56349873843566
2820.0;36.497056349873844
2826.0;36.61984861227923
2832.0;37.21698906644239
2838.0;38.136248948696384
2844.0;37.854499579478556
2850.0;39.52144659377628
2856.0;38.823380992430614
2862.0;38.04541631623213
2868.0;37.51555929352397
2874.0;37.886459209419684
2880.0;37.579478553406226
2886.0;37.59714045416316
2892.0;35.02439024390244
2898.0;34.05466778805719
2904.0;34.08999158957107
2910.0;34.44995794785534
2916.0;34.59909105664665
2922.0;35.0438240545366
2928.0;34.82551533841909
2934.0;36.0217497159552
2940.0;36.010387924038305
2946.0;36.30660607044311
2952.0;35.67196883622788
2958.0;37.03213763999351
2964.0;38.65525077097874
2970.0;38.36390196396689
2976.0;38.70962506086674
2982.0;37.772277227722775
2988.0;38.040090894335336
2994.0;36.52572634312612
3000.0;35.10225612725207
3006.0;34.55526700211005
3012.0;32.57669209543905
3018.0;32.899691608505115
3024.0;32.79049709894935
3030.0;33.24839266112592
3036.0;33.06256860592755
3042.0;31.408969734985103
3048.0;31.821389368041398
3054.0;30.890700956562647
3060.0;31.06476399560922
3066.0;32.117766975066644
3072.0;33.76666143954838
3078.0;33.61533636506194
3084.0;35.01019288066489
3090.0;36.53834091265485
3096.0;37.37337305943233
3102.0;37.12247138152736
3108.0;36.92410224243375
3114.0;35.58648267210287
3120.0;35.52375725262662
3126.0;33.63023365218755
3132.0;32.47914454724708
3138.0;32.264522978917036
3144.0;33.242074927953894
3150.0;33.546943728196574
3156.0;32.483694827847714
3162.0;31.746549370544518
3168.0;32.58986804186258
3174.0;34.4342484453208
3180.0;34.55558926133778
3186.0;34.82557257697558
3192.0;34.584407705141814
3198.0;34.483543151827696
3204.0;35.97982708933718
3210.0;38.25193386925527
3216.0;38.47186409828606
3222.0;37.686182314576065
3228.0;37.47762778704687
3234.0;37.18337630820567
3240.0;36.50022029666618
3246.0;35.49126156557497
3252.0;33.69143780290791
3258.0;34.98237626670583
3264.0;35.05287119988251
3270.0;35.98325745337054
3276.0;35.380378910265826
3282.0;34.98971948891173
3288.0;35.11235129975033
3294.0;34.858275811426054
3300.0;35.219562343956525
3306.0;36.19327360845939
3312.0;36.20869437509179
3318.0;36.290938463797914
3324.0;37.49816419444853
3330.0;38.176677926274046
3336.0;38.25084447055368
3342.0;38.00998678220003
3348.0;36.91886120996441
3354.0;36.863345195729536
3360.0;36.1288256227758
3366.0;35.9779359430605
3372.0;35.53096085409253
3378.0;34.490391459074736
3384.0;35.062633451957296
3390.0;35.444128113879
3396.0;34.541637010676155
3402.0;34.641281138790035
3408.0;34.01067615658363
3414.0;32.84199288256228
3420.0;32.973665480427044
3426.0;32.82562277580071
3432.0;32.976512455516016
3438.0;33.66120996441281
3444.0;36.40498220640569
3450.0;38.05693950177936
3456.0;38.06173180499931
3462.0;37.47617732357409
3468.0;36.87681259494545
3474.0;37.4665101505317
3480.0;37.26419002900152
3486.0;35.53238502969203
3492.0;34.98895180223726
3498.0;35.36044745200939
3504.0;36.41555033835105
3510.0;36.41485982599089
3516.0;37.21792570087005
3522.0;34.953045159508356
3528.0;35.225107029415824
3534.0;35.955669106477
3540.0;36.823643143212266
3546.0;36.09239055379091
3552.0;35.77475486811214
3558.0;36.49841182157161
3564.0;36.75875016762773
3570.0;37.0772428590586
3576.0;35.84685530374145
3582.0;35.64972509051898
3588.0;35.01542175137455
3594.0;33.85342631084887
3600.0;32.95628268740781
3606.0;32.39975861606544
3612.0;31.674265790532385
3618.0;31.591792946225024
3624.0;31.674936301461713
3630.0;31.739305350677217
3636.0;30.7456081534129
3642.0;31.432211345044923
3648.0;31.74533994904117
3654.0;32.04304680166287
3660.0;33.45111975325198
3666.0;33.37602252916722
3672.0;33.323341587384334
3678.0;32.304183500586475
3684.0;34.19392675615796
3690.0;36.10712889352274
3696.0;37.05265215691385
3702.0;36.42903688257526
3708.0;35.41313697380425
3714.0;35.64837742734263
3720.0;35.14401146878665
3726.0;34.430470480907076
3732.0;33.5012381076502
3738.0;33.60354489769321
3744.0;33.90134236934706
3750.0;34.41808940440506
3756.0;34.331421868890914
3762.0;32.35240453538381
3768.0;30.828880490029974
3774.0;32.136713150006514
3780.0;33.62530105209786
3786.0;33.39016351882368
3792.0;33.53530231968564
3798.0;34.68310305488655
3804.0;34.946127519330716
3810.0;36.03308404106984
3816.0;37.17137786791735
3822.0;36.94067689187476
3828.0;36.83229813664596
3834.0;36.220687032577004
3840.0;36.21688426923564
3846.0;34.730637596653565
3852.0;33.53276714412473
3858.0;32.571935606540755
3864.0;33.48079604512613
3870.0;34.083534034731905
3876.0;33.7983267841298
3882.0;31.81074914437825
3888.0;31.417643429981492
3894.0;32.59037631091918
3900.0;32.10302282541641
3906.0;31.27143738433066
3912.0;31.48673658235657
3918.0;32.60888340530537
3924.0;34.4595928439235
3930.0;35.15731030228254
3936.0;34.40037014188773
3942.0;33.14127082048118
3948.0;32.40900678593461
3954.0;32.85996298581123
3960.0;32.67674275138803
3966.0;32.52375077112893
3972.0;31.660703269586676
3978.0;30.33991363355953
3984.0;30.342998149290562
3990.0;32.12338062924121
3996.0;31.790650162240116
4002.0;30.36173536834515
4008.0;29.67972599447182
4014.0;30.28902776108641
4020.0;30.208508592717223
4026.0;30.591875976445138
4032.0;31.086407883667828
4038.0;30.711452950366542
4044.0;32.65653166686696
4050.0;34.67612065857469
4056.0;35.94760245162841
4062.0;34.928494171373636
4068.0;32.89628650402596
4074.0;32.51952890277611
4080.0;32.08208148059128
4086.0;31.846532868645596
4092.0;31.15671193366182
4098.0;30.893522413171493
4104.0;30.36781070633712
4110.0;32.42942485650697
4116.0;30.982780836359378
4122.0;30.50778962164695
4128.0;29.2872203350123
4134.0;28.40986294951388
4140.0;29.724727656085275
4146.0;31.252782007731053
4152.0;30.538245285229003
4158.0;30.58334309476397
4164.0;32.8938737261333
4170.0;35.31392760923041
4176.0;35.65362539533794
4182.0;34.16832610987466
4188.0;32.83413377064542
4194.0;31.39100386552653
4200.0;31.683261098746634
4206.0;30.02167037601031
4212.0;29.70410145093111
4218.0;29.742374043185194
4224.0;31.495487261510338
4230.0;33.61247572260939
4236.0;34.04661258996915
4242.0;34.35736318976351
4248.0;33.09950873986062
4254.0;33.44567576830801
4260.0;34.34822346624015
4266.0;34.08088655318176
4272.0;34.213983776990744
4278.0;34.53615903118931
4284.0;35.861418942077
4290.0;36.42008454244259
4296.0;37.47972123843254
4302.0;37.67736775962527
4308.0;37.08785559236833
4314.0;35.04284245401577
4320.0;34.75526814583566
4326.0;34.96766640651132
4332.0;33.070576429925296
4338.0;33.297469060095885
4344.0;33.97926190210726
4350.0;34.7145724160999
4356.0;34.191102687033116
4362.0;34.70398037685361
4368.0;33.82595607091091
4374.0;33.542758390010036
4380.0;34.13145278180399
4386.0;33.21106031887613
4392.0;33.647563830973354
4398.0;34.24852268926302
4404.0;34.7491359125878
4410.0;34.28977589474858
4416.0;34.653250083621366
4422.0;33.636414315977255
4428.0;33.5748502994012
4434.0;33.550353837778985
4440.0;33.943385955362004
4446.0;32.266739248775174
4452.0;31.26837234621666
4458.0;30.542188350571585
4464.0;30.356015242242787
4470.0;31.43059335873707
4476.0;32.90800217746325
4482.0;33.56287425149701
4488.0;33.58464888405008
4494.0;33.48884050081655
4500.0;34.125204137180184
4506.0;34.16439847577572
4512.0;34.084921066956994
4518.0;33.67283614589004
4524.0;34.32661948829613
4530.0;36.85846488840501
4536.0;36.645037761940216
4542.0;35.63131581746622
4548.0;35.70630783959153
4554.0;35.112753962344435
4560.0;34.37772577385385
4566.0;33.05339857461972
4572.0;32.73321987022657
4578.0;32.52313583661313
4584.0;32.93479417083289
4590.0;34.1676417402404
4596.0;33.919263908094884
4602.0;33.753855972768854
4608.0;33.164556962025316
4614.0;32.96404637804489
4620.0;34.35006914158068
4626.0;34.710669077757686
4632.0;34.052760344644184
4638.0;35.08828847994894
4644.0;36.102734740563584
4650.0;37.27045856296142
4656.0;36.42820006238952
4662.0;35.87293334719767
4668.0;34.51336175522512
4674.0;33.365914526359575
4680.0;33.26505147135281
4686.0;31.642923988769887
4692.0;31.36633045648331
4698.0;30.64261204117708
4704.0;31.471352812727464
4710.0;31.953831756264947
4716.0;31.698554642820007
4722.0;31.154726006030987
4728.0;31.671519184776958
4734.0;32.16803576999064
4740.0;31.854008526567537
4746.0;30.924924612665073
4752.0;30.826299196582934
4758.0;31.70039662361436
4764.0;32.489067426014444
4770.0;34.39031831587511
4776.0;35.364080138309774
4782.0;34.81490897996542
4788.0;34.44370995626971
4794.0;34.23726228007729
4800.0;34.292179395911724
4806.0;32.79162005491712
4812.0;31.9368453167904
4818.0;31.167497203295028
4824.0;32.3533001118682
4830.0;33.151123766907354
4836.0;33.588935218142986
4842.0;33.02094986270721
4848.0;33.315366622597374
4854.0;33.70690531882437
4860.0;34.00686635486118
4866.0;34.66165787640561
4872.0;35.49457657478356
4878.0;35.667728132152455
4884.0;35.793611304607424
4890.0;37.520648820778185
4896.0;36.301622051945465
4902.0;34.58801870832919
4908.0;34.72584336749925
4914.0;33.82276843467012
4920.0;33.53965568713305
4926.0;33.206786744949746
4932.0;32.51716588715295
4938.0;32.16489202905762
4944.0;32.97890337347
4950.0;33.56901184197432
4956.0;34.379042690815005
4962.0;33.14807443526719
4968.0;33.77934729663907
4974.0;34.01461276181198
4980.0;34.72966390647832
4986.0;35.096931320019486
4992.0;35.5859717486605
4998.0;35.03068679980516
5004.0;36.21091086215295
5010.0;35.96249391134924
5016.0;36.80954700438383
5022.0;35.97954213346323
5028.0;34.7471992206527
5034.0;34.36629322942036
5040.0;34.8324403312226
5046.0;33.92596200681929
5052.0;32.939113492450076
5058.0;32.30686799805163
5064.0;32.665854846566
5070.0;33.06916707257672
5076.0;33.826447858028814
5082.0;33.66043316477435
5088.0;33.00686957351398
5094.0;33.42763095124511
5100.0;33.5230416944948
5106.0;34.64888846484114
5112.0;35.071558057437265
5118.0;35.297204465222784
5124.0;35.73895620646885
5130.0;36.29997137677702
5136.0;35.21324301116306
5142.0;34.47237858982921
5148.0;33.226791336704515
5154.0;32.84180898769201
5160.0;33.697643354641734
5166.0;33.58601278503959
5172.0;31.862894761950194
5178.0;33.12613300257609
5184.0;32.301579882209964
5190.0;32.93026082079088
5196.0;33.43227073011125
5202.0;33.275684771431244
5208.0;33.48602411891184
5214.0;32.5983920725437
5220.0;32.004767691876225
5226.0;31.318593998317287
5232.0;31.95148172384781
5238.0;32.665700663737496
5244.0;34.15069645695055
5250.0;33.366364401233994
5256.0;32.640927362812
5262.0;31.81265775451061
5268.0;31.830419743853415
5274.0;32.178648219126856
5280.0;31.153594465738056
5286.0;29.978031223707582
5292.0;30.425639145972692
5298.0;29.912031522037935
5304.0;29.587189590396775
5310.0;29.361312196462933
5316.0;28.90131036378631
5322.0;28.017960230917254
5328.0;28.73453679098323
5334.0;29.479978007880508
5340.0;30.044442408137083
5346.0;30.060020159442868
5352.0;30.10446256757995
5358.0;31.785943370292312
5364.0;33.128378997525886
5370.0;33.11005223128379
5376.0;34.06304407587281
5382.0;32.91487217080546
5388.0;32.156144048382664
5394.0;31.078530193347383
5400.0;31.413424386737354
5406.0;32.24862970617306
5412.0;32.2046005930452
5418.0;31.89190403450445
5424.0;32.044658100458264
5430.0;32.78102255368856
5436.0;33.60589450983916
5442.0;32.82100817683529
5448.0;31.629975739060114
5454.0;32.48090574175578
5460.0;33.1359511186989
5466.0;34.199388983736185
5472.0;34.373259052924794
5478.0;35.22014556563932
5484.0;36.009524665288886
5490.0;35.73456734657202
5496.0;36.11645251145656
5502.0;35.052565369754696
5508.0;33.6377258704275
5514.0;33.54693697664169
5520.0;32.08373732921992
5526.0;30.1542529748788
5532.0;29.509034817100044
5538.0;28.137946231820184
5544.0;28.617893345085943
5550.0;29.445130013221682
5556.0;30.26707800793301
5562.0;29.836051123843102
5568.0;29.33539003966505
5574.0;30.228735125605994
5580.0;31.389158219479945
5586.0;30.180696342000882
5592.0;30.440722785368003
5598.0;32.09960334949317
5604.0;32.66152490083737
5610.0;33.592772146319966
5616.0;33.02914972753222
5622.0;32.965573912291326
5628.0;31.97560764639737
5634.0;31.71222212611366
5640.0;30.97093677017559
5646.0;30.391834616382667
5652.0;30.340800968774328
5658.0;28.84049822679699
5664.0;28.9347807283107
5670.0;29.51561283625984
5676.0;29.224115560937634
5682.0;29.750021624426953
5688.0;29.90701496410345
5694.0;31.42375227056483
5700.0;31.923709021710923
5706.0;32.70348585762477
5712.0;32.6658593547271
5718.0;34.32142548222472
5724.0;35.16812431009595
5730.0;35.53663921202344
5736.0;36.70247091789081
5742.0;35.6546658741615
5748.0;34.89003990829583
5754.0;33.54801732189861
5760.0;33.70595227986754
5766.0;33.379893011802665
5772.0;31.715632164388214
5778.0;32.18349324955422
5784.0;32.36053324276131
5790.0;31.352636494862868
5796.0;30.827035747643713
5802.0;30.906003226628172
5808.0;29.96391271121678
5814.0;31.931306784410292
5820.0;32.37624182729048
5826.0;33.84096119555065
5832.0;34.35003752188777
5838.0;35.478612523972316
5844.0;34.922454765279745
5850.0;33.96189443842241
5856.0;33.99149503877262
5862.0;33.73509547235888
5868.0;32.28549987492704
5874.0;32.07996331193196
5880.0;31.518385725006254
5886.0;30.042107896272825
5892.0;30.093804719419662
5898.0;30.168014675227216
5904.0;29.80071708496623
5910.0;30.717918785958474
5916.0;31.691820228466607
5922.0;30.19803218544151
5928.0;30.319769865755024
5934.0;30.925539898273993
5940.0;30.944794823490867
5946.0;31.996478008026866
5952.0;33.030141698746824
5958.0;33.121058235727745
5964.0;33.74354984028176
5970.0;33.73904496682775
5976.0;33.91678270128594
5982.0;33.10918175116717
5988.0;32.29175198623966
5994.0;32.89458596117618
6000.0;32.05176509132607
6006.0;30.807600950118765
6012.0;30.57007125890736
6018.0;31.39036776148743
6024.0;31.41985420591367
6030.0;31.88017036612335
6036.0;32.65091326070931
6042.0;31.247030878859857
6048.0;32.49456740442656
6054.0;33.59919517102616
6060.0;32.12233400402415
6066.0;33.87726358148893
6072.0;33.393561368209255
6078.0;33.71790744466801
6084.0;34.51509054325956
6090.0;34.80241448692153
6096.0;35.094567404426556
6102.0;34.72837022132797
6108.0;33.52917505030181
6114.0;32.57786720321931
6120.0;32.05271629778672
6126.0;31.92354124748491
6132.0;32.34607645875251
6138.0;32.4486921529175
6144.0;33.646680080482895
6150.0;33.87766599597585
6156.0;34.312554386520056
6162.0;33.2564670516573
6168.0;33.195949687524724
6174.0;32.430187485167316
6180.0;33.233130290325136
6186.0;34.316905308124355
6192.0;35.0185903014002
6198.0;34.200617039791155
6204.0;34.16818289692271
6210.0;35.182343169053084
6216.0;34.63491812356617
6222.0;33.44118345067637
6228.0;31.152598686812752
6234.0;30.573135036785065
6240.0;30.122616881575826
6246.0;29.290799778498535
6252.0;28.526619729451784
6258.0;27.539356063602565
6264.0;28.805320059111768
6270.0;29.247491638795985
6276.0;30.906510072334136
6282.0;30.319281325348058
6288.0;31.255736174846387
6294.0;30.862565139612663
6300.0;31.22929143657152
6306.0;29.667496305514504
6312.0;29.3886598739986
6318.0;29.173601928910323
6324.0;31.371626351403904
6330.0;32.70008555650618
6336.0;32.42708252313915
6342.0;31.18340203780042
6348.0;31.701018900210002
6354.0;31.855798397759976
6360.0;32.60597339970444
6366.0;31.677296414404605
6372.0;30.300237129962518
6378.0;28.654478696550143
6384.0;29.181901629312325
6390.0;28.011168056299244
6396.0;28.776103419261073
6402.0;29.28134322649736
6408.0;29.202172416430813
6414.0;28.96657232463857
6420.0;27.65088350034422
6426.0;28.212346056758204
6432.0;28.166449934980495
6438.0;28.92947295953492
6444.0;30.692266503480457
6450.0;30.879675667406104
6456.0;31.026543257094776
6462.0;31.092710165990972
6468.0;29.409852367474947
6474.0;28.51526046049109
6480.0;28.75837158552186
6486.0;28.411844382572053
6492.0;26.953119121077584
6498.0;27.858755361577245
6504.0;28.30009782526902
6510.0;28.056663405824366
6516.0;27.76958386635563
6522.0;27.750771314621115
6528.0;27.792158928437054
6534.0;28.2346301452329
6540.0;28.426894423959666
6546.0;29.30318308375348
6552.0;28.75987658966062
6558.0;29.490179847994582
6564.0;30.49966137406878
6570.0;30.498532620964706
6576.0;31.44104146286402
6582.0;30.887199939799835
6588.0;31.055534987041835
6594.0;30.580525731210663
6600.0;29.681599407626805
6606.0;28.533506108848574
6612.0;28.099222510181413
6618.0;27.423917067752683
6624.0;28.134394668641242
6630.0;29.62939651980748
6636.0;29.325064790818214
6642.0;27.19918548685672
6648.0;27.566827101073677
6654.0;27.336542021473527
6660.0;27.474268789337284
6666.0;29.11958533876342
6672.0;30.03591262495372
6678.0;30.631617919289152
6684.0;31.531654942613848
6690.0;32.89152165864495
6696.0;32.50601268129145
6702.0;31.284891771736753
6708.0;30.43801472195904
6714.0;29.363384592959697
6720.0;29.543036221849718
6726.0;29.22600393557321
6732.0;29.08607244369944
6738.0;28.7114641789957
6744.0;28.322279717221775
6750.0;27.602215581954667
6756.0;28.06719626849355
6762.0;28.39844034691349
6768.0;26.997303403542016
6774.0;26.40696742219955
6780.0;26.113621456162086
6786.0;27.465199329494936
6792.0;28.284017199912544
6798.0;27.955688360906638
6804.0;28.39635502618928
6810.0;29.789768242806918
6816.0;30.754825285212025
6822.0;29.732367080433377
6828.0;28.862739470474278
6834.0;27.893736098155987
6840.0;27.412283848747936
6846.0;26.24201765085743
6852.0;24.108129439621152
6858.0;23.40819401592882
6864.0;23.547750591949487
6870.0;23.9904570567554
6876.0;24.838559230824423
6882.0;25.511946616918994
6888.0;25.321805266556648
6894.0;26.164884838917988
6900.0;26.422831312334075
6906.0;25.454545454545453
6912.0;25.507666219176148
6918.0;27.398431427965804
6924.0;29.786617678230765
6930.0;30.006712357804
6936.0;30.099978803080617
6942.0;29.343955345156505
6948.0;27.647848512682824
6954.0;26.805977531265455
6960.0;27.269836783720766
6966.0;25.889210768035046
6972.0;25.754257047975695
6978.0;25.415106337878896
6984.0;25.916060199251042
6990.0;25.02190348336042
6996.0;25.366706705292163
7002.0;25.537341906309617
7008.0;25.14837843566735
7014.0;26.327280435243413
7020.0;26.869997912172035
7026.0;26.361263831860256
7032.0;26.805971187974112
7038.0;27.418748695107524
7044.0;28.393068411162922
7050.0;29.909527454937713
7056.0;30.204607140371632
7062.0;28.340872712088522
7068.0;27.83074674646809
7074.0;26.964994084487437
7080.0;26.248173150532395
7086.0;25.145799986081148
7092.0;24.102581947247547
7098.0;24.220892198482844
7104.0;24.581390493423342
7110.0;25.668452919479435
7116.0;26.711670958313036
7122.0;26.644164520843482
7128.0;27.234487487144328
7134.0;27.3064792595132
7140.0;26.81762084333219
7146.0;25.79568049365787
7152.0;26.575248543023655
7158.0;27.45491943777854
7164.0;29.71648954405211
7170.0;31.016455262255743
7176.0;31.074048680150838
7182.0;30.014741172437436
7188.0;29.694206376414122
7194.0;28.323277339732602
7200.0;29.006856359273225
7206.0;28.72437435721632
7212.0;28.815906753513882
7218.0;28.102159753171065
7224.0;29.39458347617415
7230.0;29.30167980802194
7236.0;28.845686102290387
7242.0;26.724883453820688
7248.0;26.070873589622323
7254.0;26.02459293290994
7260.0;26.46003648402135
7266.0;26.109384501047227
7272.0;26.59583811904601
7278.0;26.77960948584555
7284.0;28.561583676778596
7290.0;30.194243632187014
7296.0;29.118302817377206
7302.0;28.109587190054725
7308.0;27.216742112019457
7314.0;27.09985811769475
7320.0;27.44442943044389
7326.0;26.77555570569556
7332.0;25.310789811499223
7338.0;25.652658604148368
7344.0;25.242058999800225
7350.0;25.51175334620763
7356.0;25.085902643670508
7362.0;24.4712658986482
7368.0;24.014117333688485
7374.0;24.982020376906174
7380.0;25.86501964440301
7386.0;26.787307717919692
7392.0;27.745555037624026
7398.0;27.58140773789705
7404.0;27.902044349736965
7410.0;30.110874342411933
7416.0;29.83318905240727
7422.0;29.235866018512354
7428.0;29.834520876340147
7434.0;28.462742225477793
7440.0;27.69661050809083
7446.0;26.653126456682426
7452.0;25.88721853869888
7458.0;25.63743189128865
7464.0;27.494912361320818
7470.0;28.350620363684108
7476.0;28.648985754611697
7482.0;28.0765443445152
7488.0;28.22293704457428
7494.0;30.112584520449026
7500.0;29.897262522155845
7506.0;29.972100045952864
7512.0;30.646294229633032
7518.0;30.641698943084094
7524.0;31.6566008008928
7530.0;32.986608022057375
7536.0;33.26035580647279
7542.0;31.39598240661721
7548.0;30.93514081270925
7554.0;30.31773124138384
7560.0;28.990873195676095
7566.0;27.658748139038124
7572.0;27.83869506116901
7578.0;27.357757783675318
7584.0;28.413489546248947
7590.0;28.16395883228688
7596.0;27.651951582626708
7602.0;26.187779144281183
7608.0;26.44378276911127
7614.0;26.649944980257622
7620.0;27.663602822189137
7626.0;26.833775648909313
7632.0;26.978768852352903
7638.0;27.061622111463524
7644.0;26.497831574859216
7650.0;28.23775001618228
7656.0;30.04531037607612
7662.0;29.153990549550134
7668.0;27.63645068624322
7674.0;26.94350462815193
7680.0;26.922757740185126
7686.0;26.239706351739546
7692.0;25.961378870092563
7698.0;25.894031279923396
7704.0;25.99904245132461
7710.0;26.918927545483562
7716.0;26.508458346632622
7722.0;26.90009575486754
7728.0;26.744334503670604
7734.0;26.71943823811044
7740.0;26.90201085221832
7746.0;26.865624002553464
7752.0;26.767315671879988
7758.0;25.86594318544526
7764.0;27.024257899776572
7770.0;27.144909032875837
7776.0;27.52660411812858
7782.0;27.45670927523456
7788.0;26.718405641962093
7794.0;26.018827529752535
7800.0;25.709967886153265
7806.0;24.81235438574397
7812.0;24.08066242679932
7818.0;24.148983061520056
7824.0;24.38102134626283
7830.0;24.673824066494554
7836.0;24.327813110005668
7842.0;22.518733077262137
7848.0;23.881682513695612
7854.0;24.246583968263963
7860.0;24.516718090800328
7866.0;25.40866444178578
7872.0;24.88854606133115
7878.0;26.31037088344563
7884.0;26.95129527241101
7890.0;28.059576318568677
7896.0;26.52015903584519
7902.0;26.14835062433994
7908.0;25.971920233583898
7914.0;25.46654656147108
7920.0;24.357023047772877
7926.0;22.92818537615705
7932.0;21.940423681431323
7938.0;21.190594520718147
7944.0;21.788221407715724
7950.0;23.731440641113252
7956.0;24.90619370068957
7962.0;24.53593837360999
7968.0;24.12561346834814
7974.0;24.543703795738335
7980.0;25.23389451450581
7986.0;24.890041622662608
7992.0;24.15220989394961
7998.0;25.41715196469074
8004.0;26.406546925764726
8010.0;26.569607061852512
8016.0;28.179366149696563
8022.0;27.044075277386135
8028.0;26.978176914117576
8034.0;26.50493471464476
8040.0;24.772880524734873
8046.0;23.894440017164225
8052.0;23.138907619689817
8058.0;23.20603199901919
8064.0;23.570158769079875
8070.0;24.726904922454484
8076.0;24.415496843008643
8082.0;23.788696131919327
8088.0;22.910562128363882
8094.0;23.18610923803102
8100.0;23.6962308669611
8106.0;23.856555145501844
8112.0;24.20442858007139
8118.0;24.480307338616978
8124.0;25.699981850081674
8130.0;26.73271220279509
8136.0;25.920200859096134
8142.0;26.124689938895276
8148.0;25.098614556234498
8154.0;24.639724121241454
8160.0;23.353197410611653
8166.0;23.102728537721582
8172.0;22.382781777482002
8178.0;22.45386895758969
8184.0;22.402746687639905
8190.0;22.773912517393672
8196.0;22.37975679109444
8202.0;22.791759937080283
8208.0;23.080621080919677
8214.0;23.611525828605554
8220.0;23.304867124514782
8226.0;24.01731860256793
8232.0;23.903553299492387
8238.0;24.866527321588535
8244.0;26.916990146312333
8250.0;27.396536279486416
8256.0;26.438339802926247
8262.0;27.330845028366678
8268.0;27.838459241564646
8274.0;27.276500447894893
8280.0;27.904449089280384
8286.0;27.14243057629143
8292.0;26.38011346670648
8298.0;26.195879366975216
8304.0;25.79008659301284
8310.0;25.53239773066587
8316.0;25.39974058133365
8322.0;25.258239490596072
8328.0;24.390071340133247
8334.0;24.573727964153058
8340.0;25.468722363068217
8346.0;24.710512351866047
8352.0;25.821295914156003
8358.0;25.629090265904132
8364.0;26.848357997759567
8370.0;27.38075585165969
8376.0;26.00347856848063
8382.0;26.65910028889806
8388.0;25.377925829844937
8394.0;25.509403926655267
8400.0;25.006485466658805
8406.0;23.648664583456164
8412.0;23.370968692883675
8418.0;22.47567950002948
8424.0;23.217674797694592
8430.0;24.24841357629388
8436.0;23.773068638295396
8442.0;22.875356581475227
8448.0;22.850614193398147
8454.0;23.357396518600453
8460.0;24.00098969552308
8466.0;24.57239331664435
8472.0;24.51155615066659
8478.0;24.559585492227978
8484.0;26.384409384642254
8490.0;27.30977469872504
8496.0;26.088082901554404
8502.0;26.406823077370902
8508.0;25.62874774407638
8514.0;25.379286254875705
8520.0;24.644873959364265
8526.0;24.50718984688828
8532.0;23.467199448053815
8538.0;23.171965733341
8544.0;22.73155867302938
8550.0;23.19180129937331
8556.0;23.376358305065256
8562.0;21.973207612257806
8568.0;21.473006381877767
8574.0;21.451158512045076
8580.0;22.534352900592193
8586.0;22.73040878514345
8592.0;23.49680906111654
8598.0;24.66911976082332
8604.0;25.8330937733571
8610.0;27.679238774219513
8616.0;26.874892198010695
8622.0;27.6343931466682
8628.0;26.760478353360547
8634.0;26.033461737480597
8640.0;26.23715145664149
8646.0;25.24135385314328
8652.0;23.609517860185132
8658.0;22.68300300982452
8664.0;22.53336362087569
8670.0;21.881708217388834
8676.0;21.795104775966834
8682.0;22.187517746606847
8688.0;21.45408597876086
8694.0;22.397637571696293
8700.0;22.48225339315123
8706.0;22.774717474018967
8712.0;23.619455960020446
8718.0;25.226872621954683
8724.0;25.496904991765575
8730.0;26.94758362201147
8736.0;26.646317224146742
8742.0;27.04980407746039
8748.0;25.55960729312763
8754.0;24.63001402524544
8760.0;24.1273492286115
8766.0;23.216830294530155
8772.0;21.817671809256662
8778.0;21.38148667601683
8784.0;21.339971949509117
8790.0;21.88920056100982
8796.0;23.333800841514726
8802.0;22.89789621318373
8808.0;22.43618513323983
8814.0;23.016269284712482
8820.0;23.802244039270686
8826.0;24.239831697054697
8832.0;24.262833099579243
8838.0;24.899579242636747
8844.0;25.75680224403927
8850.0;27.571669004207575
8856.0;26.905382185023004
8862.0;26.676459176320602
8868.0;25.233911645695915
8874.0;24.9218446871016
8880.0;24.16994623357907
8886.0;23.95792916135469
8892.0;23.197162019843688
8898.0;23.354304085139404
8904.0;22.417826062856825
8910.0;23.335735269663544
8916.0;24.30131367440829
8922.0;23.274485893243167
8928.0;23.285017460229476
8934.0;23.298043345712543
8940.0;23.72318607615986
8946.0;24.033035862757053
8952.0;23.890582561942242
8958.0;25.017737375976942
8964.0;26.58541929123076
8970.0;27.505614284931806
8976.0;27.111245001917073
8982.0;26.049186613353783
8988.0;24.765843238210003
8994.0;25.18979021745084
9000.0;24.55770389439667
9006.0;24.141972941885303
9012.0;24.37092622007997
9018.0;24.166347154516075
9024.0;24.11595552390864
9030.0;23.963411294298076
9036.0;24.141972941885303
9042.0;22.72279125814756
9048.0;22.05647149038725
9054.0;21.98745686585967
9060.0;22.25584707235581
9066.0;22.795640028482225
9072.0;23.24906620473123
9078.0;24.050776809397497
9084.0;24.933416337357222
9090.0;26.63319439181508
9096.0;27.781897905050613
9102.0;26.866507876360092
9108.0;26.449683321604503
9114.0;26.124614301954203
9120.0;25.844205056027715
9126.0;25.21707356682726
9132.0;24.241595842581063
9138.0;23.527580793590644
9144.0;23.408758728955775
9150.0;23.406593406593405
9156.0;23.408758728955775
9162.0;23.3873761706274
9168.0;23.196827802739133
9174.0;23.183835868564934
9180.0;23.467280218310236
9186.0;25.026753705388195
9192.0;24.677885387126118
9198.0;26.275349135855315
9204.0;26.543421263845044
9210.0;27.94986355610252
9216.0;28.33030124672267
9222.0;27.575846754775537
9228.0;26.93188506608165
9234.0;26.704211033228102
9240.0;25.854245813045107
9246.0;25.11076034030713
9252.0;23.40387393654021
9258.0;23.42688212317406
9264.0;23.338862432446895
9270.0;24.451013965434214
9276.0;25.437155546043126
9282.0;25.457488362138157
9288.0;25.005554086220577
9294.0;25.19571541920127
9300.0;24.801375297540332
9306.0;24.838402539010843
9312.0;24.84765934937847
9318.0;25.07167416027506
9324.0;25.832319492197833
9330.0;26.284580798730495
9336.0;25.87199153663052
9342.0;25.91801110817244
9348.0;25.29912721502248
9354.0;24.702988627347263
9360.0;23.871462576038084
9366.0;23.513356254959007
9372.0;22.606453319227718
9378.0;22.011108172441155
9384.0;22.242528431631843
9390.0;22.720444326897645
9396.0;22.9111971131217
9402.0;22.341143245646148
9408.0;22.26687934731447
9414.0;21.75200041838816
9420.0;22.606558234401966
9426.0;21.73212698080644
9432.0;23.186548820668374
9438.0;24.06019559646462
9444.0;25.94791067412792
9450.0;26.087547722399457
9456.0;25.899796035772187
9462.0;26.63668218189425
9468.0;25.950787092725275
9474.0;25.931175147743318
9480.0;25.85194289001621
9486.0;24.54447989121908
9492.0;22.7919564876314
9498.0;22.583285393023377
9504.0;22.476599265656514
9510.0;23.719811759838652
9516.0;24.242902208201894
9522.0;24.47147954698247
9528.0;23.963903397631483
9534.0;24.168950716243472
9540.0;24.209029322025135
9546.0;24.34271086518074
9552.0;23.949423385220044
9558.0;24.64058540621606
9564.0;25.930599369085172
9570.0;26.68537001603144
9576.0;26.567719915188498
9582.0;27.28163624140249
9588.0;27.399286342245436
9594.0;26.845425867507885
9600.0;25.897502197859026
9606.0;25.11687438589233
9612.0;24.06536081419731
9618.0;23.050171329207796
9624.0;23.510203037896996
9630.0;23.925996010842326
9636.0;24.017030634685213
9642.0;22.55996522272797
9648.0;23.398455479977496
9654.0;24.113690993709405
9660.0;23.862834347670436
9666.0;24.385004858589475
9672.0;24.352784738914746
9678.0;23.490001534291412
9684.0;24.96368843655705
9690.0;25.814453025111238
9696.0;26.299289111645272
9702.0;26.615353142740243
9708.0;26.063008234030583
9714.0;25.562062087659182
9720.0;25.418837573979463
9726.0;24.61859476958875
9732.0;23.182002124538418
9738.0;22.727249734432696
9744.0;24.222773028478933
9750.0;24.803227275026558
9756.0;25.8374222267186
9762.0;25.789873033537358
9768.0;25.513177196620973
9774.0;25.884465577419192
9780.0;26.238808235115584
9786.0;26.783094744296626
9792.0;26.942688046942184
9798.0;27.288684303707825
9804.0;28.419242247963982
9810.0;26.92017805655319
9816.0;26.529920582730536
9822.0;25.792908088421267
9828.0;25.51638729046785
9834.0;25.518889166875155
9840.0;24.943457593194896
9846.0;23.901676257192893
9852.0;22.311983987990992
9858.0;21.553915436577434
9864.0;21.764073054791094
9870.0;23.1466099574681
9876.0;22.322491868901675
9882.0;21.701025769326996
9888.0;21.39729797348011
9894.0;21.4971228421316
9900.0;22.161871403552663
9906.0;21.841631223417565
9912.0;21.78058543907931
9918.0;22.95796847635727
9924.0;24.827870903177384
9930.0;24.89442081561171
9936.0;24.617098163457253
9942.0;23.947081827632296
9948.0;23.007276867481806
9954.0;23.650809365872977
9960.0;23.6557596158606
9966.0;22.157566457106086
9972.0;21.71674669570813
9978.0;20.563833473590417
9984.0;21.507598633731003
9990.0;22.132072669669817
9996.0;23.028810454927974
10002.0;23.764912628087718
10008.0;24.062175139844562
10014.0;24.160190089599524
10020.0;24.241374189396563
10026.0;25.068560962328597
10032.0;24.48146131379635
10038.0;24.7074402257314
10044.0;26.438752020375176
10050.0;26.531077043640103
10056.0;26.89988734877798
10062.0;27.891462996522506
10068.0;28.4870451094676
10074.0;27.66273203702797
10080.0;27.384287603467698
10086.0;26.419650291423814
10092.0;25.357790076896706
10098.0;24.43356026840378
10104.0;25.49248175539991
10110.0;24.7308615369545
10116.0;27.195719253563208
10122.0;26.97115149140422
10128.0;26.258999853063624
10134.0;26.139736494098056
10140.0;26.208796591076062
10146.0;26.55581133369251
10152.0;26.55503319924393
10158.0;27.135656472640914
10164.0;28.351669655406386
10170.0;29.06630155576019
10176.0;28.309504192313284
10182.0;27.68308050210827
10188.0;26.1881452042844
10194.0;26.159792565308003
10200.0;25.657441961905686
10206.0;24.663160955750495
10212.0;24.039887558765084
10218.0;23.354335288130663
10224.0;23.727766199777058
10230.0;25.17423544806863
10236.0;24.832307468618232
10242.0;24.532544952260942
10248.0;24.90234091019241
10254.0;24.787718703048515
10260.0;25.365485155163316
10266.0;24.533790589476713
10272.0;25.91946855964315
10278.0;25.205045805554224
10284.0;25.777255503861095
10290.0;26.349944841479207
10296.0;25.98445968631589
10302.0;25.21751642764641
10308.0;24.903832318096793
10314.0;24.991606312053335
10320.0;24.182934433306155
10326.0;22.772794858266582
10332.0;21.18327018082402
10338.0;20.63120533358914
10344.0;20.913473068252674
10350.0;21.836299103074488
10356.0;21.74276943738309
10362.0;22.641613506643004
10368.0;23.447187277474484
10374.0;23.385710894849275
10380.0;23.688108236411107
10386.0;24.283645858058392
10392.0;25.389271303109425
10398.0;25.20816520294327
10404.0;27.041538096368384
10410.0;27.689057678613814
10416.0;27.616187989556135
10422.0;27.543318300498456
10428.0;26.232375979112273
10434.0;25.643484452883932
10440.0;25.919297412769996
10446.0;25.249465938760977
10452.0;23.4934725848564
10458.0;23.314502729646332
10464.0;23.410159031568952
10470.0;24.32684547828151
10476.0;25.222733894083923
10482.0;24.96616700343029
10488.0;25.388139655091397
10494.0;25.5230017386401
10500.0;25.547906583337248
10506.0;25.641417226634086
10512.0;25.41069498613787
10518.0;25.57610074714534
10524.0;26.699638174897796
10530.0;26.697993515342326
10536.0;26.883605093745594
10542.0;25.11066209294676
10548.0;23.7707344579672
10554.0;23.54024716883605
10560.0;23.657722851369765
10566.0;24.298670175273717
10572.0;23.192519148536253
10578.0;21.535172219350596
10584.0;22.483602363120436
10590.0;23.564683444201517
10596.0;24.051495557519655
10602.0;23.470251663022747
10608.0;23.504209889752058
10614.0;23.224635995720334
10620.0;23.79750662883193
10626.0;23.424198725403546
10632.0;22.949016141787226
10638.0;23.540959203609805
10644.0;24.693213006466017
10650.0;26.034562962273807
10656.0;26.767223333488392
10662.0;25.384704842536166
10668.0;25.154440154440156
10674.0;24.944410848025306
10680.0;24.878820300507048
10686.0;24.625994324789506
10692.0;23.539814857458666
10698.0;23.171832542716345
10704.0;23.588403260719385
10710.0;23.795191820568323
10716.0;25.037995670796295
10722.0;24.833509878874406
10728.0;24.210380877815133
10734.0;24.19241928798416
10740.0;25.18030672868788
10746.0;25.023718509648596
10752.0;24.694192419287983
10758.0;24.310551282641736
10764.0;25.920646617233917
10770.0;26.886888039423386
10776.0;26.820107769538986
10782.0;27.806152995901073
10788.0;26.99857228388523
10794.0;26.682862801086905
