#auto generated file!
6.0;0.0
12.0;0.0
18.0;1.1094224924012157
24.0;3.9209726443768997
30.0;6.124620060790273
36.0;8.72340425531915
42.0;10.486322188449847
48.0;11.838905775075988
54.0;14.209726443768997
60.0;16.838905775075986
66.0;18.753799392097264
72.0;21.29179331306991
78.0;25.19756838905775
84.0;27.674772036474163
90.0;29.878419452887538
96.0;29.756838905775076
102.0;30.714285714285715
108.0;37.23853211009175
114.0;43.43119266055046
120.0;43.91743119266055
126.0;44.43119266055046
132.0;43.642201834862384
138.0;42.95412844036697
144.0;44.0
150.0;45.706422018348626
156.0;45.321100917431195
162.0;45.76146788990825
168.0;46.80733944954128
174.0;46.95412844036697
180.0;47.85321100917431
186.0;49.908256880733944
192.0;48.73394495412844
198.0;49.92660550458716
204.0;51.76146788990825
210.0;53.0
216.0;58.16688567674113
222.0;56.419185282522996
228.0;54.349540078843624
234.0;53.088042049934295
240.0;50.893561103810775
246.0;49.42181340341656
252.0;46.97766097240473
258.0;46.04467805519054
264.0;48.337713534822605
270.0;50.2496714848883
276.0;51.09724047306176
282.0;50.551905387647835
288.0;50.25624178712221
294.0;51.057818659658345
300.0;50.992115637319316
306.0;51.793692509855454
312.0;53.52825229960578
318.0;56.26806833114323
324.0;60.33776867963152
330.0;63.0603889457523
336.0;62.98874104401228
342.0;62.03684749232344
348.0;61.10030706243603
354.0;61.223132036847495
360.0;60.21494370522006
366.0;58.618219037871036
372.0;58.280450358239506
378.0;56.417604912998975
384.0;59.007164790174
390.0;58.526100307062435
396.0;58.22927328556806
402.0;58.53633572159672
408.0;57.67656090071648
414.0;57.85568065506653
420.0;58.71033776867963
426.0;60.97236438075742
432.0;62.041072925398154
438.0;63.1349538977368
444.0;65.67896060352054
450.0;68.04274937133277
456.0;68.05113160100586
462.0;66.60519698239732
468.0;63.918692372170995
474.0;63.69237217099749
480.0;60.720871751886
486.0;59.32942162615256
492.0;57.75775356244761
498.0;56.55909471919531
504.0;57.55658005029338
510.0;58.50377200335289
516.0;58.067896060352055
522.0;56.61777032690696
528.0;57.30092204526404
534.0;58.66303436714166
540.0;60.08516678495387
546.0;60.38325053229241
552.0;60.745209368346345
558.0;61.880766501064585
564.0;63.89992902767921
570.0;66.05748757984387
576.0;64.30447125621008
582.0;65.49680624556423
588.0;62.49112845990064
594.0;63.37828246983676
600.0;62.45919091554294
606.0;59.93257629524486
612.0;57.995031937544354
618.0;56.10361958836054
624.0;56.447835344215754
630.0;58.662171753016324
636.0;59.20156139105749
642.0;59.2583392476934
648.0;60.15076923076923
654.0;61.01538461538462
660.0;61.38153846153846
666.0;62.027692307692305
672.0;63.003076923076925
678.0;63.59076923076923
684.0;64.61846153846155
690.0;64.55384615384615
696.0;64.69846153846154
702.0;64.56923076923077
708.0;63.42769230769231
714.0;63.50153846153846
720.0;60.95076923076923
726.0;57.793846153846154
732.0;55.24307692307692
738.0;54.80307692307692
744.0;53.54153846153846
750.0;55.30461538461538
756.0;54.87778381314503
762.0;55.24443237370994
768.0;55.87995654535578
774.0;55.79033134166214
780.0;56.105377512221615
786.0;58.055404671374255
792.0;58.696360673546984
798.0;61.61868549701249
804.0;63.72623574144487
810.0;65.47256925583922
816.0;65.49429657794677
822.0;65.32047800108637
828.0;64.20152091254752
834.0;63.07441607821836
840.0;62.57197175448126
846.0;61.86583378598588
852.0;60.55676262900597
858.0;59.69853340575774
864.0;58.47836655323287
870.0;58.31307729703452
876.0;57.56198347107438
882.0;56.954302382109866
888.0;58.067574137092855
894.0;58.69956246961595
900.0;58.915896937287314
906.0;60.877491492464756
912.0;59.17598444336412
918.0;59.13952357802625
924.0;61.414681575109384
930.0;63.077297034516285
936.0;62.508507535245506
942.0;61.15945551774429
948.0;60.89450656295576
954.0;61.164316966456006
960.0;59.31453573164803
966.0;56.2980068060282
972.0;54.434667839859216
978.0;55.63572371315442
984.0;56.132864056313245
990.0;57.07875054993401
996.0;56.911570611526614
1002.0;56.41882974043115
1008.0;55.94368675758909
1014.0;57.40651121865376
1020.0;59.30928288605367
1026.0;59.9076110866696
1032.0;59.379674439067315
1038.0;62.21293444786625
1044.0;64.51605807303123
1050.0;66.23625164980203
1056.0;65.22657281126264
1062.0;63.30400351957765
1068.0;61.350637923449185
1074.0;62.39551253849538
1080.0;60.6428284451587
1086.0;59.03575733226195
1092.0;57.7541181197268
1098.0;56.80594616311772
1104.0;58.83286460425874
1110.0;60.84371233427079
1116.0;61.25351546805946
1122.0;60.76335877862596
1128.0;61.090799517878665
1134.0;61.386098834873444
1140.0;61.77179590196866
1146.0;62.73603856970671
1152.0;63.055443953394935
1158.0;63.99758939333066
1164.0;65.71514664523905
1170.0;65.85777420650864
1176.0;65.85174768983528
1182.0;64.4053836882282
1188.0;62.473197781885396
1194.0;61.944547134935306
1200.0;62.00369685767098
1206.0;59.157116451016634
1212.0;57.51940850277264
1218.0;54.16635859519408
1224.0;54.92051756007394
1230.0;54.65804066543438
1236.0;55.5452865064695
1242.0;54.54343807763401
1248.0;53.53419593345656
1254.0;54.00184842883549
1260.0;55.91682070240296
1266.0;57.76894639556377
1272.0;58.81146025878004
1278.0;60.31792975970425
1284.0;63.19223659889094
1290.0;63.813308687615525
1296.0;63.43546730571722
1302.0;62.125984251968504
1308.0;61.1879493324204
1314.0;59.645669291338585
1320.0;59.69702156795618
1326.0;59.02088325915782
1332.0;56.626155426223896
1338.0;57.05409106470387
1344.0;58.175282437521396
1350.0;58.89079082505991
1356.0;58.194111605614516
1362.0;57.87572749058542
1368.0;57.920232796987335
1374.0;58.32078055460459
1380.0;59.186922286888056
1386.0;58.72817528243752
1392.0;59.67819239986306
1398.0;58.77096884628552
1404.0;61.20337902454575
1410.0;62.81000956327701
1416.0;63.374242907236216
1422.0;63.39655722027415
1428.0;62.26809053235576
1434.0;62.038571883965574
1440.0;61.152374880459035
1446.0;59.03889065986611
1452.0;57.432260121134846
1458.0;56.14759324195091
1464.0;57.36531718202104
1470.0;61.047178833280206
1476.0;60.82722346190628
1482.0;60.81128466687918
1488.0;61.617787695250236
1494.0;62.20752311125279
1500.0;62.975773031558816
1506.0;64.85336308575071
1512.0;66.12585744109752
1518.0;67.08470026841634
1524.0;69.12317327766179
1530.0;70.8529674917984
1536.0;71.51356993736952
1542.0;68.70563674321504
1548.0;67.9287205487623
1554.0;66.50611392782582
1560.0;64.53772740829108
1566.0;63.844318520727704
1572.0;61.333134506412165
1578.0;60.6904264837459
1584.0;60.553235908141964
1590.0;61.51506113927826
1596.0;62.35162541008052
1602.0;61.27199522815389
1608.0;61.526990754548166
1614.0;61.51356993736952
1620.0;61.426169795460915
1626.0;61.49621742785094
1632.0;61.626506024096386
1638.0;62.101428971700756
1644.0;63.59064163631269
1650.0;64.84029139815074
1656.0;65.32221910899412
1662.0;63.189969179041746
1668.0;61.36312692630989
1674.0;60.49453628467358
1680.0;60.63603250210143
1686.0;59.95657046791818
1692.0;58.370692070608015
1698.0;56.52984029139815
1704.0;57.60857383020454
1710.0;60.762118240403474
1716.0;60.823760156906694
1722.0;61.21042308769964
1728.0;60.39762219286658
1734.0;60.331571994715986
1740.0;62.20871862615588
1746.0;61.52708058124174
1752.0;60.8110964332893
1758.0;62.70145310435932
1764.0;67.27476882430648
1770.0;68.40819022457067
1776.0;69.39498018494055
1782.0;68.07397622192866
1788.0;66.93130779392338
1794.0;66.52840158520476
1800.0;65.71334214002643
1806.0;65.5006605019815
1812.0;62.53104359313078
1818.0;60.984147952443855
1824.0;62.87714663143989
1830.0;64.82562747688243
1836.0;64.9775056235941
1842.0;64.9750062484379
1848.0;66.01724568857786
1854.0;68.89402649337666
1860.0;67.10947263184204
1866.0;67.45438640339916
1872.0;68.68407898025494
1878.0;68.03924018995251
1884.0;70.42614346413397
1890.0;72.2606848287928
1896.0;72.46063484128968
1902.0;71.60584853786554
1908.0;69.81754561359661
1914.0;68.60409897525619
1920.0;67.28817795551112
1926.0;64.21519620094976
1932.0;61.96575856035991
1938.0;60.50612346913272
1944.0;62.42233815508656
1950.0;61.72634574341949
1956.0;60.115010671093195
1962.0;58.00924828076832
1968.0;57.66777329855348
1974.0;58.67204173583116
1980.0;60.86317287170974
1986.0;61.32914394119042
1992.0;61.22361868626986
1998.0;62.399810291676545
2004.0;64.74507944036044
2010.0;66.32202987906095
2016.0;67.26345743419492
2022.0;68.52976049324164
2028.0;67.46620820488499
2034.0;66.31610149395304
2040.0;64.06331515295234
2046.0;63.27958264168841
2052.0;61.82494924430409
2058.0;61.41777577261448
2064.0;61.94337920144372
2070.0;61.78208887886307
2076.0;61.77757726144823
2082.0;62.458831491089555
2088.0;62.25580870742161
2094.0;62.39454094292804
2100.0;65.07895330475975
2106.0;65.55154522896459
2112.0;65.84028874351455
2118.0;67.22422738551771
2124.0;67.23212271599368
2130.0;67.87051658019399
2136.0;68.75028197608843
2142.0;67.5253778479585
2148.0;65.04060455673358
2154.0;64.70674486803519
2160.0;65.55603355560335
2166.0;63.428694342869434
2172.0;61.84770918477092
2178.0;60.99161109916111
2184.0;60.42267154226715
2190.0;61.77995267799527
2196.0;61.630458163045816
2202.0;62.08431920843192
2208.0;62.91568079156808
2214.0;63.699720369972034
2220.0;65.91309959130996
2226.0;67.81458378145838
2232.0;67.65218326521833
2238.0;69.34179393417939
2244.0;71.58421165842117
2250.0;72.16928371692838
2256.0;72.34243923424393
2262.0;71.30135513013552
2268.0;68.66906474820144
2274.0;67.57862281603289
2280.0;66.11716341212744
2286.0;64.48509763617677
2292.0;62.29188078108941
2298.0;61.685508735868446
2304.0;62.61562178828366
2310.0;64.78622816032887
2316.0;64.51181911613567
2322.0;64.61664953751284
2328.0;64.0688591983556
2334.0;64.76978417266187
2340.0;63.955806783144915
2346.0;64.83761562178829
2352.0;65.52004110996917
2358.0;66.17471736896198
2364.0;68.10688591983556
2370.0;69.59712230215827
2376.0;69.7962999409565
2382.0;67.75536311749656
2388.0;65.83841763432395
2394.0;64.81991733910648
2400.0;62.8025979137965
2406.0;61.489864199960635
2412.0;58.819130092501474
2418.0;56.55284392836056
2424.0;55.80791182838024
2430.0;57.26038181460343
2436.0;56.364888801417045
2442.0;55.62487699271797
2448.0;55.24699862231844
2454.0;57.28104703798465
2460.0;59.97343042708128
2466.0;60.93977563471758
2472.0;61.286164140917144
2478.0;62.80850226333399
2484.0;64.878232962054
2490.0;67.07759108929582
2496.0;69.0872191806683
2502.0;68.17443836133661
2508.0;65.9628091372475
2514.0;64.3090428544459
2520.0;64.96601850103832
2526.0;62.94223145176515
2532.0;60.4276005286011
2538.0;59.31753822918633
2544.0;59.05701340381348
2550.0;59.7932792146498
2556.0;61.118557674155184
2562.0;60.14064564848027
2568.0;60.208608646403626
2574.0;60.343590711723614
2580.0;62.467434396828395
2586.0;65.52388144232584
2592.0;64.99183747505896
2598.0;65.82894975512426
2604.0;66.92635588608744
2610.0;69.03138037366226
2616.0;69.2862325412661
2622.0;69.32976600761836
2628.0;67.94304371485579
2634.0;67.8713948848177
2640.0;66.37130419009614
2646.0;63.476328677670956
2652.0;62.021585343732994
2658.0;62.11953564302558
2664.0;62.00344639941955
2670.0;62.389805913295845
2676.0;62.70905133321241
2682.0;62.935788137130416
2688.0;63.8255033557047
2694.0;64.56103754761473
2700.0;66.10839588060743
2706.0;67.87746552626986
2712.0;69.02251701867691
2718.0;71.08744981672194
2724.0;72.01780415430267
2730.0;73.67690696456624
2736.0;73.60708675161459
2742.0;71.64775702565893
2748.0;71.12846919183103
2754.0;69.90137894920579
2760.0;66.70448594868215
2766.0;65.40757549310526
2772.0;61.9130738348752
2778.0;62.14348053761564
2784.0;62.873101762960374
2790.0;62.53796474079246
2796.0;62.372141735032294
2802.0;63.66730668528539
2808.0;62.047098402018506
2814.0;63.1354079058032
2820.0;62.49873843566022
2826.0;63.08410428931875
2832.0;63.878889823380995
2838.0;63.52228763666947
2844.0;65.10849453322119
2850.0;65.61312026913373
2856.0;64.86879730866274
2862.0;64.15811606391927
2868.0;63.47350714886459
2874.0;63.43061396131203
2880.0;62.38351555929352
2886.0;60.865433137089994
2892.0;59.36585365853659
2898.0;59.518082422203534
2904.0;61.042893187552565
2910.0;62.31623212783852
2916.0;64.37915922739815
2922.0;63.35984418113942
2928.0;63.514039928583024
2934.0;64.22334036682356
2940.0;66.81707515013797
2946.0;68.88492127901314
2952.0;69.38159389709463
2958.0;70.39928583022237
2964.0;73.3192663528648
2970.0;74.50089271222204
2976.0;73.99285830222367
2982.0;72.44927771465672
2988.0;70.94708651192988
2994.0;70.33030352215549
3000.0;68.04090245090083
3006.0;65.42119785749067
3012.0;63.78834604771953
3018.0;60.64924525239409
3024.0;60.03214677748157
3030.0;59.89807119335111
3036.0;60.17563117453348
3042.0;58.832523129998435
3048.0;59.6910773090795
3054.0;60.80445350478281
3060.0;61.463854477026814
3066.0;61.32429041869217
3072.0;61.14552297318488
3078.0;62.24008154304532
3084.0;65.06272541947624
3090.0;66.10553551826878
3096.0;65.21718676493649
3102.0;65.1552454132037
3108.0;62.73874862788145
3114.0;64.26611259212795
3120.0;63.26799435471225
3126.0;62.403951701427005
3132.0;59.795237372971336
3138.0;56.814803579554074
3144.0;58.51964204459275
3150.0;59.30684058850296
3156.0;59.86349158198089
3162.0;58.977703625056876
3168.0;58.77445775822842
3174.0;59.51615349613226
3180.0;61.67905354163507
3186.0;61.2771120885788
3192.0;62.41468223873805
3198.0;64.32580009100562
3204.0;66.74806613074473
3210.0;68.70165326861823
3216.0;69.56468982253905
3222.0;67.6277870468679
3228.0;67.65053844987108
3234.0;66.88381616866373
3240.0;67.18754589513878
3246.0;65.43398443236893
3252.0;64.97576736672052
3258.0;63.656190336319575
3264.0;63.29123219268615
3270.0;64.79145248935232
3276.0;63.99911881333529
3282.0;63.388897048024674
3288.0;63.46893817006902
3294.0;63.54090174768689
3300.0;63.13041562637685
3306.0;63.358055514759876
3312.0;64.02555441327655
3318.0;65.02570127772066
3324.0;66.75723307387281
3330.0;67.50991334997796
3336.0;67.32486415038919
3342.0;66.75576442943164
3348.0;66.72526690391459
3354.0;65.92740213523132
3360.0;65.87615658362989
3366.0;64.33024911032028
3372.0;62.57651245551602
3378.0;62.00284697508897
3384.0;63.52740213523132
3390.0;64.02562277580071
3396.0;62.32170818505338
3402.0;62.711743772241995
3408.0;62.39288256227758
3414.0;61.867615658362986
3420.0;62.06975088967972
3426.0;63.30106761565836
3432.0;64.66903914590748
3438.0;64.76014234875444
3444.0;65.98434163701067
3450.0;66.25907473309609
3456.0;66.70556552962299
3462.0;65.83828200524789
3468.0;63.51194586383096
3474.0;64.2652948487778
3480.0;62.74064355751968
3486.0;61.601298163237125
3492.0;58.755696726971415
3498.0;58.11697279381301
3504.0;58.95663582378125
3510.0;59.73415274133407
3516.0;60.09460019334346
3522.0;58.5879022234498
3528.0;58.29167242093634
3534.0;59.05123601712471
3540.0;60.254108548543016
3546.0;62.03148736362381
3552.0;63.44427565253418
3558.0;65.79270818947658
3564.0;67.28308971436235
3570.0;68.83867507040365
3576.0;69.74654686871396
3582.0;68.79442134906799
3588.0;68.3585892450047
3594.0;67.88856108354567
3600.0;66.64677484242993
3606.0;64.57422555987662
3612.0;62.15770417057798
3618.0;60.60882392382996
3624.0;61.080863618076975
3630.0;61.9699611103661
3636.0;62.31862679361674
3642.0;61.747351481829156
3648.0;60.722810781815745
3654.0;61.678959367037685
3660.0;61.681641410755
3666.0;63.54968485986321
3672.0;62.66844780398801
3678.0;63.91502671705982
3684.0;65.30887527694513
3690.0;66.90407923888961
3696.0;66.49354880750684
3702.0;66.65580607324384
3708.0;64.78561188583345
3714.0;65.35383813371563
3720.0;64.62400625570181
3726.0;63.85312133454972
3732.0;61.568486902124334
3738.0;59.99218037273557
3744.0;59.676788739736736
3750.0;59.80841913202137
3756.0;60.60797601980972
3762.0;61.74573178678483
3768.0;60.81454450671185
3774.0;61.51831096051088
3780.0;63.14235010774496
3786.0;63.69375079224236
3792.0;63.309671694764866
3798.0;63.92445176828495
3804.0;67.1137026239067
3810.0;68.41805044999366
3816.0;67.52186588921283
3822.0;65.70160983648118
3828.0;64.33641779693244
3834.0;62.50728862973761
3840.0;60.539992394473316
3846.0;59.37888198757764
3852.0;56.68906071745469
3858.0;56.874128533400935
3864.0;57.829889719863104
3870.0;58.15819495500063
3876.0;58.76790467739891
3882.0;57.42426163011788
3888.0;58.54164096236891
3894.0;57.677359654534236
3900.0;57.78346699568168
3906.0;57.331893892658854
3912.0;58.72054287476866
3918.0;60.254780999383094
3924.0;63.64898210980876
3930.0;64.33312769895126
3936.0;63.95126465144972
3942.0;63.51141270820481
3948.0;63.83096853793954
3954.0;63.761875385564466
3960.0;62.116594694632944
3966.0;60.518815545959285
3972.0;58.07402837754473
3978.0;55.95126465144972
3984.0;57.413942011104254
3990.0;57.86983343615052
3996.0;58.36918639586588
4002.0;57.161398870328085
4008.0;55.61110443456315
4014.0;59.56135079918279
4020.0;58.562672755678406
4026.0;60.2247326042543
4032.0;59.718783800024035
4038.0;61.63802427592837
4044.0;63.05852661939671
4050.0;63.965869486840525
4056.0;65.03905780555222
4062.0;63.28446100228338
4068.0;62.05263790409806
4074.0;61.27388535031847
4080.0;61.458959259704365
4086.0;59.49525297440211
4092.0;57.94015142410768
4098.0;58.69967551976926
4104.0;58.32786693217758
4110.0;58.052594588262856
4116.0;57.5945882628558
4122.0;57.16059505681152
4128.0;58.01276795127094
4134.0;58.332552418882514
4140.0;57.99929717699426
4146.0;57.51259224551951
4152.0;56.89352231463043
4158.0;57.757994611690286
4164.0;60.31509898090664
4170.0;61.34766311350592
4176.0;60.29459997657256
4182.0;58.739018390535314
4188.0;57.52723439147241
4194.0;57.53543399320604
4200.0;55.518331966733044
4206.0;54.48459646245754
4212.0;51.37438592482577
4218.0;51.32811607448875
4224.0;50.595224494459046
4230.0;49.42876727978979
4236.0;50.29589854906889
4242.0;51.1687421455501
4248.0;50.14166571461213
4254.0;52.28607334628128
4260.0;56.25042842454016
4266.0;58.249742945275905
4272.0;58.54792642522564
4278.0;60.58379984005484
4284.0;60.923112075859706
4290.0;63.710727750485546
4296.0;65.18336570318748
4302.0;63.89123729007198
4308.0;63.55649491602879
4314.0;61.6611447503713
4320.0;61.92273386107704
4326.0;60.530716913814246
4332.0;58.616345188984276
4338.0;57.51811796186866
4344.0;57.59058980934329
4350.0;58.86776675214628
4356.0;58.451889842791836
4362.0;58.153640316646225
4368.0;58.56728732300145
4374.0;59.644887947374286
4380.0;59.3951388114617
4386.0;59.7140149403501
4392.0;60.76262682573308
4398.0;61.26435500055747
4404.0;62.01638978704426
4410.0;64.30650016724273
4416.0;64.53283532166351
4422.0;63.80031218641989
4428.0;64.11921611322809
4434.0;64.75612411540556
4440.0;62.12629286880784
4446.0;60.2308111050626
4452.0;58.30593358737071
4458.0;57.195427327163856
4464.0;60.022318998366906
4470.0;60.36799129014698
4476.0;58.29504627109417
4482.0;58.493195427327166
4488.0;56.986390854654324
4494.0;58.10397387044094
4500.0;59.33913990201415
4506.0;59.750680457267286
4512.0;61.1943385955362
4518.0;62.10342950462711
4524.0;62.51497005988024
4530.0;64.25258573761568
4536.0;63.99531964684608
4542.0;62.71460482927348
4548.0;61.550366982235936
4554.0;61.71311562599723
4560.0;62.07850228699075
4566.0;60.22072119987235
4572.0;57.794383576215296
4578.0;57.10828635251569
4584.0;57.732156153600684
4590.0;59.42027443888948
4596.0;59.65429209658547
4602.0;58.61770024465483
4608.0;57.59280927560898
4614.0;57.4327199234124
4620.0;58.81342410381874
4626.0;59.05222848633124
4632.0;59.2905010105308
4638.0;61.045101584937775
4644.0;63.16626806696475
4650.0;64.79671415202246
4656.0;63.146511386087134
4662.0;63.85047312051575
4668.0;62.3728813559322
4674.0;61.43599875220963
4680.0;58.5515233440782
4686.0;56.95019236768223
4692.0;56.220235000519914
4698.0;55.53083082042217
4704.0;56.193719455131536
4710.0;57.454507642716024
4716.0;56.99906415722159
4722.0;55.43932619319954
4728.0;55.510034314235206
4734.0;54.910055110741396
4740.0;55.605698242695226
4746.0;55.89165020276594
4752.0;57.12193633682498
4758.0;58.035187633479104
4764.0;59.161496999898304
4770.0;59.896776161903794
4776.0;58.916912437709755
4782.0;59.092850605105255
4788.0;58.6585985965626
4794.0;57.21295637140242
4800.0;56.415641208176545
4806.0;55.26746669378623
4812.0;54.516424285569
4818.0;54.28353503508593
4824.0;55.70476965320859
4830.0;55.22678734872368
4836.0;54.007932472287195
4842.0;53.85182548560968
4848.0;54.53472999084715
4854.0;56.39377606020543
4860.0;58.58393870036819
4866.0;59.70345307990845
4872.0;59.78903373469997
4878.0;61.989252661956414
4884.0;63.50084585530899
4890.0;65.627425614489
4896.0;64.93879988058514
4902.0;62.00716489202906
4908.0;59.69598965071151
4914.0;59.35416459349189
4920.0;58.71778286396656
4926.0;58.167976913125685
4932.0;55.74186486217534
4938.0;54.987560951338445
4944.0;55.855308985968755
4950.0;57.75699074534779
4956.0;56.58572992337546
4962.0;56.72106677281322
4968.0;57.49001461276181
4974.0;58.4968339016074
4980.0;59.343886994641984
4986.0;60.85289819775937
4992.0;62.85094982951778
4998.0;62.51631758402338
5004.0;63.05601558694593
5010.0;63.4184120798831
5016.0;63.17048222113979
5022.0;61.77301509985387
5028.0;61.04042864101315
5034.0;61.81880175353142
5040.0;61.35898684851437
5046.0;60.53482708231856
5052.0;58.34291281052119
5058.0;57.60837798343887
5064.0;58.43156356551388
5070.0;58.04627374573794
5076.0;57.80650701268963
5082.0;57.32659097414369
5088.0;57.324682759278694
5094.0;59.36074802022708
5100.0;58.952390039118406
5106.0;59.773876538498236
5112.0;59.56683522564641
5118.0;61.05047228317908
5124.0;62.05753267817956
5130.0;63.959545844862134
5136.0;64.19234805839137
5142.0;64.02919568743441
5148.0;62.68485831504628
5154.0;63.64278217727316
5160.0;62.913367045129284
5166.0;60.533346054765765
5172.0;57.965842953916614
5178.0;56.796107241675415
5184.0;57.250163597270266
5190.0;59.17126297092643
5196.0;58.11489202580162
5202.0;58.48415443582313
5208.0;58.982424978966066
5214.0;59.71814527437599
5220.0;61.52472655884827
5226.0;61.341497616154065
5232.0;62.50771244274095
5238.0;64.31990277647938
5244.0;66.0451528465925
5250.0;66.71496681312517
5256.0;66.49855099560625
5262.0;64.32270730111246
5268.0;62.72412826025989
5274.0;62.03468262129569
5280.0;61.16107319809292
5286.0;59.44517154342339
5292.0;57.234490974067626
5298.0;56.13213598460552
5304.0;57.52955191056538
5310.0;58.12517181343352
5316.0;57.71190323467424
5322.0;57.348116924768625
5328.0;57.64501053789059
5334.0;59.22477778795931
5340.0;61.21964629341153
5346.0;62.73801887656923
5352.0;62.820489324658666
5358.0;62.14789700357372
5364.0;63.80738568679556
5370.0;64.15101255383487
5376.0;63.830294144598184
5382.0;63.4912489691194
5388.0;61.815266196279666
5394.0;60.23733162283515
5400.0;59.05786683439662
5406.0;58.27702399137389
5412.0;55.07008715967293
5418.0;54.18366430047623
5424.0;53.17099469853536
5430.0;53.28196603468416
5436.0;53.632851109713364
5442.0;54.769521071075566
5448.0;54.81624584419085
5454.0;55.06873932967922
5460.0;55.11681193278821
5466.0;53.808967562224815
5472.0;56.02614790187798
5478.0;57.677688920837454
5484.0;58.60409740318088
5490.0;60.88642285919669
5496.0;60.61236409380897
5502.0;59.716057147991734
5508.0;57.506390480387836
5514.0;56.33494931687968
5520.0;55.78492728074041
5526.0;55.69325694138387
5532.0;53.70118995152049
5538.0;53.51873071837814
5544.0;54.3195240193918
5550.0;54.96342000881445
5556.0;55.718818862935215
5562.0;55.7919788453063
5568.0;54.918466284706916
5574.0;54.32437197003085
5580.0;54.57910973997355
5586.0;58.05905685323931
5592.0;59.795504627589246
5598.0;61.88056412516527
5604.0;61.08109299250771
5610.0;62.55354781842221
5616.0;60.15915578237177
5622.0;58.41103710751665
5628.0;58.642850964449444
5634.0;57.45350748205173
5640.0;56.439754346509815
5646.0;55.547530490442
5652.0;54.835221866620536
5658.0;54.581351094196
5664.0;56.306547876481275
5670.0;56.328604791973014
5676.0;54.63584465011677
5682.0;55.20110717065998
5688.0;56.75936337687051
5694.0;57.65201972147738
5700.0;58.39244010033734
5706.0;59.74483176195831
5712.0;60.407836692327656
5718.0;60.24522100164346
5724.0;61.65831705867369
5730.0;62.64286320794769
5736.0;62.11556423537404
5742.0;60.968413008406216
5748.0;58.768786617984205
5754.0;56.77294727010274
5760.0;56.88418103082279
5766.0;54.22645835102318
5772.0;52.25481871444341
5778.0;51.95593105205061
5784.0;52.55285726415895
5790.0;53.19478644816167
5796.0;53.33064447652203
5802.0;52.94175087034049
5808.0;54.2706122102403
5814.0;54.893011802666216
5820.0;55.33285216948289
5826.0;56.65492060796468
5832.0;58.36237805386475
5838.0;59.50804636037689
5844.0;59.69065288084716
5850.0;60.12590677895439
5856.0;59.71483365296423
5862.0;60.77211706828984
5868.0;60.17426832318853
5874.0;59.23080130075878
5880.0;57.48978570832986
5886.0;56.805219711498374
5892.0;56.071458350704575
5898.0;55.13049278745935
5904.0;55.72584007337613
5910.0;57.03952305511548
5916.0;57.3530392729092
5922.0;57.630701242391396
5928.0;57.97340115067122
5934.0;56.98782623196865
5940.0;58.237365877631255
5946.0;57.981816692603815
5952.0;57.29789499549513
5958.0;56.559505282987956
5964.0;57.08903268080924
5970.0;58.44868539601933
5976.0;59.29478253747236
5982.0;59.131788025227294
5988.0;57.02186911294946
5994.0;57.77623064952085
6000.0;57.985912032107464
6006.0;56.491932181177816
6012.0;54.79564255876812
6018.0;54.36071750348104
6024.0;56.32893766893275
6030.0;57.06446064378737
6036.0;56.76631992792203
6042.0;55.96690965681055
6048.0;55.78913480885312
6054.0;56.436619718309856
6060.0;57.51307847082495
6066.0;57.37102615694165
6072.0;59.579476861167
6078.0;61.27364185110664
6084.0;62.69738430583501
6090.0;63.66156941649899
6096.0;63.61167002012073
6102.0;61.02213279678068
6108.0;61.2056338028169
6114.0;60.26277665995976
6120.0;61.204426559356136
6126.0;59.60040241448692
6132.0;57.649094567404426
6138.0;55.49014084507042
6144.0;57.85271629778672
6150.0;57.990342052313885
6156.0;56.691717427418716
6162.0;55.57155288347441
6168.0;56.96859425678348
6174.0;58.506051736413255
6180.0;58.09271418400443
6186.0;58.25409382169132
6192.0;58.36879993671387
6198.0;61.62487145004351
6204.0;64.4470374179258
6210.0;65.4817656830947
6216.0;64.99960446167233
6222.0;64.1539435171268
6228.0;62.7090420061704
6234.0;62.18178941539435
6240.0;62.43176963847797
6246.0;60.503124752788544
6252.0;58.46135590538723
6258.0;57.981172375603194
6264.0;57.66975188613207
6270.0;58.382204246713854
6276.0;58.587928754763944
6282.0;58.766819631329234
6288.0;59.133934821498016
6294.0;59.296103290036555
6300.0;60.19250213891265
6306.0;60.44333825931399
6312.0;61.1814575717508
6318.0;63.0345337170413
6324.0;63.9989888776542
6330.0;64.41121568017422
6336.0;66.29112545694952
6342.0;63.629929221435795
6348.0;62.021466905187836
6354.0;60.23216924632496
6360.0;60.57595084389826
6366.0;59.130434782608695
6372.0;59.32494454218619
6378.0;56.637726612101275
6384.0;57.719345215329305
6390.0;58.039853132410315
6396.0;58.7294423621204
6402.0;56.72913638797522
6408.0;58.245238277365566
6414.0;58.56995333894286
6420.0;59.14786200566052
6426.0;59.16698538973457
6432.0;61.55052398072363
6438.0;63.09110380172876
6444.0;62.495984089344454
6450.0;63.91876386445345
6456.0;63.8055534307351
6462.0;64.1964354012086
6468.0;62.65585558020347
6474.0;62.51625487646294
6480.0;61.19196327789901
6486.0;59.078937467078035
6492.0;58.139438633456244
6498.0;57.2213861088118
6504.0;56.73865603130409
6510.0;57.404996613740686
6516.0;57.93362931748062
6522.0;57.7707126194597
6528.0;57.336142674392356
6534.0;55.682143125893596
6540.0;57.47385055308902
6546.0;58.04537587478366
6552.0;58.206035066596435
6558.0;60.27165324704643
6564.0;61.03506659643314
6570.0;61.308224847618334
6576.0;62.09007449770487
6582.0;61.517044171871476
6588.0;62.25768233987412
6594.0;60.14550166604961
6600.0;58.72528693076638
6606.0;56.335061088485745
6612.0;54.04109589041096
6618.0;53.03184005923732
6624.0;52.89337282487968
6630.0;53.51721584598297
6636.0;53.51055164753795
6642.0;53.92669381710478
6648.0;53.403184005923734
6654.0;53.87856349500185
6660.0;55.02776749352092
6666.0;56.93298778230285
6672.0;56.51832654572381
6678.0;58.720473898556094
6684.0;60.14365049981488
6690.0;61.68456127360237
6696.0;60.754318198382045
6702.0;61.279425697835435
6708.0;59.488011077909775
6714.0;58.59412579258071
6720.0;58.04387435318125
6726.0;57.537351504992344
6732.0;56.59900881859923
6738.0;55.217914146199256
6744.0;56.89344799941695
6750.0;57.42110633335763
6756.0;57.17076014867721
6762.0;57.076014867721014
6768.0;56.36433204576926
6774.0;56.9885576852999
6780.0;58.70964215436193
6786.0;59.352452445157056
6792.0;59.74345893156475
6798.0;60.57138692515123
6804.0;60.2995623161369
6810.0;61.88132309679271
6816.0;59.97919207863959
6822.0;59.70223147018727
6828.0;60.047714716223005
6834.0;59.543660759130375
6840.0;60.41615842720815
6846.0;57.8876372246538
6852.0;55.56863026476286
6858.0;53.93915476788405
6864.0;53.779149027767815
6870.0;55.29453971442922
6876.0;55.25077132811939
6882.0;55.3160651503193
6888.0;55.985864963765515
6894.0;56.97029489847169
6900.0;56.147664490205926
6906.0;57.98163162804047
6912.0;59.41602487105207
6918.0;61.70811842012294
6924.0;61.70776513813326
6930.0;63.79566169716668
6936.0;63.17847806118844
6942.0;61.45905461739561
6948.0;60.60835158623613
6954.0;60.19253868437787
6960.0;58.839115381897834
6966.0;57.45848936621211
6972.0;54.58595350809016
6978.0;52.03949692644669
6984.0;53.055182646788666
6990.0;54.19699003744789
6996.0;55.826679855860945
7002.0;55.7853458630679
7008.0;55.87472620645799
7014.0;56.68020914293789
7020.0;57.100006959426544
7026.0;58.223954346161875
7032.0;58.338784884125545
7038.0;58.98322778203076
7044.0;60.1993875704642
7050.0;60.817036676177885
7056.0;61.00076553691976
7062.0;59.55250887326884
7068.0;59.92309833669706
7074.0;58.9567819611664
7080.0;57.60317349850372
7086.0;56.59127287911476
7092.0;54.86742292435103
7098.0;52.98420210174682
7104.0;53.79010369545549
7110.0;54.52501913842299
7116.0;54.43454659336071
7122.0;53.10112046767346
7128.0;51.80356530682208
7134.0;52.900925608501886
7140.0;52.51011312992801
7146.0;53.0911895783339
7152.0;55.31299280082276
7158.0;56.28042509427494
7164.0;59.58861844360644
7170.0;60.82413438464175
7176.0;61.49228659581762
7182.0;60.29928008227631
7188.0;59.10387384298937
7194.0;57.24305793623586
7200.0;55.84196091875214
7206.0;52.883099074391495
7212.0;50.65375385670209
7218.0;49.52588275625643
7224.0;52.099074391498114
7230.0;53.133356187864244
7236.0;52.74812512668063
7242.0;53.00621579622999
7248.0;52.842713330180395
7254.0;53.1609350719546
7260.0;56.12830214174718
7266.0;56.43098439294642
7272.0;57.39206810350652
7278.0;57.80521586379299
7284.0;59.45442875481386
7290.0;60.33443686237416
7296.0;59.84798324437538
7302.0;59.45882034997635
7308.0;58.74096344841565
7314.0;58.81494493615296
7320.0;57.731572191068175
7326.0;55.54928721032363
7332.0;52.612999121680964
7338.0;52.15154381460712
7344.0;51.7630019311447
7350.0;51.23526669774256
7356.0;51.168342545115536
7362.0;50.527069321435704
7368.0;51.10208430445495
7374.0;52.1831923819671
7380.0;51.65212758873277
7386.0;50.75414530199107
7392.0;51.876539921422385
7398.0;52.80082573083838
7404.0;55.78444429646401
7410.0;56.91449690350936
7416.0;57.575414530199104
7422.0;57.325364586801626
7428.0;56.31317839781581
7434.0;55.41719384697343
7440.0;54.52254112006393
7446.0;54.08736764999667
7452.0;51.609006761635925
7458.0;50.30460185124401
7464.0;50.11685157224447
7470.0;51.49478106741942
7476.0;51.221689752511
7482.0;50.9006761635922
7488.0;50.6032954769251
7494.0;52.39611370051861
7500.0;53.22753233112322
7506.0;54.49189260158865
7512.0;55.521893258058164
7518.0;56.92247095122431
7524.0;58.39296264688505
7530.0;61.12912755202521
7536.0;60.48710037418762
7542.0;59.63172060657782
7548.0;58.98772402021926
7554.0;56.66874548677214
7560.0;56.194899346236
7566.0;53.66204932358082
7572.0;52.994368567544825
7578.0;50.926920836300084
7584.0;51.893650074438476
7590.0;51.505922713444235
7596.0;52.283319308693116
7602.0;52.444818434850156
7608.0;52.39983170431743
7614.0;52.77040585151143
7620.0;52.241892679137806
7626.0;54.23846203637776
7632.0;53.000841478412845
7638.0;55.155997151919216
7644.0;56.02951647355816
7650.0;58.37303385332384
7656.0;60.14272768463978
7662.0;59.590588387597904
7668.0;59.181615065432496
7674.0;57.94031279923396
7680.0;56.03415256942228
7686.0;54.24034471752314
7692.0;50.88381742738589
7698.0;47.390679859559526
7704.0;47.76188956271944
7710.0;48.242259814873925
7716.0;48.49505266517715
7722.0;48.885732524736675
7728.0;48.31311841685286
7734.0;49.002553463134376
7740.0;50.888605170762844
7746.0;52.28566868815832
7752.0;54.51931056495372
7758.0;54.24289818065752
7764.0;55.80529843600383
7770.0;57.06607085860198
7776.0;55.8349600151124
7782.0;54.52458913166677
7788.0;53.3278760783326
7794.0;52.49984257918267
7800.0;52.337069454064604
7806.0;51.28109061142246
7812.0;50.77671431270071
7818.0;48.6401989799131
7824.0;48.68490649203451
7830.0;48.95881871418676
7836.0;49.627227504565205
7842.0;51.02795793715761
7848.0;50.821106983187455
7854.0;53.259240601977204
7860.0;54.042251747371076
7866.0;56.31666771613878
7872.0;56.4551980353882
7878.0;56.80057930860777
7884.0;57.565074237435546
7890.0;58.6668323290054
7896.0;57.79399888177922
7902.0;57.62937193265826
7908.0;55.35348201528235
7914.0;55.79083058955085
7920.0;54.11536311113872
7926.0;52.66571410821892
7932.0;50.18450642976952
7938.0;49.792197303845434
7944.0;49.81580418711561
7950.0;50.34633782692427
7956.0;49.8642604211965
7962.0;49.97732496738523
7968.0;49.92948996707461
7974.0;49.99937876622973
7980.0;52.98937690252842
7986.0;52.52593650990868
7992.0;53.03898731073377
7998.0;52.62275485808864
8004.0;54.87678538588855
8010.0;58.11929136271685
8016.0;57.661987372034574
8022.0;57.0872923435297
8028.0;56.94813952062772
8034.0;56.74002329430515
8040.0;55.59063323729541
8046.0;52.556243486789676
8052.0;51.22295102065837
8058.0;50.87997302764666
8064.0;51.54539324465151
8070.0;51.98400049040642
8076.0;51.843621651443634
8082.0;50.2822901980016
8088.0;48.83099368601729
8094.0;50.14252436706921
8100.0;50.93048581281384
8106.0;52.71916026377881
8112.0;55.11555448000484
8118.0;54.99969750136125
8124.0;58.16927823824793
8130.0;58.42156210297053
8136.0;58.17169822735798
8142.0;56.72272974771614
8148.0;56.26293181680683
8154.0;55.16334926492831
8160.0;52.79236493435779
8166.0;50.608324762538565
8172.0;49.61854921652853
8178.0;48.72375824308791
8184.0;49.7828059773731
8190.0;49.73622118700466
8196.0;50.28979369592837
8202.0;51.06903018936415
8208.0;51.00328456255599
8214.0;51.784114661092865
8220.0;52.059122126007765
8226.0;53.28127799343088
8232.0;53.27888922066288
8238.0;53.463720513586146
8244.0;55.925350851000296
8250.0;56.642878471185426
8256.0;55.444908928038224
8262.0;54.31472081218274
8268.0;53.85488205434458
8274.0;51.0755449387877
8280.0;48.406389967154375
8286.0;46.54643177067781
8292.0;45.163332338011344
8298.0;43.39265452373843
8304.0;45.257091669154974
8310.0;45.71513884741714
8316.0;46.36224279228819
8322.0;45.7673486233123
8328.0;46.525558634514475
8334.0;46.54324627085667
8340.0;49.465243794587586
8346.0;50.08902776958906
8352.0;50.3655444844054
8358.0;51.856317434113556
8364.0;53.169624432521665
8370.0;54.27333294027475
8376.0;54.68309651553564
8382.0;53.212664347621015
8388.0;53.12098343258062
8394.0;53.95672424974943
8400.0;53.12304699015388
8406.0;51.81357231295325
8412.0;49.37503684924238
8418.0;47.88278992983904
8424.0;48.85078884554928
8430.0;48.77947255050358
8436.0;48.918612097572336
8442.0;46.57186936019095
8448.0;46.39081329685044
8454.0;47.82208767537987
8460.0;49.425103335856086
8466.0;48.411538685451475
8472.0;49.703964603830705
8478.0;49.58665657565349
8484.0;51.081387902427664
8490.0;52.55545205798452
8496.0;51.195202887582234
8502.0;51.26535483495372
8508.0;50.345520172323454
8514.0;49.562787448332074
8520.0;50.045118472375854
8526.0;48.84933341095651
8532.0;46.52935088828839
8538.0;45.86241591444834
8544.0;46.415799459552694
8550.0;46.4891048122808
8556.0;46.51267751394239
8562.0;45.49732651066521
8568.0;46.30339791870293
8574.0;48.41602943712988
8580.0;49.91232104869775
8586.0;50.76323808428678
8592.0;51.20134536882654
8598.0;52.32363594549531
8604.0;53.316276663025356
8610.0;53.79606738343011
8616.0;53.04059104237337
8622.0;51.957971597769216
8628.0;51.79497498993848
8634.0;50.00344966365779
8640.0;49.6839684252371
8646.0;48.05099664944063
8652.0;46.04889545118973
8658.0;45.33704355727185
8664.0;45.637458118007835
8670.0;46.83088193537396
8676.0;46.69515588619456
8682.0;46.07643818501902
8688.0;47.82100062468056
8694.0;48.350843318757455
8700.0;46.62615707876654
8706.0;46.23516383667443
8712.0;46.23516383667443
8718.0;47.316429098756316
8724.0;49.22568004997444
8730.0;53.342041001760464
8736.0;53.135612470895566
8742.0;52.926912374354025
8748.0;51.069004207573634
8754.0;51.0218793828892
8760.0;49.69004207573632
8766.0;47.34165497896213
8772.0;44.92875175315568
8778.0;42.62748948106592
8784.0;41.2468443197756
8790.0;41.544740532959324
8796.0;43.317531556802244
8802.0;43.962131837307155
8808.0;43.77755960729313
8814.0;43.614866760168304
8820.0;44.44460028050491
8826.0;45.40953716690042
8832.0;47.11023842917251
8838.0;49.31977559607293
8844.0;51.22973352033661
8850.0;54.08387096774194
8856.0;53.48982872346322
8862.0;53.18912477135414
8868.0;52.31611329748905
8874.0;51.00437891469431
8880.0;49.69403026439776
8886.0;48.982595199822626
8892.0;48.56909262236018
8898.0;47.13957097721856
8904.0;46.59165234743085
8910.0;47.43722631783161
8916.0;49.35203148384236
8922.0;48.727066127154814
8928.0;48.54248655839477
8934.0;48.982318053322984
8940.0;48.40834765256915
8946.0;48.151432847403136
8952.0;48.151432847403136
8958.0;48.63560778227371
8964.0;49.12061127238867
8970.0;51.58432382100016
8976.0;52.64364353398696
8982.0;53.00953059100619
8988.0;52.70991948293805
8994.0;51.39864161691406
9000.0;50.06435887604754
9006.0;48.38719395300433
9012.0;46.54570849537164
9018.0;45.739442405652625
9024.0;47.14657391685381
9030.0;47.58202333351591
9036.0;48.01911595552391
9042.0;48.22451662376075
9048.0;49.41994851289916
9054.0;49.857041134907156
9060.0;50.31878183710358
9066.0;53.07991455332201
9072.0;52.39349320630109
9078.0;54.25783576029882
9084.0;53.83965787906675
9090.0;55.93541926054241
9096.0;57.45331023656147
9102.0;55.79846262112272
9108.0;54.85302874465436
9114.0;55.35890218156228
9120.0;55.290965192443025
9126.0;54.69279488983923
9132.0;53.08125372164781
9138.0;51.05938396578791
9144.0;51.51816164131435
9150.0;52.02457640881286
9156.0;51.49434309532832
9162.0;49.83787148811779
9168.0;50.0909435392194
9174.0;50.9881989931251
9180.0;49.84349082347905
9186.0;50.58189309219327
9192.0;53.801969072716574
9198.0;53.96356145326128
9204.0;54.07619455294558
9210.0;55.644229225747765
9216.0;57.52715501096902
9222.0;56.21675852105517
9228.0;53.8683182620793
9234.0;51.569639895125476
9240.0;51.17636042591899
9246.0;48.48547273797421
9252.0;47.58815345925411
9258.0;47.10284124351222
9264.0;48.39397506554658
9270.0;48.965969286746216
9276.0;48.52827866659533
9282.0;49.95692653432501
9288.0;49.9822798201534
9294.0;51.96085691615975
9300.0;54.561491668870666
9306.0;56.44829410208939
9312.0;56.81592171383232
9318.0;55.734461782597194
9324.0;59.922771753504364
9330.0;59.82967468923565
9336.0;59.115842369743454
9342.0;56.65379529225073
9348.0;55.20576567045755
9354.0;55.47870933615446
9360.0;56.03120867495372
9366.0;54.788415763025654
9372.0;52.46442740015869
9378.0;51.22375033060037
9384.0;51.56678127479503
9390.0;51.913250462840516
9396.0;51.54751320537629
9402.0;51.917263741436116
9408.0;51.09042414099681
9414.0;50.57999058626641
9420.0;53.04325087600021
9426.0;53.64416087024737
9432.0;55.0457612049579
9438.0;54.63417185293656
9444.0;55.829454526436905
9450.0;57.11913602845039
9456.0;57.39474922859683
9462.0;56.58830605093876
9468.0;56.381726897128814
9474.0;55.23272841378589
9480.0;52.908582187124104
9486.0;51.5048899116155
9492.0;49.98587939961299
9498.0;47.64107525757021
9504.0;46.88447018668873
9510.0;47.20199617313958
9516.0;48.26213993897709
9522.0;47.70802089258934
9528.0;47.94073537777318
9534.0;49.38796090396649
9540.0;49.734188343590006
9546.0;51.73424005792005
9552.0;51.460671252003934
9558.0;53.69292030821741
9564.0;53.645343124579824
9570.0;56.01928944510524
9576.0;55.69348916584786
9582.0;55.04912861353881
9588.0;52.542017893158196
9594.0;51.0229094482081
9600.0;51.160728137766974
9606.0;49.06655634276258
9612.0;47.9870096660359
9618.0;47.15849230297141
9624.0;48.66005216590804
9630.0;49.43896077328287
9636.0;50.61115941287782
9642.0;50.03605584820744
9648.0;50.17490922109139
9654.0;50.61167084334885
9660.0;51.32690635708075
9666.0;53.51301590548765
9672.0;54.25101007518028
9678.0;54.386539150002555
9684.0;55.76816856748325
9690.0;56.55040147291976
9696.0;57.19480386641436
9702.0;55.677389658875875
9708.0;55.95253925228865
9714.0;53.9720247532348
9720.0;53.099802721432546
9726.0;52.52643026961404
9732.0;50.06373615256209
9738.0;48.521169507815266
9744.0;48.9819920076888
9750.0;48.54544994688654
9756.0;49.12109868986798
9762.0;50.4319894784764
9768.0;50.41099701552936
9774.0;52.41008649906419
9780.0;53.01052152359755
9786.0;54.04724568769285
9792.0;54.042693105366986
9798.0;55.45019980777986
9804.0;56.369062673883356
9810.0;57.79730891800293
9816.0;57.91314684607213
9822.0;56.09489604937023
9828.0;55.59069301976482
9834.0;54.43957968476357
9840.0;55.015011258443835
9846.0;53.4038028521391
9852.0;51.79159369527145
9858.0;49.974230673004755
9864.0;48.84638478859144
9870.0;49.28371278458844
9876.0;51.47035276457343
9882.0;50.22742056542407
9888.0;50.941956467350515
9894.0;52.207405554165625
9900.0;51.54290718038529
9906.0;52.60220165123843
9912.0;52.185889417062796
9918.0;53.06429822366775
9924.0;54.69326995246435
9930.0;57.38478859144358
9936.0;58.244393841889014
9942.0;57.78006039304985
9948.0;56.286074946784815
9954.0;56.81624672045938
9960.0;56.07841195980397
9966.0;55.7551606356121
9972.0;54.97252611256869
9978.0;53.409979703975054
9984.0;53.79931686550171
9990.0;54.373793376565516
9996.0;53.91342012771645
10002.0;52.2825602692936
10008.0;50.80590069798525
10014.0;51.35933864660166
10020.0;52.438245631404385
10026.0;51.93282510766794
10032.0;53.17682292955794
10038.0;52.4407207563982
10044.0;54.237645099671845
10050.0;55.73615124651026
10056.0;55.78096684135769
10062.0;55.68937649997551
10068.0;55.691090757701915
10074.0;55.52995053141989
10080.0;55.48219620904148
10086.0;54.515354851349365
10092.0;51.569280501542835
10098.0;49.542538081010925
10104.0;50.23264926286918
10110.0;49.88587941421365
10116.0;49.634128422393104
10122.0;48.46059656168879
10128.0;50.670519664985065
10134.0;50.39574864083852
10140.0;53.0636234510457
10146.0;52.630650928148114
10152.0;52.56458101100179
10158.0;53.32404400717297
10164.0;54.70387243735763
10170.0;56.15324964862114
10176.0;56.01366742596811
10182.0;55.944603305384575
10188.0;55.13885523191005
10194.0;53.98657490427955
10200.0;52.33073232200843
10206.0;51.68613386322881
10212.0;49.845393301991955
10218.0;49.3602481461736
10224.0;50.88062812000194
10230.0;52.40003877283963
10236.0;53.41297920806475
10242.0;54.149663160955754
10248.0;51.98686570057674
10254.0;53.75878447147773
10260.0;53.969734759460884
10266.0;54.31507506355221
10272.0;55.76238668521272
10278.0;56.03985802676387
10284.0;57.788622955537434
10290.0;57.8349081490719
10296.0;57.054055350376515
10302.0;57.58237805170512
10308.0;55.468847426735095
10314.0;54.86642045182023
10320.0;54.72732505156122
10326.0;53.62319535709147
10332.0;52.12672070602907
10338.0;50.446064559451294
10344.0;49.20475802196748
10350.0;48.90570291141062
10356.0;48.65317281404384
10362.0;48.352918605208885
10368.0;49.412057915974366
10374.0;49.75931640161405
10380.0;50.81675765487776
10386.0;52.91478756230715
10392.0;52.59245193448849
10398.0;52.614289105150725
10404.0;53.46783764538334
10410.0;55.331355328744365
10416.0;54.52551625919772
10422.0;53.44528839306907
10428.0;52.935437930216
10434.0;51.301447899359125
10440.0;51.30121053880845
10446.0;50.95774982197959
10452.0;48.975789223831
10458.0;48.079041063375264
10464.0;49.252314265369094
10470.0;49.11345834322336
10476.0;49.487336121422864
10482.0;49.373149758000096
10488.0;50.56811240073305
10494.0;50.848174427893426
10500.0;51.83731967482731
10506.0;53.35557539589305
10512.0;53.539777266105915
10518.0;53.078097833748416
10524.0;53.9554062309102
10530.0;56.141158780132514
10536.0;55.2878154222076
10542.0;55.473427000610876
10548.0;53.605093745594665
10554.0;52.914571683661485
10560.0;51.83661482073211
10566.0;51.14491800197359
10572.0;48.61331704337202
10578.0;48.40585498801748
10584.0;49.07428943573522
10590.0;48.984044285249105
10596.0;49.65041633716333
10602.0;49.53458622133321
10608.0;50.616132483602364
10614.0;50.20258640740568
10620.0;52.20728473740522
10626.0;53.24394101502535
10632.0;53.540028841233664
10638.0;53.242545471461135
10644.0;54.92208215099782
10650.0;56.14806717216356
10656.0;57.77550355863609
10662.0;55.58752384053589
10668.0;56.53253942410569
10674.0;55.05907801088524
10680.0;54.713448388147185
10686.0;54.20640089314788
10692.0;51.951595818173445
10698.0;50.963478100677015
10704.0;50.40943213742919
10710.0;50.11053286049832
10716.0;50.13586330769585
10722.0;49.7664993321973
10728.0;48.73071431861097
10734.0;49.60254225579146
10740.0;50.13217887901257
10746.0;52.62101045456639
10752.0;53.19762354349928
10758.0;54.716989821765765
10764.0;56.649242389352004
10770.0;57.227697692626535
10776.0;56.53732786809746
10782.0;55.22475014967991
10788.0;55.06332611799383
10794.0;54.90075070234422
