#auto generated file!
6.0;0.0
12.0;0.24316109422492402
18.0;3.358662613981763
24.0;10.303951367781155
30.0;16.70212765957447
36.0;23.145896656534955
42.0;29.148936170212767
48.0;34.255319148936174
54.0;41.45896656534954
60.0;46.246200607902736
66.0;47.67477203647417
72.0;49.285714285714285
78.0;51.20060790273556
84.0;54.46808510638298
90.0;56.246200607902736
96.0;57.5531914893617
102.0;55.86626139817629
108.0;65.58715596330275
114.0;65.97247706422019
120.0;65.24770642201835
126.0;63.61467889908257
132.0;60.972477064220186
138.0;60.95412844036697
144.0;63.72477064220183
150.0;65.66055045871559
156.0;65.44954128440367
162.0;64.29357798165138
168.0;64.55045871559633
174.0;65.34862385321101
180.0;65.5045871559633
186.0;65.21100917431193
192.0;65.92660550458716
198.0;66.9908256880734
204.0;68.5137614678899
210.0;70.34862385321101
216.0;72.77923784494087
222.0;72.08935611038108
228.0;70.14454664914587
234.0;68.85019710906701
240.0;68.04862023653088
246.0;66.11695137976346
252.0;64.67148488830486
258.0;65.87385019710906
264.0;67.29303547963207
270.0;69.77003942181341
276.0;69.68462549277267
282.0;68.88304862023654
288.0;69.2838370565046
294.0;70.90670170827858
300.0;70.54533508541392
306.0;70.17082785808147
312.0;69.2838370565046
318.0;70.9395532194481
324.0;76.37666325486182
330.0;77.90685772773797
336.0;77.17502558853633
342.0;76.18219037871033
348.0;74.31934493346981
354.0;74.25281473899693
360.0;71.82702149437053
366.0;69.49334698055272
372.0;67.57932446264074
378.0;68.99692937563971
384.0;71.83213920163767
390.0;73.98669396110543
396.0;75.70624360286591
402.0;74.5957011258956
408.0;75.23029682702149
414.0;75.2763561924258
420.0;74.55475946775844
426.0;72.24155578300922
432.0;74.68147527242246
438.0;76.79798826487846
444.0;79.84073763621123
450.0;80.23470243084661
456.0;79.98323554065381
462.0;77.90444258172674
468.0;76.63872590108969
474.0;75.69991617770327
480.0;74.24559932942162
486.0;71.93210393964794
492.0;70.4233025984912
498.0;69.92036881810562
504.0;71.78541492036882
510.0;75.38977367979882
516.0;75.62447611064543
522.0;74.24979044425817
528.0;74.34618608549874
534.0;73.37384744341995
540.0;74.70191625266146
546.0;74.51738821859475
552.0;74.53867991483321
558.0;75.87650816181689
564.0;78.12278211497517
570.0;78.9957416607523
576.0;78.27182398864443
582.0;76.07877927608233
588.0;75.56777856635912
594.0;76.37331440738112
600.0;75.81618168914123
606.0;73.36763662171754
612.0;71.31653655074521
618.0;71.13555713271823
624.0;72.33498935415189
630.0;74.68772178850249
636.0;74.4889992902768
642.0;73.388928317956
648.0;73.5323076923077
654.0;74.63076923076923
660.0;73.64615384615385
666.0;74.3876923076923
672.0;71.59076923076923
678.0;74.44615384615385
684.0;75.23076923076923
690.0;76.83692307692307
696.0;77.22769230769231
702.0;75.54461538461538
708.0;74.17846153846153
714.0;72.8123076923077
720.0;74.4
726.0;72.47384615384615
732.0;71.56923076923077
738.0;71.58461538461539
744.0;73.14153846153846
750.0;74.07076923076923
756.0;73.9760999456817
762.0;74.07930472569255
768.0;72.87343834872352
774.0;73.19663226507333
780.0;72.61814231395981
786.0;73.57414448669202
792.0;72.02064095600217
798.0;74.22596414991852
804.0;77.11841390548615
810.0;78.41390548614883
816.0;77.82726778924497
822.0;78.18576860401956
828.0;77.16458446496469
834.0;76.46931015752308
840.0;75.24171645844649
846.0;73.13688212927757
852.0;70.33405757740358
858.0;70.15209125475285
864.0;72.75401069518716
870.0;75.34030140982013
876.0;74.50899368011667
882.0;73.86242100145843
888.0;74.68157510938259
894.0;74.9416626154594
900.0;74.37287311618863
906.0;74.09820126397666
912.0;73.78463782207098
918.0;73.3665532328634
924.0;75.30384054448226
930.0;76.74039863879436
936.0;76.98590179873602
942.0;75.6660184735051
948.0;74.69372873116188
954.0;73.8818667963053
960.0;73.49538162372387
966.0;70.89207583859991
972.0;70.12318521777387
978.0;68.308402991641
984.0;70.40255169379674
990.0;72.34491860976682
996.0;73.09282886053674
1002.0;71.66739991201055
1008.0;71.20765508139023
1014.0;72.27672679278487
1020.0;71.81698196216455
1026.0;72.35151781786186
1032.0;72.65068191816982
1038.0;75.57853057633083
1044.0;78.01143862736471
1050.0;80.89529256489222
1056.0;80.09898812142544
1062.0;79.04311482622086
1068.0;77.50989881214254
1074.0;76.39903211614606
1080.0;75.54037766171153
1086.0;73.5797509039775
1092.0;71.86621132985134
1098.0;72.21775813579751
1104.0;73.03334672559261
1110.0;74.2326235435918
1116.0;73.5114503816794
1122.0;74.22659702691844
1128.0;73.9071916432302
1134.0;74.1944556046605
1140.0;74.18039373242266
1146.0;73.04941743672157
1152.0;72.51707513057453
1158.0;74.39935717155484
1164.0;77.83648051426276
1170.0;79.48372840498192
1176.0;80.00200883889111
1182.0;79.79509843310566
1188.0;78.67097966728281
1194.0;76.20887245841035
1200.0;74.75785582255084
1206.0;73.61552680221811
1212.0;72.04066543438077
1218.0;71.53234750462107
1224.0;73.4380776340111
1230.0;74.05360443622921
1236.0;74.43068391866913
1242.0;74.04066543438077
1248.0;72.7449168207024
1254.0;73.17744916820702
1260.0;73.35304990757855
1266.0;73.46395563770795
1272.0;73.24399260628466
1278.0;74.06654343807763
1284.0;75.69131238447319
1290.0;77.79667282809612
1296.0;76.3334474495036
1302.0;76.76651831564533
1308.0;74.44881889763779
1314.0;75.29613146182814
1320.0;76.36254707292024
1326.0;74.40431359123588
1332.0;71.71003081136597
1338.0;71.28723040054776
1344.0;73.66141732283465
1350.0;75.56487504279356
1356.0;76.60047928791509
1362.0;75.28757274905854
1368.0;75.89524135570011
1374.0;76.04758644299898
1380.0;76.239301609038
1386.0;76.04073947278329
1392.0;76.27524820267031
1398.0;77.25950017117425
1404.0;78.4874083519286
1410.0;79.20624800765061
1416.0;79.03092126235256
1422.0;77.06885559451706
1428.0;74.77845074912337
1434.0;73.53203697800446
1440.0;71.88555945170545
1446.0;70.36818616512592
1452.0;68.31208160663054
1458.0;68.65157794070768
1464.0;71.5444692381256
1470.0;72.4928275422378
1476.0;72.73350334714695
1482.0;72.26171501434492
1488.0;71.66560408033153
1494.0;74.20465412814791
1500.0;74.07395600892572
1506.0;71.81383487408353
1512.0;72.88547569340889
1518.0;73.89800178944229
1524.0;77.01908738443186
1530.0;79.08738443185207
1536.0;79.37071279451237
1542.0;77.41872949597375
1548.0;74.75246048314942
1554.0;74.01282433641515
1560.0;73.80256486728302
1566.0;70.75902177154786
1572.0;68.41634357291977
1578.0;69.60483149418431
1584.0;72.12794512376976
1590.0;74.01431553832388
1596.0;74.03519236504623
1602.0;71.63733969579481
1608.0;72.8437220399642
1614.0;74.9299135102893
1620.0;77.02157467077613
1626.0;74.67357803306248
1632.0;75.8237601569067
1638.0;76.84365368450547
1644.0;79.00112076211823
1650.0;81.3687307369011
1656.0;80.8629868310451
1662.0;78.95769123003643
1668.0;75.8111515830765
1674.0;74.27570748108714
1680.0;73.95629027738862
1686.0;71.0899411599888
1692.0;68.48697114037546
1698.0;70.06304286915102
1704.0;70.64023536004483
1710.0;72.03278229195853
1716.0;72.52591762398431
1722.0;70.5589801064724
1728.0;72.58124174372523
1734.0;74.33553500660501
1740.0;74.97093791281374
1746.0;74.90620871862616
1752.0;74.23645970937913
1758.0;75.28797886393659
1764.0;75.47820343461031
1770.0;79.28533685601057
1776.0;79.16248348745046
1782.0;77.21400264200793
1788.0;76.53896961690884
1794.0;76.82826948480846
1800.0;75.47424042272127
1806.0;72.35138705416117
1812.0;69.65125495376486
1818.0;69.56010568031704
1824.0;70.41347424042272
1830.0;73.44253632760898
1836.0;74.58010497375656
1842.0;72.18570357410647
1848.0;73.86278430392402
1854.0;73.10797300674831
1860.0;73.38540364908773
1866.0;73.87278180454886
1872.0;74.44763809047738
1878.0;75.4573856535866
1884.0;76.49087728067983
1890.0;78.9940014996251
1896.0;78.68032991752062
1902.0;77.62309422644338
1908.0;75.93851537115721
1914.0;75.12371907023244
1920.0;74.97000749812547
1926.0;72.86553361659585
1932.0;70.45238690327419
1938.0;70.2286928267933
1944.0;73.48826179748636
1950.0;74.02300213421864
1956.0;74.8565330803889
1962.0;73.05904671567465
1968.0;73.21081337443681
1974.0;74.24946644534029
1980.0;74.87076120464785
1986.0;75.22883566516481
1992.0;74.6727531420441
1998.0;75.18496561536638
2004.0;77.57766184491345
2010.0;80.32250414986957
2016.0;79.13089874318236
2022.0;75.85013042447237
2028.0;74.27080863172871
2034.0;74.73915105525255
2040.0;72.57291913682712
2046.0;71.44652596632677
2052.0;69.47665237987819
2058.0;68.53936386194451
2064.0;69.89059327769006
2070.0;71.9196932100158
2076.0;71.3986013986014
2082.0;70.53011504624408
2088.0;70.82675389127002
2094.0;72.0979020979021
2100.0;73.15587638168283
2106.0;73.35551545228965
2112.0;74.28942025716219
2118.0;76.26099706744868
2124.0;78.0160162418227
2130.0;80.28648770584255
2136.0;79.82630272952854
2142.0;77.18587863749154
2148.0;75.56282427250169
2154.0;74.95262801714415
2160.0;74.43428694342869
2166.0;71.1099161109916
2172.0;69.8107119810712
2178.0;71.10884061088406
2184.0;71.32931813293182
2190.0;70.72381157238115
2196.0;70.84856958485696
2202.0;70.39685953968595
2208.0;70.0344160034416
2214.0;71.01097010109702
2220.0;71.68853516885352
2226.0;72.16713271671327
2232.0;73.05979780597978
2238.0;73.81157238115723
2244.0;75.52161755216176
2250.0;76.96386319638631
2256.0;75.63454506345451
2262.0;73.97289739728974
2268.0;74.52415210688592
2274.0;74.61253854059609
2280.0;73.96711202466598
2286.0;71.09763617677287
2292.0;67.1901336073998
2298.0;68.23535457348407
2304.0;69.99383350462487
2310.0;71.21068859198355
2316.0;72.94552929085303
2322.0;71.86639260020554
2328.0;71.6639260020555
2334.0;72.67009249743063
2340.0;72.21068859198355
2346.0;71.17574511819116
2352.0;69.68036998972251
2358.0;69.84994861253854
2364.0;72.36073997944501
2370.0;73.26310380267215
2376.0;72.44341665026569
2382.0;71.91202519189136
2388.0;71.70832513284786
2394.0;71.46132651052942
2400.0;70.7626451485928
2406.0;69.61916945483172
2412.0;66.74375123007282
2418.0;67.30564849439087
2424.0;68.84077937413895
2430.0;69.65754772682543
2436.0;70.09742176736863
2442.0;68.50718362527061
2448.0;68.55441842157056
2454.0;68.50915174178311
2460.0;68.66561700452667
2466.0;68.41960244046447
2472.0;67.77701239913402
2478.0;68.66069671324543
2484.0;70.50783462337172
2490.0;73.56050594676232
2496.0;74.38927694921654
2502.0;72.4749858410421
2508.0;70.79856522559939
2514.0;69.78006418727581
2520.0;67.70247309797999
2526.0;66.3979611100623
2532.0;64.71398905040589
2538.0;64.6365867472154
2544.0;68.52746837832736
2550.0;69.76590522937512
2556.0;70.43987162544836
2562.0;70.31716065697564
2568.0;69.20237870492731
2574.0;70.63998489711157
2580.0;70.17273928638852
2586.0;71.2478761563149
2592.0;70.37729004171958
2598.0;71.13912570288409
2604.0;72.60293850897878
2610.0;73.0464356974424
2616.0;73.83275893343007
2622.0;71.125521494649
2628.0;71.4375113368402
2634.0;70.95138762923997
2640.0;69.23997823326683
2646.0;68.18066388536187
2652.0;66.04298929802286
2658.0;65.58226011246146
2664.0;67.59386903682206
2670.0;68.0790857972066
2676.0;68.82913114456738
2682.0;68.24959187375295
2688.0;69.71884636314167
2694.0;69.211862869581
2700.0;69.4021644266015
2706.0;68.327805899808
2712.0;67.36865072438471
2718.0;70.35695583871531
2724.0;71.36062139989527
2730.0;74.00069820212951
2736.0;74.52609530459068
2742.0;74.04869959853377
2748.0;73.69785302845173
2754.0;71.21138069471112
2760.0;69.79752138244022
2766.0;67.97521382440216
2772.0;66.16512480363065
2778.0;65.11694885669401
2784.0;67.24471984639553
2790.0;68.82003840111712
2796.0;69.23895967882702
2802.0;68.80781986385058
2808.0;68.57275021026072
2814.0;69.04625735912532
2820.0;70.30109335576114
2826.0;71.93523969722456
2832.0;71.75273338940286
2838.0;71.6148023549201
2844.0;72.58704793944491
2850.0;74.77628259041211
2856.0;74.19764507989908
2862.0;70.23128679562657
2868.0;69.87468460891506
2874.0;70.83936080740118
2880.0;67.82169890664424
2886.0;66.42724978973928
2892.0;63.91673675357443
2898.0;64.00925147182507
2904.0;66.1152228763667
2910.0;68.47182506307821
2916.0;68.62846940431749
2922.0;68.61791916896608
2928.0;68.73234864470054
2934.0;70.41064762213927
2940.0;70.8902775523454
2946.0;70.89433533517285
2952.0;70.34085375750689
2958.0;72.20499918844344
2964.0;74.07969485473137
2970.0;75.13309527674079
2976.0;75.33679597467943
2982.0;73.4409998376887
2988.0;73.09203051452687
2994.0;71.21084239571498
3000.0;70.69956175945464
3006.0;70.1541957474436
3012.0;67.60590813179678
3018.0;67.1092355137153
3024.0;68.75882076211384
3030.0;71.54853379331975
3036.0;71.91861376822958
3042.0;71.04594636976634
3048.0;71.97898698447545
3054.0;71.89509173592599
3060.0;72.89007370236789
3066.0;72.81637133448329
3072.0;71.87627411008312
3078.0;73.01317233809002
3084.0;73.90700956562647
3090.0;75.59745962051122
3096.0;74.27708954053631
3102.0;71.58303277403168
3108.0;70.5457111494433
3114.0;69.87611729653442
3120.0;69.8329935706445
3126.0;68.53065704876902
3132.0;67.81510693159412
3138.0;66.57743060822084
3144.0;67.70817533747915
3150.0;67.5564993174579
3156.0;68.80782648263309
3162.0;68.4779311390869
3168.0;68.14576065524041
3174.0;68.7964507811315
3180.0;70.89488851812528
3186.0;70.7735477021083
3192.0;70.61504626118611
3198.0;70.85772789322009
3204.0;73.12225087213712
3210.0;73.77369937812831
3216.0;73.464280297285
3222.0;71.58046412862126
3228.0;70.87668739572274
3234.0;69.82178067647504
3240.0;69.64972830077838
3246.0;67.35276839477163
3252.0;65.26288735497135
3258.0;65.46115435453076
3264.0;66.25715964165076
3270.0;68.70759289176091
3276.0;69.53957996768982
3282.0;69.50359817888089
3288.0;69.45513291232193
3294.0;70.4354530768101
3300.0;70.50961962108974
3306.0;69.88985166691144
3312.0;70.22249963283889
3318.0;71.56630929651931
3324.0;72.86605962696432
3330.0;72.99089440446468
3336.0;73.37347628139227
3342.0;72.70377441621383
3348.0;72.54306049822064
3354.0;70.78932384341637
3360.0;70.8455516014235
3366.0;68.96370106761566
3372.0;67.86690391459075
3378.0;67.56654804270462
3384.0;69.4846975088968
3390.0;70.10818505338078
3396.0;69.32170818505338
3402.0;68.6797153024911
3408.0;67.9153024911032
3414.0;68.8491103202847
3420.0;67.92811387900356
3426.0;67.00427046263346
3432.0;67.08683274021352
3438.0;68.25693950177936
3444.0;69.56014234875445
3450.0;72.06049822064057
3456.0;70.2209639552548
3462.0;69.99309487639829
3468.0;69.66026791879575
3474.0;70.76232564562906
3480.0;69.66164894351608
3486.0;67.98439442066012
3492.0;66.13658334484187
3498.0;64.27496202182019
3504.0;66.08686645490954
3510.0;68.25783731528794
3516.0;67.96782212401602
3522.0;66.07719928186715
3528.0;67.25866593012015
3534.0;68.06587487916033
3540.0;68.45187128849606
3546.0;68.79298439442066
3552.0;67.84974451042673
3558.0;68.13423560281728
3564.0;70.47069867238837
3570.0;70.99235617540566
3576.0;71.70846184792812
3582.0;70.24004291269948
3588.0;69.25774440123374
3594.0;68.19632560010729
3600.0;68.31165347995173
3606.0;66.91833176880783
3612.0;65.38152071878771
3618.0;65.01139868579858
3624.0;66.42081265924635
3630.0;67.52112109427384
3636.0;66.88011264583612
3642.0;67.11546198203031
3648.0;66.50596754727103
3654.0;67.01354432077243
3660.0;67.72093335121363
3666.0;67.65790532385678
3672.0;68.19562100873192
3678.0;70.04235631434902
3684.0;71.01720317998175
3690.0;71.93014466310439
3696.0;71.7783135670533
3702.0;70.69203701290239
3708.0;70.45549328815326
3714.0;69.8911768539033
3720.0;69.83448455623615
3726.0;67.97015508927407
3732.0;66.6975107519875
3738.0;66.98162387592858
3744.0;67.06307832659976
3750.0;67.92323732568748
3756.0;67.32112602632608
3762.0;68.24319040792389
3768.0;68.04835136191842
3774.0;68.68760589078587
3780.0;69.23944733172772
3786.0;68.77614399797186
3792.0;68.87628343262772
3798.0;70.58245658511852
3804.0;72.30257320319433
3810.0;72.22461655469641
3816.0;72.42489542400811
3822.0;70.6528077069337
3828.0;71.52997845100774
3834.0;70.44619089871973
3840.0;69.21282798833819
3846.0;66.81328431993916
3852.0;65.71745468373685
3858.0;65.87273418684244
3864.0;67.33806566104703
3870.0;68.49030295347953
3876.0;68.84269235644568
3882.0;67.52376727088351
3888.0;68.47439851943246
3894.0;70.26835286859964
3900.0;71.67489204194942
3906.0;71.10363972856261
3912.0;70.8476249228871
3918.0;71.2652683528686
3924.0;73.46699568167797
3930.0;74.3676742751388
3936.0;75.49352251696483
3942.0;74.53793954349167
3948.0;71.77051202961135
3954.0;72.22640345465761
3960.0;71.18938926588525
3966.0;70.10487353485503
3972.0;67.62924120913017
3978.0;66.78408389882789
3984.0;67.46761258482418
3990.0;69.0814312152992
3996.0;69.62204062011777
4002.0;68.50739093858911
4008.0;69.840163441894
4014.0;69.01273885350318
4020.0;69.9897848816248
4026.0;70.28842687177023
4032.0;70.64775868285062
4038.0;69.93931017906502
4044.0;72.72743660617714
4050.0;73.37219084244683
4056.0;72.73705083523615
4062.0;70.51255858670832
4068.0;69.6052157192645
4074.0;68.41785843047711
4080.0;68.2634298762168
4086.0;65.92176421103233
4092.0;64.55894724191803
4098.0;64.91106838120419
4104.0;64.39322947171138
4110.0;64.98184373901839
4116.0;65.09956659247979
4122.0;62.686540939440086
4128.0;63.33079536136816
4134.0;63.00925383624224
4140.0;63.316738901253366
4146.0;64.85709265549959
4152.0;65.03162703525828
4158.0;67.29296005622584
4164.0;67.22326344148999
4170.0;70.2530162820663
4176.0;70.05036898207801
4182.0;68.24118542813635
4188.0;65.88145718636524
4194.0;65.00937097340986
4200.0;65.29635703408691
4206.0;62.88450275272344
4212.0;61.76796526905061
4218.0;61.80281046498344
4224.0;61.39323660459271
4230.0;62.214669256255
4236.0;62.725922540843136
4242.0;63.25831143607906
4248.0;63.41254427053582
4254.0;64.66525762595681
4260.0;64.5133097223809
4266.0;63.94721809665258
4272.0;64.13115503256026
4278.0;66.0573517651091
4284.0;68.14977721923911
4290.0;69.87604249971439
4296.0;68.9934879469896
4302.0;67.02045013138353
4308.0;65.9842339769222
4314.0;64.46646863932367
4320.0;64.14483219979931
4326.0;62.3631397034229
4332.0;59.2920057977478
4338.0;59.00100345634965
4344.0;60.230794960419225
4350.0;61.611104916936114
4356.0;60.900323335934885
4362.0;60.04404058423459
4368.0;61.157319656594936
4374.0;63.04326011818486
4380.0;63.63139703422901
4386.0;63.27015274835545
4392.0;63.03322555468837
4398.0;64.42301259895194
4404.0;67.30906455569183
4410.0;68.24729624261344
4416.0;68.71055859070131
4422.0;66.73319210614338
4428.0;66.44583560152422
4434.0;65.06586826347305
4440.0;63.01197604790419
4446.0;61.591181273816005
4452.0;59.902558519324984
4458.0;58.95264017419706
4464.0;59.839412084921065
4470.0;61.39303211758302
4476.0;59.53075666848122
4482.0;59.90854654327708
4488.0;60.53130103429505
4494.0;60.866086009798586
4500.0;62.359825802939575
4506.0;61.729994556341865
4512.0;62.10342950462711
4518.0;63.39793140990746
4524.0;66.74360370168753
4530.0;67.98149156232988
4536.0;67.10190405276035
4542.0;65.6871609403255
4548.0;64.44420806297202
4554.0;64.11232847569407
4560.0;62.66514200616955
4566.0;62.49601106265291
4572.0;60.716413147537494
4578.0;60.292522072119986
4584.0;61.38229975534517
4590.0;62.45133496436549
4596.0;62.27635357940645
4602.0;61.63120944580364
4608.0;60.91266886501436
4614.0;61.495585576002554
4620.0;61.16211041378577
4626.0;60.355281353047545
4632.0;61.15094138921391
4638.0;63.721412615679185
4644.0;65.0681085577623
4650.0;65.4403660185089
4656.0;64.54039721326816
4662.0;64.09119267962983
4668.0;64.01372569408339
4674.0;64.00644691691795
4680.0;63.001455755433085
4686.0;61.0705001559738
4692.0;58.59519600707081
4698.0;57.96246230633253
4704.0;58.291047104086516
4710.0;60.80482478943537
4716.0;59.20453363834876
4722.0;57.33076843090361
4728.0;56.841010710200685
4734.0;58.84787355724238
4740.0;59.344910055110745
4746.0;59.05479879380264
4752.0;59.145225261873286
4758.0;61.42784501169531
4764.0;61.99328790806468
4770.0;62.67415844604902
4776.0;60.22983829960338
4782.0;60.03813688599614
4788.0;60.84918132818061
4794.0;61.41869215905624
4800.0;60.54001830570528
4806.0;58.98759279975592
4812.0;58.11858029085732
4818.0;58.039764059798635
4824.0;58.4180819688803
4830.0;59.18997254144208
4836.0;59.334384216414115
4842.0;58.26502593308248
4848.0;57.66093765890369
4854.0;59.15234414725923
4860.0;60.58563041098617
4866.0;60.75679172056921
4872.0;60.378644641257836
4878.0;62.83311772315653
4884.0;64.95820479649717
4890.0;66.02398248581949
4896.0;65.47517165887153
4902.0;61.99024778584934
4908.0;60.96626530002985
4914.0;61.51706637476366
4920.0;60.160712508707334
4926.0;59.25216439446711
4932.0;57.315155736889245
4938.0;57.97691312568415
4944.0;60.046273261021
4950.0;60.18708329186984
4956.0;59.68255547815703
4962.0;58.88148074435267
4968.0;59.331709693132005
4974.0;59.78129566488066
4980.0;60.84900146127618
4986.0;59.995616171456405
4992.0;60.79298587433025
4998.0;61.6687773989284
5004.0;64.37359961032635
5010.0;63.96444227959084
5016.0;63.22113979542134
5022.0;61.97954213346323
5028.0;61.871407696054554
5034.0;62.110082805650265
5040.0;61.334145153434
5046.0;59.79785679493424
5052.0;56.14807598636142
5058.0;56.377496346809544
5064.0;57.32537749634681
5070.0;60.3351193375548
5076.0;59.998568838851256
5082.0;59.536780841522756
5088.0;59.241007537448716
5094.0;59.9842572273638
5100.0;59.951817574658904
5106.0;60.847724453773495
5112.0;59.97948669020132
5118.0;61.24797252170595
5124.0;62.962026524186626
5130.0;63.91040931208854
5136.0;63.15666444041599
5142.0;61.53563591260376
5148.0;60.5996565213243
5154.0;60.727029863562635
5160.0;60.088254937505965
5166.0;59.34261997900963
5172.0;58.243965270489454
5178.0;58.49918900868238
5184.0;59.48163036365336
5190.0;60.854445171543425
5196.0;60.8212582967187
5202.0;59.74198373375713
5208.0;59.71066654202113
5214.0;60.408993175656725
5220.0;62.090305693185
5226.0;62.576423296251285
5232.0;61.73740301018977
5238.0;63.60989062353931
5244.0;63.59259605496868
5250.0;65.14583528091988
5256.0;64.34046929045527
5262.0;63.43974946246611
5268.0;63.68794989249322
5274.0;62.254370384219875
5280.0;60.873609423202765
5286.0;58.336449471814525
5292.0;56.08769357646843
5298.0;56.01759369559241
5304.0;58.366626958673145
5310.0;58.619078163658024
5316.0;58.08347842023275
5322.0;57.47502978099514
5328.0;59.331073032163474
5334.0;59.79290754146431
5340.0;59.33519655456794
5346.0;59.64171171996701
5352.0;60.09713186108311
5358.0;60.34866672775589
5364.0;62.2780170438926
5370.0;63.50591038211308
5376.0;64.4222486942179
5382.0;62.9501511958215
5388.0;61.912856226518834
5394.0;59.44378264455237
5400.0;58.77257615239464
5406.0;57.63680474436158
5412.0;55.89585766915266
5418.0;55.55216102075658
5424.0;56.82765747147093
5430.0;57.383412705544075
5436.0;59.402911312786415
5442.0;57.01365801060293
5448.0;57.10126696019409
5454.0;55.90484320244406
5460.0;54.74615868451792
5466.0;55.73995866654686
5472.0;55.92955341899542
5478.0;58.108994518824694
5484.0;59.974840506784076
5490.0;61.37209093359691
5496.0;63.13999460868003
5502.0;59.31889657651182
5508.0;60.39709122961657
5514.0;60.303217276333186
5520.0;59.9889819303658
5526.0;58.481710004407226
5532.0;56.641692375495815
5538.0;55.983252534156016
5544.0;58.49757602468048
5550.0;58.88673424416042
5556.0;59.89510797708242
5562.0;59.54385191714412
5568.0;59.521815777875716
5574.0;59.530630233583075
5580.0;59.37241075363596
5586.0;58.6928162185985
5592.0;58.226090788893785
5598.0;60.35081533715293
5604.0;61.798589687086825
5610.0;63.54385191714412
5616.0;62.360089957616125
5622.0;61.46873107862642
5628.0;61.24383703831848
5634.0;59.472363982354466
5640.0;58.95986506357581
5646.0;58.57581524089612
5652.0;55.95406971715249
5658.0;56.318225067035726
5664.0;57.06167286566906
5670.0;58.4638007092812
5676.0;60.54234062797336
5682.0;59.708070236138745
5688.0;60.429893607819395
5694.0;60.64138050341666
5700.0;60.13753135541908
5706.0;60.46406020240464
5712.0;60.12715163048179
5718.0;60.98174898365193
5724.0;64.33981489343635
5730.0;66.3173983187569
5736.0;64.53850725991339
5742.0;63.438057230194445
5748.0;61.68209221363675
5754.0;61.44136876963573
5760.0;60.272140613059356
5766.0;59.00526449859896
5772.0;57.2807166510996
5778.0;56.37768531884181
5784.0;58.0669949902352
5790.0;57.51592086269848
5796.0;56.69737624182729
5802.0;57.226373439755456
5808.0;56.539441283858366
5814.0;57.051456228241484
5820.0;57.08626984800883
5826.0;56.29617050182559
5832.0;58.022596514633534
5838.0;58.660051696823146
5844.0;62.10622863336947
5850.0;64.77028266488784
5856.0;66.37496873176019
5862.0;64.97039939964979
5868.0;63.89518886016843
5874.0;63.296923205203036
5880.0;62.019094471775205
5886.0;60.885933461185694
5892.0;58.615859251229885
5898.0;58.72717418494121
5904.0;59.33377803718836
5910.0;61.352872508963564
5916.0;61.44667722838322
5922.0;60.313099307929626
5928.0;60.00250145918452
5934.0;61.308680063370296
5940.0;61.26095503317225
5946.0;62.091489884511425
5952.0;62.58047342124662
5958.0;65.04750593824228
5964.0;66.05577852403964
5970.0;66.96658202965025
5976.0;67.80858383159963
5982.0;65.42468670652796
5988.0;64.65107707428946
5994.0;64.70431648783685
6000.0;64.45204357441231
6006.0;63.01376034073225
6012.0;60.016790891964945
6018.0;58.97903186174134
6024.0;60.52215578671472
6030.0;61.003358178392986
6036.0;61.04267343762798
6042.0;60.090097469080185
6048.0;58.60321931589537
6054.0;60.222535211267605
6060.0;60.48692152917505
6066.0;59.97826961770624
6072.0;60.46680080482897
6078.0;60.7420523138833
6084.0;62.27404426559356
6090.0;63.327162977867204
6096.0;64.37585513078471
6102.0;62.2374245472837
6108.0;62.248289738430586
6114.0;62.224949698189135
6120.0;61.34688128772636
6126.0;59.031790744466804
6132.0;57.929577464788736
6138.0;56.971830985915496
6144.0;58.03621730382294
6150.0;59.80925553319919
6156.0;57.891385175223476
6162.0;59.605252748991376
6168.0;59.6016929040424
6174.0;59.57479629776125
6180.0;60.2084486986789
6186.0;61.1213511589273
6192.0;61.682620045882445
6198.0;62.71141523613638
6204.0;63.70698520686655
6210.0;65.53674551063997
6216.0;64.74566885531208
6222.0;63.68325290720671
6228.0;63.58001740368642
6234.0;65.05774859583893
6240.0;64.43991772802785
6246.0;62.65287556364212
6252.0;60.490863064630965
6258.0;60.681908076892654
6264.0;59.575717507972314
6270.0;61.63996266625185
6276.0;62.756086178735316
6282.0;62.07746752741697
6288.0;62.05763397371082
6294.0;62.15291281014233
6300.0;62.94275491949911
6306.0;62.92603251147235
6312.0;64.05810064556273
6318.0;64.22999144434938
6324.0;65.25394726608073
6330.0;66.07490083223146
6336.0;64.88955432838142
6342.0;64.6278291981022
6348.0;64.44466049622774
6354.0;63.57820642451583
6360.0;62.952088356537296
6366.0;62.36835964844054
6372.0;60.101736403273925
6378.0;59.22206073586782
6384.0;60.222978658303376
6390.0;62.22213722940412
6396.0;62.01560468140442
6402.0;60.92021724164308
6408.0;60.46010862082154
6414.0;62.440908743211196
6420.0;63.57875009561692
6426.0;64.26642698691961
6432.0;63.19666488181748
6438.0;63.65447869655014
6444.0;67.00413065096
6450.0;67.79622121930697
6456.0;67.5349957928555
6462.0;66.26290828424997
6468.0;65.73931002830261
6474.0;64.03350416889772
6480.0;63.57664233576642
6486.0;62.59387463315524
6492.0;60.551960267890735
6498.0;59.027391075325454
6504.0;60.222364361501995
6510.0;61.15509067649936
6516.0;62.61042967868162
6522.0;61.66679208367823
6528.0;60.97975769433366
6534.0;62.330498908872
6540.0;62.437730453758746
6546.0;63.80088795244187
6552.0;64.39461208518324
6558.0;66.38949507111144
6564.0;67.7669501091128
6570.0;69.41643464519528
6576.0;67.35307397095342
6582.0;65.89886372187523
6588.0;67.05257312106627
6594.0;67.19215105516476
6600.0;66.14476119955572
6606.0;64.23250647908182
6612.0;61.737134394668644
6618.0;61.02036282858201
6624.0;61.18585708996668
6630.0;61.65864494631618
6636.0;63.435394298408
6642.0;61.329137356534616
6648.0;60.95409107737875
6654.0;62.17734172528693
6660.0;64.62088115512773
6666.0;64.70529433543132
6672.0;63.12773047019623
6678.0;64.72010366530914
6684.0;67.2810070344317
6690.0;67.52091817845242
6696.0;66.86247358064281
6702.0;64.8571532687122
6708.0;63.29750018220246
6714.0;62.420377523504115
6720.0;61.91093943590117
6726.0;61.268493550032794
6732.0;59.65308650972961
6738.0;58.035857444792654
6744.0;58.61781211281976
6750.0;59.18045331972888
6756.0;60.94563078492821
6762.0;59.71722177683842
6768.0;59.24969025581226
6774.0;62.0632606952846
6780.0;62.6244442824867
6786.0;63.485533124407844
6792.0;63.441440128270536
6798.0;64.15275854529553
6804.0;66.09098084236206
6810.0;67.80189423835833
6816.0;68.80031570639305
6822.0;66.70876085240727
6828.0;66.06120398938079
6834.0;65.71751452966923
6840.0;64.80555356245964
6846.0;63.26433235273014
6852.0;61.100308531247755
6858.0;60.08933055894382
6864.0;60.94460787830953
6870.0;62.71292243667934
6876.0;62.05998421468035
6882.0;60.664418454473704
6888.0;61.081294396211526
6894.0;62.36923297696779
6900.0;64.37540360192294
6906.0;64.04821697639377
6912.0;63.35653218398926
6918.0;64.36691867448597
6924.0;66.95647565887091
6930.0;69.23443792835441
6936.0;70.10174521302903
6942.0;67.69024235144492
6948.0;67.15396029110435
6954.0;65.24058503497491
6960.0;64.07122164912033
6966.0;63.54730445841871
6972.0;62.211898537412566
6978.0;59.70394969264467
6984.0;60.81360842224263
6990.0;62.83332155726701
6996.0;61.86709531548082
7002.0;61.45092913163287
7008.0;60.204550272027134
7014.0;62.731929626227654
7020.0;64.85698378453615
7026.0;67.01718978356183
7032.0;67.17725659405664
7038.0;67.58090333356532
7044.0;68.45639919270653
7050.0;69.2101050873408
7056.0;68.32834574431067
7062.0;67.38951910362586
7068.0;67.3435868884404
7074.0;67.41004941192845
7080.0;65.37580903333566
7086.0;63.754262648757745
7092.0;60.57171689052822
7098.0;60.22826919061869
7104.0;60.63887535667061
7110.0;60.577980374417145
7116.0;60.701162224232725
7122.0;59.452293131046005
7128.0;60.44772026054165
7134.0;59.700377099760026
7140.0;61.76037024340076
7146.0;60.1806650668495
7152.0;60.60198834418924
7158.0;62.81796366129585
7164.0;65.3534453205348
7170.0;67.21186150154269
7176.0;65.70723345903325
7182.0;62.45834761741515
7188.0;62.70757627699692
7194.0;61.52416866643812
7200.0;61.244772026054164
7206.0;60.5872471717518
7212.0;58.53273911552965
7218.0;57.771683236201575
7224.0;58.58244772026054
7230.0;57.43332190606788
7236.0;56.63738936558341
7242.0;57.342747111681646
7248.0;58.21903925410445
7254.0;59.361191811364094
7260.0;58.90851969461523
7266.0;58.922370110127694
7272.0;61.72792378893318
7278.0;62.53462603878116
7284.0;66.29788527802175
7290.0;66.98567664347003
7296.0;67.8389973650429
7302.0;65.92899128437267
7308.0;64.62333626106344
7314.0;63.17816363759206
7320.0;62.986960340517534
7326.0;61.74920613472063
7332.0;60.37700155394906
7338.0;60.269914194986825
7344.0;58.54964373709795
7350.0;59.679030432176866
7356.0;60.12319371379104
7362.0;59.82586402077645
7368.0;59.76593194379703
7374.0;59.60578011586868
7380.0;60.87634014783246
7386.0;60.723846307518144
7392.0;60.99387360990877
7398.0;61.8259306119731
7404.0;63.30725178131451
7410.0;63.44576147033362
7416.0;63.12878737430912
7422.0;62.88972497835786
7428.0;62.160218419124995
7434.0;61.07411600186455
7440.0;59.83785043617234
7446.0;58.7604048744756
7452.0;56.255169697367556
7458.0;56.23547561215781
7464.0;57.2211645769054
7470.0;56.979912033086066
7476.0;57.95476925096829
7482.0;56.50134576248933
7488.0;57.897328169106544
7494.0;59.42821505941049
7500.0;61.07562528720541
7506.0;60.550121446858796
7512.0;62.00945316090068
7518.0;63.13464189588394
7524.0;66.11960874417383
7530.0;67.49163001378587
7536.0;67.65016739972428
7542.0;65.66959889713122
7548.0;64.16726843038141
7554.0;63.5800564563776
7560.0;62.703087578484045
7566.0;61.3428053595702
7572.0;59.681856430836945
7578.0;58.93908990873196
7584.0;61.3806718881481
7590.0;63.19470515890996
7596.0;62.1651886853518
7602.0;62.7626383584698
7608.0;61.8279500291281
7614.0;61.81403327076186
7620.0;62.60858307981099
7626.0;63.19405786782316
7632.0;64.22163246812092
7638.0;65.65246941549614
7644.0;66.59492523787948
7650.0;67.89500938572075
7656.0;67.81765810084795
7662.0;65.94989966988155
7668.0;63.6275135652729
7674.0;62.66038940312799
7680.0;61.39004149377593
7686.0;60.169805298436
7692.0;58.32428981806575
7698.0;58.6706032556655
7704.0;60.0529843600383
7710.0;60.54580274497287
7716.0;59.943185445260134
7722.0;58.45387807213533
7728.0;58.28949888285988
7734.0;58.783593999361635
7740.0;59.960740504308966
7746.0;61.513246090009574
7752.0;62.16342164060006
7758.0;62.61219278646664
7764.0;63.277369932971595
7770.0;63.595914458985
7776.0;64.48208551098797
7782.0;63.43114413450034
7788.0;62.39437063157232
7794.0;62.356589635413386
7800.0;61.58050500598199
7806.0;60.2959511365783
7812.0;58.831937535419684
7818.0;58.00390403626976
7824.0;59.51734777406964
7830.0;61.18884201246773
7836.0;61.24960644795668
7842.0;60.66526037403186
7848.0;59.61431899754424
7854.0;60.23266796801209
7860.0;59.29412505509729
7866.0;59.37629872174296
7872.0;60.12089918770858
7878.0;61.06920219129778
7884.0;63.70410635522147
7890.0;64.22376840405045
7896.0;64.30949866434739
7902.0;61.481953158973724
7908.0;61.7366590047835
7914.0;61.6220413741691
7920.0;60.74579114120644
7926.0;58.878362427781575
7932.0;57.48369261353047
7938.0;56.073491955022675
7944.0;57.59209790644219
7950.0;58.5851400882152
7956.0;58.95850158414611
7962.0;58.18786109212897
7968.0;58.819345219606134
7974.0;58.87463502515997
7980.0;60.443871528856306
7986.0;61.08281046157669
7992.0;62.04376877337093
7998.0;62.83271010850242
8004.0;64.83785937595782
8010.0;66.03966161956721
8016.0;66.09421933427328
8022.0;64.33856433519279
8028.0;63.915895298228406
8034.0;63.8205725495004
8040.0;63.62379697174033
8046.0;61.09207380616686
8052.0;57.04223625329492
8058.0;57.60068656899406
8064.0;59.77717158094771
8070.0;60.70403972292037
8076.0;61.33145344204009
8082.0;59.730889474652116
8088.0;58.81597498927236
8094.0;60.551400723349474
8100.0;61.53427309577107
8106.0;61.87065158206788
8112.0;61.83314175086212
8118.0;60.44800048399782
8124.0;61.820134309395605
8130.0;62.72037025833384
8136.0;61.85038417327122
8142.0;61.96684614919233
8148.0;60.52967511646197
8154.0;59.74499364752859
8160.0;57.51315869078589
8166.0;56.03031036360336
8172.0;53.53590658842035
8178.0;54.218948514731686
8184.0;55.629499667251494
8190.0;56.84191421138605
8196.0;57.486538810575354
8202.0;57.14713533789098
8208.0;56.476560167214096
8214.0;57.16542251418334
8220.0;57.961779635712155
8226.0;58.6745297103613
8232.0;57.86533293520454
8238.0;59.97700806210809
8244.0;62.01015228426396
8250.0;62.840848014332636
8256.0;62.80740519558077
8262.0;61.884741713944464
8268.0;61.151687070767395
8274.0;61.97700806210809
8280.0;60.03493580173186
8286.0;58.732756046581066
8292.0;56.03105404598388
8298.0;56.09584950731562
8304.0;57.488205434458045
8310.0;58.91908032248433
8316.0;57.976534402452685
8322.0;57.51783503331171
8328.0;58.90041860739343
8334.0;59.97435292730381
8340.0;60.59784210836625
8346.0;62.35717233653676
8352.0;62.76104003301692
8358.0;62.687636342196804
8364.0;63.959672189139795
8370.0;66.13760981074229
8376.0;66.00259418666353
8382.0;64.46259064913626
8388.0;63.53664288662225
8394.0;63.62861859560167
8400.0;63.01986911149107
8406.0;62.438830257649904
8412.0;59.768586757856255
8418.0;59.69400389128
8424.0;59.793910461663856
8430.0;61.25225592361879
8436.0;61.59340979216394
8442.0;61.30377830820283
8448.0;61.47843045933516
8454.0;61.65715782732724
8460.0;62.04692321127089
8466.0;61.993072131338415
8472.0;63.30645630785352
8478.0;64.0059381731385
8484.0;67.31705187168889
8490.0;65.61390231123013
8496.0;65.29487104849508
8502.0;63.87116492984805
8508.0;61.980264306922045
8514.0;61.37800547243407
8520.0;60.22937649182046
8526.0;59.072305990568786
8532.0;58.819640085091706
8538.0;56.89415282010004
8544.0;58.9165181394814
8550.0;60.747714597826715
8556.0;60.997527741045246
8562.0;61.35974242511355
8568.0;62.21928361984706
8574.0;63.2087621456908
8580.0;62.20692232507331
8586.0;62.48117058586788
8592.0;63.87339734375898
8598.0;63.9349163456563
8604.0;66.40688782843672
8610.0;66.44483412867245
8616.0;67.35353303052952
8622.0;65.67987121255678
8628.0;65.34151670212154
8634.0;64.5023860173633
8640.0;64.65103072292578
8646.0;62.32324379578625
8652.0;58.74637969220285
8658.0;57.55380771196547
8664.0;59.520415696518825
8670.0;61.58157760236243
8676.0;62.33147822136407
8682.0;61.00971094326765
8688.0;61.048043614060994
8694.0;62.813618036231475
8700.0;63.32699187915271
8706.0;64.74246124141064
8712.0;63.87216764154694
8718.0;63.81367482537339
8724.0;67.01431086376284
8730.0;68.60497472883185
8736.0;68.05809529218014
8742.0;65.84275086603441
8748.0;63.90462833099579
8754.0;62.784852734922865
8760.0;61.207854137447406
8766.0;60.43702664796634
8772.0;57.48330995792426
8778.0;55.64908835904628
8784.0;56.76381486676017
8790.0;57.93576437587658
8796.0;58.02328190743338
8802.0;58.04796633941094
8808.0;57.970266479663394
8814.0;58.61458625525947
8820.0;59.91192145862553
8826.0;58.65806451612903
8832.0;58.91164095371669
8838.0;60.51977559607293
8844.0;62.36044880785414
8850.0;65.04151472650771
8856.0;65.11335291835265
8862.0;63.71099163017571
8868.0;62.30225597250707
8874.0;60.87356576686437
8880.0;60.11778726234688
8886.0;57.8831550357519
8892.0;56.70639099828169
8898.0;56.712211074774125
8904.0;57.710769912976
8910.0;59.0075383847902
8916.0;57.2354636660939
8922.0;57.75234188792196
8928.0;57.20054320713929
8934.0;57.51759880272712
8940.0;58.62590765478632
8946.0;59.85200376919239
8952.0;60.14383903331301
8958.0;61.91508231251039
8964.0;64.1291011666758
8970.0;64.3276551459714
8976.0;62.52670208687079
8982.0;62.00361505176097
8988.0;60.56690584433368
8994.0;59.353946431505726
9000.0;57.761954318891384
9006.0;56.96938160705483
9012.0;55.39573862080298
9018.0;54.28684887988169
9024.0;54.23015829544832
9030.0;55.33001040696719
9036.0;55.43736648956565
9042.0;54.55633455660843
9048.0;55.446677986525714
9054.0;55.83748699129101
9060.0;56.56980884044476
9066.0;57.23065125705209
9072.0;57.0481242895036
9078.0;57.19699020191631
9084.0;59.589400747036215
9090.0;60.66800194879013
9096.0;59.89741785308288
9102.0;58.472094408055
9108.0;56.920911600714554
9114.0;56.17198072863098
9120.0;55.75163752503654
9126.0;53.79878741947707
9132.0;52.911005250906726
9138.0;53.680506685432796
9144.0;54.74855194067017
9150.0;56.081037189411575
9156.0;56.35170248470741
9162.0;55.935960591133004
9168.0;55.78574135224382
9174.0;57.85984951009581
9180.0;59.02589758681577
9186.0;60.105677136283376
9192.0;60.076248060356356
9198.0;60.45079993579111
9204.0;62.59537695970892
9210.0;63.473701107603404
9216.0;63.77976349724437
9222.0;63.02477393118947
9228.0;62.45224463588207
9234.0;62.48782706404837
9240.0;61.170474610733585
9246.0;59.57220825084274
9252.0;57.95628444539569
9258.0;57.47097222965381
9264.0;58.0036385039328
9270.0;59.06602814489807
9276.0;59.69367007330515
9282.0;59.597356733907645
9288.0;59.68685532927797
9294.0;59.60724676011637
9300.0;60.615445649299126
9306.0;60.83443533456757
9312.0;61.0338534779159
9318.0;61.92568103676276
9324.0;62.3377413382703
9330.0;62.89896852684475
9336.0;63.75879396984924
9342.0;63.43189632372388
9348.0;61.41311822269241
9354.0;61.391959798994975
9360.0;59.70166622586617
9366.0;58.21951864586088
9372.0;57.74292515207617
9378.0;57.06215286961121
9384.0;57.37979370536895
9390.0;58.6696641100238
9396.0;59.083991423042725
9402.0;59.842319962345066
9408.0;61.4410857172742
9414.0;61.919878667433714
9420.0;61.726112651011974
9426.0;60.78003242508237
9432.0;60.63621149521469
9438.0;60.841744678625595
9444.0;62.3814131060091
9450.0;62.0346739187281
9456.0;61.06558234401967
9462.0;62.72161497829612
9468.0;60.91287066576016
9474.0;61.506197374614295
9480.0;61.337534647769466
9486.0;59.50342555305685
9492.0;58.018147586423304
9498.0;57.410177291982635
9504.0;59.00889486476703
9510.0;60.722966333971144
9516.0;61.38413404354347
9522.0;58.950457671820864
9528.0;58.549930185654446
9534.0;59.285566530485596
9540.0;60.05662719139474
9546.0;60.87629932254227
9552.0;61.683560014480015
9558.0;63.37487717846615
9564.0;65.05197290169106
9570.0;65.98851941873093
9576.0;65.50524900449915
9582.0;65.1698815741842
9588.0;63.16026270879661
9594.0;63.36194859595594
9600.0;62.56192791022392
9606.0;61.35543259037079
9612.0;58.962307574285276
9618.0;57.14391653454713
9624.0;58.482074361990485
9630.0;58.94722037538997
9636.0;59.30266455275405
9642.0;59.15690686851123
9648.0;59.57934843757991
9654.0;60.14729197565591
9660.0;59.671150207129344
9666.0;60.612182273819876
9672.0;61.145348539866006
9678.0;60.52165908044801
9684.0;62.338004398302054
9690.0;63.51429448166522
9696.0;62.83818339896691
9702.0;62.424436147905695
9708.0;61.99432312177159
9714.0;61.04357387613154
9720.0;60.96438868936213
9726.0;58.493601092619755
9732.0;56.759320147706006
9738.0;58.44706358439982
9744.0;58.89625170721837
9750.0;58.10258485507613
9756.0;59.32596489453184
9762.0;57.32712833223734
9768.0;59.45596641205928
9774.0;59.48201729981284
9780.0;58.54241489200263
9786.0;58.97516313420001
9792.0;59.014618847690826
9798.0;58.83833274318377
9804.0;60.07815266326066
9810.0;60.818706054934495
9816.0;61.31190247356973
9822.0;61.4264757954373
9828.0;61.12959719789843
9834.0;61.42882161621216
9840.0;60.852389291968976
9846.0;58.86389792344258
9852.0;57.179884913685264
9858.0;57.651488616462345
9864.0;59.421315986990244
9870.0;60.27970978233675
9876.0;60.38729046785089
9882.0;60.326494871153365
9888.0;59.378033525143856
9894.0;59.800600450337754
9900.0;59.806104578433825
9906.0;61.85364023017263
9912.0;62.5151363522642
9918.0;62.14936202151614
9924.0;63.27470602952214
9930.0;63.91568676507381
9936.0;65.20716796198208
9942.0;64.05474976486313
9948.0;63.51319241621702
9954.0;62.21548438196129
9960.0;61.49250037126875
9966.0;57.94366615514083
9972.0;56.027424384931436
9978.0;56.67689718330776
9984.0;57.997871392505324
9990.0;58.710212365724466
9996.0;58.06890747982773
10002.0;58.315677441710804
10008.0;57.944161180139595
10014.0;59.012672639968315
10020.0;59.32107321419732
10026.0;59.43220632641948
10032.0;59.10499480223751
10038.0;60.059155487352115
10044.0;60.057305186854094
10050.0;59.98065337708772
10056.0;60.68153989322623
10062.0;60.426605279913794
10068.0;59.84596169858451
10074.0;58.44712739383847
10080.0;55.60611255326444
10086.0;55.09967184209238
10092.0;54.705392565019345
10098.0;53.38100602439144
10104.0;53.513493657246414
10110.0;55.87892442572366
10116.0;56.260714110790026
10122.0;55.16995640887496
10128.0;56.18700102855463
10134.0;57.076211000636725
10140.0;59.15585051672626
10146.0;59.07846402507714
10152.0;59.490379489167836
10158.0;60.78442301168032
10164.0;60.93200213250618
10170.0;62.90941695342413
10176.0;62.17733727523869
10182.0;60.90655745650172
10188.0;61.539281733145934
10194.0;61.82062715068095
10200.0;60.07730334900402
10206.0;59.29021470459943
10212.0;57.28590122619105
10218.0;57.026607861193234
10224.0;58.5845490234091
10230.0;59.29191101633306
10236.0;59.50831192749479
10242.0;59.57107546163912
10248.0;58.07274754034798
10254.0;60.109533271943
10260.0;61.22212096503429
10266.0;60.8456041057125
10272.0;61.490718979327546
10278.0;62.704446256415174
10284.0;64.52779509808624
10290.0;64.4652021679697
10296.0;63.23948390810111
10302.0;63.67355748477145
10308.0;63.352678785553266
10314.0;62.94162789582234
10320.0;61.210849441220205
10326.0;60.57196987865125
10332.0;59.30284426111564
10338.0;58.922250467648325
10344.0;60.973907621468655
10350.0;60.715142213055785
10356.0;59.999040721377526
10362.0;58.45508177850257
10368.0;58.428910515072396
10374.0;57.74222644196534
10380.0;58.729646332779495
10386.0;58.407310704960835
10392.0;59.07690481841918
10398.0;58.30192262046048
10404.0;61.4298599572751
10410.0;61.93994778067885
10416.0;62.818893899833846
10422.0;62.955138855922144
10428.0;62.13814384049371
10434.0;60.49537146926181
10440.0;59.86897697602659
10446.0;58.7427011630667
10452.0;56.920958936624736
10458.0;56.94232138618562
10464.0;57.5903156895324
10470.0;57.383099928791836
10476.0;58.44720642826935
10482.0;57.847845495982334
10488.0;57.78088435693812
10494.0;57.85630374512476
10500.0;57.83492317090362
10506.0;59.61961373995583
10512.0;60.82326958319628
10518.0;61.131760725529816
10524.0;60.74197641088295
10530.0;61.89817207837977
10536.0;61.44518584652977
10542.0;62.04924580611814
10548.0;60.83548705417979
10554.0;59.66589915887411
10560.0;58.832291715614865
10566.0;57.101170057798036
10572.0;56.979700202058176
10578.0;57.060053568911236
10584.0;58.63911243429316
10590.0;59.520863376285064
10596.0;59.641345303995905
10602.0;58.748895194678326
10608.0;57.945294692282644
10614.0;58.63911243429316
10620.0;57.704330836860954
10626.0;57.76294366655812
10632.0;59.79694841140624
10638.0;59.61413220449365
10644.0;60.73963808903568
10650.0;62.65525422151928
10656.0;63.745173745173744
10662.0;61.34181513699586
10668.0;61.60347955528678
10674.0;61.584407126575805
10680.0;60.752663162301715
10686.0;59.49713913569335
10692.0;57.2643117026666
10698.0;57.501496799152584
10704.0;58.84930686685396
10710.0;59.82061437848294
10716.0;59.5327683876019
10722.0;57.849214756136874
10728.0;57.78588863814305
10734.0;59.183208216275965
10740.0;58.954543361120066
10746.0;60.14484410261134
10752.0;60.019343250587205
10758.0;60.63049785842583
10764.0;60.933542117625386
10770.0;62.30760373969511
10776.0;63.09284760281859
10782.0;62.464191958734396
10788.0;62.816285174780084
10794.0;62.62308294570073
