#auto generated file!
6.0;0.0
12.0;0.030395136778115502
18.0;2.127659574468085
24.0;7.142857142857143
30.0;12.70516717325228
36.0;17.21884498480243
42.0;20.288753799392097
48.0;23.054711246200608
54.0;26.21580547112462
60.0;30.13677811550152
66.0;32.58358662613982
72.0;35.714285714285715
78.0;39.255319148936174
84.0;43.06990881458967
90.0;45.379939209726444
96.0;45.547112462006076
102.0;43.890577507598785
108.0;52.669724770642205
114.0;53.12844036697248
120.0;52.88073394495413
126.0;51.5045871559633
132.0;48.6605504587156
138.0;48.63302752293578
144.0;51.08256880733945
150.0;53.46788990825688
156.0;52.73394495412844
162.0;51.706422018348626
168.0;49.92660550458716
174.0;51.11009174311926
180.0;51.788990825688074
186.0;52.211009174311926
192.0;53.678899082568805
198.0;55.85321100917431
204.0;59.174311926605505
210.0;61.08256880733945
216.0;64.27069645203679
222.0;63.78449408672799
228.0;62.6281208935611
234.0;61.813403416557165
240.0;60.61760840998686
246.0;58.73193166885677
252.0;55.45335085413929
258.0;56.077529566360056
264.0;57.03022339027595
270.0;59.960578186596585
276.0;60.88699080157687
282.0;58.37713534822602
288.0;57.67411300919842
294.0;58.088042049934295
300.0;58.50197109067017
306.0;58.23915900131406
312.0;58.16031537450723
318.0;60.597897503285154
324.0;67.99385875127943
330.0;69.83623336745138
336.0;69.64176049129989
342.0;67.71750255885364
348.0;65.35312180143296
354.0;65.19959058341863
360.0;63.95087001023541
366.0;60.24564994882293
372.0;57.80962128966223
378.0;57.40532241555783
384.0;60.04094165813716
390.0;62.159672466734904
396.0;62.41555783009212
402.0;60.76765609007165
408.0;61.110542476970316
414.0;62.6560900716479
420.0;62.88638689866939
426.0;62.27737973387922
432.0;62.627829002514666
438.0;66.0896898575021
444.0;68.87678122380554
450.0;71.5129924559933
456.0;71.02263202011736
462.0;68.84744341994971
468.0;66.27409891031014
474.0;65.39815590947192
480.0;63.981559094719195
486.0;62.40989103101425
492.0;59.42162615255658
498.0;60.310142497904444
504.0;62.29253981559095
510.0;63.872590108968986
516.0;63.776194467728416
522.0;63.725901089689856
528.0;63.22296730930427
534.0;64.53478625314334
540.0;65.25550035486161
546.0;65.23420865862313
552.0;64.72675656493968
558.0;66.80624556422995
564.0;70.25550035486161
570.0;71.47622427253371
576.0;71.9943222143364
582.0;69.61674946770759
588.0;67.72888573456352
594.0;66.55074520936834
600.0;66.05393896380411
606.0;63.449254790631656
612.0;61.31298793470547
618.0;60.99361249112846
624.0;62.99148332150461
630.0;65.45067423704755
636.0;64.05251951738822
642.0;62.76082327892122
648.0;62.676923076923075
654.0;63.23692307692308
660.0;64.08
666.0;64.78153846153846
672.0;64.56307692307692
678.0;65.75384615384615
684.0;69.37538461538462
690.0;69.66461538461539
696.0;69.42153846153846
702.0;67.55076923076923
708.0;67.59076923076923
714.0;67.14769230769231
720.0;65.90153846153846
726.0;63.2
732.0;61.99076923076923
738.0;61.88307692307692
744.0;63.83384615384615
750.0;66.2523076923077
756.0;67.17001629549158
762.0;67.3764258555133
768.0;66.15697990222705
774.0;64.66865833785985
780.0;65.00271591526344
786.0;65.7197175448126
792.0;65.38837588267246
798.0;66.05377512221618
804.0;68.88104291146117
810.0;71.7246061922868
816.0;71.13796849538295
822.0;68.88919065725149
828.0;67.60727865290603
834.0;67.20532319391636
840.0;65.76045627376426
846.0;63.76154263986964
852.0;60.41825095057034
858.0;60.787615426398695
864.0;61.4948954788527
870.0;63.89645114244045
876.0;63.949927078269326
882.0;62.28974234321828
888.0;62.84394749635391
894.0;62.000486144871175
900.0;61.07924161400097
906.0;63.186679630529895
912.0;63.73602333495381
918.0;63.79922216820613
924.0;66.57510938259601
930.0;69.79581915410792
936.0;69.32912007778317
942.0;67.26300437530384
948.0;65.08993680116674
954.0;63.60719494409334
960.0;62.24842002916869
966.0;59.30238210986874
972.0;56.34843818741751
978.0;55.9150901891773
984.0;57.672679278486584
990.0;61.61460624725033
996.0;62.27012758468984
1002.0;61.209854817421906
1008.0;59.41047074351078
1014.0;59.43906731192257
1020.0;58.187417509898815
1026.0;59.71843378794544
1032.0;58.76374835019798
1038.0;58.48218213814342
1044.0;61.691597008359
1050.0;65.64012318521777
1056.0;66.41003079630444
1062.0;65.74571051473824
1068.0;64.9538055433348
1074.0;63.91772987241531
1080.0;63.63398955403777
1086.0;61.761751707513056
1092.0;60.10245078344717
1098.0;60.996384089995985
1104.0;62.72800321414223
1110.0;64.8654077942949
1116.0;65.37163519485738
1122.0;63.28043390920048
1128.0;62.918842908798716
1134.0;63.47328244274809
1140.0;63.20610687022901
1146.0;62.70389714744878
1152.0;62.48895138609883
1158.0;65.06026516673363
1164.0;67.56528726396144
1170.0;71.14704700683005
1176.0;71.01245480112495
1182.0;69.68461229409401
1188.0;69.55822550831793
1194.0;68.63216266173752
1200.0;68.19778188539742
1206.0;66.66728280961183
1212.0;64.48613678373383
1218.0;63.32532347504621
1224.0;64.19593345656192
1230.0;67.35674676524954
1236.0;68.08502772643253
1242.0;66.73752310536044
1248.0;65.93530499075786
1254.0;66.20702402957487
1260.0;66.46950092421442
1266.0;65.27171903881701
1272.0;64.42144177449168
1278.0;65.51386321626617
1284.0;67.3641404805915
1290.0;70.78743068391867
1296.0;70.86442998972954
1302.0;67.9852790140363
1308.0;66.54741526874358
1314.0;65.51523450872989
1320.0;64.98972954467648
1326.0;62.63608353303663
1332.0;59.04313591235878
1338.0;59.06367682300582
1344.0;60.9551523450873
1350.0;63.295104416295786
1356.0;64.47963026360836
1362.0;62.850051352276616
1368.0;62.719958918178705
1374.0;62.891133173570694
1380.0;64.35124957206436
1386.0;64.3033207805546
1392.0;64.36836699760356
1398.0;65.09928106812735
1404.0;67.27765380937201
1410.0;69.09148868345554
1416.0;69.17755817660185
1422.0;67.73669110615238
1428.0;65.58654765699713
1434.0;65.36340452661778
1440.0;64.06598661141217
1446.0;61.57953458718521
1452.0;59.91552438635639
1458.0;58.850812878546385
1464.0;60.564233343959195
1470.0;62.69206248007651
1476.0;63.07778131973223
1482.0;62.69525023908192
1488.0;62.06885559451705
1494.0;62.28243544788014
1500.0;61.915843162256934
1506.0;61.10934013388588
1512.0;61.42857142857143
1518.0;61.356993736951985
1524.0;64.97166716373397
1530.0;67.32031016999701
1536.0;66.93110647181628
1542.0;65.42350134208172
1548.0;62.98389501938563
1554.0;60.73367133909932
1560.0;60.539815090963316
1566.0;59.179838950193854
1572.0;56.164628690724726
1578.0;55.530867879510886
1584.0;56.82373993438711
1590.0;60.237101103489415
1596.0;61.07366537429168
1602.0;60.521920668058456
1608.0;58.704145541306296
1614.0;59.56755144646585
1620.0;61.13196973942281
1626.0;60.669655365648644
1632.0;61.45138694312132
1638.0;63.545811151583074
1644.0;64.65676660128888
1650.0;66.98655085458111
1656.0;66.51863267021575
1662.0;63.94087979826282
1668.0;62.93639674978986
1674.0;61.55505743905856
1680.0;60.36284673578033
1686.0;57.799103390305405
1692.0;54.84589520874194
1698.0;55.005603810591204
1704.0;56.73017652003362
1710.0;59.78005043429532
1716.0;61.63911459792659
1722.0;59.478845615018216
1728.0;60.207397622192865
1734.0;60.121532364597094
1740.0;59.347424042272124
1746.0;59.59313077939234
1752.0;59.45046235138705
1758.0;59.800528401585204
1764.0;61.44649933949802
1770.0;65.9445178335535
1776.0;66.3778071334214
1782.0;64.93130779392338
1788.0;63.589167767503305
1794.0;62.577278731836195
1800.0;60.603698811096436
1806.0;59.66446499339498
1812.0;56.525759577278734
1818.0;57.57331571994716
1824.0;59.9114927344782
1830.0;61.4332892998679
1836.0;61.38965258685329
1842.0;60.23744063984004
1848.0;60.263684078980255
1854.0;58.9265183704074
1860.0;57.8305423644089
1866.0;57.085728567858034
1872.0;58.3779055236191
1878.0;59.66258435391152
1884.0;62.65558610347413
1890.0;63.28417895526118
1896.0;63.584103974006496
1902.0;61.732066983254185
1908.0;60.31867033241689
1914.0;59.55511122219445
1920.0;59.01399650087478
1926.0;57.279430142464385
1932.0;55.62234441389653
1938.0;55.042489377655585
1944.0;57.25397201802229
1950.0;58.721840170737494
1956.0;58.85226464311122
1962.0;57.75432772112877
1968.0;58.95304718994546
1974.0;60.52999762864596
1980.0;61.20464785392459
1986.0;61.463125444628886
1992.0;61.40976997865781
1998.0;61.865069954944275
2004.0;63.46454825705478
2010.0;65.68176428740811
2016.0;64.00047427080864
2022.0;61.97652359497273
2028.0;61.604221010196824
2034.0;60.308276025610624
2040.0;58.7443680341475
2046.0;55.956841356414515
2052.0;55.35303406271148
2058.0;55.51770809835326
2064.0;57.15880893300248
2070.0;60.375592149785696
2076.0;60.535754568012635
2082.0;59.91540717347169
2088.0;58.94992104669524
2094.0;58.42995713963456
2100.0;59.448454771035415
2106.0;59.52740807579517
2112.0;58.59011955786149
2118.0;60.55605684637943
2124.0;63.49763140085721
2130.0;66.08729979697722
2136.0;65.99030002255809
2142.0;65.9293931874577
2148.0;64.75298894653733
2154.0;63.80893300248139
2160.0;63.86749838674984
2166.0;62.283286728328676
2172.0;59.8902989890299
2178.0;59.97311249731125
2184.0;60.56033555603356
2190.0;62.36502473650248
2196.0;62.93181329318133
2202.0;61.63368466336846
2208.0;61.85738868573887
2214.0;61.36588513658852
2220.0;62.490858249085825
2226.0;62.303721230372126
2232.0;61.336846633684665
2238.0;63.69111636911164
2244.0;64.9118089911809
2250.0;66.82082168208217
2256.0;64.37405893740589
2262.0;63.32652183265218
2268.0;62.44398766700925
2274.0;61.53237410071942
2280.0;60.25385405960945
2286.0;59.5775950668037
2292.0;57.63001027749229
2298.0;56.52929085303186
2304.0;57.639260020554985
2310.0;57.90441932168551
2316.0;58.17574511819116
2322.0;57.74203494347379
2328.0;56.77081192189106
2334.0;57.68448098663926
2340.0;57.388489208633096
2346.0;58.52826310380267
2352.0;57.73689619732785
2358.0;59.103802672148
2364.0;60.611510791366904
2370.0;62.13874614594039
2376.0;63.16866758512104
2382.0;61.53414682149183
2388.0;59.665420192875416
2394.0;59.42334186183822
2400.0;57.345010824640816
2406.0;56.997638260185006
2412.0;54.88486518401889
2418.0;55.005904349537495
2424.0;56.76933674473529
2430.0;59.257036016532176
2436.0;59.818933280850224
2442.0;57.52706160204684
2448.0;57.722889195040345
2454.0;57.88624286557764
2460.0;57.68746309781539
2466.0;57.7199370202716
2472.0;57.362723873253294
2478.0;57.509348553434364
2484.0;60.381347932792146
2490.0;61.50368132905418
2496.0;62.36737776099679
2502.0;61.72361714177836
2508.0;58.85595620162356
2514.0;58.373607702473095
2520.0;57.46365867472154
2526.0;55.82877100245422
2532.0;52.467434396828395
2538.0;52.11346044931093
2544.0;53.98999433641684
2550.0;56.734944308098925
2556.0;56.97281480083066
2562.0;55.84576175193506
2568.0;54.864074004153295
2574.0;55.122710968472724
2580.0;56.390409665848594
2586.0;55.778742684538415
2592.0;56.98530745510611
2598.0;55.842553963359336
2604.0;59.129330672954836
2610.0;60.72283693089062
2616.0;59.64447669145656
2622.0;60.1460185017232
2628.0;57.96843823689461
2634.0;57.965717395247594
2640.0;57.446036640667515
2646.0;56.19626337747143
2652.0;53.49718846363142
2658.0;54.09214583711228
2664.0;56.03754761472882
2670.0;57.87320877924905
2676.0;57.77797932160348
2682.0;56.92544893887176
2688.0;56.801197170324684
2694.0;58.22238345728279
2700.0;57.67935067201955
2706.0;59.27125152731716
2712.0;58.16285564670972
2718.0;58.6646884272997
2724.0;61.599755629254666
2730.0;63.17158317332868
2736.0;62.67062314540059
2742.0;61.36847617385233
2748.0;58.8846220980974
2754.0;58.722290102984815
2760.0;57.126898237039626
2766.0;55.49921452260429
2772.0;53.53726653866294
2778.0;53.87851282946413
2784.0;55.233024960726134
2790.0;56.25938209111538
2796.0;56.78652469890033
2802.0;55.936463606214
2808.0;55.62068965517241
2814.0;57.36669470142977
2820.0;57.50967199327166
2826.0;57.57275021026072
2832.0;57.098402018502945
2838.0;57.722455845248106
2844.0;60.10260723296888
2850.0;61.65601345668629
2856.0;61.468460891505465
2862.0;59.86038687973087
2868.0;59.06812447434819
2874.0;59.021867115222875
2880.0;57.97476871320438
2886.0;55.64928511354079
2892.0;53.878889823380995
2898.0;53.81328847771236
2904.0;55.006728343145504
2910.0;57.47098402018503
2916.0;58.758318454796296
2922.0;58.50186658010063
2928.0;57.17416003895472
2934.0;55.65573770491803
2940.0;55.159065086836556
2946.0;54.91072877779581
2952.0;55.607855867553965
2958.0;57.55153384190878
2964.0;59.82551533841909
2970.0;59.9561759454634
2976.0;60.50803440999837
2982.0;59.97971108586268
2988.0;58.53108261645837
2994.0;57.28534328842721
3000.0;55.7799058594384
3006.0;53.03846778120435
3012.0;51.27414380782341
3018.0;51.27576692095439
3024.0;53.25936960953426
3030.0;55.63744707542732
3036.0;55.21561862944959
3042.0;54.21279598557315
3048.0;52.82342794417438
3054.0;52.96534420573938
3060.0;54.21671632429042
3066.0;57.606241179237884
3072.0;57.037792065234434
3078.0;57.43766661439548
3084.0;59.66363493805865
3090.0;61.93507919084209
3096.0;61.22157754429983
3102.0;58.89132821075741
3108.0;57.409440175631175
3114.0;57.05896189430767
3120.0;58.07589775756625
3126.0;57.040928336208246
3132.0;55.56347641437889
3138.0;54.81343849537388
3144.0;56.73820718944335
3150.0;57.933414227210676
3156.0;57.819657212194755
3162.0;56.18307295616563
3168.0;55.86834521462157
3174.0;56.04049749734567
3180.0;55.48232974366753
3186.0;56.22099196117094
3192.0;55.48460488396785
3198.0;56.16411345366298
3204.0;58.22463218565145
3210.0;61.9042924313666
3216.0;61.9042924313666
3222.0;61.640376156529655
3228.0;60.538449871075386
3234.0;60.67723342939481
3240.0;58.84270818034954
3246.0;57.252166250550744
3252.0;54.531502423263326
3258.0;54.33103245704215
3264.0;54.91849023351447
3270.0;57.67513584961081
3276.0;57.07592891760905
3282.0;57.00176237332942
3288.0;55.06682332207372
3294.0;56.00675576442943
3300.0;57.039947128800115
3306.0;57.35276839477162
3312.0;57.33734762813923
3318.0;58.629754736378324
3324.0;60.98546042003231
3330.0;62.07078866206491
3336.0;62.34836246144808
3342.0;60.68732559847261
3348.0;59.1693950177936
3354.0;58.00355871886121
3360.0;56.16014234875445
3366.0;54.30249110320285
3372.0;52.3423487544484
3378.0;52.43416370106762
3384.0;54.83985765124555
3390.0;55.96370106761566
3396.0;56.16014234875445
3402.0;54.786476868327405
3408.0;54.424199288256226
3414.0;55.07686832740214
3420.0;54.99145907473309
3426.0;54.05195729537367
3432.0;54.137366548042706
3438.0;55.46476868327402
3444.0;57.47900355871886
3450.0;58.358718861209965
3456.0;58.94420660129816
3462.0;57.932605993647286
3468.0;57.51346499102334
3474.0;56.41002623946969
3480.0;55.274133406987985
3486.0;52.75514431708328
3492.0;50.51305068360724
3498.0;50.07871840905952
3504.0;51.93274409611932
3510.0;53.53680430879713
3516.0;53.36970031763568
3522.0;52.01767711642039
3528.0;51.98038944897114
3534.0;52.04460709846706
3540.0;52.29940615937025
3546.0;52.36362380886618
3552.0;53.4221792570087
3558.0;55.01311973484325
3564.0;56.983371328952664
3570.0;59.34289928925841
3576.0;58.21509990612847
3582.0;56.931741987394396
3588.0;56.94984578248626
3594.0;55.446560278932544
3600.0;54.54472307898619
3606.0;52.35885744937642
3612.0;50.61284698940593
3618.0;51.12645836127129
3624.0;52.78731393321711
3630.0;55.14080729515891
3636.0;55.11264583612713
3642.0;54.345581332975726
3648.0;55.70671851951187
3654.0;54.95172321308837
3660.0;55.828080997720264
3666.0;55.66782888561084
3672.0;55.93379382249446
3678.0;57.91476606281767
3684.0;60.427472957122376
3690.0;60.859507363482344
3696.0;60.32516616707937
3702.0;59.074025804769974
3708.0;58.59116382119119
3714.0;57.93431513097876
3720.0;55.81454450671185
3726.0;54.193275120552585
3732.0;52.578522090447024
3738.0;51.38928711064773
3744.0;55.04365958555975
3750.0;56.0354489769321
3756.0;55.98983448455623
3762.0;55.10947478170207
3768.0;53.27316564577089
3774.0;54.42981884530171
3780.0;55.7491443782482
3786.0;55.10901254911903
3792.0;54.17860311826594
3798.0;55.6692863480796
3804.0;57.1466599061985
3810.0;59.82317150462669
3816.0;61.08505514006845
3822.0;58.63354037267081
3828.0;56.12815312460388
3834.0;56.39117758904804
3840.0;57.113702623906704
3846.0;54.85739637469895
3852.0;52.34630498161998
3858.0;50.31879832678413
3864.0;51.246038788186084
3870.0;53.582836861452655
3876.0;54.53733046013436
3882.0;52.988338192419825
3888.0;53.29858112276373
3894.0;52.921036397285626
3900.0;53.4287476866132
3906.0;53.800123380629245
3912.0;52.24059222702036
3918.0;53.25354719309068
3924.0;56.164713140037016
3930.0;58.87600246761259
3936.0;57.827267119062306
3942.0;56.15792720542875
3948.0;54.93584207279457
3954.0;54.19185687847008
3960.0;53.254780999383094
3966.0;52.302899444787165
3972.0;49.95373226403455
3978.0;50.14065391733498
3984.0;51.84207279457125
3990.0;53.95311536088834
3996.0;53.8625165244562
4002.0;52.91671674077635
4008.0;52.714217041221005
4014.0;53.48155269799303
4020.0;52.91070784761447
4026.0;51.737171013099385
4032.0;52.78512198053119
4038.0;53.151664463405844
4044.0;56.00408604735008
4050.0;56.76601370027641
4056.0;56.487201057565194
4062.0;55.857469054200216
4068.0;54.96755197692585
4074.0;53.188318711693306
4080.0;53.426270880903736
4086.0;50.81600769138325
4092.0;49.10106958298282
4098.0;48.71950486720346
4104.0;51.308422162352116
4110.0;53.08773573854984
4116.0;53.375893170903126
4122.0;51.60302213892468
4128.0;51.59892233805787
4134.0;52.04345788918824
4140.0;53.46081761743001
4146.0;53.194916246925146
4152.0;52.40892585217289
4158.0;52.92432938971535
4164.0;54.30186248096521
4170.0;54.55897856389832
4176.0;56.20417008316739
4182.0;55.3027995783062
4188.0;54.096872437624455
4194.0;53.48073093592597
4200.0;53.30151106946234
4206.0;52.45578071922221
4212.0;50.305038272592256
4218.0;48.910659202559124
4224.0;51.00536958756997
4230.0;51.296127042156975
4236.0;51.58517079858334
4242.0;51.55775162801325
4248.0;51.215583228607336
4254.0;51.0961955900834
4260.0;51.49205986518908
4266.0;50.91225865417571
4272.0;50.04284245401577
4278.0;52.4551582314635
4284.0;54.209413915229064
4290.0;55.77630526676568
4296.0;55.634639552153544
4302.0;53.87638523934651
4308.0;53.77299211698846
4314.0;53.04638409688107
4320.0;51.63674880142714
4326.0;48.801427137919504
4332.0;46.845244731854166
4338.0;47.73497602854276
4344.0;50.57810235254767
4350.0;52.99252982495261
4356.0;53.77355335042925
4362.0;54.025532389341066
4368.0;51.16345188984279
4374.0;49.85672873230015
4380.0;51.08986509086855
4386.0;50.088638644218975
4392.0;50.387445646114394
4398.0;50.942134017170254
4404.0;52.105585907013044
4410.0;54.94815475526815
4416.0;54.40182852045936
4422.0;54.646560374623704
4428.0;52.77517691888949
4434.0;51.883505715841046
4440.0;51.57212847033206
4446.0;50.128470332063145
4452.0;47.111594991834515
4458.0;46.5971692977681
4464.0;47.507348938486665
4470.0;50.339684267827984
4476.0;50.06423516603157
4482.0;49.18889493739793
4488.0;48.62057702776266
4494.0;49.11812738160044
4500.0;49.00653238976592
4506.0;48.559063690800215
4512.0;48.47142079477409
4518.0;49.261839956450736
4524.0;50.7773543821448
4530.0;53.192161132280894
4536.0;52.6773747473673
4542.0;52.51249867035422
4548.0;50.45846186575896
4554.0;49.947877885331344
4560.0;48.091692373151794
4566.0;48.07839591532816
4572.0;46.67854483565578
4578.0;46.49930858419317
4584.0;47.911924263376235
4590.0;49.03786831188172
4596.0;49.11020104244229
4602.0;49.23146473779385
4608.0;47.581108392724175
4614.0;48.562918838421446
4620.0;47.92894372939049
4626.0;48.072545473885754
4632.0;48.77619402191256
4638.0;47.68641633868737
4644.0;49.95060829780597
4650.0;52.03961734428616
4656.0;50.966517625038996
4662.0;49.88353956535302
4668.0;49.33555162732661
4674.0;50.00623895185609
4680.0;49.253925340542786
4686.0;47.5850057190392
4692.0;45.07486742227306
4698.0;44.78371633565561
4704.0;45.499116148487055
4710.0;47.23042528855152
4716.0;47.59332432151398
4722.0;45.948320682125406
4728.0;45.01819694291359
4734.0;44.90277633357596
4740.0;45.35458043048768
4746.0;45.827181033586356
4752.0;45.88274178785721
4758.0;47.39194548967762
4764.0;47.70670192209906
4770.0;49.38879284043527
4776.0;49.83626563612326
4782.0;48.99471168514187
4788.0;48.723685548662665
4794.0;46.54479812875013
4800.0;46.20105766297163
4806.0;44.854062849588125
4812.0;42.30550188141971
4818.0;42.777890775958504
4824.0;43.89555578155192
4830.0;46.31190887826706
4836.0;47.4707617207363
4842.0;47.34058781653616
4848.0;47.57601952608563
4854.0;47.16210719007424
4860.0;48.21723554582545
4866.0;47.24897999800975
4872.0;48.980495571698675
4878.0;49.068066474276044
4884.0;51.199621852920686
4890.0;52.43556572793313
4896.0;52.036521046870334
4902.0;51.066275251268785
4908.0;48.67349985073142
4914.0;49.419345208478454
4920.0;48.33466016519056
4926.0;47.77440541347398
4932.0;45.988158025674196
4938.0;45.284605433376456
4944.0;46.78127176833516
4950.0;47.60224897999801
4956.0;48.106776793710814
4962.0;47.9366106080207
4968.0;47.6624452021432
4974.0;48.51875304432538
4980.0;49.20603994154895
4986.0;48.70336093521676
4992.0;48.77398928397467
4998.0;49.54554310764735
5004.0;52.03458353628836
5010.0;54.081344374086704
5016.0;53.42717973697029
5022.0;52.914758889430104
5028.0;50.69313200194837
5034.0;50.61519727228446
5040.0;49.02240623477837
5046.0;46.63906478324403
5052.0;43.70579639551875
5058.0;42.245981490501705
5064.0;43.835849975645395
5070.0;46.65854846566001
5076.0;47.46445949813949
5082.0;48.12183951912986
5088.0;47.20875870623032
5094.0;47.67484018700506
5100.0;47.98301688770155
5106.0;47.808415227554626
5112.0;48.733899437076616
5118.0;49.72474000572465
5124.0;52.73781127754985
5130.0;53.913271634386035
5136.0;53.9848296918233
5142.0;52.536971663009254
5148.0;51.79753840282416
5154.0;52.40387367617594
5160.0;52.60757561301403
5166.0;50.79286327640492
5172.0;48.96193111344338
5178.0;47.75116878160481
5184.0;48.21118070487052
5190.0;49.5769842011779
5196.0;49.52650275778256
5202.0;50.24960269234365
5208.0;49.29793400018697
5214.0;49.311956623352344
5220.0;50.378143404692906
5226.0;50.76750490791811
5232.0;48.82163223333645
5238.0;49.05908198560344
5244.0;50.11077872300645
5250.0;50.72917640459942
5256.0;51.32467046835561
5262.0;51.80704870524446
5268.0;50.93390670281387
5274.0;50.839487706833694
5280.0;49.94764887351594
5286.0;48.38459381134898
5292.0;46.59992669293503
5298.0;45.877393933840374
5304.0;46.51791441400165
5310.0;47.401264546870706
5316.0;48.32310088884816
5322.0;46.99899202785669
5328.0;46.598094016310824
5334.0;47.33208100430679
5340.0;47.96618711628333
5346.0;48.43122880967653
5352.0;48.67726564647668
5358.0;49.561073948501786
5364.0;51.13396866122972
5370.0;52.040685421057454
5376.0;51.2535508109594
5382.0;49.83872445706955
5388.0;48.55126912856227
5394.0;47.92678456886282
5400.0;48.29903854793782
5406.0;47.0545421870788
5412.0;45.124898912750474
5418.0;43.60454667984545
5424.0;45.46275496450714
5430.0;48.00116811932788
5436.0;48.82604007547848
5442.0;47.168658459879595
5448.0;47.91041423308474
5454.0;47.41576062539312
5460.0;48.83502560876988
5466.0;49.40785335609669
5472.0;48.221762961631775
5478.0;49.910144667085994
5484.0;53.83592416209902
5490.0;55.84374157606254
5496.0;56.24584419085273
5502.0;54.75155000449276
5508.0;54.04892022917585
5514.0;53.290877038342884
5520.0;53.64345526663728
5526.0;51.906126046716615
5532.0;49.14103129131776
5538.0;47.49493168796827
5544.0;49.25429704715734
5550.0;49.96209784045835
5556.0;49.97884530630233
5562.0;49.08109299250771
5568.0;48.92595857205818
5574.0;48.943587483472896
5580.0;48.57338034376377
5586.0;48.15381225209343
5592.0;48.04583516967827
5598.0;48.77214631996474
5604.0;50.47994711326576
5610.0;50.96606434552666
5616.0;50.66559986160367
5622.0;49.20335611106306
5628.0;48.08580572614826
5634.0;46.72476429374622
5640.0;46.547443992734195
5646.0;45.32479889282934
5652.0;44.44511720439408
5658.0;44.43171005968342
5664.0;45.23657123086238
5670.0;47.506703572355335
5676.0;47.46907706945766
5682.0;47.892483349191245
5688.0;47.72727272727273
5694.0;47.78695614566214
5700.0;48.03131217022749
5706.0;47.81896029755212
5712.0;47.79430845082605
5718.0;49.44987457832367
5724.0;51.64940137556254
5730.0;52.82796977158869
5736.0;53.004585208457165
5742.0;51.698649910843166
5748.0;51.22399592425915
5754.0;49.434066400611364
5760.0;48.70722594888342
5766.0;47.3554385666978
5772.0;45.05604143669865
5778.0;45.336673176530525
5784.0;45.7115564235374
5790.0;46.47703150208033
5796.0;46.59887917126603
5802.0;46.23588350174068
5808.0;46.51736435424981
5814.0;46.538592171181115
5820.0;46.71733038974272
5826.0;46.01978432537998
5832.0;45.533227716167765
5838.0;45.68790127574418
5844.0;48.10847994663554
5850.0;49.73943133494539
5856.0;50.118402401400814
5862.0;48.438255649128656
5868.0;46.829400483615444
5874.0;46.83857250062537
5880.0;47.99174518469107
5886.0;47.30384390894689
5892.0;44.95872592345535
5898.0;43.74468439923289
5904.0;46.01392478946052
5910.0;47.644876177770364
5916.0;46.97656966563829
5922.0;45.85883432002001
5928.0;45.20553656299508
5934.0;44.70899691486701
5940.0;45.50495536079941
5946.0;45.60488164468835
5952.0;44.282086985011055
5958.0;45.71996068474076
5964.0;48.112048488819724
5970.0;50.43861086084036
5976.0;49.89024490130232
5982.0;49.1305594233762
5988.0;47.66893275452535
5994.0;48.73413055942338
6000.0;46.85600786305185
6006.0;46.07543615365714
6012.0;43.48513391760177
6018.0;42.4031452207388
6024.0;44.27594397575559
6030.0;46.01892046850684
6036.0;46.429273486772054
6042.0;45.321484151036124
6048.0;44.52917505030181
6054.0;45.72112676056338
6060.0;46.482494969818916
6066.0;47.095774647887325
6072.0;46.46559356136821
6078.0;46.707042253521124
6084.0;49.482897384305836
6090.0;50.946881287726356
6096.0;51.459154929577466
6102.0;48.74406438631791
6108.0;46.79476861167002
6114.0;46.1887323943662
6120.0;45.47645875251509
6126.0;43.04627766599597
6132.0;41.06398390342052
6138.0;41.44627766599598
6144.0;41.88933601609658
6150.0;43.45513078470825
6156.0;43.61957123645281
6162.0;42.769954908630645
6168.0;41.319120322759275
6174.0;40.370619413021124
6180.0;41.73957756506606
6186.0;41.62803575666482
6192.0;41.930622577327746
6198.0;43.19792737916304
6204.0;45.87928170239696
6210.0;48.63104184795507
6216.0;49.272605015425995
6222.0;48.109326793766314
6228.0;46.72019618701052
6234.0;47.14698204255993
6240.0;45.95918044458508
6246.0;43.34783640534768
6252.0;40.32987896527173
6258.0;41.31674709279329
6264.0;43.23170257447305
6270.0;44.57610640118224
6276.0;44.3871043011589
6282.0;44.24826942521584
6288.0;44.10476783075367
6294.0;44.58466205180058
6300.0;44.652718363537375
6306.0;46.08345648284981
6312.0;45.33444816053512
6318.0;46.80952010577895
6324.0;49.58777319747997
6330.0;50.04705607840087
6336.0;48.929765886287626
6342.0;48.146146068289646
6348.0;47.24663607373415
6354.0;47.13307925643618
6360.0;46.41323792486583
6366.0;45.61211791242125
6372.0;44.015910655549604
6378.0;44.55748489252658
6384.0;46.12866212805018
6390.0;47.3345827277595
6396.0;47.68109844718121
6402.0;45.07917081006655
6408.0;44.337565975675055
6414.0;44.834391493918766
6420.0;45.45628394400673
6426.0;45.444044978199344
6432.0;44.77166679415589
6438.0;46.06058288074658
6444.0;46.94867283714526
6450.0;48.994109997705195
6456.0;49.354394553660214
6462.0;48.33550065019506
6468.0;47.4087814579668
6474.0;48.03449858486958
6480.0;46.468507788396415
6486.0;45.56738656031304
6492.0;43.70306268342238
6498.0;42.94190684024381
6504.0;43.82346301452329
6510.0;46.205884566182554
6516.0;47.15742343291444
6522.0;46.748062307171345
6528.0;46.12875310407104
6534.0;46.54451049740387
6540.0;46.92791030175333
6546.0;44.87546090751749
6552.0;43.36067424185416
6558.0;44.700880427421176
6564.0;48.558582286101284
6570.0;48.82271051245391
6576.0;50.00075250206938
6582.0;48.634208744074044
6588.0;47.97445390596076
6594.0;49.20696038504258
6600.0;49.32469455757127
6606.0;46.435394298408
6612.0;43.8245094409478
6618.0;41.89448352462051
6624.0;43.666790077748985
6630.0;46.10551647537949
6636.0;46.921510551647536
6642.0;46.02036282858201
6648.0;45.20325805257312
6654.0;44.86486486486486
6660.0;45.26360607182525
6666.0;47.02073306182895
6672.0;46.382821177341725
6678.0;46.3435764531655
6684.0;48.712699000370236
6690.0;52.065531284709365
6696.0;51.82384665840682
6702.0;49.676408425041906
6708.0;48.0868741345383
6714.0;46.03418118212958
6720.0;45.20880402303039
6726.0;43.71073536914219
6732.0;42.88353618540923
6738.0;43.20712776036732
6744.0;44.2966984913636
6750.0;45.70840317761096
6756.0;46.479484002623714
6762.0;45.84833466948473
6768.0;46.26412069091174
6774.0;47.12520953283288
6780.0;48.14481451789228
6786.0;46.90729538663363
6792.0;46.98491363603236
6798.0;49.41294366299832
6804.0;49.8869914615771
6810.0;51.33063069527158
6816.0;51.24811652435962
6822.0;50.4021668938796
6828.0;49.35172562244385
6834.0;47.998851976752526
6840.0;46.94267058907943
6846.0;44.82241515390687
6852.0;42.63076702303221
6858.0;41.68006027122049
6864.0;44.68644615053455
6870.0;45.39678553490708
6876.0;45.94496663557437
6882.0;44.45899404462941
6888.0;44.9451101384803
6894.0;45.81617277749874
6900.0;46.53763363708115
6906.0;46.4665996986439
6912.0;46.47353917897266
6918.0;47.88066134388469
6924.0;50.05687840033915
6930.0;51.472126051013916
6936.0;50.61930332791634
6942.0;48.55119056030524
6948.0;47.82484278951459
6954.0;48.02338726771709
6960.0;46.619091358722535
6966.0;46.38910478343814
6972.0;43.46604960079135
6978.0;42.87960149791564
6984.0;45.632374761534656
6990.0;46.809863633151984
6996.0;46.70211262629831
7002.0;46.049247509361976
7008.0;44.627287500883206
7014.0;44.92051155232106
7020.0;44.744937017189784
7026.0;44.25882107314357
7032.0;43.84960679240031
7038.0;45.272809520495514
7044.0;47.268773053100425
7050.0;48.769573387152896
7056.0;48.52773331477486
7062.0;48.02665460366066
7068.0;46.450692462941056
7074.0;47.177952536710976
7080.0;46.18310251235298
7086.0;45.51499756420071
7092.0;44.3228477973415
7098.0;44.89630454450553
7104.0;45.234880645834785
7110.0;45.776672002227016
7116.0;47.2708608810634
7122.0;45.977103486672696
7128.0;44.91086732944806
7134.0;45.321906067877954
7140.0;44.65512512855673
7146.0;44.292766540966745
7152.0;44.24545766198149
7158.0;44.8193349331505
7164.0;46.30099417209462
7170.0;48.612272883099074
7176.0;47.38498457319164
7182.0;47.183407610558795
7188.0;46.12444292080905
7194.0;45.303393897840245
7200.0;45.00034281796366
7206.0;43.784367500857044
7212.0;42.25677065478231
7218.0;42.89749742886527
7224.0;43.8467603702434
7230.0;45.17860815906754
7236.0;45.74758462266063
7242.0;44.04432132963989
7248.0;43.77575839470306
7254.0;44.20917505573948
7260.0;44.73312614012567
7266.0;44.53280183771367
7272.0;43.36869130464158
7278.0;44.9594621985001
7284.0;46.828592662657925
7290.0;48.849064252415374
7296.0;48.8004188906155
7302.0;48.2808594013918
7308.0;47.82920072968043
7314.0;46.67623809202081
7320.0;45.43003851091142
7326.0;43.95784068644011
7332.0;40.971555975947574
7338.0;40.129383149787174
7344.0;42.94133315575681
7350.0;43.140107877738565
7356.0;44.29380035959246
7362.0;42.16854231870547
7368.0;41.69374708663515
7374.0;42.14723313577945
7380.0;43.34520876340148
7386.0;43.82066990743824
7392.0;43.55264034094693
7398.0;42.97729240194446
7404.0;45.41286541919158
7410.0;47.596390757141904
7416.0;47.92701604847839
7422.0;46.13904241859226
7428.0;45.33695145501765
7434.0;44.65472464540188
7440.0;43.54065392555104
7446.0;42.823133781714056
7452.0;40.22385610188407
7458.0;40.43819339591676
7464.0;42.031444889384886
7470.0;43.37917678723823
7476.0;42.69382262193921
7482.0;41.159981618853806
7488.0;40.99422306833848
7494.0;42.283529180069586
7500.0;42.38790783168122
7506.0;41.72651480338738
7512.0;40.94465962056063
7518.0;42.44042539224053
7524.0;45.345959430184465
7530.0;46.79314645834701
7536.0;45.87507385281954
7542.0;44.54047134510602
7548.0;43.79636315893127
7554.0;44.380292785400115
7560.0;43.71318531943815
7566.0;42.775907825749236
7572.0;40.86898828403133
7578.0;41.61466761602693
7584.0;42.34804841737329
7590.0;44.80645996504628
7596.0;44.67214706453492
7602.0;43.19955984206098
7608.0;42.351932163894105
7614.0;42.2742572334779
7620.0;43.1726972619587
7626.0;43.36591365136902
7632.0;44.97087190109392
7638.0;45.44177616674219
7644.0;49.684121949640755
7650.0;52.22150300990355
7656.0;51.6056055408117
7662.0;49.118065894232636
7668.0;47.558250877752954
7674.0;48.50750079795723
7680.0;49.38461538461539
7686.0;48.63262049154165
7692.0;46.72007660389403
7698.0;46.13309926587935
7704.0;45.675071816150655
7710.0;46.78295563357804
7716.0;46.026172997127354
7722.0;44.7762527928503
7728.0;43.86370890520268
7734.0;44.73603574848388
7740.0;45.20140440472391
7746.0;45.41717203957868
7752.0;46.371528886051706
7758.0;46.513246090009574
7764.0;47.499202042770506
7770.0;50.03511011809767
7776.0;49.81235438574397
7782.0;48.223978338895535
7788.0;46.92368238775896
7794.0;46.669920030224795
7800.0;45.363327246395066
7806.0;43.29229897361627
7812.0;41.57704174800075
7818.0;42.466784207543604
7824.0;43.5873055852906
7830.0;45.025817014041934
7836.0;44.453434922234116
7842.0;43.453497890561046
7848.0;43.29670675650148
7854.0;45.129399911844345
7860.0;45.54184245324602
7866.0;44.53749763868774
7872.0;43.94402115735785
7878.0;45.3019331276368
7884.0;46.608684848108346
7890.0;49.72541467354166
7896.0;49.9624153568988
7902.0;48.917500155308446
7908.0;46.61924582220289
7914.0;48.21519537802075
7920.0;47.227744300180156
7926.0;45.23234143008014
7932.0;43.64136174442443
7938.0;43.61123190656644
7944.0;44.76144623221718
7950.0;46.88513387587749
7956.0;48.04124992234578
7962.0;46.27383984593403
7968.0;45.63210536124744
7974.0;46.9081195253774
7980.0;46.419519165061814
7986.0;46.12194818910356
7992.0;45.492551952430574
7998.0;45.93912830258076
8004.0;47.86305400600748
8010.0;50.20259915404892
8016.0;49.12615705265739
8022.0;47.0167964200331
8028.0;45.71231533133084
8034.0;44.38055538527555
8040.0;44.874639857782135
8046.0;44.25243670692086
8052.0;42.30092564212591
8058.0;41.98308097836082
8064.0;43.1953043584871
8070.0;45.06191381107092
8076.0;44.997241463863176
8082.0;44.395267578005274
8088.0;43.758965242444674
8094.0;44.85686262490039
8100.0;44.430395063222214
8106.0;43.58642386109263
8112.0;44.48212233044951
8118.0;44.42404259180834
8124.0;47.04368080343639
8130.0;49.470022384899266
8136.0;50.1330994010527
8142.0;48.715893278480245
8148.0;47.12596043317805
8154.0;46.24145441345514
8160.0;45.207211567547944
8166.0;42.805674874463065
8172.0;41.48738580676387
8178.0;42.80083489624297
8184.0;43.643293605178776
8190.0;45.91929336317987
8196.0;45.33547099038054
8202.0;45.87694355375401
8208.0;45.85398626455658
8214.0;47.25768886234697
8220.0;46.93580173186026
8226.0;47.048969841743805
8232.0;45.06987160346372
8238.0;47.01731860256793
8244.0;48.30247835174679
8250.0;51.14780531501941
8256.0;51.573902657509706
8262.0;51.23111376530308
8268.0;48.92236488504031
8274.0;48.51149596894595
8280.0;47.783517467900865
8286.0;46.53000895789788
8292.0;44.95759928336817
8298.0;44.5494177366378
8304.0;45.40400119438638
8310.0;46.90862944162436
8316.0;48.44997346854549
8322.0;47.2890749366193
8328.0;47.04321679146277
8334.0;46.83391309474677
8340.0;47.055598136902304
8346.0;47.32916691232828
8352.0;47.35982548198809
8358.0;47.566770827191796
8364.0;48.9847296739579
8370.0;51.287365131772894
8376.0;51.41442131949767
8382.0;49.236483697895174
8388.0;47.82294676021461
8394.0;48.36035611107835
8400.0;48.263074111196275
8406.0;46.05624668356818
8412.0;42.394905960733446
8418.0;41.8365662401981
8424.0;44.1523548931711
8430.0;45.64795948070094
8436.0;46.337253303836526
8442.0;45.56005123129766
8448.0;44.38114921115445
8454.0;44.575013098911334
8460.0;45.96058683122781
8466.0;46.36374221342493
8472.0;46.222273971007745
8478.0;45.865401408860684
8484.0;46.52034697560692
8490.0;48.03923851662106
8496.0;49.210281189963325
8502.0;48.92792687896606
8508.0;47.537695755952726
8514.0;47.87506549455667
8520.0;47.62269313617046
8526.0;46.58555044536298
8532.0;43.662967860633586
8538.0;43.412004829529124
8544.0;46.475018685678144
8550.0;47.62519404358075
8556.0;46.60409360087392
8562.0;46.38101535100328
8568.0;45.26274938193526
8574.0;46.398551141263724
8580.0;46.8297590984879
8586.0;45.254987638705224
8592.0;44.17754268958777
8598.0;44.51503478410855
8604.0;45.8664405220491
8610.0;47.47398378658081
8616.0;47.99315816707871
8622.0;46.290749151957684
8628.0;45.73966538262519
8634.0;45.722129592364745
8640.0;45.9483786699983
8646.0;45.16667613152365
8652.0;43.85172355045715
8658.0;43.55443239252655
8664.0;43.760576977681865
8670.0;45.193650973933785
8676.0;46.50604804361406
8682.0;46.39843261968311
8688.0;45.74564143335794
8694.0;45.92168777329775
8700.0;45.62269294110966
8706.0;46.21159634277926
8712.0;47.11085240502016
8718.0;45.15247884604464
8724.0;46.87546141177807
8730.0;48.93577148049293
8736.0;49.413936055426205
8742.0;48.77818161167585
8748.0;46.60280504908836
8754.0;46.093969144460026
8760.0;44.80841514726508
8766.0;43.14586255259467
8772.0;41.555960729312766
8778.0;40.624684431977556
8784.0;41.611220196353436
8790.0;42.66423562412342
8796.0;44.07461430575035
8802.0;43.29228611500701
8808.0;42.72538569424965
8814.0;43.185694249649366
8820.0;43.03029453015428
8826.0;44.73211781206171
8832.0;43.33744740532959
8838.0;43.435063113604485
8844.0;45.42748948106592
8850.0;47.345021037868165
8856.0;47.89701236073388
8862.0;46.04373371764314
8868.0;46.39293830718918
8874.0;47.00958926888753
8880.0;46.81309240064298
8886.0;44.85837813868411
8892.0;43.77224100659609
8898.0;42.41699462335791
8904.0;44.231195609999446
8910.0;45.59059919073222
8916.0;45.710049332076935
8922.0;43.611218890305416
8928.0;43.09101491048168
8934.0;42.836040130813146
8940.0;42.20497755113353
8946.0;41.86159303807993
8952.0;42.01319217338285
8958.0;43.32880660717255
8964.0;44.70422303773895
8970.0;45.683573423892206
8976.0;44.309853754724216
8982.0;43.057731281152435
8988.0;42.60119406255135
8994.0;42.117817823300655
9000.0;42.524511146409594
9006.0;41.84915374924687
9012.0;40.19006408500849
9018.0;38.5052308703511
9024.0;39.47526975954428
9030.0;41.82231472859725
9036.0;42.258038012817
9042.0;41.061236785890344
9048.0;39.51032480692337
9054.0;39.87100838034726
9060.0;40.6378375417648
9066.0;40.26263898778551
9072.0;41.13517024847074
9078.0;42.63492664970497
9084.0;44.749905267146644
9090.0;47.50933795268771
9096.0;47.41433443403887
9102.0;45.79007199696855
9108.0;43.761164943430956
9114.0;43.67211606127862
9120.0;43.78200617116873
9126.0;41.363611757700426
9132.0;39.702809505765174
9138.0;38.66940940832566
9144.0;39.426460239268124
9150.0;41.57391869214529
9156.0;42.23190602500947
9162.0;41.52249228603908
9168.0;41.83538136740107
9174.0;41.32165863692957
9180.0;41.52228583658837
9186.0;41.24270961528172
9192.0;39.84937663866445
9198.0;40.36572315265664
9204.0;42.74198726523623
9210.0;43.8578843169779
9216.0;44.84803895339505
9222.0;44.86703408422066
9228.0;44.163679169564986
9234.0;43.549146556798114
9240.0;41.57552571031088
9246.0;39.18106907806731
9252.0;38.26341698325218
9258.0;37.1047140028894
9264.0;38.30595537481941
9270.0;39.0210819198459
9276.0;41.2726737653165
9282.0;40.267804590935846
9288.0;39.42052367098651
9294.0;38.314996032795555
9300.0;38.38508331129331
9306.0;38.94049193335096
9312.0;39.44617825971965
9318.0;40.75720708807194
9324.0;41.4705104469717
9330.0;42.98915630785506
9336.0;42.487172705633434
9342.0;41.14096799788416
9348.0;40.21343559904787
9354.0;39.122454377148905
9360.0;39.65167944988099
9366.0;38.76461253636604
9372.0;36.94921978312616
9378.0;36.031473155249934
9384.0;37.036233800581854
9390.0;38.23353610156043
9396.0;39.7738089012081
9402.0;39.150410543381625
9408.0;37.847654411380155
9414.0;39.09262067883479
9420.0;39.47178494848596
9426.0;38.54191726374144
9432.0;40.21834632079912
9438.0;41.04936980283458
9444.0;42.32074682286491
9450.0;42.67376183254014
9456.0;43.16902881648449
9462.0;40.08916897651797
9468.0;38.938078552376965
9474.0;38.502693373777525
9480.0;36.47507975524292
9486.0;35.96699963391036
9492.0;34.39647507975524
9498.0;34.28429475445845
9504.0;35.07343434865801
9510.0;36.98841599007085
9516.0;37.326369136887834
9522.0;35.804933547085895
9528.0;35.01577287066246
9534.0;35.745720639189116
9540.0;36.445156952991674
9546.0;36.38671976004551
9552.0;36.002482287841964
9558.0;36.57573563634483
9564.0;38.24326420851218
9570.0;39.40166520142731
9576.0;40.841133578114494
9582.0;40.154884418472356
9588.0;39.71453689817449
9594.0;37.96917825929565
9600.0;38.63319025702022
9606.0;37.255003361431456
9612.0;34.79721781823761
9618.0;34.69851173732931
9624.0;35.29662967319593
9630.0;37.216283946197514
9636.0;37.32163862322917
9642.0;37.58144530251112
9648.0;36.037692425714724
9654.0;36.34097069503401
9660.0;38.21689766276275
9666.0;37.60445967370736
9672.0;37.675548509180175
9678.0;39.42770930292027
9684.0;40.29637395796041
9690.0;43.44013706336624
9696.0;45.38561857515471
9702.0;43.44985424231576
9708.0;42.11067355393034
9714.0;40.27617245435483
9720.0;40.295917851181144
9726.0;39.261217057008444
9732.0;37.09342910617634
9738.0;36.36021043047195
9744.0;36.77449542212555
9750.0;37.633668875512164
9756.0;37.69259952450807
9762.0;38.157215842986496
9768.0;38.2917699428398
9774.0;38.27785927462188
9780.0;39.20405685669483
9786.0;38.81278769791087
9792.0;39.05837422226718
9798.0;39.896555212706765
9804.0;41.945470180585765
9810.0;43.231574687642265
9816.0;44.099600384440286
9822.0;43.45465122160959
9828.0;42.234926194645986
9834.0;41.84938704028021
9840.0;41.44458343757818
9846.0;40.92069051788842
9852.0;39.89942456842632
9858.0;40.30072554415812
9864.0;41.24343257443082
9870.0;41.9787340505379
9876.0;43.0655491618714
9882.0;41.86765073805354
9888.0;41.481361020765576
9894.0;40.47535651738804
9900.0;41.84788591443583
9906.0;40.23367525644233
9912.0;40.80860645484113
9918.0;42.3324993745309
9924.0;43.7543157368026
9930.0;44.17638228671504
9936.0;44.653730013365674
9942.0;44.86139300034652
9948.0;44.369338151576656
9954.0;42.60358398099104
9960.0;41.84347309539132
9966.0;41.45611603385971
9972.0;37.85332409286669
9978.0;37.46769961883075
9984.0;38.38720855403198
9990.0;39.159200039602
9996.0;38.668877778327804
10002.0;38.36963516657591
10008.0;37.311024206722436
10014.0;38.81243502796891
10020.0;39.992327112519185
10026.0;39.29780703925548
10032.0;39.986634325033414
10038.0;39.55076481362309
10044.0;40.12979379928491
10050.0;42.385512073272274
10056.0;43.47749424499192
10062.0;42.30788068766224
10068.0;40.53754224420826
10074.0;39.683352108537
10080.0;37.64142626242837
10086.0;36.34936572464123
10092.0;34.27119557231719
10098.0;33.11603075868149
10104.0;34.895920066611154
10110.0;36.49262869177646
10116.0;37.05417054415438
10122.0;36.58030072978401
10128.0;37.01939560170446
10134.0;36.97751873438801
10140.0;38.018318068276436
10146.0;39.04515844639271
10152.0;38.282847865070515
10158.0;41.805845005573595
10164.0;42.249309358794164
10170.0;42.89293849658314
10176.0;41.50390151698735
10182.0;39.936509475112686
10188.0;38.13648039548296
10194.0;38.74012504240779
10200.0;36.810449280279165
10206.0;34.79692725245965
10212.0;32.571850918431636
10218.0;32.84738041002278
10224.0;34.638927930984345
10230.0;35.08820821014879
10236.0;35.974894586342266
10242.0;35.490476421266905
10248.0;35.654049338438426
10254.0;36.08127756506567
10260.0;37.558875725454456
10266.0;36.80776056405583
10272.0;36.891697443522474
10278.0;39.299966425248215
10284.0;39.89735718739508
10290.0;41.63844788718883
10296.0;41.69984171902729
10302.0;41.23507122643772
10308.0;39.98633027962972
10314.0;40.096887140870066
10320.0;39.70646074152238
10326.0;39.867619550098325
10332.0;37.1461460981342
10338.0;36.46242025996451
10344.0;36.27488128927047
10350.0;38.333013573792506
10356.0;39.52899419636434
10362.0;38.495371480646554
10368.0;38.09874198908142
10374.0;38.011393306432474
10380.0;38.15309755518633
10386.0;38.823641110847376
10392.0;39.74626157132685
10398.0;40.11891763588891
10404.0;40.59886066935675
10410.0;43.21314977450748
10416.0;42.32399715167339
10422.0;41.68810823641111
10428.0;40.35888915262284
10434.0;39.595300261096604
10440.0;39.25492523142654
10446.0;37.27059102777118
10452.0;35.839306907192025
10458.0;34.82886304296226
10464.0;35.157132684547825
10470.0;36.210064087348684
10476.0;35.73821718904187
10482.0;34.328978901367414
10488.0;34.567924439641
10494.0;34.11329354823552
10500.0;35.66914148771205
10506.0;37.20666322071331
10512.0;37.075560359005685
10518.0;37.925849349184716
10524.0;39.297025515718246
10530.0;39.95371458108172
10536.0;40.49927165076829
10542.0;40.05920774399699
10548.0;38.95117710633899
10554.0;39.512945820215215
10560.0;39.38419247215826
10566.0;38.441097692777596
10572.0;36.78516047178234
10578.0;37.10798364738499
10584.0;37.71875145369121
10590.0;39.46783272084477
10596.0;39.400148857980184
10602.0;37.806670698236964
10608.0;37.0454016839559
10614.0;37.631762571521605
10620.0;37.03353956366004
10626.0;36.95515653346979
10632.0;38.27348002046797
10638.0;39.082662697120526
10644.0;40.625901288551894
10650.0;43.1355537982044
10656.0;43.21649532492906
10662.0;41.773038098339306
10668.0;40.61101549053356
10674.0;40.89105456575336
10680.0;39.38898450946644
10686.0;39.54784388519328
10692.0;38.68304702252107
10698.0;38.08041265601253
10704.0;38.988163772854975
10710.0;40.39331276193985
10716.0;39.73472113480403
10722.0;39.009349237783816
10728.0;37.9268180352784
10734.0;37.657163911021044
10740.0;39.173766867775065
10746.0;39.2182102887671
10752.0;38.22594758900198
10758.0;38.94625339658269
10764.0;40.760604246304055
10770.0;41.937779210611154
10776.0;41.63427439782619
10782.0;40.47690323769171
10788.0;38.885920876894026
10794.0;38.68534979044812
