#auto generated file!
6.0;0.0
12.0;0.1519756838905775
18.0;2.5835866261398177
24.0;7.006079027355623
30.0;12.49240121580547
36.0;17.887537993920972
42.0;21.170212765957448
48.0;25.167173252279635
54.0;31.732522796352583
60.0;37.21884498480243
66.0;43.48024316109422
72.0;49.58966565349544
78.0;54.088145896656535
84.0;58.66261398176292
90.0;62.38601823708207
96.0;61.91489361702128
102.0;60.33434650455927
108.0;73.8256880733945
114.0;79.22935779816514
120.0;78.18348623853211
126.0;76.6788990825688
132.0;77.02752293577981
138.0;76.20183486238533
144.0;78.60550458715596
150.0;77.96330275229357
156.0;77.63302752293578
162.0;76.86238532110092
168.0;76.53211009174312
174.0;76.24770642201835
180.0;75.91743119266054
186.0;75.4954128440367
192.0;75.44036697247707
198.0;76.63302752293578
204.0;78.42201834862385
210.0;78.29357798165138
216.0;83.96846254927726
222.0;81.65571616294349
228.0;80.9592641261498
234.0;80.78843626806834
240.0;80.33508541392904
246.0;79.57293035479633
252.0;77.95006570302233
258.0;79.45466491458608
264.0;81.83311432325887
270.0;82.67411300919842
276.0;82.24047306176084
282.0;80.56504599211564
288.0;79.95400788436268
294.0;79.79632063074901
300.0;80.57161629434954
306.0;79.31011826544021
312.0;79.86859395532194
318.0;81.73455978975034
324.0;86.00818833162744
330.0;86.53019447287615
336.0;85.56806550665301
342.0;83.55168884339815
348.0;83.92016376663256
354.0;83.93039918116683
360.0;84.00204708290686
366.0;82.91709314227226
372.0;81.48413510747186
378.0;82.52302968270214
384.0;84.503582395087
390.0;86.17195496417605
396.0;86.55066530194473
402.0;84.1351074718526
408.0;83.35721596724667
414.0;84.17604912998976
420.0;83.88945752302968
426.0;83.23439099283522
432.0;85.70829840737636
438.0;87.12070410729254
444.0;88.83487007544007
450.0;89.0276613579212
456.0;88.83487007544007
462.0;86.99497066219614
468.0;86.11902766135792
474.0;86.16093880972339
480.0;86.33696563285834
486.0;84.81559094719195
492.0;83.83906119027661
498.0;84.34618608549874
504.0;86.37468566638726
510.0;87.4140821458508
516.0;86.82732606873428
522.0;85.63285834031852
528.0;85.81307627829003
534.0;86.5046102263202
540.0;87.73598296664301
546.0;87.95599716110716
552.0;87.35982966643009
558.0;88.65507452093684
564.0;89.38254080908446
570.0;89.78708303761533
576.0;89.43931866572036
582.0;87.40951029098652
588.0;87.45209368346345
594.0;87.21078779276083
600.0;86.72462739531582
606.0;86.34492547906316
612.0;85.20227111426544
618.0;86.14620298083747
624.0;87.99148332150462
630.0;88.5805535841022
636.0;87.77856635911995
642.0;86.87721788502483
648.0;87.85538461538462
654.0;87.36615384615385
660.0;87.95692307692308
666.0;87.16
672.0;87.2523076923077
678.0;88.43692307692308
684.0;90.91384615384615
690.0;92.00615384615385
696.0;91.33846153846154
702.0;89.29846153846154
708.0;88.78461538461538
714.0;88.52923076923076
720.0;87.50153846153846
726.0;86.56
732.0;86.66461538461539
738.0;87.72307692307692
744.0;90.15384615384616
750.0;90.89538461538461
756.0;91.03747963063553
762.0;90.11950027159152
768.0;90.14665942422596
774.0;90.51059206952743
780.0;89.71754481260184
786.0;89.31558935361217
792.0;89.04942965779468
798.0;90.1738185768604
804.0;91.73818576860403
810.0;92.39543726235742
816.0;91.50461705594786
822.0;89.66865833785985
828.0;90.11950027159152
834.0;88.64204236827811
840.0;86.96903856599674
846.0;87.30581205866378
852.0;87.28408473655622
858.0;87.58283541553503
864.0;90.82401555663587
870.0;92.19980554205154
876.0;91.32474477394264
882.0;91.10841030627127
888.0;90.46183762761302
894.0;90.46183762761302
900.0;89.19056878949927
906.0;88.90131259115216
912.0;88.92561983471074
918.0;88.8988818667963
924.0;91.66261545940691
930.0;93.04569761789013
936.0;92.311618862421
942.0;90.74137092853671
948.0;89.92221682061255
954.0;90.09722897423433
960.0;88.78706854642684
966.0;88.33738454059309
972.0;87.95864496260448
978.0;88.49098108227012
984.0;91.90057193136823
990.0;91.64540255169379
996.0;89.29168499780026
1002.0;88.7065552133744
1008.0;89.00131984161901
1014.0;88.6053673559173
1020.0;88.66256049274087
1026.0;89.26528816542015
1032.0;88.53497580290365
1038.0;90.0175978882534
1044.0;92.01935767707874
1050.0;93.07083150021997
1056.0;91.61460624725034
1062.0;90.39155301363836
1068.0;89.81082270127585
1074.0;88.83853937527496
1080.0;88.73242265970269
1086.0;87.50502209722781
1092.0;86.25150662916835
1098.0;87.8505423865006
1104.0;90.48814785054239
1110.0;91.19124146243472
1116.0;90.91803937324227
1122.0;89.55604660506228
1128.0;89.96384089995982
1134.0;89.69867416633186
1140.0;90.64885496183206
1146.0;89.74487746082764
1152.0;89.83326637203696
1158.0;92.0831659300924
1164.0;93.33467255926075
1170.0;94.07593411008438
1176.0;93.12575331458417
1182.0;90.64483728404981
1188.0;90.02218114602587
1194.0;90.59149722735674
1200.0;90.34750462107209
1206.0;88.83179297597043
1212.0;87.84103512014788
1218.0;88.39556377079482
1224.0;92.32162661737523
1230.0;92.61922365988909
1236.0;92.22550831792977
1242.0;89.99630314232903
1248.0;89.452865064695
1254.0;88.62476894639556
1260.0;89.5268022181146
1266.0;89.1275415896488
1272.0;89.39741219963031
1278.0;90.19593345656192
1284.0;93.04251386321627
1290.0;93.58964879852125
1296.0;93.00239643957549
1302.0;90.8610065046217
1308.0;90.66929133858268
1314.0;91.17254364943513
1320.0;89.5258473125642
1326.0;89.00547757617254
1332.0;87.60356042451215
1338.0;88.80006846970215
1344.0;92.64977747346799
1350.0;91.97706264977748
1356.0;92.49229715850736
1362.0;92.00102704553235
1368.0;91.44299897295447
1374.0;92.04382060938035
1380.0;91.22560766860664
1386.0;89.92297158507361
1392.0;89.8630605956864
1398.0;92.20814789455666
1404.0;94.90914886834555
1410.0;94.0867070449474
1416.0;93.3216448836468
1422.0;91.63532036978005
1428.0;91.38667516735735
1434.0;90.80012751036021
1440.0;90.55467006694293
1446.0;87.93114440548294
1452.0;86.59866114121772
1458.0;87.3254701944533
1464.0;91.26872808415683
1470.0;92.51514185527574
1476.0;93.10806503028371
1482.0;92.07204335352247
1488.0;91.08383806184253
1494.0;91.00733184571246
1500.0;90.95951546063118
1506.0;90.46222505578578
1512.0;90.94840441395765
1518.0;92.46644795705339
1524.0;94.08887563376081
1530.0;94.08141962421712
1536.0;92.78705636743216
1542.0;91.8505815687444
1548.0;91.0632269609305
1554.0;91.97286012526096
1560.0;92.03996421115419
1566.0;90.86340590515955
1572.0;90.19683865195347
1578.0;91.35401133313451
1584.0;94.00536832687146
1590.0;94.49150014912018
1596.0;93.47300924545183
1602.0;92.48583358186698
1608.0;92.97196540411572
1614.0;92.5797793021175
1620.0;92.87475483328663
1626.0;91.58587839731017
1632.0;92.16026898290838
1638.0;93.20257775287195
1644.0;94.7212104230877
1650.0;94.46343513589241
1656.0;94.34855701877277
1662.0;92.7991033903054
1668.0;91.66293079293919
1674.0;91.54945362846736
1680.0;91.21602689829083
1686.0;90.12608573830205
1692.0;87.85934435416083
1698.0;88.42252731857663
1704.0;90.44270103670496
1710.0;91.61389745026618
1716.0;92.11263659288316
1722.0;91.00308209582516
1728.0;91.59841479524438
1734.0;91.93394980184941
1740.0;91.89035667107001
1746.0;92.09114927344783
1752.0;91.4002642007926
1758.0;93.7556142668428
1764.0;94.68031704095112
1770.0;95.42404227212681
1776.0;93.15852047556143
1782.0;91.0449141347424
1788.0;91.62747688243064
1794.0;90.76221928665785
1800.0;90.72655217965654
1806.0;89.52047556142668
1812.0;88.75165125495377
1818.0;89.96433289299868
1824.0;93.24042272126816
1830.0;93.91941875825627
1836.0;93.94651337165709
1842.0;91.0272431892027
1848.0;91.87953011747064
1854.0;93.34666333416646
1860.0;92.63434141464634
1866.0;92.46688327918021
1872.0;91.00974756310923
1878.0;93.6065983504124
1884.0;95.16870782304424
1890.0;94.09897525618595
1896.0;93.38415396150963
1902.0;92.04198950262435
1908.0;90.49987503124218
1914.0;91.55961009747563
1920.0;89.80754811297176
1926.0;88.98275431142214
1932.0;86.88577855536116
1938.0;89.25518620344914
1944.0;91.99668010433957
1950.0;94.1913682712829
1956.0;94.0538297367797
1962.0;91.99668010433957
1968.0;91.04576713303297
1974.0;91.15959212710457
1980.0;91.04576713303297
1986.0;92.0583353094617
1992.0;92.79464073986246
1998.0;94.83281953995731
2004.0;95.33080388902063
2010.0;95.29997628645957
2016.0;93.57363054304008
2022.0;93.5096039838748
2028.0;91.55442257529049
2034.0;92.32985534740337
2040.0;90.78136115722077
2046.0;91.71093194213896
2052.0;90.72411459508234
2058.0;92.03248364538688
2064.0;93.02165576359124
2070.0;93.78073539363862
2076.0;93.18971351229416
2082.0;92.03248364538688
2088.0;92.03699526280171
2094.0;92.55357545680127
2100.0;92.23325062034739
2106.0;92.28513422061809
2112.0;92.64380780509813
2118.0;93.62621249718023
2124.0;95.5019174374013
2130.0;96.37491540717348
2136.0;94.90187232122716
2142.0;93.65892172343786
2148.0;92.81524926686217
2154.0;92.23550642905482
2160.0;92.61561626156163
2166.0;91.26263712626371
2172.0;89.70638847063884
2178.0;89.88061948806195
2184.0;93.27704882770489
2190.0;94.59023445902345
2196.0;93.73306087330609
2202.0;91.84663368466337
2208.0;91.45192514519252
2214.0;92.94579479457948
2220.0;92.08324370832437
2226.0;91.09270810927082
2232.0;90.94106259410626
2238.0;92.35426973542697
2244.0;95.42697354269735
2250.0;95.90879759087976
2256.0;94.7440309744031
2262.0;93.38029683802968
2268.0;92.86742034943474
2274.0;92.7070914696814
2280.0;91.79856115107914
2286.0;91.27852004110997
2292.0;89.28057553956835
2298.0;91.61973278520041
2304.0;94.49331963001028
2310.0;94.41932168550873
2316.0;92.91469681397739
2322.0;92.2672147995889
2328.0;92.58581706063721
2334.0;92.39054470709146
2340.0;92.56115107913669
2346.0;91.99588900308325
2352.0;91.75539568345324
2358.0;93.65262076053443
2364.0;95.59917780061664
2370.0;96.14182939362796
2376.0;95.31588270025586
2382.0;92.93741389490258
2388.0;92.66975004920292
2394.0;92.69533556386538
2400.0;91.71226136587286
2406.0;90.24207833103719
2412.0;88.9185199763826
2418.0;90.23223774847472
2424.0;93.69907498523912
2430.0;94.82188545561897
2436.0;93.22672702223971
2442.0;90.92501476087385
2448.0;90.98405825624877
2454.0;91.77622515252904
2460.0;92.13343829954734
2466.0;90.89254083841763
2472.0;91.34323951977957
2478.0;93.6764416453454
2484.0;95.8278270719275
2490.0;95.635265244478
2496.0;93.81725505002832
2502.0;93.44345856144987
2508.0;92.16915235038701
2514.0;90.67585425712667
2520.0;90.77874268453841
2526.0;90.47574098546347
2532.0;89.08627525014158
2538.0;91.36114781952048
2544.0;93.9512931848216
2550.0;93.83990938266943
2556.0;92.99414763073437
2562.0;92.19369454408155
2568.0;93.5170851425335
2574.0;93.27543892769492
2580.0;91.66698131017557
2586.0;91.33094204266565
2592.0;92.65644839470343
2598.0;91.72047886812987
2604.0;94.50299292581171
2610.0;95.93143479049519
2616.0;94.10937783421005
2622.0;92.72991111917287
2628.0;91.94177398875385
2634.0;91.93542535824415
2640.0;91.69145655722836
2646.0;90.3083620533285
2652.0;89.15019045891529
2658.0;90.28024668964267
2664.0;92.13767458733902
2670.0;93.90168692182115
2676.0;93.73390168692183
2682.0;92.63014692544894
2688.0;92.34445855251225
2694.0;92.021585343733
2700.0;92.52400069820213
2706.0;92.43847093733636
2712.0;93.88724035608308
2718.0;94.5435503578286
2724.0;96.12846919183103
2730.0;95.96962820736603
2736.0;93.46308256240181
2742.0;93.23965788095654
2748.0;92.19933670797695
2754.0;90.93035433758072
2760.0;90.75580380520161
2766.0;89.9005061965439
2772.0;88.80083784255542
2778.0;90.25309827194972
2784.0;91.9523477046605
2790.0;93.67254320125676
2796.0;93.69174375981846
2802.0;91.97067551056031
2808.0;92.36585365853658
2814.0;92.66526492851135
2820.0;92.94533221194281
2826.0;92.72834314550042
2832.0;93.69217830109335
2838.0;93.18418839360807
2844.0;94.67367535744323
2850.0;95.28847771236333
2856.0;94.93103448275862
2862.0;93.19428090832632
2868.0;92.36333052985702
2874.0;91.98065601345668
2880.0;92.31118587047939
2886.0;90.98065601345668
2892.0;88.37258200168209
2898.0;89.93692178301093
2904.0;93.56602186711523
2910.0;93.60891505466779
2916.0;93.52377860736894
2922.0;93.14397013471839
2928.0;92.1100470702808
2934.0;92.74306119136504
2940.0;92.21554942379484
2946.0;92.48011686414543
2952.0;92.05648433695829
2958.0;92.42736568738842
2964.0;94.176270086025
2970.0;94.81577665963317
2976.0;94.44570686576854
2982.0;93.5059243629281
2988.0;91.60525888654439
2994.0;91.36990748255154
3000.0;91.3406914461938
3006.0;90.15094952118163
3012.0;89.56500568089596
3018.0;89.60396039603961
3024.0;93.34169672259684
3030.0;95.2203230359103
3036.0;93.76822957503528
3042.0;92.74972557628979
3048.0;92.67210286968795
3054.0;92.33730594323349
3060.0;91.9531127489415
3066.0;91.4458209189274
3072.0;92.04876901364278
3078.0;94.23004547592912
3084.0;96.22785008624746
3090.0;97.028383252313
3096.0;95.09330406147092
3102.0;93.95483769797711
3108.0;93.53692959071664
3114.0;93.25231299984318
3120.0;91.91077309079505
3126.0;92.49255135643719
3132.0;90.15622630062187
3138.0;91.55316244501745
3144.0;93.24890034885485
3150.0;94.47595935082663
3156.0;94.20749279538904
3162.0;92.064310632489
3168.0;91.2149249203701
3174.0;92.10374639769452
3180.0;92.78628848779007
3186.0;92.07796147429092
3192.0;91.17093887456393
3198.0;93.79796754133172
3204.0;94.55483088123768
3210.0;95.4679205217655
3216.0;93.5507356286971
3222.0;92.93341422721068
3228.0;91.72152282724102
3234.0;92.09464583649326
3240.0;91.54207666323983
3246.0;88.88089293582024
3252.0;88.16419444852401
3258.0;89.4566015567631
3264.0;91.91437802907916
3270.0;92.20370098399178
3276.0;92.04435306212366
3282.0;91.84461741812308
3288.0;91.83066529593185
3294.0;92.55984726097812
3300.0;92.4768688500514
3306.0;92.87266852694962
3312.0;92.38581289469819
3318.0;94.77603172271994
3324.0;96.25201938610662
3330.0;96.19767954178293
3336.0;95.5507416654428
3342.0;93.81847554707005
3348.0;93.37651245551602
3354.0;93.5608540925267
3360.0;93.32099644128114
3366.0;92.03274021352313
3372.0;90.27900355871886
3378.0;91.41565836298932
3384.0;93.44056939501779
3390.0;94.28327402135231
3396.0;93.62562277580071
3402.0;92.4626334519573
3408.0;92.04270462633453
3414.0;92.41565836298932
3420.0;92.0711743772242
3426.0;92.99217081850534
3432.0;92.60640569395018
3438.0;93.49466192170819
3444.0;94.96370106761566
3450.0;95.23843416370107
3456.0;95.07595635961884
3462.0;92.93743958016849
3468.0;92.2766192514846
3474.0;92.56041983151498
3480.0;90.86659301201492
3486.0;90.68153569948902
3492.0;89.18381439027759
3498.0;89.8584449661649
3504.0;92.99682364314322
3510.0;93.37729595359757
3516.0;94.11200110481978
3522.0;91.60820328683883
3528.0;91.55089076094463
3534.0;91.77047369147908
3540.0;92.02734428946277
3546.0;89.82668139759701
3552.0;90.30382543847534
3558.0;93.62311835381853
3564.0;94.6023870189084
3570.0;95.78785034196058
3576.0;94.5661794287247
3582.0;92.62035671181441
3588.0;92.81614590317822
3594.0;91.76612578785034
3600.0;91.84524607751106
3606.0;89.67413168834652
3612.0;88.30360734879979
3618.0;89.35630950784498
3624.0;92.6941129140405
3630.0;94.04586294756605
3636.0;93.58455142818828
3642.0;91.89352286442269
3648.0;91.01917661257879
3654.0;91.00174332841625
3660.0;92.38031379911493
3666.0;90.80059004961781
3672.0;91.17946044571876
3678.0;93.44454580998305
3684.0;95.15443763847257
3690.0;94.27342630001303
3696.0;93.5481558712368
3702.0;91.32086537208393
3708.0;91.15600156392546
3714.0;90.58582040922715
3720.0;89.71653851166428
3726.0;89.18545549328816
3732.0;88.13632216864329
3738.0;88.94500195490681
3744.0;91.84217385637952
3750.0;93.39697641079108
3756.0;93.18454320344064
3762.0;92.1562622181676
3768.0;91.45445067118467
3774.0;90.88752769451322
3780.0;90.95449359868171
3786.0;90.60590695905691
3792.0;91.84814298390164
3798.0;92.25186969197617
3804.0;94.94485993155025
3810.0;94.40740271263785
3816.0;93.58600583090379
3822.0;92.08771707440741
3828.0;91.45012042083914
3834.0;90.62999112688554
3840.0;88.9466345544429
3846.0;89.28001014070225
3852.0;86.94511344910634
3858.0;86.97173279249589
3864.0;90.1812650526049
3870.0;92.32982634047407
3876.0;92.44137406515401
3882.0;91.63392064900495
3888.0;92.65885256014806
3894.0;93.67304133251079
3900.0;92.8069093152375
3906.0;92.00740283775447
3912.0;91.50771128932757
3918.0;93.87661937075879
3924.0;95.54904380012339
3930.0;95.39481801357186
3936.0;95.37260950030846
3942.0;93.62183837137569
3948.0;93.449105490438
3954.0;91.78778531770512
3960.0;91.57618753855645
3966.0;89.92288710672425
3972.0;88.39605181986428
3978.0;89.37384330660086
3984.0;93.17766810610735
3990.0;93.02776064157928
3996.0;92.90590073308496
4002.0;91.01430116572527
4008.0;91.11945679605816
4014.0;92.27977406561712
4020.0;92.44201418098787
4026.0;91.67047229900253
4032.0;91.84473020069703
4038.0;94.09445980050475
4044.0;95.60028842687177
4050.0;96.17473861314745
4056.0;94.34563153467131
4062.0;92.01538276649441
4068.0;91.3622160797981
4074.0;91.42290590073308
4080.0;90.98545847854825
4086.0;89.55774546328566
4092.0;88.8667227496695
4098.0;90.40139406321356
4104.0;92.7404240365468
4110.0;93.93522314630432
4116.0;92.57467494435984
4122.0;91.35703408691577
4128.0;92.68478388192574
4134.0;92.63265784233337
4140.0;93.25641325992737
4146.0;92.70586857209793
4152.0;92.54597633829214
4158.0;95.8486587794307
4164.0;96.7248447932529
4170.0;95.76139158955137
4176.0;94.68431533325524
4182.0;92.51376361719574
4188.0;92.43293897153566
4194.0;91.8818085978681
4200.0;91.34473468431533
4206.0;89.80848073093593
4212.0;88.25202787615675
4218.0;90.65349023192049
4224.0;92.60253627327774
4230.0;93.49480178224609
4236.0;92.8915800297041
4242.0;91.60859134011196
4248.0;90.99622986404661
4254.0;90.56723409116874
4260.0;90.59408202901862
4266.0;91.36638866674284
4272.0;91.5320461556038
4278.0;92.57683080086828
4284.0;95.09311093339427
4290.0;95.69747515137666
4296.0;94.12887010167942
4302.0;92.89614989146578
4308.0;90.79172855021136
4314.0;92.14897749343082
4320.0;90.65503400602074
4326.0;89.88850485003903
4332.0;88.19489352213179
4338.0;90.46214739658825
4344.0;94.08239491582115
4350.0;95.3082840896421
4356.0;94.28587356449995
4362.0;92.22432824172148
4368.0;92.63240049057866
4374.0;92.66863641431598
4380.0;93.41509644330472
4386.0;92.44118630839559
4392.0;92.34418552792954
4398.0;93.67376519121419
4404.0;95.09588582896644
4410.0;94.90634407403277
4416.0;93.73174266919389
4422.0;93.24729624261344
4428.0;91.65432770821992
4434.0;91.63418617310833
4440.0;89.77789874795863
4446.0;89.06804572672836
4452.0;88.05225911812738
4458.0;89.4697876973326
4464.0;92.04463799673381
4470.0;93.21937942297224
4476.0;91.73108328796951
4482.0;90.34403919433859
4488.0;89.8160043549265
4494.0;90.71094175285792
4500.0;92.06096897114861
4506.0;92.06532389765923
4512.0;92.89820359281437
4518.0;91.83614589003811
4524.0;95.63745236799129
4530.0;95.79640718562874
4536.0;95.63716625890862
4542.0;93.22731624295288
4548.0;92.18700138283161
4554.0;91.92905010105308
4560.0;90.81161578555472
4566.0;91.09615998298054
4572.0;89.59419210722264
4578.0;90.64408041697692
4584.0;92.60291458355493
4590.0;93.26082331666844
4596.0;91.93117753430487
4602.0;92.06839697904478
4608.0;91.49452185937666
4614.0;90.97330071269013
4620.0;90.78129986171683
4626.0;91.4200616955643
4632.0;91.97106690777576
4638.0;93.03691096691841
4644.0;95.25319746282625
4650.0;95.80118540085266
4656.0;95.2521576375169
4662.0;93.28272850161173
4668.0;92.60268274929811
4674.0;92.41915358219819
4680.0;90.80482478943537
4686.0;89.77747738379952
4692.0;87.99417697826765
4698.0;89.62358323801601
4704.0;92.28241655401892
4710.0;92.98637828844754
4716.0;93.54788395549548
4722.0;91.79889778517209
4728.0;91.38920661328896
4734.0;92.46802537173755
4740.0;92.07133201622128
4746.0;91.96526983466778
4752.0;91.61954642530256
4758.0;92.59381673955049
4764.0;93.59808807078205
4770.0;95.38136885996136
4776.0;94.1503101800061
4782.0;92.64415742906539
4788.0;91.38869114207262
4794.0;91.9480321366826
4800.0;90.31729889148785
4806.0;89.66134445235431
4812.0;88.18214176751755
4818.0;89.51133936743618
4824.0;92.59941014949659
4830.0;92.06498525373742
4836.0;91.65412386860571
4842.0;90.75002542459066
4848.0;90.31831587511441
4854.0;91.39428455201872
4860.0;91.24191461836999
4866.0;90.54234252164395
4872.0;90.45377649517364
4878.0;92.06886257339039
4884.0;95.44233257040501
4890.0;94.86516071250871
4896.0;95.25823465021395
4902.0;94.56861379241715
4908.0;93.74067071350383
4914.0;93.36849437755001
4920.0;93.19136232460941
4926.0;92.07582844064086
4932.0;90.46173748631705
4938.0;91.96089163100807
4944.0;93.39436759876605
4950.0;93.67698278435665
4956.0;93.98348094337744
4962.0;92.55448303313763
4968.0;91.56989771066732
4974.0;91.69605455431076
4980.0;92.26059425231368
4986.0;92.32927423283
4992.0;92.1641500243546
4998.0;93.03750608865076
5004.0;95.21870433511934
5010.0;95.35216755966877
5016.0;94.8407208962494
5022.0;93.93862640038968
5028.0;93.36288358499756
5034.0;92.13882123721383
5040.0;91.3248904042864
5046.0;89.93862640038968
5052.0;88.11008280565026
5058.0;89.15830491962981
5064.0;91.44130540672187
5070.0;94.02922552362396
5076.0;93.6284705657857
5082.0;92.96441179276786
5088.0;93.73151416849537
5094.0;93.75107337086156
5100.0;93.93092262188722
5106.0;92.30989409407499
5112.0;92.59898864612155
5118.0;94.32306077664344
5124.0;97.09999045892567
5130.0;96.41732659097414
5136.0;95.07394332601851
5142.0;93.09798683331744
5148.0;92.43392806029959
5154.0;91.99599274878351
5160.0;91.58000190821487
5166.0;89.54679896956397
5172.0;89.19377921954012
5178.0;90.11544699933212
5184.0;93.92446480321586
5190.0;93.03122370758156
5196.0;92.5357576890717
5202.0;91.29054875198653
5208.0;90.20753482284752
5214.0;91.94914461998691
5220.0;92.34691969711135
5226.0;90.5997008507058
5232.0;91.06431709825185
5238.0;94.29840142095915
5244.0;94.76815929699916
5250.0;95.29681219033374
5256.0;95.36458820229971
5262.0;93.53042909226886
5268.0;91.37935869870057
5274.0;91.74020753482284
5280.0;92.00056090492662
5286.0;90.61793026082078
5292.0;89.67378356089068
5298.0;90.0856776321818
5304.0;92.05443049573903
5310.0;93.23284156510584
5316.0;92.17630349124897
5322.0;90.43434435993768
5328.0;90.1127096123889
5334.0;91.59076330981398
5340.0;90.6854210574544
5346.0;92.68578759277925
5352.0;92.4457069550078
5358.0;94.19774580775223
5364.0;95.67763218180153
5370.0;96.59397049390635
5376.0;94.78786768074774
5382.0;92.32933198937047
5388.0;92.0324383762485
5394.0;91.00659763584716
5400.0;90.02156527989936
5406.0;87.79000808697997
5412.0;86.25303261748584
5418.0;87.30838350256087
5424.0;90.34010243507952
5430.0;92.2616587294456
5436.0;91.16722077455297
5442.0;89.74930362116991
5448.0;89.77715877437326
5454.0;90.65549465360769
5460.0;91.50956959295534
5466.0;90.9929014286998
5472.0;90.64830622697457
5478.0;92.44406505526104
5484.0;94.30002695659988
5490.0;95.07053643633749
5496.0;94.7151585946626
5502.0;92.97466079611824
5508.0;91.79638607315998
5514.0;92.17011899515205
5520.0;91.59277214631996
5526.0;90.03790215954164
5532.0;88.7933010136624
5538.0;88.64037020713971
5544.0;90.83561040105774
5550.0;92.68135742617893
5556.0;92.46540326134861
5562.0;91.66064345526664
5568.0;89.42441604230939
5574.0;91.44380784486557
5580.0;92.36139268400176
5586.0;91.69061260467166
5592.0;91.68356104010577
5598.0;93.77082415160864
5604.0;95.84045835169678
5610.0;96.0
5616.0;94.9896202750627
5622.0;92.91497275322205
5628.0;92.84836951820776
5634.0;92.4323155436381
5640.0;92.13779084854251
5646.0;90.64959778565868
5652.0;89.30974829167027
5658.0;89.93123432229046
5664.0;92.17930974829167
5670.0;92.62434045497794
5676.0;92.19141942738517
5682.0;90.77112706513277
5688.0;90.104662226451
5694.0;90.37540005189862
5700.0;91.04445982181473
5706.0;90.70668627281377
5712.0;90.55964016953551
5718.0;92.85096444944209
5724.0;95.00934023944977
5730.0;95.52602530355779
5736.0;94.03498344230279
5742.0;92.20939118621041
5748.0;91.39594124140274
5754.0;91.25838498768786
5760.0;90.09340239449774
5766.0;89.3275027596162
5772.0;86.52797826271546
5778.0;87.14867962978687
5784.0;90.2776598454615
5790.0;91.8111573405791
5796.0;91.7432283263989
5802.0;90.95525176190881
5808.0;91.34924004415386
5814.0;91.89776683365882
5820.0;91.75723868557357
5826.0;92.68744162350345
5832.0;91.77270074209956
5838.0;94.57141665971817
5844.0;94.59893271074793
5850.0;95.02084549320436
5856.0;94.80071708496624
5862.0;92.37388476611356
5868.0;91.94488451596764
5874.0;92.17418494121571
5880.0;91.02017843742183
5886.0;89.89493871424997
5892.0;88.92854164929543
5898.0;89.42341365796715
5904.0;91.09313766363712
5910.0;92.7261736012674
5916.0;91.37580255148836
5922.0;90.9613941465855
5928.0;90.01667639456349
5934.0;90.50446093554574
5940.0;90.53567040707675
5946.0;90.22442460479974
5952.0;90.60938651814236
5958.0;90.95994757965435
5964.0;93.8963060037677
5970.0;94.97501842902777
5976.0;93.42861823245147
5982.0;92.03046932590712
5988.0;91.7020230977148
5994.0;91.4079777213531
6000.0;91.13850438201327
6006.0;91.05823572774183
6012.0;88.76648374150217
6018.0;88.96469817347858
6024.0;91.2937177492014
6030.0;93.12720124498321
6036.0;93.3049389794414
6042.0;91.65779343107543
6048.0;91.65352112676057
6054.0;91.85070422535212
6060.0;92.3963782696177
6066.0;91.5215291750503
6072.0;91.97142857142858
6078.0;94.40241448692153
6084.0;95.3871227364185
6090.0;95.25311871227365
6096.0;94.79356136820925
6102.0;93.07002012072435
6108.0;92.77344064386318
6114.0;92.71267605633803
6120.0;91.97706237424548
6126.0;90.93521126760564
6132.0;89.23299798792756
6138.0;89.80724346076458
6144.0;92.60965794768612
6150.0;93.05915492957746
6156.0;93.02903251325053
6162.0;91.73957756506606
6168.0;91.8542836800886
6174.0;91.94842180207262
6180.0;92.17150541887509
6186.0;92.50533976742346
6192.0;92.18732695198165
6198.0;93.94193497349893
6204.0;96.42354244126255
6210.0;96.47179811723755
6216.0;93.6603116842022
6222.0;92.87951902539356
6228.0;90.62890594098567
6234.0;91.17751760145558
6240.0;89.96123724388893
6246.0;87.32141444505973
6252.0;86.01851119373467
6258.0;88.19713630250772
6264.0;90.01983355370615
6270.0;90.55067278525317
6276.0;89.5422726919188
6282.0;87.82880920899122
6288.0;87.09302325581395
6294.0;87.77203080034222
6300.0;88.65715174613051
6306.0;88.64042933810376
6312.0;89.38749319436883
6318.0;92.40997122190247
6324.0;93.83993155479506
6330.0;93.79443104923388
6336.0;93.02636695963288
6342.0;90.92556583962045
6348.0;90.14039044878277
6354.0;90.76261958466205
6360.0;89.50221669129657
6366.0;87.91047678307537
6372.0;85.09676432341467
6378.0;86.19980111680563
6384.0;89.25571789183815
6390.0;90.68002753767307
6396.0;90.36793390958464
6402.0;88.63459037711313
6408.0;89.14594966725312
6414.0;89.79270251663735
6420.0;88.24141360055076
6426.0;88.75698003518703
6432.0;89.16010097146791
6438.0;92.92511282796603
6444.0;95.34460338101431
6450.0;94.96213569953339
6456.0;94.4067926260231
6462.0;92.71016599097376
6468.0;91.32295571024248
6474.0;91.573089573931
6480.0;91.47227029874333
6486.0;90.12115283317029
6492.0;89.1504251636692
6498.0;89.95560237790654
6504.0;92.69094740010534
6510.0;94.041312363609
6516.0;93.93107081044472
6522.0;91.8586801113703
6528.0;92.39107532545715
6534.0;93.18421250658439
6540.0;92.62209346075701
6546.0;90.8066822183761
6552.0;90.00263375724283
6558.0;92.89449920987283
6564.0;94.19519903679735
6570.0;94.75280307020844
6576.0;93.72074648205283
6582.0;92.13447211979833
6588.0;90.58533876342095
6594.0;90.56497593483896
6600.0;91.46168085894114
6606.0;89.91780821917808
6612.0;88.01703072935949
6618.0;88.17067752684191
6624.0;90.36504998148834
6630.0;89.8667160310996
6636.0;89.26175490559052
6642.0;87.816364309515
6648.0;87.01147723065532
6654.0;88.79859311366161
6660.0;89.35283228433913
6666.0;88.5523880044428
6672.0;88.63457978526472
6678.0;90.01480932987782
6684.0;93.37874861162533
6690.0;93.06849315068493
6696.0;91.61650025508345
6702.0;89.72523868522703
6708.0;89.33787624808687
6714.0;88.47569419138547
6720.0;88.92391225129364
6726.0;87.89373952335835
6732.0;86.02689308359449
6738.0;87.13322644122148
6744.0;89.150572115735
6750.0;92.55192770206253
6756.0;92.27716638728955
6762.0;90.10057575978428
6768.0;91.2484512790613
6774.0;91.51956854456672
6780.0;91.26776474017929
6786.0;89.40966401865754
6792.0;89.39690984622112
6798.0;91.73638947598572
6804.0;93.37303580397503
6810.0;94.20176508574299
6816.0;94.06471981057616
6822.0;92.8212671306594
6828.0;92.27380354452178
6834.0;91.92939657028055
6840.0;89.91999712994188
6846.0;88.72425916624812
6852.0;87.46286862308962
6858.0;87.37425557867547
6864.0;90.20090406830738
6870.0;92.03415369161226
6876.0;91.60508000287005
6882.0;90.95644686804908
6888.0;91.37762789696491
6894.0;92.89947621439335
6900.0;91.98679773265408
6906.0;91.7858936643467
6912.0;91.59400833745495
6918.0;93.02939306154173
6924.0;95.0356814809581
6930.0;95.49636119550625
6936.0;93.95357874655551
6942.0;92.6238253373843
6948.0;92.64890835865188
6954.0;93.06154172260298
6960.0;90.6224828658235
6966.0;91.23966650180174
6972.0;89.81382039143645
6978.0;90.16250971525471
6984.0;92.48710520737653
6990.0;93.35229280011305
6996.0;92.06917261358016
7002.0;90.64968557902918
7008.0;91.52017240161096
7014.0;91.82646788666713
7020.0;91.585357366553
7026.0;90.1127427100007
7032.0;90.59294314148514
7038.0;93.3318254575823
7044.0;96.0776672002227
7050.0;95.8020739091099
7056.0;94.9794696916974
7062.0;91.62572204050386
7068.0;91.59858027698517
7074.0;91.1865822256246
7080.0;90.24566775697683
7086.0;87.57881550560234
7092.0;84.98294940496903
7098.0;86.0581808059016
7104.0;88.91154568863526
7110.0;90.79615839654812
7116.0;90.91098893451179
7122.0;89.71744728234394
7128.0;88.43812135755914
7134.0;89.80493657867672
7140.0;89.29208090503943
7146.0;90.51902639698321
7152.0;90.60678779568049
7158.0;90.3675008570449
7164.0;92.25711347274597
7170.0;92.94480630785053
7176.0;91.26122728830991
7182.0;90.64449777168323
7188.0;89.2427151182722
7194.0;89.91498114501199
7200.0;88.71854645183407
7206.0;85.47446006170723
7212.0;84.02948234487486
7218.0;86.04525197120329
7224.0;87.75317106616387
7230.0;90.07781967775111
7236.0;89.9581109384501
7242.0;87.83663265995541
7248.0;87.80589149381798
7254.0;89.03215998918992
7260.0;90.63374096344842
7266.0;90.4391595162489
7272.0;90.34051753259915
7278.0;92.70860077021823
7284.0;95.36923180866158
7290.0;94.60779677048848
7296.0;93.36801567461659
7302.0;91.75461117492061
7308.0;90.69927707587325
7314.0;91.89581785014526
7320.0;91.02290385784744
7326.0;89.21356665090197
7332.0;87.1596513749071
7338.0;86.99885142895751
7344.0;89.4712658986482
7350.0;91.1693414130652
7356.0;89.40101218618899
7362.0;88.2333355530399
7368.0;88.75840713857627
7374.0;88.41979090364254
7380.0;88.89824865152826
7386.0;89.44129986015848
7392.0;88.37117933009256
7398.0;89.63741093427448
7404.0;91.26889525204768
7410.0;92.80515415862023
7416.0;92.35699540520743
7422.0;90.80242391955784
7428.0;89.99234201238596
7434.0;88.07118598921222
7440.0;88.29759605780116
7446.0;87.65565692215489
7452.0;86.18788157290093
7458.0;86.35725070570471
7464.0;86.85879340904614
7470.0;88.48552484737084
7476.0;87.98726449156436
7482.0;88.65095516313268
7488.0;86.76754414757434
7494.0;88.8472395457231
7500.0;88.61747521827611
7506.0;88.35554388498655
7512.0;89.32383640779885
7518.0;91.53219982931793
7524.0;94.43248211120593
7530.0;94.64780410949912
7536.0;94.01102868771746
7542.0;91.88734983260028
7548.0;89.9845729665857
7554.0;89.04024158077857
7560.0;89.66858696355752
7566.0;88.31477765551169
7572.0;86.54411288756553
7578.0;86.22273286296847
7584.0;89.35723995080588
7590.0;90.7052236390705
7596.0;90.49906142792413
7602.0;88.93973719981877
7608.0;89.1051200724966
7614.0;89.26791378082724
7620.0;89.82490776102013
7626.0;89.41873260405204
7632.0;89.37083306362871
7638.0;89.81034371156709
7644.0;92.80730144345912
7650.0;93.12965240468638
7656.0;92.86588128681468
7662.0;90.38546184219044
7668.0;91.20044685604852
7674.0;91.37950845834663
7680.0;89.72614107883817
7686.0;88.45834663262049
7692.0;88.16406000638366
7698.0;90.59814873922758
7704.0;92.92658793488668
7710.0;93.25183530162784
7716.0;92.83115225023938
7722.0;90.28024257899777
7728.0;89.54356846473028
7734.0;90.78455154803703
7740.0;91.96169805298436
7746.0;92.21066070858602
7752.0;91.08171082030003
7758.0;91.9572294924992
7764.0;95.06543249281839
7770.0;95.1592722630067
7776.0;94.51545872426169
7782.0;93.16258422013728
7788.0;91.69101441974686
7794.0;92.08236257162648
7800.0;90.77104716327688
7806.0;89.38826270385997
7812.0;88.28631698255778
7818.0;88.01429381021346
7824.0;89.20502487248913
7830.0;90.34191801523833
7836.0;89.45595365531138
7842.0;88.3360619608337
7848.0;87.18909388577545
7854.0;87.53290095082174
7860.0;86.24771739814874
7866.0;87.0061708960393
7872.0;87.1626471884642
7878.0;88.70190794030603
7884.0;91.72796173199976
7890.0;92.73529229048891
7896.0;92.29732248245014
7902.0;90.7299496800646
7908.0;89.30483941107039
7914.0;87.83500031061689
7920.0;88.2294837547369
7926.0;86.77766043362116
7932.0;85.48984282785612
7938.0;85.8610300055911
7944.0;88.70690190718767
7950.0;89.18960054668572
7956.0;89.05448220165248
7962.0;88.11828290985898
7968.0;88.83332297943716
7974.0;89.34087096974592
7980.0;88.20711933900726
7986.0;89.28495993042182
7992.0;89.73732605897138
7998.0;88.81842702139399
8004.0;92.10384356035064
8010.0;92.51823698890456
8016.0;92.88849383926929
8022.0;91.08747624593882
8028.0;90.14375038313001
8034.0;89.56507080242751
8040.0;89.93900570097469
8046.0;87.7950101146325
8052.0;85.31539263164348
8058.0;86.78875743272236
8064.0;87.91914424078955
8070.0;90.02911788144425
8076.0;90.8379819775639
8082.0;89.51909520014712
8088.0;89.45595537301539
8094.0;89.4577943971066
8100.0;90.57111742997157
8106.0;91.21241454413455
8112.0;90.11555448000485
8118.0;92.56881844031702
8124.0;94.66876399056204
8130.0;94.23498094258576
8136.0;93.28816020327909
8142.0;93.0715711779297
8148.0;92.49621876701555
8154.0;91.23661443523504
8160.0;90.21931151309819
8166.0;88.22009800955895
8172.0;85.84911367898845
8178.0;87.5806158872285
8184.0;89.35900538447576
8190.0;90.79738641176115
8196.0;89.76465605904774
8202.0;89.74106116522475
8208.0;89.71394446103315
8214.0;91.1755747984473
8220.0;89.56315318005375
8226.0;89.65512093162138
8232.0;89.93281576590027
8238.0;92.37354434159451
8244.0;94.30904747685877
8250.0;94.30486712451479
8256.0;92.96894595401612
8262.0;92.36697521648253
8268.0;89.9758136757241
8274.0;89.7996416840848
8280.0;90.07375335921171
8286.0;88.82323081516871
8292.0;87.3505524037026
8298.0;87.53627948641386
8304.0;90.13556285458345
8310.0;92.23021797551507
8316.0;91.71275278580272
8322.0;92.39785390012382
8328.0;91.24933671363716
8334.0;91.11491067743647
8340.0;90.8260126171806
8346.0;91.80413890690407
8352.0;91.43859442249867
8358.0;92.26519662755734
8364.0;92.67496020281823
8370.0;93.23978539001239
8376.0;92.65019751193915
8382.0;91.71039443429044
8388.0;89.79600259418666
8394.0;90.18896291492247
8400.0;90.65031542951476
8406.0;88.60562466835682
8412.0;87.38576734862332
8418.0;86.6932963858263
8424.0;89.20620597310356
8430.0;91.55527740583338
8436.0;91.51277871572452
8442.0;89.25918379228038
8448.0;88.04273155964371
8454.0;89.20969901612621
8460.0;88.706118647028
8466.0;88.70961169005065
8472.0;88.31751761075857
8478.0;91.3323048262211
8484.0;93.1053152471328
8490.0;94.25743727076905
8496.0;92.8282005006695
8502.0;90.31408278511964
8508.0;91.18414158467718
8514.0;90.77487337719043
8520.0;90.63486056936601
8526.0;89.64429178552716
8532.0;88.06358880009199
8538.0;89.14505835681021
8544.0;89.44489162306675
8550.0;91.12401540849767
8556.0;88.80124187891681
8562.0;87.78876559535445
8568.0;88.87368481573047
8574.0;89.74587477720922
8580.0;89.15655723566952
8586.0;87.44954866900477
8592.0;88.04634048180303
8598.0;90.05117001092394
8604.0;91.50290346691197
8610.0;93.36917150577818
8616.0;92.88104409820042
8622.0;91.79554993388145
8628.0;90.8448801241879
8634.0;90.00057494394296
8640.0;89.66324038843773
8646.0;89.19984099040263
8652.0;87.1753080810949
8658.0;89.08853427224714
8664.0;91.98960758702935
8670.0;92.54386961213017
8676.0;93.18445113294338
8682.0;89.98296325742518
8688.0;88.76710772900222
8694.0;89.27309898347436
8700.0;89.87080470214094
8706.0;89.89096484752115
8712.0;89.70583224487478
8718.0;91.50604804361406
8724.0;93.57828383213129
8730.0;94.03941166448975
8736.0;92.40076097450168
8742.0;89.59083423249474
8748.0;89.45750350631135
8754.0;87.71416549789622
8760.0;89.03169705469845
8766.0;88.68218793828892
8772.0;85.7772791023843
8778.0;86.44516129032257
8784.0;88.36241234221599
8790.0;90.0179523141655
8796.0;88.93015427769986
8802.0;87.38793828892005
8808.0;87.64544179523142
8814.0;89.67854137447405
8820.0;89.88499298737727
8826.0;90.33211781206171
8832.0;90.86507713884993
8838.0;92.6429172510519
8844.0;93.3539971949509
8850.0;93.81374474053295
8856.0;92.66947508452968
8862.0;90.85111690039355
8868.0;89.90050440662934
8874.0;91.15015797350479
8880.0;89.76220830330912
8886.0;88.73648910814256
8892.0;88.5441494373926
8898.0;88.75616650961699
8904.0;90.25026328917465
8910.0;91.5417659774957
8916.0;91.68033922731556
8922.0;90.49830940635219
8928.0;88.7556122166177
8934.0;88.75893797461337
8940.0;88.78471259907987
8946.0;87.95438168615931
8952.0;88.4149991685605
8958.0;90.27326644864475
8964.0;92.29281919263845
8970.0;94.03461685928684
8976.0;93.68790053130306
8982.0;91.79602344306294
8988.0;89.93098537547242
8994.0;91.1529824177028
9000.0;90.16760694528126
9006.0;88.43676398093882
9012.0;87.90655638933012
9018.0;87.2887111792737
9024.0;89.47526975954429
9030.0;89.79952894780084
9036.0;88.99490606342772
9042.0;87.51875992769897
9048.0;88.26285808183162
9054.0;89.55414361614723
9060.0;89.35914991510106
9066.0;91.20556498877143
9072.0;90.65879932875006
9078.0;90.26119200996048
9084.0;92.21864342553998
9090.0;91.78990959779136
9096.0;90.9042927515834
9102.0;89.02235695339144
9108.0;86.21339251881123
9114.0;86.56525740269582
9120.0;86.45130731337628
9126.0;85.1366859741244
9132.0;83.33730309099768
9138.0;86.30839603746007
9144.0;87.71423158122666
9150.0;87.94294375575164
9156.0;88.4523358414984
9162.0;87.01997509879283
9168.0;87.54750175932442
9174.0;87.71314892004547
9180.0;88.0627641928407
9186.0;86.54663170849163
9192.0;88.82283696291937
9198.0;90.59821285248007
9204.0;92.53411097436995
9210.0;93.10342982503077
9216.0;92.5763818288833
9222.0;90.51714912515384
9228.0;90.35475413344749
9234.0;90.18139012253197
9240.0;89.29985552999091
9246.0;87.62427096152817
9252.0;86.40483706993419
9258.0;88.29017068864037
9264.0;89.76617261490716
9270.0;90.27181764674407
9276.0;89.1412060570389
9282.0;87.07260955642356
9288.0;86.89182755884687
9294.0;87.69664110023803
9300.0;89.66596138587676
9306.0;88.92012695054218
9312.0;89.75456228510976
9318.0;91.45649299127216
9324.0;92.76143877281143
9330.0;93.61121396455964
9336.0;92.25522348585031
9342.0;91.5868817773076
9348.0;90.45622851097593
9354.0;89.92700343824384
9360.0;89.51811690029093
9366.0;88.29701137265273
9372.0;85.27902671250992
9378.0;85.74292515207617
9384.0;88.57471568368156
9390.0;89.74715683681566
9396.0;89.54447989121908
9402.0;90.40426755922807
9408.0;89.49898017886093
9414.0;89.16531562156791
9420.0;89.8974949008943
9426.0;90.25573976256472
9432.0;89.33528581141154
9438.0;90.91051723236232
9444.0;93.33193870613462
9450.0;94.71366560326342
9456.0;93.03017624601223
9462.0;92.35840175723027
9468.0;91.66466189006852
9474.0;90.74290047591653
9480.0;88.8766277914335
9486.0;87.01636943674494
9492.0;85.42492547460907
9498.0;85.47774697976047
9504.0;88.01210115322957
9510.0;88.91322335419144
9516.0;89.46036096602369
9522.0;88.51786730102911
9528.0;88.51709158607851
9534.0;89.03061488338419
9540.0;88.20137560117908
9546.0;87.92211821895847
9552.0;88.61509024150592
9558.0;89.55551533329886
9564.0;90.36225888193619
9570.0;92.02668459430109
9576.0;90.58850907586492
9582.0;87.04142317836272
9588.0;86.25743393494338
9594.0;84.51104100946372
9600.0;84.51052386616331
9606.0;83.54501732430056
9612.0;81.9812816447604
9618.0;82.67350278729607
9624.0;85.85306602567381
9630.0;88.15936173477216
9636.0;88.20692476857771
9642.0;87.64946555515778
9648.0;88.18007466884877
9654.0;88.31739375031964
9660.0;89.47424947578376
9666.0;90.03375441108781
9672.0;88.54856032322405
9678.0;90.85460031708689
9684.0;93.58921904567075
9690.0;93.95744898481051
9696.0;92.46100342658416
9702.0;91.65498900424487
9708.0;90.10765611415128
9714.0;89.0298163964609
9720.0;88.00268096514745
9726.0;85.21827103040113
9732.0;83.0502301583287
9738.0;84.51970256462138
9744.0;86.54762506955335
9750.0;87.3797359502251
9756.0;87.19105670494208
9762.0;87.30917092417421
9768.0;86.08756133340079
9774.0;85.39683342607113
9780.0;86.52713844908695
9786.0;87.8165309322677
9792.0;87.14831301532703
9798.0;88.29227578532046
9804.0;90.2797308918003
9810.0;88.20628256360969
9816.0;88.64206586069098
9822.0;87.23860589812332
9828.0;87.33350012509382
9834.0;88.30673004753565
9840.0;87.66024518388791
9846.0;86.36477358018514
9852.0;85.60370277708282
9858.0;86.4160620465349
9864.0;87.43007255441582
9870.0;88.12659494620966
9876.0;87.86790092569427
9882.0;86.14110582937202
9888.0;87.54665999499625
9894.0;88.36827620715536
9900.0;88.34650988241181
9906.0;86.0500375281461
9912.0;86.16862646985238
9918.0;87.36352264198149
9924.0;88.6519889917438
9930.0;90.54190642982236
9936.0;89.71115291322212
9942.0;89.52304341369239
9948.0;87.50185634374536
9954.0;87.52933023117667
9960.0;87.95975446760062
9966.0;86.07519429731201
9972.0;83.97950596505123
9978.0;84.97203108756992
9984.0;88.33052819167368
9990.0;88.24290876689273
9996.0;86.04920548487699
10002.0;86.07222414731945
10008.0;84.97079352507302
10014.0;86.19177268452057
10020.0;86.37394188406515
10026.0;87.78253551804366
10032.0;87.75803178060492
10038.0;88.74634919063412
10044.0;90.8762305921536
10050.0;91.89254052995054
10056.0;90.80717049517558
10062.0;88.26908948425331
10068.0;87.94680903168928
10074.0;88.45324974286135
10080.0;88.19611108390067
10086.0;87.75873046970662
10092.0;85.96414752412205
10098.0;86.75001224469804
10104.0;88.77797913503453
10110.0;88.7348777979135
10116.0;88.04378704021158
10122.0;86.65719743351129
10128.0;86.74780819904981
10134.0;87.02796689033649
10140.0;86.84184748004114
10146.0;85.33917813586717
10152.0;87.51635729171716
10158.0;88.6235641932826
10164.0;90.7114816071342
10170.0;92.90311636698493
10176.0;92.80836524014927
10182.0;91.08515484902826
10188.0;88.68390442495033
10194.0;89.19255561479184
10200.0;85.97198662337033
10206.0;85.4640624242718
10212.0;82.53840934425435
10218.0;83.29763001017787
10224.0;85.76455193137207
10230.0;88.0688702563854
10236.0;86.93476469732953
10242.0;86.01754470993069
10248.0;86.79760577715311
10254.0;87.46716425144186
10260.0;88.4517243033239
10266.0;86.98786512542569
10272.0;86.90105041009161
10278.0;89.10739124178617
10284.0;90.61154012182838
10290.0;91.29262794378627
10296.0;90.12182838505444
10302.0;88.48338049786561
10308.0;86.55690920427838
10314.0;85.97990311285913
10320.0;85.78924648664204
10326.0;85.26068396565782
10332.0;83.60257086670823
10338.0;86.06455945129262
10344.0;86.8933761811118
10350.0;87.99942443282652
10356.0;87.194110029258
10362.0;85.30529042160295
10368.0;85.93448848801329
10374.0;87.4742463802516
10380.0;88.30643247092333
10386.0;88.86043199620224
10392.0;89.78091621172561
10398.0;91.24970329931165
10404.0;93.18704011393307
10410.0;94.04130073581771
10416.0;92.26560645620698
10422.0;90.68264894374555
10428.0;88.16330405886542
10434.0;88.16805126987894
10440.0;87.63826252076905
10446.0;85.56420602895798
10452.0;83.51412295276525
10458.0;83.3966294801804
10464.0;85.0816520294327
10470.0;86.2572988369333
10476.0;86.70081293172314
10482.0;86.40054508716696
10488.0;86.67120905972463
10494.0;87.2536534937268
10500.0;86.07725200883417
10506.0;86.19002866406653
10512.0;86.0128753348057
10518.0;86.92918565856867
10524.0;90.47953573610263
10530.0;91.49241107090832
10536.0;91.12118791410178
10542.0;90.54367745876604
10548.0;88.00808232695832
10554.0;87.80461444480993
10560.0;87.8271697758564
10566.0;86.51614115878013
10572.0;83.15163761101452
10578.0;83.42935012452422
10584.0;85.0939665999907
10590.0;85.73824254547146
10596.0;86.42764106619528
10602.0;86.42996697213565
10608.0;85.02325905940364
10614.0;86.26645578452808
10620.0;87.38614690421919
10626.0;87.09866492999024
10632.0;86.56859096618133
10638.0;88.89147322882263
10644.0;91.08340698702145
10650.0;91.33786109689724
10656.0;91.17621063404196
10662.0;89.35479369214309
10668.0;89.69786481834674
10674.0;87.12076103642369
10680.0;85.53053914499698
10686.0;85.01930501930502
10692.0;83.38967438861512
10698.0;84.49408188642748
10704.0;86.40491871229217
10710.0;87.09851241191913
10716.0;88.13383687192005
10722.0;86.38419380094874
10728.0;86.03647584396444
10734.0;86.87284115506839
10740.0;86.98567678349376
10746.0;86.23175056417814
10752.0;85.3055773039193
10758.0;87.44231566342744
10764.0;89.26357481692995
10770.0;89.54589416478608
10776.0;90.05204255515129
10782.0;87.71933864505135
10788.0;86.3579422465804
10794.0;84.86713029060931
