#auto generated file!
6.0;0.0
12.0;0.0
18.0;0.3191489361702128
24.0;0.790273556231003
30.0;1.1854103343465046
36.0;1.9300911854103344
42.0;2.507598784194529
48.0;3.069908814589666
54.0;3.966565349544073
60.0;4.376899696048632
66.0;4.407294832826747
72.0;4.620060790273556
78.0;5.212765957446808
84.0;5.820668693009119
90.0;5.562310030395137
96.0;5.47112462006079
102.0;6.018237082066869
108.0;7.926605504587156
114.0;8.55045871559633
120.0;7.853211009174312
126.0;7.871559633027523
132.0;7.412844036697248
138.0;7.4495412844036695
144.0;7.81651376146789
150.0;7.926605504587156
156.0;8.275229357798166
162.0;8.073394495412844
168.0;9.155963302752294
174.0;9.596330275229358
180.0;10.330275229357799
186.0;9.688073394495413
192.0;9.871559633027523
198.0;10.587155963302752
204.0;11.724770642201834
210.0;11.8348623853211
216.0;13.153745072273324
222.0;12.90407358738502
228.0;12.52299605781866
234.0;12.516425755584757
240.0;11.984231274638633
246.0;11.964520367936926
252.0;11.346911957950066
258.0;11.366622864651774
264.0;10.696452036793692
270.0;11.373193166885677
276.0;11.45203679369251
282.0;10.78186596583443
288.0;11.123521681997373
294.0;11.432325886990801
300.0;11.202365308804206
306.0;11.300919842312746
312.0;11.399474375821288
318.0;11.938239159001315
324.0;12.691914022517912
330.0;13.37768679631525
336.0;13.664278403275333
342.0;13.152507676560901
348.0;13.029682702149437
354.0;12.845445240532241
360.0;11.678607983623337
366.0;10.962128966223132
372.0;10.736949846468782
378.0;10.061412487205732
384.0;9.91811668372569
390.0;9.590583418628455
396.0;9.5496417604913
402.0;9.058341862845445
408.0;9.38587512794268
414.0;9.631525076765609
420.0;10.15353121801433
426.0;10.276356192425792
432.0;10.440067057837386
438.0;11.064543168482816
444.0;10.762782900251468
450.0;11.487845766974015
456.0;12.09555741827326
462.0;11.693210393964794
468.0;11.588432523051132
474.0;10.461022632020118
480.0;10.247275775356245
486.0;9.455155071248953
492.0;8.315171835708298
498.0;8.449287510477786
504.0;8.382229673093043
510.0;8.931265716680636
516.0;8.906119027661358
522.0;8.55406538139145
528.0;8.696563285834031
534.0;8.679798826487845
540.0;9.50319375443577
546.0;9.488999290276793
552.0;9.673527324343507
558.0;9.680624556422995
564.0;9.815471965933286
570.0;10.432931156848829
576.0;10.432931156848829
582.0;9.765791341376863
588.0;9.872249822569199
594.0;10.702625975869411
600.0;10.262597586941093
606.0;10.35486160397445
612.0;9.943222143364087
618.0;10.241305890702625
624.0;10.809084457061745
630.0;11.795599716110717
636.0;11.107168204400283
642.0;11.34847409510291
648.0;11.20923076923077
654.0;11.153846153846153
660.0;11.381538461538462
666.0;10.756923076923076
672.0;10.316923076923077
678.0;9.904615384615385
684.0;11.089230769230769
690.0;11.098461538461539
696.0;10.972307692307693
702.0;10.313846153846153
708.0;9.766153846153847
714.0;9.335384615384616
720.0;9.664615384615384
726.0;8.873846153846154
732.0;8.701538461538462
738.0;8.766153846153847
744.0;9.015384615384615
750.0;8.852307692307692
756.0;9.494839760999456
762.0;9.73384030418251
768.0;10.016295491580662
774.0;10.016295491580662
780.0;10.412819120043455
786.0;10.282455187398153
792.0;9.136338946224878
798.0;9.885931558935361
804.0;10.097772949483977
810.0;10.841933731667572
816.0;10.570342205323193
822.0;10.852797392721348
828.0;10.239000543183053
834.0;9.744703965236285
840.0;9.071156979902227
846.0;9.016838674633352
852.0;8.647474198804998
858.0;8.788701792504074
864.0;8.313077297034516
870.0;9.10306271268838
876.0;8.663101604278076
882.0;8.8818667963053
888.0;8.721438988818669
894.0;9.25376762275158
900.0;9.747204666990763
906.0;10.313563441905687
912.0;10.58580456976179
918.0;10.542051531356345
924.0;9.844433641225086
930.0;9.50413223140496
936.0;8.925619834710744
942.0;8.925619834710744
948.0;9.406903257170637
954.0;9.117647058823529
960.0;9.064171122994653
966.0;8.935342732134176
972.0;8.719753629564453
978.0;9.005719313682357
984.0;9.269687637483502
990.0;9.414870215574132
996.0;9.78002639683238
1002.0;9.146502419709634
1008.0;9.159700835899692
1014.0;9.46766388033436
1020.0;9.269687637483502
1026.0;9.133304003519578
1032.0;9.234491860976682
1038.0;9.79762428508579
1044.0;10.791904971403431
1050.0;10.778706555213374
1056.0;10.756709194896612
1062.0;10.598328200615926
1068.0;10.664320281566212
1074.0;10.45754509458865
1080.0;10.277219766974689
1086.0;9.393330654881478
1092.0;8.722378465247088
1098.0;8.537565287263961
1104.0;9.039775010044194
1110.0;8.860988348734432
1116.0;8.523503415026115
1122.0;8.485335476094818
1128.0;8.42707914825231
1134.0;8.4933708316593
1140.0;9.401366010445962
1146.0;8.758537565287265
1152.0;8.995580554439535
1158.0;8.670148654077943
1164.0;9.045801526717558
1170.0;9.150261149055845
1176.0;9.517878666130976
1182.0;9.863398955403776
1188.0;9.560073937153419
1194.0;9.77449168207024
1200.0;9.870609981515711
1206.0;9.00554528650647
1212.0;7.977818853974122
1218.0;7.682070240295749
1224.0;8.746765249537892
1230.0;8.232902033271719
1236.0;8.487985212569317
1242.0;8.695009242144177
1248.0;9.190388170055453
1254.0;9.256931608133087
1260.0;9.456561922365989
1266.0;9.900184842883549
1272.0;9.704251386321626
1278.0;9.397412199630315
1284.0;10.870609981515711
1290.0;11.09796672828096
1296.0;10.258473125641903
1302.0;10.135227661759671
1308.0;10.082163642588155
1314.0;8.89934953782951
1320.0;8.948990071893187
1326.0;8.993495378295105
1332.0;8.733310510099281
1338.0;9.178363574118453
1344.0;8.481684354673057
1350.0;8.401232454638823
1356.0;8.491954809996576
1362.0;8.861691201643273
1368.0;8.171858952413556
1374.0;7.81581650119822
1380.0;8.334474495035947
1386.0;7.993837726805888
1392.0;8.28996918863403
1398.0;8.779527559055119
1404.0;8.908192540643928
1410.0;8.774306662416322
1416.0;8.802996493465095
1422.0;9.026139623844438
1428.0;8.89544150462225
1434.0;8.787057698437998
1440.0;8.053873127191585
1446.0;7.958240357029009
1452.0;7.483264265221549
1458.0;7.384443736053554
1464.0;7.623525661459993
1470.0;8.449155243863563
1476.0;8.06981192221868
1482.0;7.712782913611731
1488.0;7.5916480714058014
1494.0;7.370098820529168
1500.0;7.40197641058336
1506.0;7.765380937201147
1512.0;7.745302713987474
1518.0;8.159856844616762
1524.0;8.656427080226663
1530.0;9.378168804056068
1536.0;9.607813898001789
1542.0;9.490008947211452
1548.0;8.942737846704444
1554.0;8.522218908440204
1560.0;8.373098717566359
1566.0;7.812406799880704
1572.0;7.074261855055174
1578.0;7.4038174768863705
1584.0;8.259767372502237
1590.0;8.690724724127646
1596.0;8.231434536236206
1602.0;8.164330450342977
1608.0;8.377572323292574
1614.0;8.70712794512377
1620.0;8.77836929111796
1626.0;8.310451106752591
1632.0;8.271224432614178
1638.0;8.131129167834127
1644.0;8.557018772765481
1650.0;8.99971980947044
1656.0;9.041748388904455
1662.0;8.896049313533203
1668.0;8.52619781451387
1674.0;8.010647240123284
1680.0;7.517511908097506
1686.0;6.968338470159709
1692.0;6.531241244045951
1698.0;6.775007004763239
1704.0;7.385822359204259
1710.0;7.355001400952648
1716.0;7.6379938358083495
1722.0;7.758475763519193
1728.0;8.052840158520475
1734.0;8.249669749009247
1740.0;8.6221928665786
1746.0;8.83883751651255
1752.0;9.46763540290621
1758.0;9.505944517833553
1764.0;9.90885072655218
1770.0;11.039630118890356
1776.0;11.284015852047556
1782.0;10.92998678996037
1788.0;11.184940554821665
1794.0;11.396301188903566
1800.0;11.28665785997358
1806.0;10.151915455746368
1812.0;9.65785997357992
1818.0;9.445178335535006
1824.0;9.40554821664465
1830.0;9.652575957727873
1836.0;9.267683079230192
1842.0;8.935266183454136
1848.0;8.272931767058235
1854.0;8.467883029242689
1860.0;8.847788052986754
1866.0;8.92026993251687
1872.0;8.655336165958511
1878.0;9.077730567358161
1884.0;9.89252686828293
1890.0;10.019995001249688
1896.0;10.634841289677581
1902.0;10.637340664833792
1908.0;10.312421894526368
1914.0;10.649837540614847
1920.0;10.497375656085978
1926.0;9.957510622344413
1932.0;9.39515121219695
1938.0;9.382654336415897
1944.0;9.662082048849893
1950.0;10.195636708560588
1956.0;9.341949253023476
1962.0;10.138724211524782
1968.0;10.03557031064738
1974.0;10.188522646431112
1980.0;10.238321081337444
1986.0;9.765235949727295
1992.0;9.810291676547308
1998.0;9.215081811714489
2004.0;9.739151055252549
2010.0;9.775907042921508
2016.0;9.170026084894475
2022.0;9.09295707849182
2028.0;8.58548731325587
2034.0;9.407161489210338
2040.0;9.218638842779226
2046.0;8.398150343846336
2052.0;8.03857432889691
2058.0;8.106248590119558
2064.0;7.3076923076923075
2070.0;7.285134220618092
2076.0;8.40401533949921
2082.0;9.125874125874127
2088.0;9.306338822467854
2094.0;9.989848860816602
2100.0;10.030453417550191
2106.0;9.543198736747124
2112.0;9.166478682607714
2118.0;9.801488833746898
2124.0;10.730882021204602
2130.0;10.188360027069704
2136.0;9.601849763140086
2142.0;9.441687344913152
2148.0;9.71915181592601
2154.0;9.978569817279494
2160.0;9.075069907506991
2166.0;9.734351473435147
2172.0;10.05054850505485
2178.0;10.656055065605507
2184.0;10.296838029683803
2190.0;9.635405463540547
2196.0;10.323725532372553
2202.0;9.422456442245645
2208.0;9.512798451279846
2214.0;9.396644439664444
2220.0;8.665304366530437
2226.0;8.201763820176382
2232.0;7.423101742310174
2238.0;7.5898042589804255
2244.0;7.783394278339427
2250.0;8.217896321789633
2256.0;8.378145837814584
2262.0;8.867498386749839
2268.0;8.947584789311408
2274.0;8.419321685508736
2280.0;8.848920863309353
2286.0;8.51387461459404
2292.0;7.124357656731758
2298.0;6.908530318602261
2304.0;6.972250770811922
2310.0;7.089414182939363
2316.0;7.479958890030833
2322.0;7.255909558067832
2328.0;8.016443987667008
2334.0;7.911613566289826
2340.0;8.727646454265159
2346.0;8.879753340184996
2352.0;8.830421377183967
2358.0;9.146968139773895
2364.0;9.422404933196301
2370.0;9.447070914696814
2376.0;9.212753395000984
2382.0;8.88801417043889
2388.0;8.505215508758118
2394.0;8.641015548120448
2400.0;8.369415469395788
2406.0;8.459948828970676
2412.0;8.32021255658335
2418.0;7.595945679984255
2424.0;8.248376303877189
2430.0;7.916748671521354
2436.0;7.729777602834088
2442.0;7.1314701830348355
2448.0;7.602834087777996
2454.0;7.869513875221413
2460.0;8.49537492619563
2466.0;7.99153709899626
2472.0;8.071245817752411
2478.0;7.307616610903366
2484.0;7.468378327355107
2490.0;7.090806116669813
2496.0;6.939777232395696
2502.0;6.667925240702284
2508.0;6.129884840475741
2514.0;6.43005474797055
2520.0;6.3960732490088725
2526.0;6.626392297526902
2532.0;6.720785350198225
2538.0;7.189918821974703
2544.0;7.106852935623938
2550.0;6.96715121767038
2556.0;7.148385878799321
2562.0;7.607136114781952
2568.0;7.414574287332452
2574.0;7.480649424202379
2580.0;7.926184632811025
2586.0;8.037568434963188
2592.0;8.217848721204426
2598.0;8.709414112098676
2604.0;9.398693996009433
2610.0;9.733357518592419
2616.0;9.719753310357337
2622.0;9.99183747505895
2628.0;9.024124795936876
2634.0;8.810992200253946
2640.0;8.625974968256848
2646.0;8.709414112098676
2652.0;8.533466352258298
2658.0;8.528024668964266
2664.0;8.67132232904045
2670.0;8.448213313985127
2676.0;8.629602757119535
2682.0;8.304915653908942
2688.0;7.947578450934156
2694.0;7.8922546707781605
2700.0;8.046779542677605
2706.0;7.535346482806773
2712.0;7.499563623669053
2718.0;7.220282771862454
2724.0;7.880083784255542
2730.0;8.086053412462908
2736.0;8.225693838366206
2742.0;8.27107697678478
2748.0;7.550183278058998
2754.0;7.427997905393611
2760.0;7.337231628556467
2766.0;7.038750218188166
2772.0;7.181881654739047
2778.0;6.742014313143655
2784.0;6.698376680048874
2790.0;6.680921626810962
2796.0;6.544772211555245
2802.0;6.474951998603596
2808.0;6.544154751892346
2814.0;6.253994953742641
2820.0;6.7342304457527336
2826.0;6.735912531539109
2832.0;6.862068965517241
2838.0;7.72497897392767
2844.0;7.72161480235492
2850.0;8.502102607232969
2856.0;9.174936921783011
2862.0;9.265769554247267
2868.0;9.090832632464256
2874.0;9.042052144659378
2880.0;8.292682926829269
2886.0;8.068965517241379
2892.0;7.770395290159798
2898.0;7.51892346509672
2904.0;7.84524810765349
2910.0;7.55677039529016
2916.0;7.325921116701834
2922.0;7.415192338906022
2928.0;7.170102256127252
2934.0;7.872910241843856
2940.0;7.460639506573608
2946.0;7.684629118649569
2952.0;6.866580100633014
2958.0;6.821132932965428
2964.0;6.844668073364714
2970.0;6.990748255153385
2976.0;7.341340691446193
2982.0;7.326732673267327
2988.0;7.208245414705405
2994.0;7.332413569225775
3000.0;7.926472975166369
3006.0;7.644051290374939
3012.0;7.142509332900503
3018.0;7.189579613699075
3024.0;7.213423239767916
3030.0;6.784538184099106
3036.0;7.004077152265956
3042.0;7.549788301709268
3048.0;8.011604202603104
3054.0;7.665046259996863
3060.0;7.781088286027913
3066.0;7.694840834248079
3072.0;7.6979771052218915
3078.0;8.391877058177826
3084.0;8.446761800219539
3090.0;8.66394856515603
3096.0;8.375411635565312
3102.0;8.790967539595421
3108.0;8.540849929433904
3114.0;7.975537086404265
3120.0;7.647796769640897
3126.0;7.254194762427474
3132.0;7.181859548005461
3138.0;7.294099802821174
3144.0;7.245563476414379
3150.0;7.2015774306082205
3156.0;7.515546792052176
3162.0;7.38207189443349
3168.0;7.342636129227969
3174.0;7.610344304565448
3180.0;7.886394661004095
3186.0;8.204914303048689
3192.0;8.210981343849538
3198.0;8.498407401789777
3204.0;9.180949491885332
3210.0;9.639011072349462
3216.0;9.341726073107841
3222.0;8.70772030941908
3228.0;8.757015015925981
3234.0;8.957985742454118
3240.0;8.510060214422088
3246.0;8.666470847407842
3252.0;7.8954325157879275
3258.0;8.034219415479512
3264.0;8.231017770597738
3270.0;8.319136437068586
3276.0;7.76986341606697
3282.0;7.576736672051696
3288.0;7.980613893376414
3294.0;7.525334116610368
3300.0;6.927595829049787
3306.0;6.840945807020121
3312.0;6.983404317814657
3318.0;7.0259950066089
3324.0;7.62079600528712
3330.0;7.376266705830519
3336.0;8.4784843589367
3342.0;8.350712292553972
3348.0;8.723131672597864
3354.0;8.372953736654804
3360.0;7.715302491103203
3366.0;7.259786476868327
3372.0;7.074733096085409
3378.0;7.345195729537367
3384.0;8.120284697508897
3390.0;8.08185053380783
3396.0;8.127402135231316
3402.0;8.213523131672599
3408.0;7.749466192170819
3414.0;8.247686832740213
3420.0;8.271886120996442
3426.0;8.713167259786477
3432.0;8.355871886120996
3438.0;8.07188612099644
3444.0;8.33950177935943
3450.0;7.868327402135232
3456.0;8.259218340008287
3462.0;8.212263499516641
3468.0;7.545919071951388
3474.0;8.07278000276205
3480.0;7.91810523408369
3486.0;7.7786217373290985
3492.0;7.7786217373290985
3498.0;7.2786907885651155
3504.0;7.8014086452147495
3510.0;7.391244303273028
3516.0;7.20342494130645
3522.0;8.02375362518989
3528.0;7.958154950973622
3534.0;7.936058555448143
3540.0;7.782074299129954
3546.0;7.756525341803618
3552.0;7.346360999861898
3558.0;8.214335036597156
3564.0;8.423628805149525
3570.0;8.739439452863081
3576.0;8.8017969692906
3582.0;8.738768941933753
3588.0;8.371328952661928
3594.0;7.989137722944884
3600.0;8.345849537347458
3606.0;8.22247552635108
3612.0;7.629743864824997
3618.0;7.992490277591525
3624.0;8.492691430870323
3630.0;8.644226900898484
3636.0;8.168164141075499
3642.0;8.121228376022529
3648.0;8.420276250502884
3654.0;8.94997988467212
3660.0;8.583210406329624
3666.0;8.357248223146037
3672.0;8.540336243972371
3678.0;8.535774794734785
3684.0;8.760589078587254
3690.0;9.2890655545419
3696.0;9.585559754985013
3702.0;9.054476736608889
3708.0;9.311221165124463
3714.0;9.194578391763326
3720.0;9.01472696468135
3726.0;7.991007428645902
3732.0;7.577870454841652
3738.0;7.207741430991789
3744.0;7.462530952691255
3750.0;7.439723706503323
3756.0;7.66909943959338
3762.0;7.214257787045484
3768.0;7.253355923367653
3774.0;7.789652026586733
3780.0;8.727975662314615
3786.0;8.106857649892255
3792.0;8.127139054379516
3798.0;7.853340093801496
3804.0;8.948535936113576
3810.0;9.4156420332108
3816.0;9.732538978324248
3822.0;9.598174673596146
3828.0;9.84662187856509
3834.0;9.503105590062113
3840.0;8.980859424515147
3846.0;8.402839396628217
3852.0;8.311573076435543
3858.0;8.400938014957536
3864.0;8.226010901254911
3870.0;7.521232095322601
3876.0;7.21891240968437
3882.0;6.991380403092914
3888.0;6.439235040098705
3894.0;6.399136335595312
3900.0;6.809993830968538
3906.0;7.355336212214683
3912.0;6.903763109191857
3918.0;7.107958050586058
3924.0;7.3769278223318935
3930.0;7.536088834053054
3936.0;7.446020974706971
3942.0;6.871684145589143
3948.0;6.323874151758174
3954.0;6.689080814312153
3960.0;6.691548426896977
3966.0;5.798889574336829
3972.0;5.753238741517582
3978.0;5.803207896360272
3984.0;5.805675508945096
3990.0;5.575570635410241
3996.0;5.666987140968634
4002.0;6.630813604134119
4008.0;6.729359451988944
4014.0;6.308736930657373
4020.0;6.172935945198894
4026.0;6.3123422665545
4032.0;6.719745222929936
4038.0;7.178824660497536
4044.0;8.096983535632736
4050.0;7.683571686095421
4056.0;7.681168128830669
4062.0;7.460040860473501
4068.0;6.930056483595721
4074.0;6.851940872491287
4080.0;6.863958658815046
4086.0;6.06237231102031
4092.0;6.105636341785843
4098.0;5.847854825141209
4104.0;5.690523603139276
4110.0;6.053648822771465
4116.0;5.8018039123813985
4122.0;5.634883448518215
4128.0;5.752606301979618
4134.0;5.7356214126742415
4140.0;5.5845144664402016
4146.0;5.589199953145133
4152.0;5.694037718167975
4158.0;5.719222209206982
4164.0;6.973761274452384
4170.0;6.975518331966733
4176.0;7.246105189176526
4182.0;7.2543047909101555
4188.0;6.792784350474405
4194.0;6.7951270938268715
4200.0;6.039592362656671
4206.0;5.3724961930420525
4212.0;5.035987661373244
4218.0;5.122243802124986
4224.0;5.395864275105678
4230.0;5.312464297954987
4236.0;5.858562778475951
4242.0;5.7214669256255
4248.0;5.151376670855707
4254.0;5.582657374614418
4260.0;5.860847709356792
4266.0;5.720324460185079
4272.0;5.676910773449103
4278.0;6.2024448760425
4284.0;5.901976465211927
4290.0;5.7466011653147495
4296.0;5.900833999771507
4302.0;5.992231235005141
4308.0;6.383525648349138
4314.0;6.039643550782589
4320.0;5.750919834987178
4326.0;5.423124094101906
4332.0;5.19065670643327
4338.0;5.421451666852492
4344.0;5.695172260006689
4350.0;5.399152636860297
4356.0;5.224105251421563
4362.0;4.672204259114729
4368.0;4.5807782361467275
4374.0;5.084178838220537
4380.0;4.952614561266585
4386.0;5.128776898204928
4392.0;5.442078269595273
4398.0;5.558590701304493
4404.0;5.468279629836102
4410.0;5.497825844575761
4416.0;5.815587021964545
4422.0;5.951611104916936
4428.0;5.854109961894393
4434.0;5.862275449101796
4440.0;5.451279259662493
4446.0;5.213935764833969
4452.0;5.216113228089276
4458.0;5.0310288513881325
4464.0;5.3767011431682095
4470.0;6.545454545454546
4476.0;5.817093086554165
4482.0;5.5383777898747955
4488.0;6.166031573217202
4494.0;5.708764289602613
4500.0;5.221012520413718
4506.0;4.976047904191617
4512.0;5.046815459989113
4518.0;4.901469787697333
4524.0;5.501905280348394
4530.0;6.074578116494284
4536.0;5.915860014892033
4542.0;5.365918519306457
4548.0;5.151579619189448
4554.0;5.293053930432933
4560.0;5.18508669290501
4566.0;4.767046058929901
4572.0;4.498989469205403
4578.0;4.7723646420593555
4584.0;5.206361025422828
4590.0;5.316987554515477
4596.0;5.451015849377725
4602.0;5.005318583129454
4608.0;4.952132751834911
4614.0;4.996276991809382
4620.0;4.836187639612807
4626.0;4.53675140942453
4632.0;4.455908945856824
4638.0;4.5527071588128925
4644.0;4.384943329520641
4650.0;4.5897889154622025
4656.0;4.677134241447437
4662.0;4.682333367994177
4668.0;4.686492669231569
4674.0;4.770718519288759
4680.0;4.637620879692212
4686.0;4.458770926484351
4692.0;4.2674430695643135
4698.0;4.4774877820526156
4704.0;5.024435894769678
4710.0;5.368098159509202
4716.0;5.229801393365914
4722.0;5.509514401580534
4728.0;5.325465321825933
4734.0;5.35094104190496
4740.0;5.210564625142976
4746.0;4.680253717375481
4752.0;4.865249669480321
4758.0;5.002542459066409
4764.0;4.768636224956778
4770.0;5.049323705888336
4776.0;5.135767314146242
4782.0;5.23085528322994
4788.0;5.047289738635208
4794.0;4.84236753788264
4800.0;4.679141665819181
4806.0;4.506254449303366
4812.0;3.720126105969694
4818.0;4.063358079934913
4824.0;4.364893725211024
4830.0;4.818976914471677
4836.0;5.008135869012509
4842.0;4.6806671412590255
4848.0;5.11542764161497
4854.0;5.284755415437812
4860.0;5.3681958403821275
4866.0;5.55627425614489
4872.0;5.646830530401035
4878.0;5.90158224698975
4884.0;5.691611105582645
4890.0;6.14240222907752
4896.0;6.020001990247786
4902.0;6.191163299830829
4908.0;5.756294158622748
4914.0;4.930341327495273
4920.0;4.434769628818788
4926.0;4.295452283809334
4932.0;4.2934620360234845
4938.0;3.9003880983182406
4944.0;4.452681858891432
4950.0;4.312369389989054
4956.0;4.1730520449796
4962.0;4.859687531097622
4968.0;4.959571358986849
4974.0;5.121773015099854
4980.0;4.842182172430589
4986.0;4.635168046760838
4992.0;4.592303945445689
4998.0;4.951777886020458
5004.0;5.664393570384803
5010.0;5.000487092060399
5016.0;5.530930345835363
5022.0;5.113005358012664
5028.0;5.187530443253775
5034.0;5.527033609352167
5040.0;5.351680467608378
5046.0;5.165611300535801
5052.0;4.6322454943984415
5058.0;4.315635655138821
5064.0;4.2464685825621045
5070.0;4.543107647345348
5076.0;4.403682854689438
5082.0;4.861654422287949
5088.0;4.976147314187577
5094.0;5.352065642591356
5100.0;5.231848106096747
5106.0;5.280507585154088
5112.0;5.807174887892376
5118.0;6.078141398721496
5124.0;6.467417231180231
5130.0;6.196450720351112
5136.0;6.51989313996756
5142.0;6.420665966987883
5148.0;6.0371147791241295
5154.0;6.127277931495087
5160.0;6.649651750787139
5166.0;6.287090926438317
5172.0;6.061921572369049
5178.0;6.1439748115637824
5184.0;6.399457791904272
5190.0;6.6738337851734135
5196.0;6.560250537533888
5202.0;6.09937365616528
5208.0;5.666074600355239
5214.0;6.037206693465458
5220.0;5.760493596335421
5226.0;5.780592689539123
5232.0;5.737589978498645
5238.0;5.351032999906516
5244.0;5.4599420398242495
5250.0;5.596428905300551
5256.0;5.1879031504160045
5262.0;4.823314948116295
5268.0;4.752734411517248
5274.0;4.509675609984107
5280.0;4.590071982798915
5286.0;4.404973357015986
5292.0;4.3141207733895355
5298.0;4.452487858517364
5304.0;4.50471914230734
5310.0;4.727389352148814
5316.0;4.916155044442408
5322.0;5.420141116100064
5328.0;5.646018510033905
5334.0;5.359662787501145
5340.0;5.198387244570696
5346.0;4.8749198203976905
5352.0;5.062311005223128
5358.0;6.292037020067809
5364.0;6.177036561898653
5370.0;5.878768441308531
5376.0;5.9704022725190145
5382.0;5.468248877485568
5388.0;4.923943920095299
5394.0;5.123705672134152
5400.0;5.376493844909695
5406.0;5.152754065953815
5412.0;5.148261299308114
5418.0;4.918231647048252
5424.0;4.531404438853446
5430.0;4.693593314763231
5436.0;4.276664570042232
5442.0;4.920028753706532
5448.0;4.834666187438224
5454.0;5.029202983197052
5460.0;5.183304879144577
5466.0;5.2650732320963245
5472.0;5.123101806092191
5478.0;4.965854973492677
5484.0;4.706622338035762
5490.0;5.230029652259861
5496.0;5.00269565998742
5502.0;5.048521879773564
5508.0;5.149845747025121
5514.0;4.77919788453063
5520.0;4.8497135301895105
5526.0;4.5905685323931245
5532.0;4.225650066108418
5538.0;4.502423975319524
5544.0;5.003085059497576
5550.0;4.937858087263112
5556.0;5.142353459673865
5562.0;4.847069193477303
5568.0;5.1903922432789775
5574.0;4.69766416923755
5580.0;4.829440282062583
5586.0;4.871749669457911
5592.0;5.241956809167034
5598.0;5.238871749669458
5604.0;4.826795945350375
5610.0;4.8461877479065665
5616.0;4.824842141683245
5622.0;4.324020413459043
5628.0;4.437764899230171
5634.0;4.711962632990225
5640.0;4.481013753135542
5646.0;4.251794827437073
5652.0;3.768705129314073
5658.0;3.7211313900181646
5664.0;3.789897067727705
5670.0;4.114263472017991
5676.0;4.476688867745005
5682.0;4.529452469509558
5688.0;4.18043421849321
5694.0;4.182164172649425
5700.0;3.9836519332237694
5706.0;3.539486203615604
5712.0;3.884179569241415
5718.0;4.0013839633249715
5724.0;4.4332172879341085
5730.0;4.622993971299992
5736.0;5.424556338626136
5742.0;5.5578670289547425
5748.0;5.051795873312389
5754.0;5.056890549375902
5760.0;4.93843933089921
5766.0;4.023095864821261
5772.0;3.8167614842489597
5778.0;3.8345928504712576
5784.0;4.13432962554131
5790.0;4.7096034643797235
5796.0;4.660354929099092
5802.0;4.188672836885455
5808.0;3.9326653646938947
5814.0;4.38694064702386
5820.0;4.624692196654496
5826.0;4.786023605332428
5832.0;4.412990911364963
5838.0;4.593095972650713
5844.0;4.712749103643792
5850.0;5.005836738097224
5856.0;5.376886517134995
5862.0;5.053364462603185
5868.0;5.052947552739098
5874.0;4.962061202368048
5880.0;4.523888935212207
5886.0;4.301259067789544
5892.0;3.975235554073209
5898.0;4.317518552488952
5904.0;4.942466438755941
5910.0;4.878679229550571
5916.0;4.53139331276578
5922.0;4.619778203952306
5928.0;4.776953222713249
5934.0;5.0800466939047775
5940.0;5.079040052420345
5946.0;4.9897616512408876
5952.0;5.016790891964944
5958.0;5.249815709722336
5964.0;6.046768777131624
5970.0;5.720779752641494
5976.0;5.560242444098615
5982.0;5.468506839216971
5988.0;5.698255385371447
5994.0;5.539765746580391
6000.0;5.5643377836022605
6006.0;5.520927184863625
6012.0;5.0999262838889345
6018.0;5.419772299123597
6024.0;5.423458104676878
6030.0;5.169547055450897
6036.0;5.334998771398149
6042.0;5.059791956753215
6048.0;4.719517102615694
6054.0;4.49456740442656
6060.0;4.28169014084507
6066.0;4.276056338028169
6072.0;4.278470824949698
6078.0;4.44989939637827
6084.0;4.596780684104628
6090.0;4.418108651911469
6096.0;4.777867203219316
6102.0;5.103822937625755
6108.0;4.895774647887324
6114.0;4.354124748490945
6120.0;4.186317907444668
6126.0;4.27645875251509
6132.0;4.3191146881287725
6138.0;3.8148893360160967
6144.0;3.9054325955734406
6150.0;4.598792756539235
6156.0;4.875405426785855
6162.0;4.290008701843209
6168.0;4.689502412783798
6174.0;4.50439047543707
6180.0;4.646784273396092
6186.0;4.783640534767819
6192.0;4.364369907444031
6198.0;4.412625583419033
6204.0;5.052606597579305
6210.0;5.005933074914959
6216.0;5.190253935606361
6222.0;4.740922395380112
6228.0;4.783640534767819
6234.0;4.849695435487699
6240.0;4.594177675816787
6246.0;4.464441104343011
6252.0;4.048334783640534
6258.0;4.158294438731113
6264.0;4.249047211635685
6270.0;4.065489616551295
6276.0;3.979933110367893
6282.0;3.6571517461305127
6288.0;3.360426226958077
6294.0;3.7061522905810063
6300.0;3.754375048611651
6306.0;3.4039822664696273
6312.0;3.4988722096912186
6318.0;3.7971533017033523
6324.0;4.324103601151124
6330.0;4.761608462316248
6336.0;4.8743874931943685
6342.0;5.056778408648985
6348.0;5.197557750641674
6354.0;4.396048844987167
6360.0;4.390604340048223
6366.0;4.375437504861165
6372.0;3.958158035645988
6378.0;4.068308727912491
6384.0;4.140212652030903
6390.0;4.557102424845101
6396.0;4.787347969096611
6402.0;4.003289222060736
6408.0;4.117264591142049
6414.0;4.642010250133864
6420.0;4.548688135852521
6426.0;4.392641321808307
6432.0;4.600703740533925
6438.0;5.035187026696244
6444.0;5.268492312399602
6450.0;5.492618373747418
6456.0;5.195058517555267
6462.0;5.609653484280578
6468.0;5.080318213110992
6474.0;4.941099977051939
6480.0;5.013545037248853
6486.0;5.334110918805027
6492.0;5.361577244337422
6498.0;5.057190157272933
6504.0;5.288208292572804
6510.0;5.543682745127549
6516.0;5.75174956731131
6522.0;5.473323801640454
6528.0;5.013545037248853
6534.0;5.129806606968169
6540.0;5.246068176687486
6546.0;5.103845285574535
6552.0;4.927007299270073
6558.0;5.154262924223041
6564.0;5.957558883286929
6570.0;5.8390398073594705
6576.0;5.56663405824366
6582.0;5.614041688614644
6588.0;5.21843761569789
6594.0;5.333209922251018
6600.0;5.334690855238801
6606.0;4.694187338022955
6612.0;4.553498704183636
6618.0;4.440207330618289
6624.0;4.11884487226953
6630.0;5.106627175120326
6636.0;4.732691595705294
6642.0;4.506108848574602
6648.0;4.973713439466864
6654.0;4.9163272861903
6660.0;5.105146242132544
6666.0;5.2443539429840795
6672.0;5.176231025546094
6678.0;5.473898556090337
6684.0;5.8130322102924845
6690.0;6.065531284709367
6696.0;5.746301289993441
6702.0;5.423438524888857
6708.0;5.241236061511552
6714.0;5.701843888929378
6720.0;5.657386487865316
6726.0;5.657386487865316
6732.0;5.56992930544421
6738.0;5.380438743531813
6744.0;5.1760075796224765
6750.0;5.035347277895197
6756.0;4.4628671379637055
6762.0;4.325122075650463
6768.0;3.8193280373150644
6774.0;4.327308505210991
6780.0;4.351723635303549
6786.0;4.781357043947234
6792.0;4.879746374170979
6798.0;5.063406457255302
6804.0;5.150678051230537
6810.0;6.231254932912392
6816.0;6.120040180813661
6822.0;6.303723900408984
6828.0;5.909808423620579
6834.0;5.984429934706178
6840.0;5.889000502260171
6846.0;5.6141924373968575
6852.0;5.337231828944536
6858.0;4.966994331635216
6864.0;4.7158642462509865
6870.0;5.31570639305446
6876.0;5.288440840927029
6882.0;5.107627179450384
6888.0;4.94475138121547
6894.0;5.361627322953289
6900.0;5.038745784602138
6906.0;5.1061921503910455
6912.0;5.194305094326292
6918.0;4.945241291598954
6924.0;5.290751077510069
6930.0;6.0047339786617675
6936.0;6.279587366636049
6942.0;5.909701123436728
6948.0;5.551119903907299
6954.0;5.335264608210274
6960.0;4.924750936197273
6966.0;4.784144704302975
6972.0;4.0952448244188515
6978.0;4.50646506041122
6984.0;4.741044301561506
6990.0;5.107044442874303
6996.0;5.011658305659577
7002.0;4.760474810994135
7008.0;5.198191196212817
7014.0;5.062177630184413
7020.0;4.41645208434825
7026.0;4.556684529194794
7032.0;4.467603869441158
7038.0;4.187834922402394
7044.0;4.830189992344631
7050.0;4.738673533300856
7056.0;4.62732270860881
7062.0;4.505532744101886
7068.0;4.420627740274202
7074.0;4.256037302526272
7080.0;4.324935625304475
7086.0;4.195490291599972
7092.0;3.9620015310738395
7098.0;4.23202728095205
7104.0;4.6440253323126175
7110.0;4.738673533300856
7116.0;4.787041547776464
7122.0;4.649244902220057
7128.0;4.8333904696606105
7134.0;4.766883784710319
7140.0;4.471717517997943
7146.0;4.099417209461776
7152.0;4.401439835447378
7158.0;4.556393555022283
7164.0;4.8333904696606105
7170.0;5.038395611930065
7176.0;5.198148782996229
7182.0;5.112787110044566
7188.0;5.22214604045252
7194.0;4.605416523825848
7200.0;4.3729859444634895
7206.0;3.9122386013027084
7212.0;3.8001371271854647
7218.0;3.818992115186836
7224.0;3.750771340418238
7230.0;4.188549880013713
7236.0;4.145328018377136
7242.0;4.233835551651915
7248.0;4.236538071751909
7254.0;4.3108573745017225
7260.0;4.580433754476049
7266.0;4.392608607526518
7272.0;4.0696574555773255
7278.0;3.794000405378015
7284.0;4.372339706776569
7290.0;4.098709546652254
7296.0;4.099385176677251
7302.0;3.865617188027836
7308.0;4.13992297817715
7314.0;4.396662387676509
7320.0;4.254780082426863
7326.0;3.9115600297277213
7332.0;3.5453685561786368
7338.0;3.4332139720289168
7344.0;3.867283745088899
7350.0;3.7956982086968103
7356.0;3.825997203169741
7362.0;3.7301058800026636
7368.0;3.8905906639142307
7374.0;3.7517480189118997
7380.0;3.7970300326296864
7386.0;3.5935939268828663
7392.0;3.589598455084238
7398.0;4.301458347206499
7404.0;5.107877738562962
7410.0;5.290004661383765
7416.0;5.245388559632417
7422.0;5.4298461743357525
7428.0;5.136511953119798
7434.0;4.7176533262302724
7440.0;4.1649463940867015
7446.0;3.913564626756343
7452.0;3.822293704457428
7458.0;3.660145736230552
7464.0;3.294492220836342
7470.0;3.8423160244206658
7476.0;3.134641895883936
7482.0;2.5825510405041685
7488.0;2.9678986411081207
7494.0;2.949845729665857
7500.0;2.6334274272960023
7506.0;2.7443707739775487
7512.0;2.8146130112256285
7518.0;3.3145145407995797
7524.0;3.633886955950896
7530.0;3.454670780542244
7536.0;3.41068732357382
7542.0;3.3607956410424737
7548.0;3.6148493402481456
7554.0;3.571522352786713
7560.0;3.0636287138326104
7566.0;2.9998705417826397
7572.0;2.9972813774354328
7578.0;2.857466502686258
7584.0;3.153602174898052
7590.0;3.799598679526183
7596.0;3.6859990937924785
7602.0;3.594731050553434
7608.0;3.340669298983753
7614.0;3.5665738882775586
7620.0;3.8251666774548516
7626.0;3.6636675512978187
7632.0;3.479189591559324
7638.0;3.3413165900705546
7644.0;3.5908473040326236
7650.0;3.777914428118325
7656.0;4.141692018900899
7662.0;4.053013140009062
7668.0;3.989466964570699
7674.0;3.917969996808171
7680.0;3.6160229811682094
7686.0;3.1812958825406956
7692.0;3.4577082668368977
7698.0;3.2719438238110437
7704.0;3.3638684966485797
7710.0;3.4328120012767314
7716.0;3.4149377593360994
7722.0;3.5955952760932015
7728.0;3.5949569103096075
7734.0;3.4098308330673475
7740.0;3.4787743376954996
7746.0;3.3683370571337377
7752.0;3.22661985317587
7758.0;3.7101819342483244
7764.0;3.6396425151611873
7770.0;3.659431854452601
7776.0;4.121276997670172
7782.0;3.680813550783956
7788.0;3.6162710156791134
7794.0;3.7145016056923366
7800.0;3.731817895598514
7806.0;3.687110383477111
7812.0;3.4547572570996787
7818.0;3.0863925445500913
7824.0;3.4279957181537686
7830.0;3.4541275738303634
7836.0;3.615641332409798
7842.0;3.5199294754738366
7848.0;3.296391914866822
7854.0;3.275927208614067
7860.0;3.2249228637995087
7866.0;3.5989547257729364
7872.0;4.14551980353882
7878.0;4.55733266167118
7884.0;5.179536559607381
7890.0;5.571535068646331
7896.0;5.249735975647636
7902.0;5.15872522830341
7908.0;5.155929676337205
7914.0;5.246629806796298
7920.0;4.578803503758464
7926.0;4.094862396719885
7932.0;3.498477977262844
7938.0;3.589178107721936
7944.0;3.498477977262844
7950.0;3.592905510343542
7956.0;3.270485183574579
7962.0;3.548176678884264
7968.0;3.7072125240728084
7974.0;3.8202770702615396
7980.0;3.731440641113251
7986.0;3.5692986270733678
7992.0;3.59314657022007
7998.0;3.0377612946729604
8004.0;2.9687978912523754
8010.0;2.784895482130816
8016.0;3.134003555446576
8022.0;3.22288971985533
8028.0;3.544718935818059
8034.0;3.411696193220131
8040.0;3.411696193220131
8046.0;3.2676393060749094
8052.0;3.0402133267945812
8058.0;3.0377612946729604
8064.0;3.199901918715135
8070.0;3.017225525654386
8076.0;3.086801937105376
8082.0;3.085575921044566
8088.0;3.52357015876908
8094.0;3.5900815300680438
8100.0;3.7077258152338315
8106.0;3.6187912154395305
8112.0;3.61727872224575
8118.0;3.5706939318773068
8124.0;3.6844334200496096
8130.0;4.144836348236433
8136.0;4.3783652973561615
8142.0;3.9597071813176843
8148.0;3.8940649767076048
8154.0;4.305463125415936
8160.0;4.146953838707725
8166.0;3.6399661201524594
8172.0;2.950269223788493
8178.0;3.0860911125899935
8184.0;3.7068183193175632
8190.0;4.054994252525864
8196.0;3.733135700889346
8202.0;3.3153850807671366
8208.0;3.4568527918781724
8214.0;3.1588533890713646
8220.0;3.2054344580471783
8226.0;2.76500447894894
8232.0;3.0432965064198267
8238.0;2.725291131681099
8244.0;2.832188713048671
8250.0;2.881158554792475
8256.0;2.8808599581964764
8262.0;3.478053150194088
8268.0;3.3654822335025383
8274.0;3.34249029561063
8280.0;3.2033442818751867
8286.0;2.9056434756643776
8292.0;2.674529710361302
8298.0;2.949238578680203
8304.0;2.974022096148104
8310.0;2.7641086891609437
8316.0;2.855668887447674
8322.0;2.8379812511054774
8328.0;2.814692529921585
8334.0;3.133954365898237
8340.0;2.810565414775072
8346.0;3.084723778079123
8352.0;3.318790165674194
8358.0;3.6424739107363955
8364.0;4.144802782854785
8370.0;3.9620305406520844
8376.0;3.685513825835741
8382.0;3.457343317021402
8388.0;3.3388361535286832
8394.0;2.9028359176935323
8400.0;2.925829844938388
8406.0;2.9016567419373858
8412.0;2.6717174694888275
8418.0;2.6958905724898297
8424.0;2.8116085463119287
8430.0;2.6052279210572276
8436.0;2.581067706817256
8442.0;2.3787622984223087
8448.0;2.7685276823659546
8454.0;2.9795656983175176
8460.0;3.0893054666123305
8466.0;3.131804156721197
8472.0;3.777434942073703
8478.0;4.051638819351458
8484.0;4.283344006520347
8490.0;4.927810444198638
8496.0;5.529778191768062
8502.0;5.11177737672469
8508.0;4.810502416021424
8514.0;4.466728765209291
8520.0;4.535716364906561
8526.0;4.329917913488968
8532.0;3.869085264186742
8538.0;3.363422066348531
8544.0;2.9727476571034326
8550.0;3.20100040246076
8556.0;3.4361524751336745
8562.0;3.6851032024377623
8568.0;3.6166848732248607
8574.0;3.8248145805783937
8580.0;3.3642844822629794
8586.0;3.251020525498764
8592.0;3.3890070718104983
8598.0;3.7552463634795608
8604.0;4.215776461794975
8610.0;4.030644512160064
8616.0;3.961651239004197
8622.0;4.100212729258898
8628.0;4.423618697177025
8634.0;4.354337952049675
8640.0;4.495996365494918
8646.0;4.193026293372707
8652.0;3.6856153103526608
8658.0;3.7764779374183655
8664.0;4.214606167300812
8670.0;4.051905275711284
8676.0;3.7293429496280313
8682.0;3.5487534783349424
8688.0;3.3695837355897553
8694.0;3.574592537906752
8700.0;3.6009994888977226
8706.0;3.6844795275143394
8712.0;3.7321824067238345
8718.0;3.8273042194332443
8724.0;4.520699642228406
8730.0;4.561019932988812
8736.0;4.793855414844682
8742.0;4.745016752796865
8748.0;4.927068723702665
8754.0;4.999158485273492
8760.0;4.883309957924264
8766.0;4.375035063113605
8772.0;4.051893408134642
8778.0;4.146704067321178
8784.0;4.3312762973352035
8790.0;4.2361851332398315
8796.0;4.466760168302946
8802.0;4.6496493688639555
8808.0;4.587377279102384
8814.0;4.3584852734922865
8820.0;4.329873772791024
8826.0;4.143618513323983
8832.0;3.546704067321178
8838.0;4.237307152875175
8844.0;4.97671809256662
8850.0;5.272931276297335
8856.0;5.249708996175379
8862.0;5.344493099052159
8868.0;4.79020009977274
8874.0;5.133861759325979
8880.0;4.791031539271659
8886.0;4.5346710271049275
8892.0;4.398314949282191
8898.0;4.35175433734272
8904.0;4.5604456515714205
8910.0;3.9607006263510893
8916.0;3.9146943074108975
8922.0;3.775566764591763
8928.0;3.731777617648689
8934.0;3.7564436561166232
8940.0;3.892245440940081
8946.0;4.5166565046283464
8952.0;4.428523917742919
8958.0;4.815143284740314
8964.0;5.29577696226105
8970.0;5.961275127348414
8976.0;5.572383195486663
8982.0;5.804075149257819
8988.0;5.669332310894451
8994.0;5.506107246535575
9000.0;5.134195103248069
9006.0;5.065180478720491
9012.0;4.743112230925124
9018.0;4.88168921509558
9024.0;5.045462014569754
9030.0;5.116119844443228
9036.0;5.203209727775648
9042.0;4.883332420441475
9048.0;4.447335268664074
9054.0;4.544558251629512
9060.0;4.405159664786109
9066.0;4.220025195815304
9072.0;4.702268175174579
9078.0;4.564228874573702
9084.0;4.930709684404266
9090.0;4.975098792832783
9096.0;5.114220754614843
9102.0;5.073079629729876
9108.0;4.653277756726032
9114.0;4.469225355924864
9120.0;4.079196665403562
9126.0;4.655443079088399
9132.0;4.881989931251015
9138.0;4.516050452011043
9144.0;4.399393709738537
9150.0;4.260813078547069
9156.0;4.560980891030152
9162.0;4.473826665944893
9168.0;4.747739944784279
9174.0;5.000270665295296
9180.0;5.227941569907432
9186.0;5.249879608325753
9192.0;4.926694847236342
9198.0;5.593932259617957
9204.0;5.986676654716678
9210.0;6.238696559473487
9216.0;5.894643908181283
9222.0;5.482101771095297
9228.0;5.623896409652737
9234.0;5.391139172775429
9240.0;5.202793086842528
9246.0;5.064743967039435
9252.0;5.018727593771738
9258.0;4.791856172079833
9264.0;5.1123655626304245
9270.0;5.2552303494033925
9276.0;5.020867890202793
9282.0;5.205468457381348
9288.0;5.274795027770431
9294.0;5.528960592435864
9300.0;5.761174292515207
9306.0;5.897646125363661
9312.0;6.147315524993388
9318.0;5.964295160010579
9324.0;6.200211584236975
9330.0;5.780216873842899
9336.0;5.272414705104469
9342.0;4.424226395133562
9348.0;4.5149431367363135
9354.0;4.282729436656969
9360.0;4.14837344617826
9366.0;3.917746627876223
9372.0;3.8706691351494316
9378.0;4.331393811161068
9384.0;4.6077757207088075
9390.0;4.861412324781804
9396.0;4.862716385126301
9402.0;4.816170702369123
9408.0;4.721248888656451
9414.0;5.413419800219653
9420.0;5.621044924428639
9426.0;5.827101093039067
9432.0;6.469849903247738
9438.0;6.770566392971079
9444.0;7.300611892683437
9450.0;6.724282202813661
9456.0;6.727943099210292
9462.0;6.267716123633702
9468.0;6.055907117828565
9474.0;6.125987134564092
9480.0;6.448407510067465
9486.0;5.988180534490874
9492.0;5.851158412216934
9498.0;5.526907588515245
9504.0;5.208408750064643
9510.0;5.52903759631794
9516.0;5.945855096447225
9522.0;5.577649066556343
9528.0;5.668924859078451
9534.0;5.34622743962352
9540.0;5.022754305217976
9546.0;4.794952681388013
9552.0;5.5323990277705954
9558.0;5.486373274034235
9564.0;5.827687852303874
9570.0;6.219941045663753
9576.0;6.218648187412732
9582.0;5.917929358225164
9588.0;5.7581320783989245
9594.0;5.458964679112582
9600.0;5.322697419454931
9606.0;5.022495733567772
9612.0;4.883649567841252
9618.0;4.793126374469391
9624.0;4.7680662813890455
9630.0;5.023781516902777
9636.0;5.343425561294942
9642.0;5.302511123612745
9648.0;5.160844883138138
9654.0;5.371554237201453
9660.0;5.184882115276428
9666.0;5.41451439676776
9672.0;4.998721423822431
9678.0;4.657085869176085
9684.0;5.069298828824222
9690.0;5.136807650999846
9696.0;4.97672991356825
9702.0;4.747609062547947
9708.0;4.724594691351711
9714.0;4.654528716820948
9720.0;4.677778339824979
9726.0;4.655774191916637
9732.0;4.676766654863675
9738.0;4.6803075522282365
9744.0;4.886438363093733
9750.0;4.8173908644848
9756.0;5.024027517830947
9762.0;5.071576711012191
9768.0;4.700794172694623
9774.0;4.771359198745511
9780.0;4.65198037331175
9786.0;4.652992058273054
9792.0;4.561434569275128
9798.0;4.608730841216046
9804.0;5.116343770549851
9810.0;5.343467044362385
9816.0;5.254944610248368
9822.0;5.300470433507006
9828.0;5.255191393545159
9834.0;5.276957718288717
9840.0;5.1376032024018015
9846.0;5.113585188891669
9852.0;4.792344258193645
9858.0;4.977483112334251
9864.0;5.299474605954466
9870.0;4.908181135851889
9876.0;4.930698023517638
9882.0;4.424318238679009
9888.0;4.403302476857643
9894.0;4.079309482111584
9900.0;4.334751063297473
9906.0;4.288216162121591
9912.0;4.427320490367776
9918.0;4.702777082812109
9924.0;5.188141105829372
9930.0;5.665999499624719
9936.0;5.345774961635563
9942.0;5.0435621998910944
9948.0;4.793327063016682
9954.0;5.164100787089748
9960.0;5.162120687094698
9966.0;4.654225038364437
9972.0;4.744319588139201
9978.0;4.6071976634820055
9984.0;4.860897975347755
9990.0;4.909905450225236
9996.0;5.161130637097173
10002.0;4.701747438245631
10008.0;4.337409039156477
10014.0;4.216870451957824
10020.0;4.336666501658334
10026.0;4.101529627246176
10032.0;4.2398891144002775
10038.0;5.0
10044.0;5.507420287015722
10050.0;5.6670911495322525
10056.0;5.025224077974237
10062.0;4.884899838369986
10068.0;5.0002448939609145
10074.0;5.023264926286918
10080.0;4.606945192731548
10086.0;4.653964833227213
10092.0;4.0314443845814765
10098.0;4.447764118136846
10104.0;4.929225645295587
10110.0;4.79110545133957
10116.0;4.518783366802174
10122.0;4.1024636332468045
10128.0;3.9425478767693587
10134.0;4.1499730616643
10140.0;4.355194200911005
10146.0;4.198462065925455
10152.0;3.782532835748558
10158.0;3.6645180051374013
10164.0;4.105801386129016
10170.0;4.471235399602579
10176.0;4.976251635729172
10182.0;4.791353656763437
10188.0;4.9294818979305
10194.0;4.864295061309552
10200.0;4.285852760141521
10206.0;4.147482188726797
10212.0;4.1014394416711095
10218.0;4.4016866185237244
10224.0;4.56283623321863
10230.0;4.3338341491785
10236.0;4.517035816410605
10242.0;4.517035816410605
10248.0;4.060485629816314
10254.0;3.7818058450055734
10260.0;3.921051369370234
10266.0;4.147441124274546
10272.0;4.151757878075687
10278.0;5.50530001438918
10284.0;4.748429181255696
10290.0;5.116312532975202
10296.0;5.067389323228932
10302.0;4.6069355844405
10308.0;4.676962923881241
10314.0;4.838121732457192
10320.0;4.883687467024798
10326.0;4.657777351431723
10332.0;4.652021679696868
10338.0;4.492781428365869
10344.0;4.702143987721233
10350.0;4.565926423329656
10356.0;4.284617967288599
10362.0;4.356563863974292
10368.0;3.8257773558034653
10374.0;3.760028483266081
10380.0;3.088060764300973
10386.0;3.3204367434132447
10392.0;3.274863517683361
10398.0;4.265843816757655
10404.0;4.30999287918348
10410.0;4.3785900783289815
10416.0;4.6088298124851645
10422.0;4.28507002136245
10428.0;4.100878234037503
10434.0;4.103489200094944
10440.0;3.777355803465464
10446.0;3.572038927130311
10452.0;3.295751246142891
10458.0;3.570614763826252
10464.0;3.9624970329931166
10470.0;3.9188226916686446
10476.0;4.010619801701048
10482.0;4.101780931347212
10488.0;3.5978102532775718
10494.0;3.5754898735961658
10500.0;3.3654433532258823
10506.0;3.1807715802828813
10512.0;3.733847093651614
10518.0;3.778017950284291
10524.0;4.033175132747521
10530.0;3.965039236877966
10536.0;4.239462431276726
10542.0;3.5054743668060713
10548.0;3.2294065128518397
10554.0;3.3193928856726655
10560.0;3.5031248531553967
10566.0;3.3438278276396787
10572.0;3.1807715802828813
10578.0;3.2019172031389505
10584.0;3.365818486300414
10590.0;3.7591291808159277
10596.0;3.277434060566591
10602.0;3.1825370981997487
10608.0;3.0004186630692655
10614.0;3.3190677768991024
10620.0;3.0662418011815604
10626.0;2.952039819509699
10632.0;2.6747918314183377
10638.0;2.8804019165464947
10644.0;3.2958087174954644
10650.0;3.549099874401079
10656.0;3.688421640228869
10662.0;3.7342419872540353
10668.0;3.460250267479183
10674.0;3.0904312229613433
10680.0;3.4611806298553285
10686.0;3.185793366516258
10692.0;2.9095472758255423
10698.0;2.7444388154561783
10704.0;3.0221526274582047
10710.0;2.904941739971446
10716.0;2.9965919034679684
10722.0;2.631372910238106
10728.0;2.9530695896467556
10734.0;3.4580665960484502
10740.0;3.7565053193939115
10746.0;4.380094874038594
10752.0;4.7494588495371435
10758.0;5.050200340809654
10764.0;5.096716252936029
10770.0;5.238566757242205
10776.0;5.121586146548151
10782.0;4.7734076359784465
10788.0;4.495924100769124
10794.0;4.429374107677428
