#auto generated file!
6.0;0.0
12.0;0.1519756838905775
18.0;5.531914893617022
24.0;15.775075987841944
30.0;30.775075987841944
36.0;41.33738601823708
42.0;47.11246200607903
48.0;53.40425531914894
54.0;59.69604863221885
60.0;62.09726443768997
66.0;63.86018237082067
72.0;62.963525835866264
78.0;65.37993920972644
84.0;69.43768996960486
90.0;70.30395136778115
96.0;66.94528875379939
102.0;63.58662613981763
108.0;73.81651376146789
114.0;74.56880733944953
120.0;74.40366972477064
126.0;72.77064220183486
132.0;71.74311926605505
138.0;73.38532110091744
144.0;75.88990825688073
150.0;78.08256880733946
156.0;76.88073394495413
162.0;74.92660550458716
168.0;74.97247706422019
174.0;75.37614678899082
180.0;76.27522935779817
186.0;75.5045871559633
192.0;75.70642201834862
198.0;77.65137614678899
204.0;78.5137614678899
210.0;79.3211009174312
216.0;83.13403416557162
222.0;79.77003942181341
228.0;79.81603153745073
234.0;80.69645203679369
240.0;79.67805519053877
246.0;76.63600525624179
252.0;75.4664914586071
258.0;77.46386333771353
264.0;82.09592641261499
270.0;83.17345597897503
276.0;83.3311432325887
282.0;81.30091984231275
288.0;80.31537450722733
294.0;80.86727989487517
300.0;80.65045992115637
306.0;79.98685939553219
312.0;79.59921156373193
318.0;80.2431011826544
324.0;87.06243602865916
330.0;86.35619242579324
336.0;86.3152507676561
342.0;83.39815762538383
348.0;82.32343909928352
354.0;82.55885363357216
360.0;82.4360286591607
366.0;80.22517911975434
372.0;79.48822927328557
378.0;80.55271238485159
384.0;83.25486182190379
390.0;84.43193449334699
396.0;83.90992835209826
402.0;81.1668372569089
408.0;81.01330603889457
414.0;82.5639713408393
420.0;82.63561924257932
426.0;81.07983623336744
432.0;82.59849119865885
438.0;84.5850796311819
444.0;86.35373009220453
450.0;86.90276613579212
456.0;86.55071248952221
462.0;83.57082984073763
468.0;83.32355406538139
474.0;83.65046102263202
480.0;84.11567476948868
486.0;80.8382229673093
492.0;80.63285834031852
498.0;83.0092204526404
504.0;84.80720871751886
510.0;86.70997485331098
516.0;85.23470243084661
522.0;83.50796311818944
528.0;83.0008382229673
534.0;84.7569153394803
540.0;85.11355571327182
546.0;84.51738821859475
552.0;84.71611071682044
558.0;87.02980837473386
564.0;88.46344925479063
570.0;89.02413058907027
576.0;88.30376153300213
582.0;85.97586941092973
588.0;85.58907026259759
594.0;85.44357700496806
600.0;85.2235628105039
606.0;82.93115684882896
612.0;81.32718239886444
618.0;83.27892122072392
624.0;84.85095812633072
630.0;86.5542938254081
636.0;86.13555713271823
642.0;84.55642299503194
648.0;85.1076923076923
654.0;85.16615384615385
660.0;85.49538461538461
666.0;84.53846153846153
672.0;84.72615384615385
678.0;86.55076923076923
684.0;88.16307692307693
690.0;89.46153846153847
696.0;88.77230769230769
702.0;85.30153846153846
708.0;84.84307692307692
714.0;84.29230769230769
720.0;83.76923076923077
726.0;82.53538461538461
732.0;80.09538461538462
738.0;82.77230769230769
744.0;85.64
750.0;86.73846153846154
756.0;86.75176534492124
762.0;85.44269418794134
768.0;84.56273764258555
774.0;84.35089625203693
780.0;84.28571428571429
786.0;84.19880499728409
792.0;84.29657794676807
798.0;86.70016295491581
804.0;88.76969038565997
810.0;88.92449755567627
816.0;88.63117870722434
822.0;86.69473112438892
828.0;84.082020640956
834.0;84.09288430200978
840.0;83.30526887561108
846.0;80.93155893536121
852.0;78.01195002715916
858.0;80.2851711026616
864.0;84.77637335926106
870.0;88.56101118133203
876.0;88.28147788040836
882.0;87.06611570247934
888.0;85.70734078755468
894.0;85.67574137092853
900.0;86.524064171123
906.0;84.78852698104035
912.0;84.623237724842
918.0;86.47301895964998
924.0;88.3835683033544
930.0;88.43947496353914
936.0;86.84978123480798
942.0;85.40836169178415
948.0;83.9402041808459
954.0;84.56976178901313
960.0;82.63733592610598
966.0;82.70296548371415
972.0;81.24505059392872
978.0;82.9938407391113
984.0;85.08139023317202
990.0;86.64320281566212
996.0;86.19445666520018
1002.0;84.79982402111746
1008.0;84.91421029476463
1014.0;85.45094588649363
1020.0;86.09546854377474
1026.0;85.43334799824021
1032.0;84.89001319841618
1038.0;87.82006159260888
1044.0;89.54465464144303
1050.0;90.8227012758469
1056.0;89.21689397272327
1062.0;86.48042234931808
1068.0;86.11966564012319
1074.0;86.35723713154421
1080.0;85.51426275612695
1086.0;84.93370831659301
1092.0;83.4170349537967
1098.0;85.12856568903175
1104.0;87.19967858577742
1110.0;88.11169144234633
1116.0;87.02089192446766
1122.0;84.0598633989554
1128.0;85.47810365608679
1134.0;85.3073523503415
1140.0;84.93973483326637
1146.0;84.37123342707915
1152.0;83.92728003214143
1158.0;86.64523905182804
1164.0;89.39132181599035
1170.0;89.37525110486139
1176.0;89.06187223784653
1182.0;86.8903173965448
1188.0;86.71903881700554
1194.0;87.07763401109057
1200.0;85.42329020332717
1206.0;84.08133086876155
1212.0;82.3105360443623
1218.0;83.57116451016635
1224.0;86.70609981515712
1230.0;88.76709796672829
1236.0;86.99630314232903
1242.0;85.60813308687615
1248.0;84.88539741219964
1254.0;84.07948243992607
1260.0;87.36598890942699
1266.0;85.95009242144178
1272.0;86.21072088724584
1278.0;88.43068391866913
1284.0;88.6931608133087
1290.0;90.66543438077635
1296.0;89.13385826771653
1302.0;86.48921602191031
1308.0;85.3355015405683
1314.0;85.1129750085587
1320.0;83.89421431016775
1326.0;82.30571722013009
1332.0;81.43444026018487
1338.0;82.93392673741869
1344.0;85.60766860664157
1350.0;85.35946593632318
1356.0;84.50359465936323
1362.0;83.43204382060938
1368.0;82.66175967134544
1374.0;83.80006846970215
1380.0;84.06538856555974
1386.0;83.53646011639849
1392.0;83.7093461143444
1398.0;85.99452242382746
1404.0;88.20369780044629
1410.0;88.12559770481352
1416.0;87.94708320051004
1422.0;85.85910105196047
1428.0;85.31240038253108
1434.0;86.19700350653491
1440.0;85.098820529168
1446.0;83.61491871214537
1452.0;82.62990117947083
1458.0;83.9368823716927
1464.0;87.33822123047497
1470.0;87.43704175964297
1476.0;86.46477526299012
1482.0;85.22951864839018
1488.0;84.63978323238763
1494.0;84.8836467963022
1500.0;85.01115715651896
1506.0;85.79534587185209
1512.0;87.46644795705339
1518.0;87.55442886966895
1524.0;90.07157769161944
1530.0;90.66358484938861
1536.0;89.17983895019385
1542.0;87.74828511780495
1548.0;86.34804652549956
1554.0;85.84998508798091
1560.0;85.36236206382344
1566.0;83.45809722636444
1572.0;81.61944527288995
1578.0;84.42439606322696
1584.0;86.26304801670146
1590.0;87.84521324187295
1596.0;86.86996719355801
1602.0;85.14762898896511
1608.0;84.39755442886967
1614.0;84.51386817775126
1620.0;85.79854300924629
1626.0;84.54889324740824
1632.0;85.67666012888765
1638.0;87.40823760156907
1644.0;89.42560941440179
1650.0;89.77304567105632
1656.0;88.68450546371533
1662.0;86.26225833566825
1668.0;84.7170075651443
1674.0;83.3384701597086
1680.0;82.7850938638274
1686.0;81.58307649201457
1692.0;80.21294480246567
1698.0;82.29896329504062
1704.0;84.25889604931353
1710.0;85.8293639674979
1716.0;84.35696273465958
1722.0;83.79237881759596
1728.0;83.7556142668428
1734.0;84.889035667107
1740.0;86.02377807133422
1746.0;85.67371202113607
1752.0;86.4002642007926
1758.0;86.9326287978864
1764.0;90.38177014531044
1770.0;90.59577278731837
1776.0;89.40290620871863
1782.0;85.60369881109644
1788.0;84.32496697490093
1794.0;84.87054161162483
1800.0;83.0554821664465
1806.0;80.8665785997358
1812.0;79.67107001321004
1818.0;81.94319682959049
1824.0;84.35138705416117
1830.0;86.81241743725231
1836.0;86.79830042489378
1842.0;85.54486378405399
1848.0;85.68107973006748
1854.0;85.34366408397901
1860.0;84.98875281179706
1866.0;84.28392901774556
1872.0;85.01999500124968
1878.0;86.95826043489127
1884.0;88.87278180454886
1890.0;89.8850287428143
1896.0;88.44288927768058
1902.0;86.35841039740065
1908.0;85.07248187953012
1914.0;84.80129967508122
1920.0;83.02299425143714
1926.0;81.5058735316171
1932.0;81.27093226693327
1938.0;82.79930017495626
1944.0;85.56082523120702
1950.0;86.17144889732037
1956.0;85.93668484704766
1962.0;85.85250177851553
1968.0;84.95494427317999
1974.0;84.5411429926488
1980.0;84.78302110505098
1986.0;83.50604695281005
1992.0;84.47000237135404
1998.0;86.47023950675836
2004.0;87.59781835428029
2010.0;89.7533791795115
2016.0;88.84870761204648
2022.0;86.62556319658525
2028.0;85.29641925539482
2034.0;83.9388190656865
2040.0;82.2764998814323
2046.0;80.7967749585013
2052.0;80.54364989848861
2058.0;80.6372659598466
2064.0;84.88157004286036
2070.0;85.8132190390255
2076.0;85.510940672231
2082.0;83.55515452289646
2088.0;81.55763591247462
2094.0;81.61064741709903
2100.0;81.6174148432213
2106.0;81.43243852921272
2112.0;80.34513873223551
2118.0;84.06383938642003
2124.0;85.40830137604331
2130.0;87.41709903000226
2136.0;86.93661177532145
2142.0;84.84886081660275
2148.0;83.18632979923302
2154.0;82.86374915407174
2160.0;81.57023015702302
2166.0;80.62916756291676
2172.0;78.74489137448914
2178.0;80.85609808560982
2184.0;83.23187782318779
2190.0;86.29060012906001
2196.0;85.57754355775435
2202.0;84.6644439664444
2208.0;82.72101527210152
2214.0;84.08044740804475
2220.0;83.57173585717358
2226.0;82.72639277263927
2232.0;82.11550871155087
2238.0;85.9184770918477
2244.0;87.17573671757367
2250.0;89.37298343729834
2256.0;88.98902989890298
2262.0;86.02710260271026
2268.0;85.464542651593
2274.0;84.09455292908531
2280.0;83.0267214799589
2286.0;81.13771839671121
2292.0;79.90030832476876
2298.0;80.10894141829394
2304.0;83.65878725590956
2310.0;85.03597122302158
2316.0;84.91058581706064
2322.0;83.65056526207606
2328.0;84.3011305241521
2334.0;84.66598150051388
2340.0;83.37512846865364
2346.0;84.51901336073998
2352.0;85.95477903391573
2358.0;86.48818088386433
2364.0;87.92497430626928
2370.0;87.53751284686537
2376.0;86.7171816571541
2382.0;85.25487108836843
2388.0;84.92816374729384
2394.0;84.06612871481991
2400.0;83.11060814800236
2406.0;80.74197992521157
2412.0;79.21176933674474
2418.0;80.21944499114348
2424.0;83.27986616807715
2430.0;83.76008659712654
2436.0;83.85652430623892
2442.0;83.22672702223971
2448.0;82.37846880535328
2454.0;82.58708915567802
2460.0;82.59397756347175
2466.0;81.59712654989175
2472.0;82.30663255264712
2478.0;83.60362133438299
2484.0;87.08231074192939
2490.0;87.3683216915235
2496.0;87.33528412308854
2502.0;85.10949594109873
2508.0;82.6175193505758
2514.0;83.99471398905041
2520.0;82.90636209175004
2526.0;81.3545403058335
2532.0;78.96450821219558
2538.0;80.43987162544836
2544.0;82.18519916934113
2550.0;84.01736832169152
2556.0;83.50575797621295
2562.0;82.11440437983764
2568.0;82.82424013592599
2574.0;83.19426090239759
2580.0;83.51142155937323
2586.0;83.75023598263168
2592.0;83.64774170143298
2598.0;85.20315617631054
2604.0;88.25956829312534
2610.0;88.48358425539634
2616.0;87.80155994921095
2622.0;86.21077453292219
2628.0;84.58824596408489
2634.0;82.61200798113549
2640.0;80.97224741520044
2646.0;78.88808271358607
2652.0;77.35534191910031
2658.0;79.83402865953201
2664.0;81.69780518773807
2670.0;84.99002358062761
2676.0;84.08761110103391
2682.0;81.04843098131688
2688.0;80.99401414837656
2694.0;80.54054054054055
2700.0;81.24279979053937
2706.0;80.05411066503753
2712.0;80.5760167568511
2718.0;84.18048525048002
2724.0;85.74533077325886
2730.0;86.17210682492582
2736.0;85.30109966835398
2742.0;83.83225693838367
2748.0;81.25763658579159
2754.0;81.0761040321173
2760.0;82.35206842380869
2766.0;80.91813580031419
2772.0;79.45365683365334
2778.0;80.91377203700472
2784.0;84.40652818991099
2790.0;85.80467795426776
2796.0;84.78966660848316
2802.0;83.59748647233374
2808.0;84.00841042893188
2814.0;83.63330529857022
2820.0;83.52396972245585
2826.0;82.16484440706476
2832.0;82.13793103448276
2838.0;84.81497056349873
2844.0;85.80908326324642
2850.0;86.64760302775441
2856.0;86.40285954583683
2862.0;84.107653490328
2868.0;82.50210260723297
2874.0;82.19259882253995
2880.0;81.40790580319596
2886.0;80.67956265769554
2892.0;78.09419680403701
2898.0;80.5677039529016
2904.0;81.91589571068124
2910.0;82.71152228763667
2916.0;82.2423307904561
2922.0;81.08099334523617
2928.0;80.09332900503165
2934.0;81.72942704106477
2940.0;81.4608018178867
2946.0;80.90407401395878
2952.0;82.68949845804252
2958.0;83.13098522967051
2964.0;85.55429313423146
2970.0;87.8672293458854
2976.0;87.47281285505599
2982.0;85.52101931504626
2988.0;84.60558350917059
2994.0;83.93118000324623
3000.0;82.00941405615971
3006.0;81.70913812692744
3012.0;80.67196883622789
3018.0;80.0324622626197
3024.0;83.30562960639799
3030.0;82.67680727614866
3036.0;83.01709267680728
3042.0;80.93304061470911
3048.0;80.0517484710679
3054.0;81.76728869374314
3060.0;81.11416026344676
3066.0;82.01583816841774
3072.0;81.46385447702681
3078.0;82.5693899952956
3084.0;85.27363964246511
3090.0;86.3956405833464
3096.0;86.45287752861847
3102.0;84.25905598243688
3108.0;81.40269719303748
3114.0;80.69311588521248
3120.0;79.32648580837385
3126.0;79.1720244629136
3132.0;76.99681480357955
3138.0;79.07705141817078
3144.0;81.51676020021235
3150.0;82.1621416654027
3156.0;81.45305627180343
3162.0;78.53329288639466
3168.0;77.67025633247384
3174.0;78.55604428939785
3180.0;78.6121644168057
3186.0;79.88775974518428
3192.0;80.0
3198.0;82.88639466100409
3204.0;85.66282420749279
3210.0;86.42954648870014
3216.0;83.96632792355528
3222.0;80.64462308509025
3228.0;80.51190656757167
3234.0;79.06567571666919
3240.0;78.74357468056984
3246.0;77.87340284917022
3252.0;76.61036862975473
3258.0;77.82640622705243
3264.0;80.32971067704509
3270.0;81.3379350859157
3276.0;80.41782934351593
3282.0;78.13775884858276
3288.0;77.41812307240417
3294.0;78.99030694668821
3300.0;80.38919077691291
3306.0;80.05140255544133
3312.0;81.4598325745337
3318.0;83.39917755911294
3324.0;86.11396680863562
3330.0;86.74107798501983
3336.0;86.60963430753415
3342.0;82.66705830518431
3348.0;82.35017793594307
3354.0;82.20142348754449
3360.0;80.53879003558718
3366.0;79.83345195729537
3372.0;78.1067615658363
3378.0;79.08327402135231
3384.0;81.3423487544484
3390.0;83.52384341637011
3396.0;81.96156583629893
3402.0;80.37864768683274
3408.0;79.21423487544484
3414.0;79.60427046263345
3420.0;79.47330960854093
3426.0;78.38861209964413
3432.0;79.48754448398577
3438.0;81.82277580071174
3444.0;84.43629893238435
3450.0;84.72597864768683
3456.0;83.02306311282972
3462.0;81.26501864383373
3468.0;80.15812733047922
3474.0;78.90139483496755
3480.0;78.13492611517746
3486.0;76.39483496754592
3492.0;75.06145560005524
3498.0;76.65170556552962
3504.0;78.46982460986051
3510.0;79.51871288496064
3516.0;79.12650186438337
3522.0;76.65722966441099
3528.0;75.90388067946417
3534.0;76.85747824886066
3540.0;77.54730009667173
3546.0;77.75169175528242
3552.0;78.07001795332137
3558.0;78.17221378262671
3564.0;82.40042912699477
3570.0;83.5731527423897
3576.0;82.10473380716105
3582.0;80.431138527558
3588.0;79.14509856510661
3594.0;79.21349067989809
3600.0;78.69183317688078
3606.0;77.12619015689955
3612.0;75.68325063698538
3618.0;76.92101381252515
3624.0;79.89137722944884
3630.0;81.93375352018238
3636.0;80.37280407670644
3642.0;79.19203433015959
3648.0;77.80072415180368
3654.0;79.20008046131152
3660.0;78.4564838406866
3666.0;79.77336730588709
3672.0;79.55688778834876
3678.0;82.79225856900821
3684.0;84.72435813892871
3690.0;84.71067379121595
3696.0;82.93496676658413
3702.0;80.01042616968591
3708.0;79.76997263130457
3714.0;77.94995438550762
3720.0;77.29115078847909
3726.0;77.21621269386159
3732.0;75.72722533559234
3738.0;76.75029323602242
3744.0;79.02710804118337
3750.0;80.98396976410791
3756.0;79.42721230288024
3762.0;78.27642382379773
3768.0;77.66584126156653
3774.0;77.67366088883097
3780.0;78.8477627075675
3786.0;78.13030802383065
3792.0;79.69197616934973
3798.0;82.15236405121054
3804.0;84.5050069717328
3810.0;85.54696412726581
3816.0;84.23247559893522
3822.0;82.41348713398403
3828.0;80.8271010267461
3834.0;79.6748637343136
3840.0;78.28812270249715
3846.0;75.83280517175814
3852.0;74.26543288122703
3858.0;75.45633160096337
3864.0;78.26150335910762
3870.0;78.6050196476106
3876.0;77.98326784129802
3882.0;75.7047788059323
3888.0;74.27884022208514
3894.0;75.38247995064775
3900.0;75.01912399753239
3906.0;76.00740283775447
3912.0;76.92041949413942
3918.0;77.80444170265268
3924.0;81.18753855644664
3930.0;82.03207896360271
3936.0;81.77112893275756
3942.0;79.51758173966687
3948.0;78.22331893892658
3954.0;76.50956199876619
3960.0;75.22640345465761
3966.0;73.64096236890808
3972.0;71.70265268352868
3978.0;72.36335595311536
3984.0;76.53793954349167
3990.0;78.64404688463911
3996.0;79.95433241196972
4002.0;79.04338420862877
4008.0;78.1787044826343
4014.0;79.08785001802669
4020.0;79.11849537315227
4026.0;78.58971277490686
4032.0;79.39790890517966
4038.0;81.11104434563154
4044.0;82.62107919721187
4050.0;83.96106237231102
4056.0;83.65821415695228
4062.0;81.70412210070904
4068.0;80.97464247085686
4074.0;80.40800384569162
4080.0;77.92512919120298
4086.0;76.6512438408845
4092.0;73.78019468813845
4098.0;75.48491767816368
4104.0;77.66604193510601
4110.0;79.52442309944945
4116.0;79.39030104252079
4122.0;77.52606301979618
4128.0;77.13658193744875
4134.0;75.80414665573386
4140.0;76.73480145250088
4146.0;76.5356682675413
4152.0;77.75916598336653
4158.0;78.39814923275155
4164.0;81.0050368982078
4170.0;81.43375893170904
4176.0;81.51165514817852
4182.0;79.77802506735387
4188.0;77.73281012065128
4194.0;77.25079067588146
4200.0;75.33032681269766
4206.0;73.4783881925735
4212.0;70.94881754826916
4218.0;70.87055866560037
4224.0;73.72100993944933
4230.0;77.3883240031989
4236.0;77.17696789672112
4242.0;76.20587227236376
4248.0;76.70912829886896
4254.0;77.49742945275905
4260.0;79.42533988346852
4266.0;77.18610762024448
4272.0;77.45687192962413
4278.0;78.3217182680224
4284.0;80.81629155718039
4290.0;83.24460185079401
4296.0;81.74568719296241
4302.0;79.80692334056894
4308.0;78.85753455957958
4314.0;78.06009368216611
4320.0;75.66339614226781
4326.0;72.51644553461925
4332.0;71.45222432824173
4338.0;73.28966439959862
4344.0;76.17794625933772
4350.0;77.02475192329133
4356.0;75.51845244731854
4362.0;74.14260229680009
4368.0;73.88058869439179
4374.0;74.2579997770097
4380.0;74.99498271825176
4386.0;76.80900880811684
4392.0;77.26502397145724
4398.0;79.83610212955736
4404.0;80.78882818597391
4410.0;82.25554688371056
4416.0;82.61679116958412
4422.0;80.3434050618798
4428.0;80.37125748502994
4434.0;78.64017419706042
4440.0;76.95372890582472
4446.0;75.04735982580294
4452.0;72.36363636363636
4458.0;74.1578660860098
4464.0;75.61785519869352
4470.0;77.58083832335329
4476.0;77.74850299401197
4482.0;75.53184540010888
4488.0;74.07784431137725
4494.0;75.42406096897115
4500.0;75.13336962438758
4506.0;74.8600979858465
4512.0;75.66358192705498
4518.0;77.71094175285792
4524.0;81.37506804572674
4530.0;81.86499727817093
4536.0;80.38772471013722
4542.0;78.50015955749389
4548.0;78.08637379002234
4554.0;78.36347197106691
4560.0;76.75034570790342
4566.0;73.63152856079141
4572.0;70.49994681416871
4578.0;72.40346771620041
4584.0;74.0458461865759
4590.0;76.36953515583448
4596.0;75.85256887565153
4602.0;74.30752047654505
4608.0;73.93628337410914
4614.0;73.92830549941496
4620.0;74.5457930007446
4626.0;73.95489841506223
4632.0;74.61918944793108
4638.0;77.43803850654186
4644.0;78.97837163356556
4650.0;80.1601330976396
4656.0;79.29395861495269
4662.0;77.95830300509515
4668.0;75.66340854736404
4674.0;75.6680877612561
4680.0;76.11105334303836
4686.0;73.11271706353332
4692.0;70.71384007486742
4698.0;71.13496932515338
4704.0;72.28917541852968
4710.0;74.21441197878757
4716.0;74.32411354892378
4722.0;71.75106582094209
4728.0;72.33336799417698
4734.0;72.07237184153063
4740.0;72.90995112821047
4746.0;73.99916813975253
4752.0;73.37841960744431
4758.0;75.1398352486525
4764.0;78.99877961964812
4770.0;80.4357774839825
4776.0;79.52405166276823
4782.0;78.62503813688599
4788.0;77.61466490389505
4794.0;76.01800061019017
4800.0;74.00488152140751
4806.0;71.8753178073833
4812.0;69.2037018204007
4818.0;69.27692464151328
4824.0;71.52750940709855
4830.0;73.56249364385233
4836.0;72.54754398454185
4842.0;71.45174412691955
4848.0;69.09641004779823
4854.0;70.51052578053493
4860.0;71.11404119812917
4866.0;72.22609214847249
4872.0;72.8440640859787
4878.0;75.67369887551
4884.0;77.91073738680466
4890.0;78.4794506916111
4896.0;78.75510000995124
4902.0;76.14787541048861
4908.0;73.81928550104487
4914.0;73.41924569608916
4920.0;73.06100109463628
4926.0;71.26231465817494
4932.0;70.31097621653896
4938.0;71.02497760971241
4944.0;74.1586227485322
4950.0;75.92695790625933
4956.0;76.48024679072545
4962.0;74.6392675888148
4968.0;74.55090112031174
4974.0;76.9186556259133
4980.0;75.88017535314174
4986.0;75.35752557233317
4992.0;75.18558207501218
4998.0;77.82269849001462
5004.0;78.9965903555772
5010.0;79.7530443253775
5016.0;79.92596200681929
5022.0;78.20214320506575
5028.0;75.31514856307842
5034.0;75.72479298587433
5040.0;73.65903555772041
5046.0;71.3248904042864
5052.0;68.02679006332197
5058.0;68.4992693619094
5064.0;72.6643935703848
5070.0;73.79639551875304
5076.0;75.00763285945997
5082.0;73.65613968132811
5088.0;73.78542123843145
5094.0;75.14645549088827
5100.0;75.84533918519226
5106.0;74.82921476958306
5112.0;75.0166968800687
5118.0;76.20742295582482
5124.0;77.59755748497281
5130.0;80.50186050949337
5136.0;80.38068886556626
5142.0;77.70203224883122
5148.0;76.58334128422861
5154.0;75.04341188817861
5160.0;73.7386699742391
5166.0;72.15151226028051
5172.0;69.79009636485068
5178.0;72.46207422955825
5184.0;74.16004487239412
5190.0;74.44330186033467
5196.0;75.2729737309526
5202.0;75.33280358979152
5208.0;74.2254837804992
5214.0;75.13087781621016
5220.0;75.93858091053566
5226.0;76.57240347761055
5232.0;75.95494063756193
5238.0;78.43180330933907
5244.0;79.9551276058708
5250.0;81.71917360007478
5256.0;80.6244741516313
5262.0;78.66831822006169
5268.0;77.30204730298215
5274.0;76.56959895297747
5280.0;74.87847059923342
5286.0;72.83490698326634
5292.0;70.38257124530377
5298.0;69.79886374049299
5304.0;73.1503711170164
5310.0;73.22917621185742
5316.0;72.64363603042243
5322.0;72.98634655914964
5328.0;73.66901860166773
5334.0;75.06047832859892
5340.0;74.34298543022084
5346.0;72.67937322459451
5352.0;72.74718225969028
5358.0;75.64143681847338
5364.0;78.46100980481994
5370.0;78.16365802254192
5376.0;78.87748556767158
5382.0;76.49867130944745
5388.0;76.14084119857051
5394.0;74.89233024832768
5400.0;72.93602300296523
5406.0;70.17117440920119
5412.0;68.79324287896486
5418.0;70.40210261479018
5424.0;71.84113577140803
5430.0;71.91436786773295
5436.0;72.0455566537874
5442.0;72.64264534100099
5448.0;71.7261209452781
5454.0;72.65837002426095
5460.0;72.41261568874113
5466.0;73.65127145296073
5472.0;73.84715607871327
5478.0;75.7947704196244
5484.0;77.32994878246024
5490.0;78.31251684787492
5496.0;78.08563213226705
5502.0;76.22607601761165
5508.0;75.21551344204495
5514.0;74.04275011018069
5520.0;74.33274570295285
5526.0;71.38915821947995
5532.0;69.9559277214632
5538.0;70.991626267078
5544.0;72.78228294402821
5550.0;73.5372410753636
5556.0;73.6253856324372
5562.0;71.83869546055531
5568.0;72.22653151167916
5574.0;73.48126928162186
5580.0;74.12913177611283
5586.0;73.88408990744821
5592.0;72.64301454385192
5598.0;73.11591009255179
5604.0;77.0317320405465
5610.0;78.45791097399736
5616.0;78.38465530663437
5622.0;75.2222991090736
5628.0;75.31182423665773
5634.0;74.84949398840931
5640.0;75.26684542859614
5646.0;72.14860306201885
5652.0;70.18986246864458
5658.0;69.92950436813425
5664.0;72.01626156906842
5670.0;75.01686705302309
5676.0;74.55453680477467
5682.0;72.68315889628924
5688.0;72.00025949312344
5694.0;73.83963324971889
5700.0;74.4879335697604
5706.0;74.20508606521928
5712.0;73.93564570538881
5718.0;75.15353343136407
5724.0;77.5422433556933
5730.0;77.88188842659422
5736.0;78.77727774475673
5742.0;76.96442217882313
5748.0;75.63471172624607
5754.0;75.39016727519741
5760.0;73.33743737794005
5766.0;72.4186974611531
5772.0;70.64957119809799
5778.0;70.52814808525092
5784.0;73.80572301944468
5790.0;74.74186974611531
5796.0;73.52594039229005
5802.0;71.81030822790184
5808.0;71.52755370637684
5814.0;73.11879086354759
5820.0;74.76819223911014
5826.0;75.38210070476352
5832.0;75.44442591511715
5838.0;76.80897190027515
5844.0;79.63770532810807
5850.0;79.68064704410907
5856.0;78.64462603185191
5862.0;76.45001250729592
5868.0;75.98974401734345
5874.0;76.20403568748436
5880.0;74.18952722421413
5886.0;72.92295505711665
5892.0;70.14258317351789
5898.0;69.91953639623114
5904.0;72.38180605353122
5910.0;74.47219211206537
5916.0;73.51204869507212
5922.0;71.88735095472359
5928.0;72.48394897023263
5934.0;74.13032602351372
5940.0;74.12564501597183
5946.0;73.77016954705545
5952.0;74.06667212711933
5958.0;78.20706036530429
5964.0;80.55778524039643
5970.0;81.1704480301417
5976.0;79.7878614137112
5982.0;78.0084363993775
5988.0;77.50061430092555
5994.0;77.23933164059301
6000.0;74.99836186419854
6006.0;73.44459005651568
6012.0;70.2698828732902
6018.0;69.81734785813744
6024.0;73.26521418625605
6030.0;76.70816610697027
6036.0;76.5197804898026
6042.0;74.85625358342206
6048.0;75.876861167002
6054.0;77.14004024144869
6060.0;76.71227364185111
6066.0;75.95452716297787
6072.0;75.26519114688129
6078.0;77.3158953722334
6084.0;80.03098591549296
6090.0;79.66680080482898
6096.0;79.7158953722334
6102.0;78.23340040241449
6108.0;77.9400402414487
6114.0;77.16941649899397
6120.0;75.09496981891348
6126.0;74.08853118712274
6132.0;71.5682092555332
6138.0;71.70663983903421
6144.0;74.85110663983903
6150.0;76.14647887323943
6156.0;76.37014476702792
6162.0;75.56641088521478
6168.0;76.39110829839412
6174.0;76.90689027766791
6180.0;77.39419349734989
6186.0;74.75160193022704
6192.0;76.3452258523851
6198.0;77.3348627482003
6204.0;79.30899454157108
6210.0;81.24515465548612
6216.0;79.18756427497824
6222.0;77.30559291195317
6228.0;75.47464599319675
6234.0;73.7141048967645
6240.0;73.3201487224112
6246.0;71.26572264852464
6252.0;69.34973498932047
6258.0;71.02127996202832
6264.0;71.62129579217547
6270.0;73.8278758652874
6276.0;74.89927665862955
6282.0;74.1922688029867
6288.0;74.19187990977677
6294.0;75.33444816053512
6300.0;76.75779730885898
6306.0;77.14630162557361
6312.0;76.07995644396048
6318.0;79.55705063389593
6324.0;83.02636695963288
6330.0;82.19724663607373
6336.0;80.17383526483627
6342.0;78.85859842887143
6348.0;77.572139690441
6354.0;76.20634673718597
6360.0;76.7597417749086
6366.0;75.09177879754219
6372.0;71.73104872638262
6378.0;72.76256406333665
6384.0;74.35056987684541
6390.0;75.06540197353324
6396.0;73.95127361737933
6402.0;73.31943700757286
6408.0;72.67689130268492
6414.0;73.58448711083913
6420.0;74.62059205997093
6426.0;75.51288916086591
6432.0;73.31981947525433
6438.0;75.98676661822076
6444.0;78.54394553660215
6450.0;78.86254111527576
6456.0;77.75606211275148
6462.0;76.39027002218313
6468.0;75.87814579668019
6474.0;73.65830337336494
6480.0;71.43389269320491
6486.0;71.68560463541274
6492.0;69.68921664534578
6498.0;72.01407178869742
6504.0;73.6944089096245
6510.0;75.26412822635263
6516.0;74.02889607946422
6522.0;74.39875084656482
6528.0;73.03333584167356
6534.0;74.19369403265858
6540.0;74.16058394160584
6546.0;75.14861915870269
6552.0;74.49206110316803
6558.0;77.3421626909474
6564.0;79.24937918579276
6570.0;79.40627586725863
6576.0;77.56753706072692
6582.0;77.81398148844909
6588.0;74.9788967049241
6594.0;75.3435764531655
6600.0;74.2510181414291
6606.0;73.1177341725287
6612.0;70.84302110329507
6618.0;71.07367641614216
6624.0;73.54091077378749
6630.0;76.45353572750832
6636.0;76.71862273232136
6642.0;74.11440207330618
6648.0;74.98741206960385
6654.0;75.72602739726027
6660.0;76.65161051462421
6666.0;77.61051462421325
6672.0;76.9033691225472
6678.0;77.90559052202887
6684.0;79.47871158830063
6690.0;80.42761940022214
6696.0;80.58559871729466
6702.0;79.00881859922747
6708.0;77.38867429487647
6714.0;76.35267108811311
6720.0;76.12746884337876
6726.0;74.71430653742439
6732.0;71.86793965454413
6738.0;71.39895051381095
6744.0;72.91232417462284
6750.0;74.91072079294511
6756.0;73.50557539537934
6762.0;71.88615990088186
6768.0;72.1033452372276
6774.0;72.00422709715035
6780.0;73.19656001749144
6786.0;73.24539027767655
6792.0;74.43407914875009
6798.0;75.50506522848188
6804.0;78.22128148094998
6810.0;80.2984860443424
6816.0;79.61325966850829
6822.0;77.4947980196599
6828.0;76.33206572433092
6834.0;75.54889861519696
6840.0;74.065078567841
6846.0;71.60687378919422
6852.0;68.9822056396642
6858.0;69.96340675898686
6864.0;72.37927818038315
6870.0;74.1292961182464
6876.0;74.89775417952214
6882.0;73.19473344335223
6888.0;73.5696347851044
6894.0;74.30472842075052
6900.0;73.65501901413504
6906.0;72.52565114443567
6912.0;72.26771709178266
6918.0;76.31526884759415
6924.0;78.31378506323748
6930.0;80.20384370804777
6936.0;79.92757719211474
6942.0;76.74132692715325
6948.0;75.65215855295698
6954.0;74.28672366282767
6960.0;72.8470995548647
6966.0;71.31668197555288
6972.0;69.65519677806826
6978.0;70.74224546032643
6984.0;71.92362043383028
6990.0;73.93556136508161
6996.0;71.91231541016039
7002.0;72.40443722179043
7008.0;72.93542005228574
7014.0;75.05263901646295
7020.0;74.73032222144896
7026.0;74.14225067854409
7032.0;72.77054770686895
7038.0;75.59294314148514
7044.0;77.89477347066602
7050.0;79.58800194863943
7056.0;78.94147122277124
7062.0;76.8842647365857
7068.0;74.86951075231401
7074.0;74.279003410119
7080.0;73.37601781613195
7086.0;70.65209826710279
7092.0;68.60115526480618
7098.0;69.77938617857889
7104.0;71.69218456399193
7110.0;74.60087688774445
7116.0;75.5821560303431
7122.0;72.68773053100425
7128.0;72.70517655125128
7134.0;72.4720603359616
7140.0;73.0983887555708
7146.0;74.76242715118272
7152.0;74.19163524168667
7158.0;75.85944463489886
7164.0;76.05587932807678
7170.0;77.99691463832704
7176.0;78.37092903668152
7182.0;78.25505656496401
7188.0;76.09804593760713
7194.0;77.10078848131641
7200.0;75.28042509427495
7206.0;73.9043537881385
7212.0;71.2036338704148
7218.0;72.52553993829277
7224.0;74.32087761398698
7230.0;76.28591018169352
7236.0;76.4455104384839
7242.0;73.90716843456524
7248.0;72.83528139990541
7254.0;74.02033646375244
7260.0;73.80751300587798
7266.0;73.68995338152827
7272.0;74.14566583338964
7278.0;76.52591041145868
7284.0;77.73630160124316
7290.0;79.54394973312614
7296.0;79.15411120870212
7302.0;77.56975880008108
7308.0;76.4813188298088
7314.0;76.1208702114722
7320.0;75.32396459698668
7326.0;74.07404905073982
7332.0;71.89176406999528
7338.0;71.33132896425917
7344.0;74.16261570220416
7350.0;74.80655257374976
7356.0;75.05327295731504
7362.0;74.61943131118066
7368.0;74.27781847239795
7374.0;74.68868615569022
7380.0;74.17293733768396
7386.0;73.58094159952054
7392.0;74.9720316974096
7398.0;75.83871612172871
7404.0;79.41799294133315
7410.0;79.75527735233402
7416.0;80.41785975893987
7422.0;77.70926283545316
7428.0;76.74069388026903
7434.0;74.95571685423187
7440.0;75.05926616501299
7446.0;74.39235533062529
7452.0;72.31569618591216
7458.0;73.94997702356726
7464.0;77.47160769382262
7470.0;78.243944068798
7476.0;77.55596402547101
7482.0;76.82367229042211
7488.0;76.15013457624893
7494.0;76.31884723954572
7500.0;74.81914265082386
7506.0;74.23028950305259
7512.0;75.2977089214206
7518.0;77.75027899954047
7524.0;80.21105494649774
7530.0;81.25681087113503
7536.0;80.076806932318
7542.0;77.78310247489004
7548.0;76.21709446596206
7554.0;76.33230486443905
7560.0;74.42552916046346
7566.0;71.3052624765357
7572.0;70.31393617709884
7578.0;70.49809049129394
7584.0;71.02142533497313
7590.0;73.75428830345007
7596.0;73.87662631885559
7602.0;73.18531943815134
7608.0;71.81726972619587
7614.0;71.56417891125639
7620.0;72.36131788465273
7626.0;73.36202990484821
7632.0;73.07786911774225
7638.0;74.35109068548127
7644.0;75.99521004595766
7650.0;77.1286167389475
7656.0;78.18175933717393
7662.0;76.5324616480031
7668.0;74.77497606128311
7674.0;73.44079157357166
7680.0;74.15512288541335
7686.0;73.09926587934886
7692.0;70.92243855729333
7698.0;70.87392275774019
7704.0;73.56623045004788
7710.0;75.66868815831471
7716.0;76.04149377593362
7722.0;74.33067347590169
7728.0;73.62240663900415
7734.0;73.44015320778806
7740.0;74.06766677306096
7746.0;73.16118736035749
7752.0;72.35588892435365
7758.0;72.93201404404724
7764.0;74.54995212256622
7770.0;77.3073731248005
7776.0;76.85788048611549
7782.0;75.88439015175366
7788.0;73.50607644354889
7794.0;72.73156602229079
7800.0;71.49046029846987
7806.0;71.02008689629116
7812.0;68.74504124425414
7818.0;69.2358793526856
7824.0;71.97657578238146
7830.0;73.96543038851458
7836.0;73.82690006926516
7842.0;73.79069328127952
7848.0;70.37560607014672
7854.0;71.05062653485297
7860.0;72.45670927523456
7866.0;72.65600402997292
7872.0;73.01649770165606
7878.0;75.07871040866443
7884.0;79.84407032366279
7890.0;81.04740013667143
7896.0;79.38715288563087
7902.0;77.35571845685531
7908.0;75.50319935391688
7914.0;75.21960613778965
7920.0;74.79903087531838
7926.0;72.29794371622042
7932.0;68.5146300552898
7938.0;69.27533080698267
7944.0;71.70808225135119
7950.0;74.19363856619246
7956.0;74.62725973783935
7962.0;75.88618997328695
7968.0;74.58998571162329
7974.0;74.96024103870286
7980.0;74.6533515561906
7986.0;72.48245014598993
7992.0;71.41911359038804
7998.0;73.65107582909336
8004.0;76.35444124318029
8010.0;76.67565745111261
8016.0;75.64488444798627
8022.0;73.7966652363146
8028.0;71.70232330043524
8034.0;73.40648562496169
8040.0;72.58965242444675
8046.0;71.44087537546741
8052.0;69.22669036964385
8058.0;68.69214736713052
8064.0;70.94587139091522
8070.0;73.41629375344817
8076.0;72.88021823085883
8082.0;72.63072396248391
8088.0;72.28651995341139
8094.0;71.0841047017716
8100.0;70.87543106056023
8106.0;70.50850021174905
8112.0;71.3657813539839
8118.0;74.34599794300925
8124.0;76.59931030310364
8130.0;77.5455260451328
8136.0;75.53996007017969
8142.0;74.24012341944461
8148.0;73.35138241877911
8154.0;72.86556960493678
8160.0;71.57571540928066
8166.0;68.8320527557626
8172.0;65.91324339040474
8178.0;67.58636336136487
8184.0;70.32851352168915
8190.0;71.41902111440498
8196.0;70.31671607477766
8202.0;69.0271643777603
8208.0;69.23081516870708
8214.0;70.2770976410869
8220.0;71.46312332039415
8226.0;71.46312332039415
8232.0;71.58077037921768
8238.0;74.1985667363392
8244.0;77.21827411167513
8250.0;78.79725291131682
8256.0;78.23260674828308
8262.0;77.27232009555091
8268.0;74.85577784413258
8274.0;74.32158853389072
8280.0;71.87787399223649
8286.0;69.92236488504031
8292.0;68.37862048372648
8298.0;70.1239175873395
8304.0;71.30815168707076
8310.0;71.65422514183338
8316.0;72.6053888332056
8322.0;70.42538765402983
8328.0;70.58251282353635
8334.0;70.46695359943399
8340.0;70.46312127822652
8346.0;71.02146099876187
8352.0;71.97158186427687
8358.0;72.12605388833205
8364.0;77.1449207004304
8370.0;79.24178998879783
8376.0;77.49660986970108
8382.0;76.19656859854962
8388.0;74.21761688579683
8394.0;73.3703791050056
8400.0;71.38346795589882
8406.0;69.52567655209009
8412.0;68.4806320382053
8418.0;68.81139083780438
8424.0;71.19258310531525
8430.0;73.64702800256157
8436.0;72.34208534668451
8442.0;70.90673575129534
8448.0;69.978459568027
8454.0;71.41730220643885
8460.0;73.4921697618909
8466.0;72.1156197240496
8472.0;72.98858939279269
8478.0;74.3581533445887
8484.0;76.75088781510159
8490.0;78.34662630261396
8496.0;78.26453979158177
8502.0;76.37014612563311
8508.0;73.9768294812831
8514.0;72.44309250742272
8520.0;71.31687721953776
8526.0;68.97304535134191
8532.0;66.7512792502731
8538.0;65.95641924912321
8544.0;68.87943425516012
8550.0;70.87190248950728
8556.0;72.0766975219916
8562.0;70.67987121255678
8568.0;70.52434887598459
8574.0;72.18104984763985
8580.0;74.30748002069798
8586.0;71.88409130109814
8592.0;73.55430345541309
8598.0;75.21732881044097
8604.0;77.7611682860921
8610.0;77.52314149370436
8616.0;77.25406772839648
8622.0;75.75633875697119
8628.0;73.88892083021905
8634.0;75.13252457885356
8640.0;73.47208813674825
8646.0;71.61905843602703
8652.0;69.68084502243171
8658.0;72.58305412005224
8664.0;74.22028508149242
8670.0;74.39547958430349
8676.0;74.36708501334545
8682.0;73.63649270259526
8688.0;73.54279061843376
8694.0;73.67170197058323
8700.0;73.3110909194162
8706.0;73.02089840422511
8712.0;73.70492361860413
8718.0;75.67437106025328
8724.0;78.86336532454995
8730.0;79.7617695496621
8736.0;78.22335169515588
8742.0;75.61133511272645
8748.0;74.85750350631136
8754.0;74.2695652173913
8760.0;72.60532959326788
8766.0;72.35792426367462
8772.0;70.71893408134642
8778.0;70.55427769985975
8784.0;72.75147265077139
8790.0;75.14586255259466
8796.0;75.26030855539972
8802.0;73.31416549789621
8808.0;72.48527349228611
8814.0;73.35203366058906
8820.0;74.21262272089761
8826.0;71.49396914446002
8832.0;71.83955119214586
8838.0;74.7890603085554
8844.0;76.05357643758765
8850.0;77.65441795231416
8856.0;77.58882545313453
8862.0;75.80067623745911
8868.0;74.72978216285128
8874.0;73.31827504018624
8880.0;71.88459619755002
8886.0;69.87833268665817
8892.0;67.5098387007372
8898.0;68.78388115958096
8904.0;71.59774957042292
8910.0;71.42647303364558
8916.0;72.45357796131034
8922.0;71.30064852280915
8928.0;71.72191120226151
8934.0;71.38268388670251
8940.0;71.72579125325647
8946.0;72.28313286403193
8952.0;72.00681780389114
8958.0;72.64065184856715
8964.0;74.27206003176863
8970.0;75.71917620638659
8976.0;74.61439447883004
8982.0;73.69502108780193
8988.0;72.60502820835843
8994.0;71.06780960727393
9000.0;70.31193514816235
9006.0;67.8211097113436
9012.0;65.4488689269869
9018.0;67.03593142356357
9024.0;69.99370104617407
9030.0;72.30760804075149
9036.0;71.13490715889796
9042.0;69.21071369885523
9048.0;69.71134359423783
9054.0;70.71890233882894
9060.0;71.9625349181136
9066.0;71.1524346825875
9072.0;72.0159151193634
9078.0;72.666053158664
9084.0;75.52400801169274
9090.0;77.01645644995399
9096.0;75.47745358090185
9102.0;74.018296973962
9108.0;72.61083743842364
9114.0;72.36886266442917
9120.0;72.08493476966383
9126.0;71.18849131164401
9132.0;69.17311752287122
9138.0;68.97688518378173
9144.0;70.14561792886916
9150.0;72.0416283224165
9156.0;70.75326151680831
9162.0;69.06241541709522
9168.0;68.53461809126834
9174.0;68.66886807773507
9180.0;69.01653378992991
9186.0;70.39702498796083
9192.0;69.81432928460592
9198.0;71.33608004708653
9204.0;74.26989137995612
9210.0;74.65113168173792
9216.0;75.40371341430789
9222.0;74.70330140724491
9228.0;72.20905345390337
9234.0;72.15581358018086
9240.0;70.63593557707742
9246.0;69.82717106319225
9252.0;68.43357054952111
9258.0;68.09727647279148
9264.0;69.63989512547488
9270.0;72.63845042538392
9276.0;71.33982556584087
9282.0;70.65011504093317
9288.0;69.54324252843163
9294.0;70.85268447500661
9300.0;71.45384818830998
9306.0;72.70166622586618
9312.0;72.30415234065062
9318.0;73.75244644274001
9324.0;76.77334038614123
9330.0;78.24305739222427
9336.0;78.98915630785507
9342.0;77.17032531076435
9348.0;73.92382967468923
9354.0;72.82676540597726
9360.0;71.51891034117958
9366.0;70.7699021422904
9372.0;69.72308912985983
9378.0;70.32478180375563
9384.0;72.52446442740016
9390.0;73.94895530282994
9396.0;72.90518278332723
9402.0;71.6949950316406
9408.0;70.61633805763297
9414.0;71.9708697243868
9420.0;70.94320380733225
9426.0;70.17938392343497
9432.0;69.38758433136343
9438.0;73.02808430521416
9444.0;76.26222477903875
9450.0;77.44207938915329
9456.0;76.4881543852309
9462.0;73.99299199832645
9468.0;72.54772239945609
9474.0;70.3995606924324
9480.0;68.58950891689766
9486.0;66.68061293865384
9492.0;64.1247842686052
9498.0;66.18482296950997
9504.0;67.62295081967213
9510.0;69.59171536432746
9516.0;70.54584475358122
9522.0;69.39804519832445
9528.0;66.40016548585614
9534.0;67.94849252727931
9540.0;68.06950405957491
9546.0;68.01416972643119
9552.0;68.03149402699488
9558.0;71.02420230645912
9564.0;74.5524124734964
9570.0;76.12530382168899
9576.0;73.82324041992035
9582.0;73.12690696592026
9588.0;72.8083466928686
9594.0;71.62951853958732
9600.0;68.72963748254641
9606.0;67.91229249625071
9612.0;65.95611926558584
9618.0;65.82928450877104
9624.0;67.64307267426993
9630.0;70.62522375083107
9636.0;72.50498644709252
9642.0;71.80049097325218
9648.0;71.18575154707717
9654.0;72.05237048023321
9660.0;72.42034470413748
9666.0;72.6668541911727
9672.0;72.91489796962102
9678.0;72.53234797729249
9684.0;75.82059019076357
9690.0;76.51050989617961
9696.0;76.92272285582774
9702.0;75.90599907942516
9708.0;74.25970439318775
9714.0;72.62287117066435
9720.0;71.86402954120086
9726.0;68.8552784662856
9732.0;66.43102837776317
9738.0;67.33800394557134
9744.0;69.93145834387172
9750.0;71.79017653902575
9756.0;71.99757195609287
9762.0;71.55925944660832
9768.0;70.59310030856392
9774.0;71.2752288937225
9780.0;71.23374981030906
9786.0;70.5723607668572
9792.0;70.43603621832162
9798.0;71.05164651727452
9804.0;73.15898629166877
9810.0;74.64742779098589
9816.0;75.05235469674743
9822.0;73.51130557944256
9828.0;73.19364523392544
9834.0;72.98623967975982
9840.0;72.01576182136603
9846.0;70.11583687765824
9852.0;67.19189392044034
9858.0;67.73505128846635
9864.0;70.4610958218664
9870.0;72.15411558669001
9876.0;72.4603452589442
9882.0;70.75956967725794
9888.0;68.82161621215911
9894.0;69.45609206905179
9900.0;68.45709281961472
9906.0;67.01100825619214
9912.0;68.19439579684763
9918.0;71.28571428571429
9924.0;73.26770077558169
9930.0;75.19889917438078
9936.0;73.61789020345527
9942.0;71.76476412058808
9948.0;71.13979505965051
9954.0;69.99876243750309
9960.0;68.13053809217365
9966.0;66.51477649621306
9972.0;65.29107469927231
9978.0;67.03826543240433
9984.0;68.18746596703133
9990.0;69.13197366467007
9996.0;69.97821890005446
10002.0;68.24315627939211
10008.0;67.7622394930944
10014.0;67.85258155536854
10020.0;68.6532844908668
10026.0;68.94807187762981
10032.0;70.75219048561952
10038.0;73.38250581654374
10044.0;74.94220502522408
10050.0;76.09639026301612
10056.0;74.8836753685654
10062.0;73.05137875299995
10068.0;72.20820884556987
10074.0;71.85654111769604
10080.0;70.95753538717736
10086.0;69.02115883822304
10092.0;67.4991428711368
10098.0;68.41749522456776
10104.0;70.93818876426508
10110.0;72.04657883136602
10116.0;73.67855218690308
10122.0;71.08414556497037
10128.0;70.08546799235931
10134.0;70.16946662095313
10140.0;71.29206053778714
10146.0;71.63246314345888
10152.0;70.87990112925895
10158.0;72.43444966800756
10164.0;75.19531817961519
10170.0;76.91416662627829
10176.0;76.85770367857316
10182.0;73.48349731013425
10188.0;72.37338244559686
10194.0;71.6805602675326
10200.0;69.81922163524452
10206.0;67.9763001017787
10212.0;65.38385111229584
10218.0;66.95875539184802
10224.0;67.76547278631318
10230.0;69.95371492269665
10236.0;70.37997382833325
10242.0;69.31420539911792
10248.0;67.5129646682499
10254.0;67.57185091843164
10260.0;67.02815482756967
10266.0;66.91112283562761
10272.0;67.81428365868867
10278.0;70.8444050074344
10284.0;73.60233104705262
10290.0;74.51196700081539
10296.0;74.19684397333205
10302.0;73.04594944601659
10308.0;70.94009305002638
10314.0;69.88656530289222
10320.0;67.49172622188115
10326.0;65.79668089596623
10332.0;65.08129886325483
10338.0;65.82330087773994
10344.0;67.21065758549571
10350.0;69.56736534126337
10356.0;69.57503957024318
10362.0;68.79562568948151
10368.0;69.16757654877759
10374.0;70.47899359126514
10380.0;69.8587704723475
10386.0;69.83099928791835
10392.0;70.38713505815333
10398.0;71.95039164490862
10404.0;74.201756468075
10410.0;75.77735580346547
10416.0;74.21552338001425
10422.0;72.08022786612865
10428.0;70.89437455494897
10434.0;70.21457393781154
10440.0;69.70685971991455
10446.0;67.71967718965108
10452.0;64.24234512224068
10458.0;65.50367908853549
10464.0;68.0555423688583
10470.0;69.20270591027771
10476.0;69.44175555659979
10482.0;69.06207415065082
10488.0;69.10530520182323
10494.0;70.60499976504863
10500.0;69.98872233447676
10506.0;70.87401907805085
10512.0;69.80029133969268
10518.0;72.56167473333021
10524.0;72.70546496875147
10530.0;75.73187350218505
10536.0;74.7215826323951
10542.0;73.85884121986749
10548.0;73.45566467741178
10554.0;73.08796579108125
10560.0;71.57041492411071
10566.0;68.61895587613364
10572.0;66.59132559560172
10578.0;66.87726140688878
10584.0;68.18207191701168
10590.0;70.23538168116481
10596.0;69.34293157184723
10602.0;67.85853840070708
10608.0;68.40117225659394
10614.0;68.91310415406801
10620.0;69.40805693817742
10626.0;68.80983393031586
10632.0;68.72703167883891
10638.0;71.84374563892636
10644.0;74.02637577336372
10650.0;75.41354607619668
10656.0;74.84183839605527
10662.0;73.39977671302972
10668.0;72.89458994278272
10674.0;72.31799786016653
10680.0;71.08596548355584
10686.0;68.73959157091687
10692.0;68.1745958642288
10698.0;68.84424077741446
10704.0;70.0336204117349
10710.0;70.915119974209
10716.0;69.27232533505273
10722.0;68.75028784599088
10728.0;69.07935338276609
10734.0;69.69119882098282
10740.0;70.42831483443099
10746.0;69.14060700962557
10752.0;68.48708147192926
10758.0;70.60033159858149
10764.0;72.52383364804496
10770.0;73.48823285589279
10776.0;73.15985814949569
10782.0;71.9923548104822
10788.0;71.62828720121585
10794.0;70.77373002348823
