#auto generated file!
6.0;0.0
12.0;0.007598784194528876
18.0;0.06838905775075987
24.0;0.16717325227963525
30.0;0.13677811550151975
36.0;0.060790273556231005
42.0;0.2735562310030395
48.0;0.25835866261398177
54.0;0.3191489361702128
60.0;0.3191489361702128
66.0;0.19756838905775076
72.0;0.2735562310030395
78.0;0.182370820668693
84.0;0.303951367781155
90.0;0.22796352583586627
96.0;0.16717325227963525
102.0;0.3495440729483283
108.0;0.24316109422492402
114.0;0.1899696048632219
120.0;0.3799392097264438
126.0;0.3191489361702128
132.0;0.2127659574468085
138.0;0.24316109422492402
144.0;0.24316109422492402
150.0;0.2887537993920973
156.0;0.2127659574468085
162.0;0.1519756838905775
168.0;0.29635258358662614
174.0;0.20516717325227962
180.0;0.38753799392097266
186.0;0.41793313069908816
192.0;0.26595744680851063
198.0;0.29635258358662614
204.0;0.2507598784194529
210.0;0.11398176291793313
216.0;0.14437689969604864
222.0;0.09878419452887538
228.0;0.5243161094224924
234.0;0.22036474164133737
240.0;0.1595744680851064
246.0;0.22036474164133737
252.0;0.1595744680851064
258.0;0.11398176291793313
264.0;0.31155015197568386
270.0;0.34194528875379937
276.0;0.23556231003039513
282.0;0.38753799392097266
288.0;0.22796352583586627
294.0;0.32674772036474165
300.0;0.35714285714285715
306.0;0.41793313069908816
312.0;0.2811550151975684
318.0;0.14437689969604864
324.0;0.31155015197568386
330.0;0.34194528875379937
336.0;0.26595744680851063
342.0;0.34194528875379937
348.0;0.31155015197568386
354.0;0.2507598784194529
360.0;0.35714285714285715
366.0;0.1595744680851064
372.0;0.22036474164133737
378.0;0.31155015197568386
384.0;0.20516717325227962
390.0;0.25835866261398177
396.0;0.0911854103343465
402.0;0.2127659574468085
408.0;0.29635258358662614
414.0;0.10638297872340426
420.0;0.5167173252279635
426.0;0.1519756838905775
432.0;0.25835866261398177
438.0;0.303951367781155
444.0;0.44072948328267475
450.0;0.2127659574468085
456.0;0.182370820668693
462.0;0.13677811550151975
468.0;0.24316109422492402
474.0;0.44072948328267475
480.0;0.2735562310030395
486.0;0.182370820668693
492.0;0.16717325227963525
498.0;0.5167173252279635
504.0;0.32674772036474165
510.0;0.182370820668693
516.0;0.2127659574468085
522.0;0.45592705167173253
528.0;0.25835866261398177
534.0;0.41033434650455924
540.0;0.48632218844984804
546.0;0.3343465045592705
552.0;0.2887537993920973
558.0;0.3495440729483283
564.0;0.3799392097264438
570.0;0.425531914893617
576.0;0.24316109422492402
582.0;0.303951367781155
588.0;0.25835866261398177
594.0;0.35714285714285715
600.0;0.4331306990881459
606.0;0.2507598784194529
612.0;0.23556231003039513
618.0;0.29635258358662614
624.0;0.12917933130699089
630.0;0.19756838905775076
636.0;0.13677811550151975
642.0;0.2127659574468085
648.0;0.14437689969604864
654.0;0.29635258358662614
660.0;0.44832826747720367
666.0;0.35714285714285715
672.0;0.29635258358662614
678.0;0.1899696048632219
684.0;0.32674772036474165
690.0;0.17477203647416414
696.0;0.20516717325227962
702.0;0.35714285714285715
708.0;0.1899696048632219
714.0;0.3723404255319149
720.0;0.3723404255319149
726.0;0.1595744680851064
732.0;0.037993920972644375
738.0;0.35714285714285715
744.0;0.23556231003039513
750.0;0.3723404255319149
756.0;0.5699088145896657
762.0;0.22036474164133737
768.0;0.23556231003039513
774.0;0.25835866261398177
780.0;0.47112462006079026
786.0;0.2887537993920973
792.0;0.41033434650455924
798.0;0.25835866261398177
804.0;0.31155015197568386
810.0;0.13677811550151975
816.0;0.25835866261398177
822.0;0.20516717325227962
828.0;0.10638297872340426
834.0;0.2811550151975684
840.0;0.182370820668693
846.0;0.24316109422492402
852.0;0.060790273556231005
858.0;0.19756838905775076
864.0;0.3799392097264438
870.0;0.2735562310030395
876.0;0.10638297872340426
882.0;0.24316109422492402
888.0;0.16717325227963525
894.0;0.19756838905775076
900.0;0.2735562310030395
906.0;0.19756838905775076
912.0;0.425531914893617
918.0;0.303951367781155
924.0;0.3495440729483283
930.0;0.2887537993920973
936.0;0.07598784194528875
942.0;0.26595744680851063
948.0;0.31155015197568386
954.0;0.3191489361702128
960.0;0.060790273556231005
966.0;0.2735562310030395
972.0;0.2127659574468085
978.0;0.303951367781155
984.0;0.25835866261398177
990.0;0.2735562310030395
996.0;0.2127659574468085
1002.0;0.2735562310030395
1008.0;0.13677811550151975
1014.0;0.2735562310030395
1020.0;0.0911854103343465
1026.0;0.425531914893617
1032.0;0.22796352583586627
1038.0;0.3343465045592705
1044.0;0.3343465045592705
1050.0;0.10638297872340426
1056.0;0.10638297872340426
1062.0;0.24316109422492402
1068.0;0.182370820668693
1074.0;0.1519756838905775
1080.0;0.303951367781155
1086.0;0.2127659574468085
1092.0;0.25835866261398177
1098.0;0.12158054711246201
1104.0;0.24316109422492402
1110.0;0.10638297872340426
1116.0;0.3343465045592705
1122.0;0.2735562310030395
1128.0;0.25835866261398177
1134.0;0.3723404255319149
1140.0;0.19756838905775076
1146.0;0.24316109422492402
1152.0;0.5015197568389058
1158.0;0.1519756838905775
1164.0;0.07598784194528875
1170.0;0.2887537993920973
1176.0;0.303951367781155
1182.0;0.182370820668693
1188.0;0.25835866261398177
1194.0;0.3495440729483283
1200.0;0.2127659574468085
1206.0;0.1519756838905775
1212.0;0.16717325227963525
1218.0;0.19756838905775076
1224.0;0.3799392097264438
1230.0;0.13677811550151975
1236.0;0.10638297872340426
1242.0;0.12158054711246201
1248.0;0.41033434650455924
1254.0;0.3191489361702128
1260.0;0.29635258358662614
1266.0;0.38753799392097266
1272.0;0.12917933130699089
1278.0;0.44072948328267475
1284.0;0.26595744680851063
1290.0;0.1595744680851064
1296.0;0.12917933130699089
1302.0;0.11398176291793313
1308.0;0.38753799392097266
1314.0;0.22036474164133737
1320.0;0.2811550151975684
1326.0;0.1899696048632219
1332.0;0.13677811550151975
1338.0;0.31155015197568386
1344.0;0.32674772036474165
1350.0;0.26595744680851063
1356.0;0.32674772036474165
1362.0;0.20516717325227962
1368.0;0.22036474164133737
1374.0;0.31155015197568386
1380.0;0.25835866261398177
1386.0;0.25835866261398177
1392.0;0.3799392097264438
1398.0;0.364741641337386
1404.0;0.41793313069908816
1410.0;0.2887537993920973
1416.0;0.1519756838905775
1422.0;0.24316109422492402
1428.0;0.22796352583586627
1434.0;0.182370820668693
1440.0;0.24316109422492402
1446.0;0.24316109422492402
1452.0;0.1519756838905775
1458.0;0.2887537993920973
1464.0;0.22036474164133737
1470.0;0.1595744680851064
1476.0;0.1899696048632219
1482.0;0.2811550151975684
1488.0;0.3799392097264438
1494.0;0.25835866261398177
1500.0;0.1899696048632219
1506.0;0.44832826747720367
1512.0;0.1595744680851064
1518.0;0.29635258358662614
1524.0;0.35714285714285715
1530.0;0.17477203647416414
1536.0;0.23556231003039513
1542.0;0.2507598784194529
1548.0;0.22036474164133737
1554.0;0.3343465045592705
1560.0;0.2735562310030395
1566.0;0.182370820668693
1572.0;0.1519756838905775
1578.0;0.2735562310030395
1584.0;0.425531914893617
1590.0;0.182370820668693
1596.0;0.182370820668693
1602.0;0.182370820668693
1608.0;0.2887537993920973
1614.0;0.41033434650455924
1620.0;0.3191489361702128
1626.0;0.182370820668693
1632.0;0.2887537993920973
1638.0;0.34194528875379937
1644.0;0.19756838905775076
1650.0;0.16717325227963525
1656.0;0.060790273556231005
1662.0;0.1519756838905775
1668.0;0.24316109422492402
1674.0;0.24316109422492402
1680.0;0.22036474164133737
1686.0;0.31155015197568386
1692.0;0.1595744680851064
1698.0;0.26595744680851063
1704.0;0.20516717325227962
1710.0;0.17477203647416414
1716.0;0.08358662613981763
1722.0;0.23556231003039513
1728.0;0.34194528875379937
1734.0;0.26595744680851063
1740.0;0.32674772036474165
1746.0;0.14437689969604864
1752.0;0.31155015197568386
1758.0;0.5243161094224924
1764.0;0.2507598784194529
1770.0;0.1595744680851064
1776.0;0.23556231003039513
1782.0;0.2507598784194529
1788.0;0.1595744680851064
1794.0;0.2507598784194529
1800.0;0.12917933130699089
1806.0;0.22036474164133737
1812.0;0.20516717325227962
1818.0;0.20516717325227962
1824.0;0.23556231003039513
1830.0;0.32674772036474165
1836.0;0.12917933130699089
1842.0;0.09878419452887538
1848.0;0.23556231003039513
1854.0;0.4027355623100304
1860.0;0.2811550151975684
1866.0;0.11398176291793313
1872.0;0.16717325227963525
1878.0;0.22036474164133737
1884.0;0.23556231003039513
1890.0;0.20516717325227962
1896.0;0.22036474164133737
1902.0;0.303951367781155
1908.0;0.1899696048632219
1914.0;0.1595744680851064
1920.0;0.34194528875379937
1926.0;0.1595744680851064
1932.0;0.2811550151975684
1938.0;0.1595744680851064
1944.0;0.34194528875379937
1950.0;0.26595744680851063
1956.0;0.1595744680851064
1962.0;0.11398176291793313
1968.0;0.1899696048632219
1974.0;0.2507598784194529
1980.0;0.38753799392097266
1986.0;0.4331306990881459
1992.0;0.4331306990881459
1998.0;0.3723404255319149
2004.0;0.31155015197568386
2010.0;0.31155015197568386
2016.0;0.12917933130699089
2022.0;0.22036474164133737
2028.0;0.22036474164133737
2034.0;0.25835866261398177
2040.0;0.19756838905775076
2046.0;0.07598784194528875
2052.0;0.19756838905775076
2058.0;0.2735562310030395
2064.0;0.19756838905775076
2070.0;0.1519756838905775
2076.0;0.060790273556231005
2082.0;0.22796352583586627
2088.0;0.29635258358662614
2094.0;0.26595744680851063
2100.0;0.44832826747720367
2106.0;0.14437689969604864
2112.0;0.1595744680851064
2118.0;0.35714285714285715
2124.0;0.4787234042553192
2130.0;0.14437689969604864
2136.0;0.12917933130699089
2142.0;0.09878419452887538
2148.0;0.4939209726443769
2154.0;0.32674772036474165
2160.0;0.1899696048632219
2166.0;0.26595744680851063
2172.0;0.17477203647416414
2178.0;0.38753799392097266
2184.0;0.2811550151975684
2190.0;0.1595744680851064
2196.0;0.14437689969604864
2202.0;0.29635258358662614
2208.0;0.2811550151975684
2214.0;0.22036474164133737
2220.0;0.35714285714285715
2226.0;0.20516717325227962
2232.0;0.12917933130699089
2238.0;0.24316109422492402
2244.0;0.35714285714285715
2250.0;0.12917933130699089
2256.0;0.1595744680851064
2262.0;0.17477203647416414
2268.0;0.22036474164133737
2274.0;0.2507598784194529
2280.0;0.22036474164133737
2286.0;0.1899696048632219
2292.0;0.2811550151975684
2298.0;0.23556231003039513
2304.0;0.38753799392097266
2310.0;0.1595744680851064
2316.0;0.14437689969604864
2322.0;0.20516717325227962
2328.0;0.20516717325227962
2334.0;0.364741641337386
2340.0;0.20516717325227962
2346.0;0.35714285714285715
2352.0;0.2811550151975684
2358.0;0.38753799392097266
2364.0;0.41793313069908816
2370.0;0.4331306990881459
2376.0;0.23556231003039513
2382.0;0.13677811550151975
2388.0;0.26595744680851063
2394.0;0.17477203647416414
2400.0;0.2811550151975684
2406.0;0.12917933130699089
2412.0;0.12917933130699089
2418.0;0.22036474164133737
2424.0;0.2811550151975684
2430.0;0.12917933130699089
2436.0;0.14437689969604864
2442.0;0.23556231003039513
2448.0;0.23556231003039513
2454.0;0.1595744680851064
2460.0;0.22036474164133737
2466.0;0.22036474164133737
2472.0;0.29635258358662614
2478.0;0.34194528875379937
2484.0;0.3191489361702128
2490.0;0.17477203647416414
2496.0;0.09878419452887538
2502.0;0.1595744680851064
2508.0;0.32674772036474165
2514.0;0.3723404255319149
2520.0;0.2811550151975684
2526.0;0.3723404255319149
2532.0;0.17477203647416414
2538.0;0.12917933130699089
2544.0;0.35714285714285715
2550.0;0.19756838905775076
2556.0;0.16717325227963525
2562.0;0.10638297872340426
2568.0;0.303951367781155
2574.0;0.34194528875379937
2580.0;0.34194528875379937
2586.0;0.4787234042553192
2592.0;0.23556231003039513
2598.0;0.12917933130699089
2604.0;0.41793313069908816
2610.0;0.4027355623100304
2616.0;0.05319148936170213
2622.0;0.38753799392097266
2628.0;0.22036474164133737
2634.0;0.26595744680851063
2640.0;0.2735562310030395
2646.0;0.2887537993920973
2652.0;0.2127659574468085
2658.0;0.3191489361702128
2664.0;0.17477203647416414
2670.0;0.09878419452887538
2676.0;0.20516717325227962
2682.0;0.12917933130699089
2688.0;0.23556231003039513
2694.0;0.2507598784194529
2700.0;0.2507598784194529
2706.0;0.1899696048632219
2712.0;0.29635258358662614
2718.0;0.5319148936170213
2724.0;0.3799392097264438
2730.0;0.24316109422492402
2736.0;0.2127659574468085
2742.0;0.2887537993920973
2748.0;0.17477203647416414
2754.0;0.32674772036474165
2760.0;0.2507598784194529
2766.0;0.1899696048632219
2772.0;0.1595744680851064
2778.0;0.19756838905775076
2784.0;0.2811550151975684
2790.0;0.1899696048632219
2796.0;0.14437689969604864
2802.0;0.26595744680851063
2808.0;0.2507598784194529
2814.0;0.3723404255319149
2820.0;0.26595744680851063
2826.0;0.1595744680851064
2832.0;0.17477203647416414
2838.0;0.44072948328267475
2844.0;0.25835866261398177
2850.0;0.2127659574468085
2856.0;0.19756838905775076
2862.0;0.1519756838905775
2868.0;0.25835866261398177
2874.0;0.19756838905775076
2880.0;0.19756838905775076
2886.0;0.19756838905775076
2892.0;0.07598784194528875
2898.0;0.2127659574468085
2904.0;0.22796352583586627
2910.0;0.1519756838905775
2916.0;0.2127659574468085
2922.0;0.24316109422492402
2928.0;0.2887537993920973
2934.0;0.22036474164133737
2940.0;0.12917933130699089
2946.0;0.29635258358662614
2952.0;0.41793313069908816
2958.0;0.2507598784194529
2964.0;0.34194528875379937
2970.0;0.20516717325227962
2976.0;0.17477203647416414
2982.0;0.34194528875379937
2988.0;0.20516717325227962
2994.0;0.34194528875379937
3000.0;0.35714285714285715
3006.0;0.22036474164133737
3012.0;0.12917933130699089
3018.0;0.32674772036474165
3024.0;0.41793313069908816
3030.0;0.22036474164133737
3036.0;0.1595744680851064
3042.0;0.2811550151975684
3048.0;0.34194528875379937
3054.0;0.23556231003039513
3060.0;0.32674772036474165
3066.0;0.41793313069908816
3072.0;0.17477203647416414
3078.0;0.23556231003039513
3084.0;0.3951367781155015
3090.0;0.47112462006079026
3096.0;0.2735562310030395
3102.0;0.2735562310030395
3108.0;0.17477203647416414
3114.0;0.44832826747720367
3120.0;0.09878419452887538
3126.0;0.1595744680851064
3132.0;0.31155015197568386
3138.0;0.31155015197568386
3144.0;0.2735562310030395
3150.0;0.25835866261398177
3156.0;0.1519756838905775
3162.0;0.13677811550151975
3168.0;0.1519756838905775
3174.0;0.16717325227963525
3180.0;0.24316109422492402
3186.0;0.25835866261398177
3192.0;0.22796352583586627
3198.0;0.2507598784194529
3204.0;0.14437689969604864
3210.0;0.32674772036474165
3216.0;0.1595744680851064
3222.0;0.17477203647416414
3228.0;0.44072948328267475
3234.0;0.41793313069908816
3240.0;0.26595744680851063
3246.0;0.32674772036474165
3252.0;0.2507598784194529
3258.0;0.26595744680851063
3264.0;0.3723404255319149
3270.0;0.17477203647416414
3276.0;0.2507598784194529
3282.0;0.20516717325227962
3288.0;0.20516717325227962
3294.0;0.23556231003039513
3300.0;0.12917933130699089
3306.0;0.1899696048632219
3312.0;0.2811550151975684
3318.0;0.2507598784194529
3324.0;0.31155015197568386
3330.0;0.20516717325227962
3336.0;0.1899696048632219
3342.0;0.2507598784194529
3348.0;0.17477203647416414
3354.0;0.34194528875379937
3360.0;0.35714285714285715
3366.0;0.32674772036474165
3372.0;0.1595744680851064
3378.0;0.1519756838905775
3384.0;0.1899696048632219
3390.0;0.29635258358662614
3396.0;0.17477203647416414
3402.0;0.17477203647416414
3408.0;0.1899696048632219
3414.0;0.20516717325227962
3420.0;0.32674772036474165
3426.0;0.5243161094224924
3432.0;0.2507598784194529
3438.0;0.29635258358662614
3444.0;0.29635258358662614
3450.0;0.29635258358662614
3456.0;0.09878419452887538
3462.0;0.17477203647416414
3468.0;0.22036474164133737
3474.0;0.32674772036474165
3480.0;0.31155015197568386
3486.0;0.23556231003039513
3492.0;0.14437689969604864
3498.0;0.22036474164133737
3504.0;0.14437689969604864
3510.0;0.32674772036474165
3516.0;0.14437689969604864
3522.0;0.14437689969604864
3528.0;0.3343465045592705
3534.0;0.26595744680851063
3540.0;0.32674772036474165
3546.0;0.17477203647416414
3552.0;0.2811550151975684
3558.0;0.31155015197568386
3564.0;0.31155015197568386
3570.0;0.31155015197568386
3576.0;0.11398176291793313
3582.0;0.26595744680851063
3588.0;0.2811550151975684
3594.0;0.34194528875379937
3600.0;0.22036474164133737
3606.0;0.20516717325227962
3612.0;0.17477203647416414
3618.0;0.12917933130699089
3624.0;0.2507598784194529
3630.0;0.2811550151975684
3636.0;0.22036474164133737
3642.0;0.09878419452887538
3648.0;0.3343465045592705
3654.0;0.38753799392097266
3660.0;0.17477203647416414
3666.0;0.41793313069908816
3672.0;0.17477203647416414
3678.0;0.31155015197568386
3684.0;0.4331306990881459
3690.0;0.3723404255319149
3696.0;0.17477203647416414
3702.0;0.34194528875379937
3708.0;0.3799392097264438
3714.0;0.22796352583586627
3720.0;0.1519756838905775
3726.0;0.2735562310030395
3732.0;0.13677811550151975
3738.0;0.07598784194528875
3744.0;0.2127659574468085
3750.0;0.25835866261398177
3756.0;0.10638297872340426
3762.0;0.07598784194528875
3768.0;0.3495440729483283
3774.0;0.31155015197568386
3780.0;0.35714285714285715
3786.0;0.29635258358662614
3792.0;0.17477203647416414
3798.0;0.44832826747720367
3804.0;0.35714285714285715
3810.0;0.12917933130699089
3816.0;0.20516717325227962
3822.0;0.1595744680851064
3828.0;0.1595744680851064
3834.0;0.4331306990881459
3840.0;0.11398176291793313
3846.0;0.26595744680851063
3852.0;0.12917933130699089
3858.0;0.20516717325227962
3864.0;0.38753799392097266
3870.0;0.41793313069908816
3876.0;0.20516717325227962
3882.0;0.4331306990881459
3888.0;0.4331306990881459
3894.0;0.5015197568389058
3900.0;0.32674772036474165
3906.0;0.17477203647416414
3912.0;0.26595744680851063
3918.0;0.5091185410334347
3924.0;0.44832826747720367
3930.0;0.2507598784194529
3936.0;0.1595744680851064
3942.0;0.26595744680851063
3948.0;0.2811550151975684
3954.0;0.2507598784194529
3960.0;0.1595744680851064
3966.0;0.31155015197568386
3972.0;0.22036474164133737
3978.0;0.1899696048632219
3984.0;0.31155015197568386
3990.0;0.1519756838905775
3996.0;0.1519756838905775
4002.0;0.3951367781155015
4008.0;0.3191489361702128
4014.0;0.17477203647416414
4020.0;0.26595744680851063
4026.0;0.14437689969604864
4032.0;0.11398176291793313
4038.0;0.2887537993920973
4044.0;0.32674772036474165
4050.0;0.29635258358662614
4056.0;0.22036474164133737
4062.0;0.23556231003039513
4068.0;0.35714285714285715
4074.0;0.2507598784194529
4080.0;0.22036474164133737
4086.0;0.09878419452887538
4092.0;0.14437689969604864
4098.0;0.29635258358662614
4104.0;0.29635258358662614
4110.0;0.22036474164133737
4116.0;0.31155015197568386
4122.0;0.12917933130699089
4128.0;0.22796352583586627
4134.0;0.2507598784194529
4140.0;0.23556231003039513
4146.0;0.1899696048632219
4152.0;0.12917933130699089
4158.0;0.31155015197568386
4164.0;0.29635258358662614
4170.0;0.34194528875379937
4176.0;0.09878419452887538
4182.0;0.20516717325227962
4188.0;0.17477203647416414
4194.0;0.31155015197568386
4200.0;0.2811550151975684
4206.0;0.1595744680851064
4212.0;0.12917933130699089
4218.0;0.09878419452887538
4224.0;0.1595744680851064
4230.0;0.2507598784194529
4236.0;0.11398176291793313
4242.0;0.1899696048632219
4248.0;0.41793313069908816
4254.0;0.44832826747720367
4260.0;0.35714285714285715
4266.0;0.32674772036474165
4272.0;0.32674772036474165
4278.0;0.20516717325227962
4284.0;0.23556231003039513
4290.0;0.17477203647416414
4296.0;0.14437689969604864
4302.0;0.3723404255319149
4308.0;0.2811550151975684
4314.0;0.38753799392097266
4320.0;0.1899696048632219
4326.0;0.12917933130699089
4332.0;0.17477203647416414
4338.0;0.32674772036474165
4344.0;0.3343465045592705
4350.0;0.22796352583586627
4356.0;0.24316109422492402
4362.0;0.1899696048632219
4368.0;0.10638297872340426
4374.0;0.2127659574468085
4380.0;0.3343465045592705
4386.0;0.24316109422492402
4392.0;0.22796352583586627
4398.0;0.3951367781155015
4404.0;0.47112462006079026
4410.0;0.22796352583586627
4416.0;0.19756838905775076
4422.0;0.22796352583586627
4428.0;0.26595744680851063
4434.0;0.35714285714285715
4440.0;0.3495440729483283
4446.0;0.2127659574468085
4452.0;0.2887537993920973
4458.0;0.13677811550151975
4464.0;0.2735562310030395
4470.0;0.303951367781155
4476.0;0.3343465045592705
4482.0;0.1519756838905775
4488.0;0.303951367781155
4494.0;0.13677811550151975
4500.0;0.16717325227963525
4506.0;0.1519756838905775
4512.0;0.2507598784194529
4518.0;0.47112462006079026
4524.0;0.3723404255319149
4530.0;0.20516717325227962
4536.0;0.3723404255319149
4542.0;0.5091185410334347
4548.0;0.38753799392097266
4554.0;0.4787234042553192
4560.0;0.09878419452887538
4566.0;0.4331306990881459
4572.0;0.2507598784194529
4578.0;0.2507598784194529
4584.0;0.2887537993920973
4590.0;0.14437689969604864
4596.0;0.1595744680851064
4602.0;0.1519756838905775
4608.0;0.26595744680851063
4614.0;0.1899696048632219
4620.0;0.26595744680851063
4626.0;0.17477203647416414
4632.0;0.35714285714285715
4638.0;0.34194528875379937
4644.0;0.31155015197568386
4650.0;0.23556231003039513
4656.0;0.14437689969604864
4662.0;0.20516717325227962
4668.0;0.25835866261398177
4674.0;0.2811550151975684
4680.0;0.12917933130699089
4686.0;0.1595744680851064
4692.0;0.06838905775075987
4698.0;0.1595744680851064
4704.0;0.20516717325227962
4710.0;0.26595744680851063
4716.0;0.12917933130699089
4722.0;0.11398176291793313
4728.0;0.25835866261398177
4734.0;0.5091185410334347
4740.0;0.20516717325227962
4746.0;0.44832826747720367
4752.0;0.20516717325227962
4758.0;0.2507598784194529
4764.0;0.5015197568389058
4770.0;0.20516717325227962
4776.0;0.2507598784194529
4782.0;0.23556231003039513
4788.0;0.31155015197568386
4794.0;0.22036474164133737
4800.0;0.34194528875379937
4806.0;0.2811550151975684
4812.0;0.1595744680851064
4818.0;0.17477203647416414
4824.0;0.17477203647416414
4830.0;0.2507598784194529
4836.0;0.17477203647416414
4842.0;0.4635258358662614
4848.0;0.4331306990881459
4854.0;0.364741641337386
4860.0;0.29635258358662614
4866.0;0.2507598784194529
4872.0;0.17477203647416414
4878.0;0.3343465045592705
4884.0;0.2735562310030395
4890.0;0.19756838905775076
4896.0;0.1519756838905775
4902.0;0.1899696048632219
4908.0;0.32674772036474165
4914.0;0.1899696048632219
4920.0;0.31155015197568386
4926.0;0.17477203647416414
4932.0;0.1899696048632219
4938.0;0.2811550151975684
4944.0;0.24316109422492402
4950.0;0.23556231003039513
4956.0;0.12917933130699089
4962.0;0.23556231003039513
4968.0;0.29635258358662614
4974.0;0.14437689969604864
4980.0;0.20516717325227962
4986.0;0.31155015197568386
4992.0;0.41793313069908816
4998.0;0.425531914893617
5004.0;0.23556231003039513
5010.0;0.11398176291793313
5016.0;0.11398176291793313
5022.0;0.1899696048632219
5028.0;0.1899696048632219
5034.0;0.34194528875379937
5040.0;0.22036474164133737
5046.0;0.1595744680851064
5052.0;0.09878419452887538
5058.0;0.35714285714285715
5064.0;0.29635258358662614
5070.0;0.08358662613981763
5076.0;0.037993920972644375
5082.0;0.3343465045592705
5088.0;0.22796352583586627
5094.0;0.41793313069908816
5100.0;0.34194528875379937
5106.0;0.4027355623100304
5112.0;0.1899696048632219
5118.0;0.29635258358662614
5124.0;0.1899696048632219
5130.0;0.38753799392097266
5136.0;0.31155015197568386
5142.0;0.4939209726443769
5148.0;0.14437689969604864
5154.0;0.1595744680851064
5160.0;0.037993920972644375
5166.0;0.1595744680851064
5172.0;0.23556231003039513
5178.0;0.2127659574468085
5184.0;0.3799392097264438
5190.0;0.10638297872340426
5196.0;0.16717325227963525
5202.0;0.303951367781155
5208.0;0.2735562310030395
5214.0;0.41793313069908816
5220.0;0.3951367781155015
5226.0;0.3343465045592705
5232.0;0.2735562310030395
5238.0;0.10638297872340426
5244.0;0.3951367781155015
5250.0;0.182370820668693
5256.0;0.16717325227963525
5262.0;0.45592705167173253
5268.0;0.2887537993920973
5274.0;0.3191489361702128
5280.0;0.303951367781155
5286.0;0.13677811550151975
5292.0;0.2127659574468085
5298.0;0.3191489361702128
5304.0;0.2735562310030395
5310.0;0.22796352583586627
5316.0;0.07598784194528875
5322.0;0.364741641337386
5328.0;0.12917933130699089
5334.0;0.182370820668693
5340.0;0.2127659574468085
5346.0;0.22796352583586627
5352.0;0.2811550151975684
5358.0;0.25835866261398177
5364.0;0.2887537993920973
5370.0;0.2887537993920973
5376.0;0.2735562310030395
5382.0;0.303951367781155
5388.0;0.41793313069908816
5394.0;0.2507598784194529
5400.0;0.16717325227963525
5406.0;0.13677811550151975
5412.0;0.3191489361702128
5418.0;0.364741641337386
5424.0;0.13677811550151975
5430.0;0.25835866261398177
5436.0;0.13677811550151975
5442.0;0.13677811550151975
5448.0;0.22796352583586627
5454.0;0.3191489361702128
5460.0;0.3951367781155015
5466.0;0.5167173252279635
5472.0;0.47112462006079026
5478.0;0.5167173252279635
5484.0;0.364741641337386
5490.0;0.16717325227963525
5496.0;0.13677811550151975
5502.0;0.25835866261398177
5508.0;0.35714285714285715
5514.0;0.2735562310030395
5520.0;0.32674772036474165
5526.0;0.11398176291793313
5532.0;0.32674772036474165
5538.0;0.23556231003039513
5544.0;0.2127659574468085
5550.0;0.182370820668693
5556.0;0.0911854103343465
5562.0;0.24316109422492402
5568.0;0.17477203647416414
5574.0;0.303951367781155
5580.0;0.5015197568389058
5586.0;0.22796352583586627
5592.0;0.3343465045592705
5598.0;0.25835866261398177
5604.0;0.4635258358662614
5610.0;0.2887537993920973
5616.0;0.2735562310030395
5622.0;0.303951367781155
5628.0;0.3343465045592705
5634.0;0.5167173252279635
5640.0;0.303951367781155
5646.0;0.24316109422492402
5652.0;0.2127659574468085
5658.0;0.2507598784194529
5664.0;0.34194528875379937
5670.0;0.09878419452887538
5676.0;0.2811550151975684
5682.0;0.14437689969604864
5688.0;0.1899696048632219
5694.0;0.26595744680851063
5700.0;0.44832826747720367
5706.0;0.26595744680851063
5712.0;0.17477203647416414
5718.0;0.4787234042553192
5724.0;0.1519756838905775
5730.0;0.2811550151975684
5736.0;0.22036474164133737
5742.0;0.2811550151975684
5748.0;0.303951367781155
5754.0;0.4331306990881459
5760.0;0.2507598784194529
5766.0;0.17477203647416414
5772.0;0.17477203647416414
5778.0;0.23556231003039513
5784.0;0.2811550151975684
5790.0;0.14437689969604864
5796.0;0.08358662613981763
5802.0;0.29635258358662614
5808.0;0.38753799392097266
5814.0;0.44832826747720367
5820.0;0.34194528875379937
5826.0;0.2507598784194529
5832.0;0.32674772036474165
5838.0;0.41793313069908816
5844.0;0.35714285714285715
5850.0;0.4331306990881459
5856.0;0.38753799392097266
5862.0;0.4787234042553192
5868.0;0.3495440729483283
5874.0;0.2887537993920973
5880.0;0.3799392097264438
5886.0;0.3191489361702128
5892.0;0.19756838905775076
5898.0;0.41793313069908816
5904.0;0.23556231003039513
5910.0;0.24316109422492402
5916.0;0.2127659574468085
5922.0;0.3191489361702128
5928.0;0.45592705167173253
5934.0;0.364741641337386
5940.0;0.6534954407294833
5946.0;0.24316109422492402
5952.0;0.3343465045592705
5958.0;0.3951367781155015
5964.0;0.25835866261398177
5970.0;0.12158054711246201
5976.0;0.2887537993920973
5982.0;0.25835866261398177
5988.0;0.35714285714285715
5994.0;0.3951367781155015
6000.0;0.3799392097264438
6006.0;0.2735562310030395
6012.0;0.22796352583586627
6018.0;0.16717325227963525
6024.0;0.22796352583586627
6030.0;0.2887537993920973
6036.0;0.182370820668693
6042.0;0.25835866261398177
6048.0;0.16717325227963525
6054.0;0.3951367781155015
6060.0;0.364741641337386
6066.0;0.24316109422492402
6072.0;0.10638297872340426
6078.0;0.2735562310030395
6084.0;0.303951367781155
6090.0;0.12158054711246201
6096.0;0.182370820668693
6102.0;0.3495440729483283
6108.0;0.2127659574468085
6114.0;0.23556231003039513
6120.0;0.25835866261398177
6126.0;0.07598784194528875
6132.0;0.16717325227963525
6138.0;0.1519756838905775
6144.0;0.2127659574468085
6150.0;0.17477203647416414
6156.0;0.23556231003039513
6162.0;0.41793313069908816
6168.0;0.1519756838905775
6174.0;0.4939209726443769
6180.0;0.41033434650455924
6186.0;0.3343465045592705
6192.0;0.3343465045592705
6198.0;0.2127659574468085
6204.0;0.24316109422492402
6210.0;0.47112462006079026
6216.0;0.3799392097264438
6222.0;0.5015197568389058
6228.0;0.3495440729483283
6234.0;0.3723404255319149
6240.0;0.26595744680851063
6246.0;0.14437689969604864
6252.0;0.26595744680851063
6258.0;0.2507598784194529
6264.0;0.23556231003039513
6270.0;0.1899696048632219
6276.0;0.22036474164133737
6282.0;0.4331306990881459
6288.0;0.5243161094224924
6294.0;0.29635258358662614
6300.0;0.4331306990881459
6306.0;0.29635258358662614
6312.0;0.2507598784194529
6318.0;0.364741641337386
6324.0;0.3951367781155015
6330.0;0.22796352583586627
6336.0;0.2735562310030395
6342.0;0.22796352583586627
6348.0;0.24316109422492402
6354.0;0.3191489361702128
6360.0;0.3799392097264438
6366.0;0.2887537993920973
6372.0;0.16717325227963525
6378.0;0.31155015197568386
6384.0;0.22796352583586627
6390.0;0.182370820668693
6396.0;0.10638297872340426
6402.0;0.303951367781155
6408.0;0.38753799392097266
6414.0;0.5167173252279635
6420.0;0.25835866261398177
6426.0;0.2127659574468085
6432.0;0.20516717325227962
6438.0;0.31155015197568386
6444.0;0.2127659574468085
6450.0;0.19756838905775076
6456.0;0.3191489361702128
6462.0;0.22796352583586627
6468.0;0.32674772036474165
6474.0;0.35714285714285715
6480.0;0.11398176291793313
6486.0;0.14437689969604864
6492.0;0.20516717325227962
6498.0;0.3723404255319149
6504.0;0.31155015197568386
6510.0;0.17477203647416414
6516.0;0.22036474164133737
6522.0;0.25835866261398177
6528.0;0.2811550151975684
6534.0;0.44072948328267475
6540.0;0.2127659574468085
6546.0;0.303951367781155
6552.0;0.48632218844984804
6558.0;0.5015197568389058
6564.0;0.16717325227963525
6570.0;0.3951367781155015
6576.0;0.25835866261398177
6582.0;0.2887537993920973
6588.0;0.24316109422492402
6594.0;0.3343465045592705
6600.0;0.303951367781155
6606.0;0.303951367781155
6612.0;0.3343465045592705
6618.0;0.48632218844984804
6624.0;0.3495440729483283
6630.0;0.3495440729483283
6636.0;0.3799392097264438
6642.0;0.668693009118541
6648.0;0.48632218844984804
6654.0;0.4635258358662614
6660.0;0.2887537993920973
6666.0;0.2735562310030395
6672.0;0.364741641337386
6678.0;0.19756838905775076
6684.0;0.2887537993920973
6690.0;0.2811550151975684
6696.0;0.2507598784194529
6702.0;0.1899696048632219
6708.0;0.35714285714285715
6714.0;0.3799392097264438
6720.0;0.19756838905775076
6726.0;0.303951367781155
6732.0;0.3495440729483283
6738.0;0.24316109422492402
6744.0;0.2507598784194529
6750.0;0.182370820668693
6756.0;0.16717325227963525
6762.0;0.22796352583586627
6768.0;0.364741641337386
6774.0;0.2887537993920973
6780.0;0.3951367781155015
6786.0;0.3495440729483283
6792.0;0.4787234042553192
6798.0;0.5851063829787234
6804.0;0.41033434650455924
6810.0;0.13677811550151975
6816.0;0.13677811550151975
6822.0;0.182370820668693
6828.0;0.5623100303951368
6834.0;0.303951367781155
6840.0;0.2127659574468085
6846.0;0.12158054711246201
6852.0;0.10638297872340426
6858.0;0.2127659574468085
6864.0;0.26595744680851063
6870.0;0.12917933130699089
6876.0;0.20516717325227962
6882.0;0.22036474164133737
6888.0;0.23556231003039513
6894.0;0.2735562310030395
6900.0;0.4787234042553192
6906.0;0.31155015197568386
6912.0;0.11398176291793313
6918.0;0.32674772036474165
6924.0;0.20516717325227962
6930.0;0.2811550151975684
6936.0;0.4331306990881459
6942.0;0.12917933130699089
6948.0;0.38753799392097266
6954.0;0.3343465045592705
6960.0;0.12158054711246201
6966.0;0.2735562310030395
6972.0;0.2735562310030395
6978.0;0.23556231003039513
6984.0;0.303951367781155
6990.0;0.22796352583586627
6996.0;0.13677811550151975
7002.0;0.29635258358662614
7008.0;0.1899696048632219
7014.0;0.303951367781155
7020.0;0.425531914893617
7026.0;0.547112462006079
7032.0;0.303951367781155
7038.0;0.35714285714285715
7044.0;0.4331306990881459
7050.0;0.4331306990881459
7056.0;0.2507598784194529
7062.0;0.2735562310030395
7068.0;0.41033434650455924
7074.0;0.3191489361702128
7080.0;0.23556231003039513
7086.0;0.2507598784194529
7092.0;0.35714285714285715
7098.0;0.29635258358662614
7104.0;0.35714285714285715
7110.0;0.19756838905775076
7116.0;0.2887537993920973
7122.0;0.182370820668693
7128.0;0.2811550151975684
7134.0;0.22036474164133737
7140.0;0.2127659574468085
7146.0;0.2127659574468085
7152.0;0.303951367781155
7158.0;0.5167173252279635
7164.0;0.2811550151975684
7170.0;0.22036474164133737
7176.0;0.12917933130699089
7182.0;0.23556231003039513
7188.0;0.32674772036474165
7194.0;0.22036474164133737
7200.0;0.4331306990881459
7206.0;0.14437689969604864
7212.0;0.32674772036474165
7218.0;0.3951367781155015
7224.0;0.5015197568389058
7230.0;0.31155015197568386
7236.0;0.1899696048632219
7242.0;0.34194528875379937
7248.0;0.4635258358662614
7254.0;0.38753799392097266
7260.0;0.3191489361702128
7266.0;0.3495440729483283
7272.0;0.2811550151975684
7278.0;0.6003039513677811
7284.0;0.5395136778115501
7290.0;0.26595744680851063
7296.0;0.14437689969604864
7302.0;0.31155015197568386
7308.0;0.31155015197568386
7314.0;0.1899696048632219
7320.0;0.5851063829787234
7326.0;0.2811550151975684
7332.0;0.34194528875379937
7338.0;0.23556231003039513
7344.0;0.26595744680851063
7350.0;0.12917933130699089
7356.0;0.1899696048632219
7362.0;0.1899696048632219
7368.0;0.2811550151975684
7374.0;0.41033434650455924
7380.0;0.19756838905775076
7386.0;0.12158054711246201
7392.0;0.2735562310030395
7398.0;0.16717325227963525
7404.0;0.2887537993920973
7410.0;0.13677811550151975
7416.0;0.19756838905775076
7422.0;0.2887537993920973
7428.0;0.4331306990881459
7434.0;0.2127659574468085
7440.0;0.29635258358662614
7446.0;0.17477203647416414
7452.0;0.17477203647416414
7458.0;0.29635258358662614
7464.0;0.3191489361702128
7470.0;0.3191489361702128
7476.0;0.22796352583586627
7482.0;0.2127659574468085
7488.0;0.3799392097264438
7494.0;0.4027355623100304
7500.0;0.41793313069908816
7506.0;0.35714285714285715
7512.0;0.3191489361702128
7518.0;0.44832826747720367
7524.0;0.3723404255319149
7530.0;0.31155015197568386
7536.0;0.22036474164133737
7542.0;0.22036474164133737
7548.0;0.38753799392097266
7554.0;0.20516717325227962
7560.0;0.3191489361702128
7566.0;0.2887537993920973
7572.0;0.364741641337386
7578.0;0.3191489361702128
7584.0;0.2735562310030395
7590.0;0.25835866261398177
7596.0;0.2735562310030395
7602.0;0.24316109422492402
7608.0;0.45592705167173253
7614.0;0.2735562310030395
7620.0;0.3799392097264438
7626.0;0.2127659574468085
7632.0;0.3495440729483283
7638.0;0.41033434650455924
7644.0;0.303951367781155
7650.0;0.030395136778115502
7656.0;0.10638297872340426
7662.0;0.13677811550151975
7668.0;0.19756838905775076
7674.0;0.10638297872340426
7680.0;0.3495440729483283
7686.0;0.16717325227963525
7692.0;0.13677811550151975
7698.0;0.16717325227963525
7704.0;0.3191489361702128
7710.0;0.3495440729483283
7716.0;0.3191489361702128
7722.0;0.2735562310030395
7728.0;0.23556231003039513
7734.0;0.3343465045592705
7740.0;0.3951367781155015
7746.0;0.25835866261398177
7752.0;0.2127659574468085
7758.0;0.425531914893617
7764.0;0.3495440729483283
7770.0;0.2735562310030395
7776.0;0.22796352583586627
7782.0;0.182370820668693
7788.0;0.19756838905775076
7794.0;0.2127659574468085
7800.0;0.2127659574468085
7806.0;0.3343465045592705
7812.0;0.13677811550151975
7818.0;0.22796352583586627
7824.0;0.3495440729483283
7830.0;0.2735562310030395
7836.0;0.24316109422492402
7842.0;0.41033434650455924
7848.0;0.24316109422492402
7854.0;0.25835866261398177
7860.0;0.364741641337386
7866.0;0.2127659574468085
7872.0;0.25835866261398177
7878.0;0.2887537993920973
7884.0;0.41033434650455924
7890.0;0.22796352583586627
7896.0;0.25835866261398177
7902.0;0.19756838905775076
7908.0;0.182370820668693
7914.0;0.29635258358662614
7920.0;0.14437689969604864
7926.0;0.26595744680851063
7932.0;0.11398176291793313
7938.0;0.22036474164133737
7944.0;0.20516717325227962
7950.0;0.2507598784194529
7956.0;0.11398176291793313
7962.0;0.08358662613981763
7968.0;0.1899696048632219
7974.0;0.26595744680851063
7980.0;0.2811550151975684
7986.0;0.2811550151975684
7992.0;0.3343465045592705
7998.0;0.364741641337386
8004.0;0.2127659574468085
8010.0;0.13677811550151975
8016.0;0.2887537993920973
8022.0;0.2735562310030395
8028.0;0.24316109422492402
8034.0;0.22796352583586627
8040.0;0.13677811550151975
8046.0;0.19756838905775076
8052.0;0.3191489361702128
8058.0;0.2735562310030395
8064.0;0.41793313069908816
8070.0;0.1899696048632219
8076.0;0.17477203647416414
8082.0;0.2811550151975684
8088.0;0.2811550151975684
8094.0;0.2811550151975684
8100.0;0.2811550151975684
8106.0;0.34194528875379937
8112.0;0.23556231003039513
8118.0;0.23556231003039513
8124.0;0.4027355623100304
8130.0;0.1595744680851064
8136.0;0.20516717325227962
8142.0;0.29635258358662614
8148.0;0.34194528875379937
8154.0;0.22036474164133737
8160.0;0.12917933130699089
8166.0;0.1595744680851064
8172.0;0.2507598784194529
8178.0;0.12158054711246201
8184.0;0.24316109422492402
8190.0;0.10638297872340426
8196.0;0.24316109422492402
8202.0;0.2127659574468085
8208.0;0.425531914893617
8214.0;0.547112462006079
8220.0;0.2887537993920973
8226.0;0.5015197568389058
8232.0;0.47112462006079026
8238.0;0.24316109422492402
8244.0;0.3191489361702128
8250.0;0.303951367781155
8256.0;0.364741641337386
8262.0;0.2887537993920973
8268.0;0.2735562310030395
8274.0;0.38753799392097266
8280.0;0.2735562310030395
8286.0;0.13677811550151975
8292.0;0.13677811550151975
8298.0;0.182370820668693
8304.0;0.364741641337386
8310.0;0.303951367781155
8316.0;0.2735562310030395
8322.0;0.303951367781155
8328.0;0.12158054711246201
8334.0;0.14437689969604864
8340.0;0.3495440729483283
8346.0;0.5015197568389058
8352.0;0.24316109422492402
8358.0;0.24316109422492402
8364.0;0.364741641337386
8370.0;0.16717325227963525
8376.0;0.07598784194528875
8382.0;0.25835866261398177
8388.0;0.41033434650455924
8394.0;0.19756838905775076
8400.0;0.2887537993920973
8406.0;0.25835866261398177
8412.0;0.13677811550151975
8418.0;0.25835866261398177
8424.0;0.24316109422492402
8430.0;0.182370820668693
8436.0;0.25835866261398177
8442.0;0.3495440729483283
8448.0;0.26595744680851063
8454.0;0.24316109422492402
8460.0;0.3799392097264438
8466.0;0.3799392097264438
8472.0;0.3191489361702128
8478.0;0.3799392097264438
8484.0;0.303951367781155
8490.0;0.25835866261398177
8496.0;0.303951367781155
8502.0;0.3495440729483283
8508.0;0.10638297872340426
8514.0;0.19756838905775076
8520.0;0.2887537993920973
8526.0;0.13677811550151975
8532.0;0.182370820668693
8538.0;0.13677811550151975
8544.0;0.12158054711246201
8550.0;0.25835866261398177
8556.0;0.12158054711246201
8562.0;0.3343465045592705
8568.0;0.22796352583586627
8574.0;0.2887537993920973
8580.0;0.45592705167173253
8586.0;0.425531914893617
8592.0;0.3799392097264438
8598.0;0.24316109422492402
8604.0;0.364741641337386
8610.0;0.182370820668693
8616.0;0.2735562310030395
8622.0;0.182370820668693
8628.0;0.22796352583586627
8634.0;0.16717325227963525
8640.0;0.25835866261398177
8646.0;0.3191489361702128
8652.0;0.13677811550151975
8658.0;0.2127659574468085
8664.0;0.45592705167173253
8670.0;0.22796352583586627
8676.0;0.2127659574468085
8682.0;0.303951367781155
8688.0;0.13677811550151975
8694.0;0.2127659574468085
8700.0;0.48632218844984804
8706.0;0.16717325227963525
8712.0;0.22796352583586627
8718.0;0.19756838905775076
8724.0;0.3495440729483283
8730.0;0.25835866261398177
8736.0;0.16717325227963525
8742.0;0.22796352583586627
8748.0;0.3343465045592705
8754.0;0.19756838905775076
8760.0;0.2735562310030395
8766.0;0.45592705167173253
8772.0;0.25835866261398177
8778.0;0.12158054711246201
8784.0;0.25835866261398177
8790.0;0.182370820668693
8796.0;0.2127659574468085
8802.0;0.2735562310030395
8808.0;0.5167173252279635
8814.0;0.45592705167173253
8820.0;0.425531914893617
8826.0;0.24316109422492402
8832.0;0.19756838905775076
8838.0;0.3495440729483283
8844.0;0.547112462006079
8850.0;0.2735562310030395
8856.0;0.24316109422492402
8862.0;0.3343465045592705
8868.0;0.425531914893617
8874.0;0.5927051671732523
8880.0;0.0911854103343465
8886.0;0.24316109422492402
8892.0;0.2127659574468085
8898.0;0.29635258358662614
8904.0;0.12917933130699089
8910.0;0.24316109422492402
8916.0;0.2127659574468085
8922.0;0.3343465045592705
8928.0;0.3951367781155015
8934.0;0.364741641337386
8940.0;0.48632218844984804
8946.0;0.3191489361702128
8952.0;0.45592705167173253
8958.0;0.303951367781155
8964.0;0.22796352583586627
8970.0;0.2127659574468085
8976.0;0.10638297872340426
8982.0;0.19756838905775076
8988.0;0.425531914893617
8994.0;0.303951367781155
9000.0;0.22796352583586627
9006.0;0.3495440729483283
9012.0;0.10638297872340426
9018.0;0.16717325227963525
9024.0;0.25835866261398177
9030.0;0.1595744680851064
9036.0;0.14437689969604864
9042.0;0.1595744680851064
9048.0;0.20516717325227962
9054.0;0.4635258358662614
9060.0;0.5699088145896657
9066.0;0.29635258358662614
9072.0;0.09878419452887538
9078.0;0.41793313069908816
9084.0;0.2811550151975684
9090.0;0.5319148936170213
9096.0;0.3191489361702128
9102.0;0.35714285714285715
9108.0;0.3799392097264438
9114.0;0.3343465045592705
9120.0;0.13677811550151975
9126.0;0.13677811550151975
9132.0;0.22796352583586627
9138.0;0.24316109422492402
9144.0;0.3343465045592705
9150.0;0.16717325227963525
9156.0;0.060790273556231005
9162.0;0.13677811550151975
9168.0;0.2887537993920973
9174.0;0.14437689969604864
9180.0;0.4331306990881459
9186.0;0.26595744680851063
9192.0;0.1595744680851064
9198.0;0.23556231003039513
9204.0;0.2507598784194529
9210.0;0.23556231003039513
9216.0;0.17477203647416414
9222.0;0.35714285714285715
9228.0;0.2811550151975684
9234.0;0.14437689969604864
9240.0;0.29635258358662614
9246.0;0.20516717325227962
9252.0;0.20516717325227962
9258.0;0.29635258358662614
9264.0;0.4027355623100304
9270.0;0.22036474164133737
9276.0;0.38753799392097266
9282.0;0.31155015197568386
9288.0;0.29635258358662614
9294.0;0.09878419452887538
9300.0;0.3723404255319149
9306.0;0.4939209726443769
9312.0;0.35714285714285715
9318.0;0.38753799392097266
9324.0;0.35714285714285715
9330.0;0.26595744680851063
9336.0;0.23556231003039513
9342.0;0.26595744680851063
9348.0;0.41793313069908816
9354.0;0.5395136778115501
9360.0;0.3723404255319149
9366.0;0.29635258358662614
9372.0;0.26595744680851063
9378.0;0.26595744680851063
9384.0;0.32674772036474165
9390.0;0.22036474164133737
9396.0;0.09878419452887538
9402.0;0.22036474164133737
9408.0;0.23556231003039513
9414.0;0.31155015197568386
9420.0;0.26595744680851063
9426.0;0.2811550151975684
9432.0;0.4939209726443769
9438.0;0.22036474164133737
9444.0;0.41793313069908816
9450.0;0.1899696048632219
9456.0;0.2811550151975684
9462.0;0.29635258358662614
9468.0;0.2735562310030395
9474.0;0.20516717325227962
9480.0;0.38753799392097266
9486.0;0.17477203647416414
9492.0;0.20516717325227962
9498.0;0.2507598784194529
9504.0;0.12917933130699089
9510.0;0.17477203647416414
9516.0;0.14437689969604864
9522.0;0.20516717325227962
9528.0;0.29635258358662614
9534.0;0.2887537993920973
9540.0;0.364741641337386
9546.0;0.44072948328267475
9552.0;0.20516717325227962
9558.0;0.22036474164133737
9564.0;0.4787234042553192
9570.0;0.35714285714285715
9576.0;0.1595744680851064
9582.0;0.4027355623100304
9588.0;0.12917933130699089
9594.0;0.20516717325227962
9600.0;0.34194528875379937
9606.0;0.22036474164133737
9612.0;0.23556231003039513
9618.0;0.14437689969604864
9624.0;0.022796352583586626
9630.0;0.23556231003039513
9636.0;0.14437689969604864
9642.0;0.31155015197568386
9648.0;0.22036474164133737
9654.0;0.29635258358662614
9660.0;0.38753799392097266
9666.0;0.20516717325227962
9672.0;0.1595744680851064
9678.0;0.2507598784194529
9684.0;0.38753799392097266
9690.0;0.20516717325227962
9696.0;0.1899696048632219
9702.0;0.1595744680851064
9708.0;0.44832826747720367
9714.0;0.11398176291793313
9720.0;0.23556231003039513
9726.0;0.38753799392097266
9732.0;0.23556231003039513
9738.0;0.4635258358662614
9744.0;0.35714285714285715
9750.0;0.14437689969604864
9756.0;0.23556231003039513
9762.0;0.26595744680851063
9768.0;0.22036474164133737
9774.0;0.19756838905775076
9780.0;0.2507598784194529
9786.0;0.4027355623100304
9792.0;0.1899696048632219
9798.0;0.364741641337386
9804.0;0.7066869300911854
9810.0;0.4787234042553192
9816.0;0.26595744680851063
9822.0;0.22036474164133737
9828.0;0.1595744680851064
9834.0;0.24316109422492402
9840.0;0.24316109422492402
9846.0;0.2127659574468085
9852.0;0.3343465045592705
9858.0;0.182370820668693
9864.0;0.25835866261398177
9870.0;0.26595744680851063
9876.0;0.22036474164133737
9882.0;0.2811550151975684
9888.0;0.20516717325227962
9894.0;0.425531914893617
9900.0;0.12917933130699089
9906.0;0.2507598784194529
9912.0;0.2811550151975684
9918.0;0.1899696048632219
9924.0;0.12917933130699089
9930.0;0.20516717325227962
9936.0;0.26595744680851063
9942.0;0.11398176291793313
9948.0;0.5091185410334347
9954.0;0.22036474164133737
9960.0;0.1899696048632219
9966.0;0.17477203647416414
9972.0;0.09878419452887538
9978.0;0.1899696048632219
9984.0;0.20516717325227962
9990.0;0.14437689969604864
9996.0;0.1595744680851064
10002.0;0.037993920972644375
10008.0;0.17477203647416414
10014.0;0.44832826747720367
10020.0;0.20516717325227962
10026.0;0.1899696048632219
10032.0;0.1899696048632219
10038.0;0.2811550151975684
10044.0;0.22796352583586627
10050.0;0.26595744680851063
10056.0;0.14437689969604864
10062.0;0.26595744680851063
10068.0;0.2127659574468085
10074.0;0.3723404255319149
10080.0;0.22036474164133737
10086.0;0.2507598784194529
10092.0;0.19756838905775076
10098.0;0.1595744680851064
10104.0;0.10638297872340426
10110.0;0.1899696048632219
10116.0;0.17477203647416414
10122.0;0.25835866261398177
10128.0;0.31155015197568386
10134.0;0.41793313069908816
10140.0;0.17477203647416414
10146.0;0.4331306990881459
10152.0;0.3723404255319149
10158.0;0.31155015197568386
10164.0;0.3191489361702128
10170.0;0.29635258358662614
10176.0;0.22036474164133737
10182.0;0.26595744680851063
10188.0;0.24316109422492402
10194.0;0.14437689969604864
10200.0;0.12917933130699089
10206.0;0.1899696048632219
10212.0;0.06838905775075987
10218.0;0.4027355623100304
10224.0;0.29635258358662614
10230.0;0.2811550151975684
10236.0;0.11398176291793313
10242.0;0.2811550151975684
10248.0;0.26595744680851063
10254.0;0.303951367781155
10260.0;0.25835866261398177
10266.0;0.2127659574468085
10272.0;0.25835866261398177
10278.0;0.25835866261398177
10284.0;0.364741641337386
10290.0;0.16717325227963525
10296.0;0.3951367781155015
10302.0;0.16717325227963525
10308.0;0.3951367781155015
10314.0;0.303951367781155
10320.0;0.22796352583586627
10326.0;0.19756838905775076
10332.0;0.13677811550151975
10338.0;0.34194528875379937
10344.0;0.24316109422492402
10350.0;0.08358662613981763
10356.0;0.14437689969604864
10362.0;0.20516717325227962
10368.0;0.19756838905775076
10374.0;0.2507598784194529
10380.0;0.4331306990881459
10386.0;0.14437689969604864
10392.0;0.34194528875379937
10398.0;0.3343465045592705
10404.0;0.3495440729483283
10410.0;0.12158054711246201
10416.0;0.3495440729483283
10422.0;0.2735562310030395
10428.0;0.24316109422492402
10434.0;0.3495440729483283
10440.0;0.10638297872340426
10446.0;0.04559270516717325
10452.0;0.16717325227963525
10458.0;0.11398176291793313
10464.0;0.24316109422492402
10470.0;0.09878419452887538
10476.0;0.12917933130699089
10482.0;0.2507598784194529
10488.0;0.35714285714285715
10494.0;0.3191489361702128
10500.0;0.29635258358662614
10506.0;0.14437689969604864
10512.0;0.1595744680851064
10518.0;0.35714285714285715
10524.0;0.34194528875379937
10530.0;0.11398176291793313
10536.0;0.08358662613981763
10542.0;0.2811550151975684
10548.0;0.35714285714285715
10554.0;0.20516717325227962
10560.0;0.14437689969604864
10566.0;0.1899696048632219
10572.0;0.08358662613981763
10578.0;0.2811550151975684
10584.0;0.2507598784194529
10590.0;0.022796352583586626
10596.0;0.09878419452887538
10602.0;0.1899696048632219
10608.0;0.31155015197568386
10614.0;0.2507598784194529
10620.0;0.44832826747720367
10626.0;0.26595744680851063
10632.0;0.31155015197568386
10638.0;0.3191489361702128
10644.0;0.5167173252279635
10650.0;0.26595744680851063
10656.0;0.1899696048632219
10662.0;0.4331306990881459
10668.0;0.425531914893617
10674.0;0.23556231003039513
10680.0;0.3723404255319149
10686.0;0.23556231003039513
10692.0;0.12917933130699089
10698.0;0.20516717325227962
10704.0;0.20516717325227962
10710.0;0.23556231003039513
10716.0;0.20516717325227962
10722.0;0.17477203647416414
10728.0;0.4027355623100304
10734.0;0.26595744680851063
10740.0;0.29635258358662614
10746.0;0.2811550151975684
10752.0;0.2507598784194529
10758.0;0.26595744680851063
10764.0;0.23556231003039513
10770.0;0.20516717325227962
10776.0;0.17477203647416414
10782.0;0.1899696048632219
10788.0;0.22036474164133737
10794.0;0.1595744680851064
