#auto generated file!
6.0;0.0
12.0;0.3951367781155015
18.0;5.1063829787234045
24.0;17.43161094224924
30.0;29.969604863221885
36.0;41.21580547112462
42.0;49.3161094224924
48.0;58.41945288753799
54.0;63.40425531914894
60.0;64.04255319148936
66.0;65.88145896656535
72.0;65.59270516717325
78.0;68.75379939209726
84.0;69.25531914893617
90.0;68.72340425531915
96.0;66.89969604863222
102.0;64.54407294832826
108.0;76.62385321100918
114.0;85.38532110091744
120.0;83.46788990825688
126.0;82.29357798165138
132.0;80.62385321100918
138.0;82.71559633027523
144.0;83.1743119266055
150.0;83.41284403669725
156.0;82.03669724770643
162.0;81.61467889908256
168.0;80.42201834862385
174.0;81.09174311926606
180.0;81.30275229357798
186.0;80.93577981651376
192.0;80.20183486238533
198.0;82.29357798165138
204.0;82.75229357798165
210.0;82.60550458715596
216.0;87.50985545335085
222.0;85.9395532194481
228.0;85.4599211563732
234.0;85.82785808147175
240.0;85.18396846254927
246.0;84.48094612352168
252.0;84.2772667542707
258.0;86.49802890932983
264.0;87.73324572930355
270.0;87.30617608409987
276.0;86.70827858081472
282.0;85.80814717477004
288.0;85.52562417871222
294.0;84.7437582128778
300.0;84.68462549277267
306.0;84.23127463863338
312.0;84.44809461235216
318.0;85.89356110381078
324.0;90.25076765609008
330.0;90.57318321392016
336.0;89.61105424769703
342.0;88.42374616171955
348.0;87.33879222108496
354.0;87.5742067553736
360.0;87.43091095189355
366.0;86.24360286591607
372.0;85.78300921187308
378.0;89.04810644831116
384.0;90.28659160696009
390.0;90.04094165813716
396.0;88.6489252814739
402.0;87.78915046059366
408.0;87.58444216990789
414.0;88.50562947799386
420.0;87.25690890481064
426.0;87.24667349027635
432.0;88.88516345347863
438.0;91.15674769488685
444.0;92.14165968147528
450.0;91.62196144174351
456.0;91.34115674769488
462.0;89.50125733445097
468.0;88.97736797988264
474.0;89.53478625314334
480.0;88.96060352053647
486.0;87.87091366303437
492.0;88.31098072087175
498.0;90.43587594300084
504.0;91.94467728415759
510.0;92.21709974853312
516.0;91.59681475272423
522.0;89.86588432523051
528.0;89.36295054484494
534.0;89.66890192791283
540.0;90.17033356990774
546.0;90.14194464158977
552.0;89.77288857345636
558.0;92.28530872959546
564.0;93.12987934705465
570.0;93.1582682753726
576.0;93.02342086586232
582.0;91.42654364797728
588.0;90.80908445706174
594.0;90.33711852377573
600.0;90.36195883605394
606.0;89.60255500354862
612.0;88.81476224272534
618.0;92.27821149751597
624.0;93.4457061745919
630.0;93.3250532292406
636.0;92.49822569198012
642.0;91.50461320085167
648.0;91.75384615384615
654.0;91.80307692307693
660.0;91.22153846153846
666.0;90.51692307692308
672.0;90.82461538461538
678.0;93.20615384615385
684.0;94.09538461538462
690.0;93.79076923076923
696.0;93.58461538461539
702.0;91.72
708.0;90.49538461538461
714.0;91.25538461538461
720.0;90.24615384615385
726.0;88.88307692307693
732.0;88.50769230769231
738.0;91.78461538461538
744.0;93.63076923076923
750.0;93.53846153846153
756.0;93.39489407930472
762.0;92.15100488864748
768.0;92.06409560021727
774.0;92.4008690928843
780.0;91.38511678435633
786.0;90.77675176534493
792.0;91.02661596958175
798.0;93.21564367191743
804.0;93.90277023356872
810.0;94.4106463878327
816.0;93.38403041825094
822.0;90.97772949483976
828.0;91.37153720803911
834.0;92.270505160239
840.0;91.33623030961434
846.0;90.63009234111895
852.0;90.3096143400326
858.0;93.02009777294948
864.0;94.73018959649976
870.0;94.18570734078756
876.0;93.74574623237724
882.0;92.81234807972776
888.0;91.69421487603306
894.0;92.23383568303355
900.0;91.6456003889159
906.0;90.38648517258143
912.0;90.68789499270783
918.0;92.65678172095285
924.0;94.63782207097715
930.0;94.34370442391833
936.0;93.90131259115216
942.0;92.30189596499757
948.0;91.97374817695673
954.0;91.64316966456003
960.0;91.28099173553719
966.0;90.52017501215362
972.0;90.66871975362956
978.0;93.97932248130225
984.0;95.18257809062912
990.0;95.0373955125385
996.0;93.9375274967004
1002.0;91.81698196216455
1008.0;92.49230092388913
1014.0;92.41091069071712
1020.0;90.90189177298724
1026.0;91.33304003519578
1032.0;90.72591289045315
1038.0;94.29608446986362
1044.0;94.74483062032556
1050.0;94.62164540255169
1056.0;93.55477342718874
1062.0;92.1073471183458
1068.0;92.30312362516499
1074.0;92.02815662120545
1080.0;91.83607874648453
1086.0;90.59260747288067
1092.0;90.44797107271997
1098.0;93.53354760948172
1104.0;95.03214142225794
1110.0;94.54801124949779
1116.0;93.46725592607473
1122.0;92.84250703093612
1128.0;91.9184411410205
1134.0;92.02290076335878
1140.0;91.42225793491362
1146.0;91.41623141824026
1152.0;91.16713539574125
1158.0;93.75652872639614
1164.0;95.03013258336681
1170.0;94.87946966653274
1176.0;93.7424668541583
1182.0;92.32824427480917
1188.0;92.88724584103512
1194.0;92.79112754158965
1200.0;90.97412199630314
1206.0;90.66358595194085
1212.0;90.88170055452865
1218.0;93.79482439926063
1224.0;95.29020332717191
1230.0;95.04990757855822
1236.0;94.17744916820702
1242.0;92.84658040665434
1248.0;92.34011090573013
1254.0;92.24584103512015
1260.0;92.71349353049908
1266.0;91.53789279112755
1272.0;91.58225508317929
1278.0;94.62107208872459
1284.0;95.42329020332717
1290.0;95.35304990757855
1296.0;94.62855186579938
1302.0;93.46627867168777
1308.0;92.71653543307086
1314.0;92.96644984594317
1320.0;92.14481342006162
1326.0;91.21876069839097
1332.0;91.40876412187608
1338.0;94.10647038685381
1344.0;95.55460458747004
1350.0;95.65046217048956
1356.0;94.94864772338241
1362.0;93.85313248887367
1368.0;93.94727832933927
1374.0;93.55871276959945
1380.0;92.96644984594317
1386.0;92.01129750085587
1392.0;91.95994522423827
1398.0;94.47620677850051
1404.0;96.03442779725853
1410.0;95.67102327064075
1416.0;95.09403889065986
1422.0;93.6212942301562
1428.0;93.79024545744342
1434.0;93.07937519923493
1440.0;92.66177876952503
1446.0;92.43544788014026
1452.0;91.70545106789926
1458.0;94.55849537774944
1464.0;95.71565189671661
1470.0;95.48932100733185
1476.0;95.14823079375199
1482.0;93.2068855594517
1488.0;93.3232387631495
1494.0;93.59579215811284
1500.0;92.61077462543831
1506.0;92.73190946764424
1512.0;92.63942737846705
1518.0;94.9224575007456
1524.0;95.99612287503729
1530.0;95.7873546078139
1536.0;94.9806143751864
1542.0;93.11810319117208
1548.0;92.99135102892932
1554.0;93.6191470325082
1560.0;92.85416045332538
1566.0;91.09305099910527
1572.0;91.61944527288995
1578.0;95.14762898896511
1584.0;96.40620339994035
1590.0;95.50551744706233
1596.0;94.55562183119595
1602.0;93.86668654935879
1608.0;93.07485833581867
1614.0;93.192663286609
1620.0;93.00364247688428
1626.0;92.773886242645
1632.0;92.02577752871953
1638.0;95.09806668534604
1644.0;96.28327262538527
1650.0;96.14037545530961
1656.0;95.62622583356682
1662.0;93.37909778649481
1668.0;93.0638834407397
1674.0;93.72373213785374
1680.0;93.21798823199777
1686.0;92.22751471000281
1692.0;91.13477164471841
1698.0;95.09386382740263
1704.0;95.71168394508265
1710.0;96.116559260297
1716.0;95.08545811151583
1722.0;94.19725413281031
1728.0;93.65918097754293
1734.0;93.87978863936591
1740.0;93.15059445178335
1746.0;92.24834874504623
1752.0;92.95772787318361
1758.0;95.72523117569352
1764.0;96.51254953764861
1770.0;96.10303830911492
1776.0;95.4768824306473
1782.0;94.44253632760898
1788.0;93.70145310435932
1794.0;93.72787318361955
1800.0;92.91677675033026
1806.0;92.05284015852048
1812.0;91.51387054161162
1818.0;95.36988110964333
1824.0;96.19947159841479
1830.0;95.77675033025099
1836.0;95.79105223694077
1842.0;94.2014496375906
1848.0;94.25768557860535
1854.0;93.9502624343914
1860.0;93.9965008747813
1866.0;93.3816545863534
1872.0;92.41439640089978
1878.0;95.30492376905774
1884.0;96.599600099975
1890.0;96.43589102724319
1896.0;96.29342664333916
1902.0;93.9940014996251
1908.0;93.89152711822044
1914.0;93.10797300674831
1920.0;92.93926518370408
1926.0;92.57185703574106
1932.0;91.68207948012997
1938.0;95.40364908772807
1944.0;96.70974626511739
1950.0;96.58406450082997
1956.0;95.66635048612758
1962.0;94.49727294285037
1968.0;94.18306853213184
1974.0;94.29807920322504
1980.0;93.70642636945696
1986.0;93.02940479013516
1992.0;93.21081337443681
1998.0;95.96514109556557
2004.0;96.53308038890206
2010.0;96.38487076120465
2016.0;96.20820488498933
2022.0;94.33009248280769
2028.0;94.52572919136827
2034.0;95.04387004979843
2040.0;93.76808157457909
2046.0;93.07683187099833
2052.0;92.05955334987593
2058.0;95.12970900067674
2064.0;96.41213625084593
2070.0;96.74261222648319
2076.0;95.99819535303406
2082.0;94.96729077374239
2088.0;94.29167606586961
2094.0;94.51838484096548
2100.0;93.1626438078051
2106.0;92.6302729528536
2112.0;92.72276110985788
2118.0;95.69366117753215
2124.0;96.80690277464471
2130.0;96.57793819084142
2136.0;95.63275434243177
2142.0;94.55222197157681
2148.0;93.92172343785246
2154.0;94.33566433566433
2160.0;93.52764035276404
2166.0;93.55452785545279
2172.0;93.16304581630459
2178.0;96.51860615186061
2184.0;96.83265218326522
2190.0;96.61109916110992
2196.0;95.92815659281565
2202.0;94.31705743170575
2208.0;93.80081738008174
2214.0;94.02129490212948
2220.0;93.69972036997204
2226.0;93.27597332759733
2232.0;92.67261776726178
2238.0;95.93676059367606
2244.0;97.06603570660357
2250.0;96.71434717143471
2256.0;96.11744461174446
2262.0;95.2688750268875
2268.0;94.2332990750257
2274.0;94.60020554984584
2280.0;94.08221993833504
2286.0;92.9743062692703
2292.0;91.86639260020554
2298.0;95.61767728674204
2304.0;96.77492291880782
2310.0;96.38232271325796
2316.0;96.43576567317575
2322.0;94.6639260020555
2328.0;94.27132579650565
2334.0;94.61459403905447
2340.0;94.14594039054471
2346.0;93.58067831449127
2352.0;93.792394655704
2358.0;96.24460431654676
2364.0;96.71325796505653
2370.0;96.9475847893114
2376.0;96.01653217870498
2382.0;94.7175752804566
2388.0;93.8801417043889
2394.0;94.52765203700059
2400.0;94.16748671521354
2406.0;92.93052548710884
2412.0;92.45719346585318
2418.0;96.01850029521748
2424.0;97.31155284392835
2430.0;97.17673686282228
2436.0;95.82759299350522
2442.0;94.36134619169455
2448.0;94.33182444400708
2454.0;94.63491438693171
2460.0;93.51013580003936
2466.0;92.74847470970282
2472.0;92.72879354457784
2478.0;95.93682345994883
2484.0;97.33056447045497
2490.0;96.6547102133283
2496.0;96.55087785538984
2502.0;94.70832546724561
2508.0;94.1872758164999
2514.0;94.19105153860676
2520.0;93.79082499528035
2526.0;92.39380781574476
2532.0;92.84972626014725
2538.0;95.92599584670569
2544.0;97.16254483670002
2550.0;96.60373796488578
2556.0;96.66603737964886
2562.0;94.98772890315273
2568.0;94.5790069850859
2574.0;94.80838210307721
2580.0;93.58882386256371
2586.0;93.05833490655088
2592.0;94.12026120079811
2598.0;96.39397787048794
2604.0;97.00253945220388
2610.0;96.89733357518593
2616.0;96.39307092327226
2622.0;94.7923090876111
2628.0;94.83674950117903
2634.0;94.79684382368946
2640.0;94.19644476691457
2646.0;92.74079448576093
2652.0;92.96208960638491
2658.0;95.56230727371667
2664.0;97.18846363141665
2670.0;97.29639035008162
2676.0;95.64483947034283
2682.0;94.86939960094323
2688.0;94.42318157083258
2694.0;94.36150916016688
2700.0;94.35503578285913
2706.0;94.07750043637633
2712.0;93.38191656484553
2718.0;96.43916913946587
2724.0;97.3904695409321
2730.0;97.15482632222029
2736.0;96.85809041717577
2742.0;95.03752836446151
2748.0;94.52609530459068
2754.0;94.50689474602898
2760.0;93.94833304241578
2766.0;93.23616687030895
2772.0;92.81026357130389
2778.0;96.52295339500786
2784.0;97.31890382265667
2790.0;97.55803805201606
2796.0;96.62593820911154
2802.0;95.11782160935591
2808.0;94.86206896551724
2814.0;95.30950378469302
2820.0;94.48275862068965
2826.0;93.78637510513036
2832.0;93.9125315391085
2838.0;96.15391084945333
2844.0;97.22876366694702
2850.0;97.30950378469302
2856.0;96.22792262405383
2862.0;95.84104289318755
2868.0;94.82842724978974
2874.0;94.20689655172414
2880.0;93.83851976450799
2886.0;93.37931034482759
2892.0;92.51892346509672
2898.0;95.59293523969723
2904.0;97.14970563498738
2910.0;96.88982338099242
2916.0;96.42103554617756
2922.0;94.76383703944165
2928.0;94.14867716279825
2934.0;95.12254504138939
2940.0;94.08212952442786
2946.0;94.03668235676027
2952.0;93.88816750527512
2958.0;96.17188768057133
2964.0;97.51176757019964
2970.0;97.29913975004058
2976.0;95.83022236649894
2982.0;95.56890115241032
2988.0;95.28161012822594
2994.0;94.79792241519233
3000.0;93.39392955689011
3006.0;93.6909592598604
3012.0;93.13910079532543
3018.0;95.99740301899043
3024.0;97.35455543358947
3030.0;97.36161204328054
3036.0;96.67084836129841
3042.0;95.20150541006743
3048.0;95.14975693899953
3054.0;95.32068370707229
3060.0;94.6644190058021
3066.0;93.92347498823898
3072.0;93.36286655167007
3078.0;96.55167006429356
3084.0;97.87282421201192
3090.0;97.57174219852595
3096.0;96.69123412262819
3102.0;95.96048298572997
3108.0;95.54492708169985
3114.0;95.40693115885213
3120.0;95.36067116198839
3126.0;94.2637603888976
3132.0;93.5750037919005
3138.0;95.7864401638101
3144.0;97.94934020931291
3150.0;97.26983163961778
3156.0;96.66616107993326
3162.0;95.45806158046413
3168.0;95.46943728196572
3174.0;94.58744122554224
3180.0;94.46155012892461
3186.0;94.16805703018353
3192.0;94.02775671166388
3198.0;96.24829364477476
3204.0;97.21295313210982
3210.0;97.16365842560292
3216.0;96.42802972849992
3222.0;95.00985894130137
3228.0;95.27377521613833
3234.0;94.40012134081601
3240.0;93.69364076956968
3246.0;92.77133206050816
3252.0;92.8814803935967
3258.0;95.80995740931121
3264.0;97.14936113966809
3270.0;97.1706564840652
3276.0;96.23219268615068
3282.0;94.94786312233808
3288.0;95.28344837714789
3294.0;95.22029666617712
3300.0;95.29152592157439
3306.0;94.13423410192392
3312.0;94.62622998971949
3318.0;97.44455867234542
3324.0;97.60978117197827
3330.0;97.35276839477163
3336.0;96.43559994125422
3342.0;95.61829930973711
3348.0;95.20569395017793
3354.0;95.38932384341636
3360.0;94.75017793594306
3366.0;93.88469750889679
3372.0;93.33950177935944
3378.0;96.444128113879
3384.0;97.66690391459075
3390.0;97.6711743772242
3396.0;96.4355871886121
3402.0;95.43487544483986
3408.0;94.6135231316726
3414.0;94.50889679715303
3420.0;94.30889679715303
3426.0;93.93594306049822
3432.0;93.92455516014235
3438.0;96.09181494661922
3444.0;97.60355871886121
3450.0;97.61708185053381
3456.0;96.53155641485982
3462.0;94.94268747410578
3468.0;94.8439442066013
3474.0;95.10150531694518
3480.0;94.51802237260047
3486.0;94.02913962159923
3492.0;93.65211987294573
3498.0;95.48957326336141
3504.0;97.01077199281868
3510.0;96.92791050959812
3516.0;96.1096533627952
3522.0;94.75901118630023
3528.0;94.54702389172766
3534.0;95.06836072365695
3540.0;94.72793813009253
3546.0;94.05330755420522
3552.0;93.93039635409474
3558.0;97.05151222206878
3564.0;97.65052970363416
3570.0;97.67198605337266
3576.0;96.5723481292745
3582.0;95.20986992087971
3588.0;94.39117607617004
3594.0;95.33458495373475
3600.0;94.47633096419472
3606.0;94.47096687676009
3612.0;94.01636046667561
3618.0;96.60587367574091
3624.0;97.82419203433015
3630.0;97.67198605337266
3636.0;96.70913235885745
3642.0;95.86294756604532
3648.0;95.64436100308436
3654.0;95.64301998122569
3660.0;94.82901971302132
3666.0;94.06061418801127
3672.0;93.95216994656587
3678.0;96.82262478821843
3684.0;97.49837091098658
3690.0;97.67822233806855
3696.0;96.97250097745341
3702.0;95.53434119640298
3708.0;95.19483904600547
3714.0;95.47439072070898
3720.0;94.7158868760589
3726.0;93.46213997132803
3732.0;93.5162257265737
3738.0;96.95490681610843
3744.0;97.80203310308875
3750.0;97.54528867457317
3756.0;97.02137364785612
3762.0;95.31734653981493
3768.0;95.3948911768539
3774.0;95.54802554411573
3780.0;94.87007225250349
3786.0;94.48852833058689
3792.0;93.58093547978197
3798.0;96.2910381543922
3804.0;97.79566484979085
3810.0;97.52947141589556
3816.0;96.72075041196602
3822.0;95.35429078463683
3828.0;94.2058562555457
3834.0;94.28571428571429
3840.0;94.16909620991254
3846.0;93.24882748130308
3852.0;93.20256052731652
3858.0;96.27202433768538
3864.0;97.76017239193814
3870.0;97.69045506401318
3876.0;96.60286474838382
3882.0;95.37583977690456
3888.0;94.65206662553979
3894.0;95.49043800123381
3900.0;95.08945095619988
3906.0;94.0616903146206
3912.0;93.94509561998767
3918.0;96.3769278223319
3924.0;97.63541024059222
3930.0;97.44293645897594
3936.0;97.54410857495374
3942.0;95.62985811227637
3948.0;96.10425663170882
3954.0;95.45219000616903
3960.0;94.29426280074028
3966.0;93.3578038247995
3972.0;93.37014188772363
3978.0;95.85132634176435
3984.0;97.23318938926589
3990.0;97.73843306600864
3996.0;97.29239274125706
4002.0;95.93558466530465
4008.0;95.3797620478308
4014.0;95.53659415935584
4020.0;95.0546809277731
4026.0;94.25429635861074
4032.0;93.93342146376638
4038.0;96.81047950967432
4044.0;97.89989183992309
4050.0;97.18483355365942
4056.0;97.0502343468333
4062.0;95.9530104554741
4068.0;94.73801225814205
4074.0;94.36425910347315
4080.0;94.35344309578176
4086.0;94.28373993510395
4092.0;93.56147097704603
4098.0;96.29131114048792
4104.0;97.65901370504861
4110.0;97.72871031978447
4116.0;97.08211315450393
4122.0;95.9622818320253
4128.0;94.68724376244582
4134.0;94.84889305376596
4140.0;93.88251142087384
4146.0;93.581468900082
4152.0;93.98559212838234
4158.0;96.06594822537191
4164.0;97.8798172660185
4170.0;97.70059739955488
4176.0;97.31931591894109
4182.0;95.6946234040061
4188.0;94.82078013353637
4194.0;94.51505212603959
4200.0;94.53203701534497
4206.0;94.13787044629261
4212.0;94.0437564263681
4218.0;95.81686278990061
4224.0;97.62195818576488
4230.0;97.28036101907917
4236.0;96.98903233177197
4242.0;95.81343539357934
4248.0;95.74260253627328
4254.0;95.55638066948475
4260.0;94.76807951559465
4266.0;94.24825774020336
4272.0;94.57500285616361
4278.0;96.98103507368901
4284.0;97.85045127384896
4290.0;97.24380212498572
4296.0;97.01645150234205
4302.0;95.69576145321604
4308.0;95.21592596823946
4314.0;95.62949845767166
4320.0;94.25521239826068
4326.0;94.13089530605419
4332.0;92.4317092206489
4338.0;95.73308061099343
4344.0;97.19087969673319
4350.0;96.91381424908016
4356.0;96.34017170253094
4362.0;95.12208718920726
4368.0;94.53618017616233
4374.0;94.53339279741331
4380.0;94.51220871892073
4386.0;94.23235589251867
4392.0;94.44698405619356
4398.0;96.74099676664065
4404.0;97.89831642323558
4410.0;97.74612554353885
4416.0;97.24328241721486
4422.0;95.78994313747351
4428.0;95.63908546543277
4434.0;95.39085465432771
4440.0;94.84540010887316
4446.0;93.48448557430594
4452.0;92.2836145890038
4458.0;96.36799129014697
4464.0;97.47795318454001
4470.0;97.52204681545999
4476.0;96.90636908002178
4482.0;95.3886771910724
4488.0;95.2248230811105
4494.0;95.24006532389765
4500.0;95.0685900925422
4506.0;94.26946107784431
4512.0;93.84921066956996
4518.0;96.30375612411541
4524.0;97.96788241698421
4530.0;97.61295590636908
4536.0;97.29284118710775
4542.0;95.1930645675992
4548.0;94.18997978938411
4554.0;94.16338687373684
4560.0;93.65652590149985
4566.0;93.08052334857994
4572.0;92.48696947133284
4578.0;95.43878310817998
4584.0;96.62908201255186
4590.0;96.3626209977662
4596.0;96.31688118285288
4602.0;95.96479097968302
4608.0;94.79842569939368
4614.0;94.63886820551005
4620.0;94.50537176896074
4626.0;94.61440272311457
4632.0;93.76077013083714
4638.0;96.82214658015104
4644.0;97.67755017157117
4650.0;97.85640012477904
4656.0;96.99750441925757
4662.0;95.20276593532287
4668.0;94.74836227513778
4674.0;94.28927940106063
4680.0;93.98201102214828
4686.0;92.90371217635438
4692.0;92.58656545700322
4698.0;95.97847561609649
4704.0;97.45190807944266
4710.0;97.74617864198815
4716.0;96.51502547572008
4722.0;95.12061973588438
4728.0;95.07382759696371
4734.0;94.83466777581366
4740.0;94.59030882811687
4746.0;93.3352396797338
4752.0;94.06335807993491
4758.0;96.73395708329096
4764.0;98.22587206345978
4770.0;97.8007729075562
4776.0;97.27855181531578
4782.0;95.53696735482559
4788.0;94.83270619343028
4794.0;94.9160988508085
4800.0;94.6674463541137
4806.0;93.67639581002746
4812.0;92.9233194345571
4818.0;95.4245906640903
4824.0;97.57856198515204
4830.0;98.22943150615275
4836.0;96.60022373639785
4842.0;95.48255873080443
4848.0;96.11410556290043
4854.0;95.45662564832706
4860.0;95.74236242412181
4866.0;93.7292267887352
4872.0;93.58493382426111
4878.0;96.02199223803363
4884.0;97.77589809931337
4890.0;97.5798586924072
4896.0;96.34540750323416
4902.0;95.39058612797294
4908.0;94.70693601353368
4914.0;94.00338342123594
4920.0;93.42073838192854
4926.0;92.87740073639168
4932.0;91.93402328589909
4938.0;95.56722061896706
4944.0;97.65200517464424
4950.0;97.24599462633098
4956.0;96.77132052940591
4962.0;95.43486914120808
4968.0;94.76327325864588
4974.0;94.94739405747686
4980.0;94.14758889430102
4986.0;93.03701899659036
4992.0;93.5776911836337
4998.0;96.60935216755966
5004.0;97.80029225523624
5010.0;96.97272284461764
5016.0;96.34291281052118
5022.0;94.86604968339016
5028.0;93.78714076960546
5034.0;93.41061860691671
5040.0;93.59084266926449
5046.0;93.2464685825621
5052.0;92.67851924013638
5058.0;95.72674135411593
5064.0;97.76376035070628
5070.0;97.85728202630297
5076.0;96.44690392138155
5082.0;94.5825779982826
5088.0;94.20856788474383
5094.0;94.63839328308367
5100.0;93.67903825970804
5106.0;93.6284705657857
5112.0;93.1972140062971
5118.0;96.23747733994848
5124.0;97.44728556435454
5130.0;97.15008109913177
5136.0;97.3413796393474
5142.0;95.7384791527526
5148.0;94.58734853544509
5154.0;94.2328976242725
5160.0;93.26066215055815
5166.0;92.52695353496804
5172.0;91.5260948382788
5178.0;94.54727602328022
5184.0;96.75423015798822
5190.0;97.4576984201178
5196.0;97.73815088342526
5202.0;95.62634383472002
5208.0;94.9350285126671
5214.0;95.11732261381695
5220.0;94.59381134897635
5226.0;94.48677199214733
5232.0;94.67280545947462
5238.0;96.71029260540338
5244.0;97.73487893802
5250.0;97.42264186220436
5256.0;96.8149948583715
5262.0;95.8170515097691
5268.0;95.23698233149481
5274.0;95.15097690941386
5280.0;93.59072637187997
5286.0;93.37337571281668
5292.0;93.01612755429305
5298.0;95.21442316503253
5304.0;97.22028773023
5310.0;97.32291762118574
5316.0;96.29936772656465
5322.0;95.57271144506552
5328.0;94.98533858700632
5334.0;94.43736827636764
5340.0;93.56226518830752
5346.0;93.35700540639604
5352.0;93.85549344818106
5358.0;96.81801521121598
5364.0;97.97626683771648
5370.0;97.78612663795474
5376.0;96.41940804545038
5382.0;95.60020159442867
5388.0;95.44350774305873
5394.0;94.29854302208375
5400.0;93.90780842843023
5406.0;92.01275945727379
5412.0;91.69557013208734
5418.0;94.50938988228951
5424.0;96.3963518734837
5430.0;96.83844011142061
5436.0;96.59897564920477
5442.0;95.55575523407315
5448.0;94.7794051576961
5454.0;94.59610027855153
5460.0;94.1917512804385
5466.0;94.9415940336059
5472.0;94.18815706712194
5478.0;96.87528079791535
5484.0;97.46383322850211
5490.0;97.38700691886064
5496.0;96.90852727109353
5502.0;96.05535088507503
5508.0;95.33010136624064
5514.0;94.24195680916704
5520.0;92.94931687968268
5526.0;92.18995152049361
5532.0;92.45791097399736
5538.0;93.94931687968268
5544.0;95.77479065667696
5550.0;96.05949757602468
5556.0;95.42926399294844
5562.0;94.85985015425298
5568.0;94.86425738210666
5574.0;95.1529308065227
5580.0;94.62979286029088
5586.0;93.1956809167034
5592.0;93.14367562802997
5598.0;95.73159982371088
5604.0;97.73380343763773
5610.0;97.17055971793742
5616.0;96.10760314851656
5622.0;94.5579967130871
5628.0;94.25611971282761
5634.0;94.44338725023786
5640.0;94.39321857970764
5646.0;93.19436034945073
5652.0;92.45177752789552
5658.0;94.68860825188132
5664.0;96.3856932791281
5670.0;96.71870945419947
5676.0;96.06608424876741
5682.0;95.07179309748291
5688.0;94.70331286220915
5694.0;94.37851396937981
5700.0;93.71161664215899
5706.0;93.50358965487415
5712.0;94.62849234495286
5718.0;96.69535507309057
5724.0;97.86787806741955
5730.0;98.0440689479494
5736.0;97.01494438311964
5742.0;95.54513033879596
5748.0;95.28445274687951
5754.0;95.76420140952705
5760.0;94.77328691517364
5766.0;92.73626560244544
5772.0;91.99074467181795
5778.0;94.87390676742804
5784.0;96.75341767852593
5790.0;97.06207013670713
5796.0;96.62520166426084
5802.0;94.85395261951261
5808.0;93.77430585038634
5814.0;94.23240213976395
5820.0;94.26381930882228
5826.0;94.32410630890719
5832.0;94.21245726673894
5838.0;95.14216626365379
5844.0;96.95989327107479
5850.0;97.06912365546569
5856.0;96.30075877595264
5862.0;94.47260902192946
5868.0;93.66005169682315
5874.0;93.73050946385392
5880.0;92.65112982573167
5886.0;92.28258150587843
5892.0;90.95430667889602
5898.0;94.30376052697407
5904.0;96.03560410239307
5910.0;96.46919036104394
5916.0;96.05394813641291
5922.0;94.40548653381138
5928.0;93.67422663220212
5934.0;93.6884015675811
5940.0;93.82709476615611
5946.0;93.71897780325989
5952.0;93.23572774182979
5958.0;95.4128102219674
5964.0;97.19592104185438
5970.0;97.22295028257842
5976.0;96.34818576459989
5982.0;95.175280530756
5988.0;94.27184863625195
5994.0;94.3795560651978
6000.0;93.66410025391104
6006.0;92.3535916127447
6012.0;91.53861905151938
6018.0;94.69162093537554
6024.0;96.4644934065034
6030.0;96.5832582521091
6036.0;96.07789335735933
6042.0;94.30051601277746
6048.0;93.64989939637827
6054.0;93.80160965794768
6060.0;93.13239436619719
6066.0;93.02494969818913
6072.0;92.4185110663984
6078.0;94.91187122736419
6084.0;96.97706237424548
6090.0;96.3979879275654
6096.0;95.91187122736419
6102.0;95.00201207243461
6108.0;93.71670020120725
6114.0;93.51106639839034
6120.0;93.49939637826962
6126.0;92.29698189134808
6132.0;92.15251509054326
6138.0;94.88450704225352
6144.0;96.70301810865192
6150.0;96.78350100603622
6156.0;96.21034728265168
6162.0;95.3741792579701
6168.0;94.93710940590144
6174.0;94.47907602246657
6180.0;94.20971442132743
6186.0;93.32370856736017
6192.0;92.92658808638556
6198.0;95.77644173720434
6204.0;97.14856419587058
6210.0;96.70793449885294
6216.0;96.83846214698204
6222.0;95.37101495134878
6228.0;93.96685388814176
6234.0;94.30820346491575
6240.0;93.24618305513805
6246.0;92.56506605490073
6252.0;92.17269203385808
6258.0;94.48698678901985
6264.0;95.88667651862798
6270.0;96.1309014544606
6276.0;95.07738974877499
6282.0;94.23154701718909
6288.0;93.47826086956522
6294.0;93.8025978066423
6300.0;93.463871820798
6306.0;93.5144279380882
6312.0;93.40126001400016
6318.0;95.37139301547795
6324.0;96.61935132612585
6330.0;96.37745974955277
6336.0;95.43400482227581
6342.0;94.27665862954032
6348.0;94.35832620362449
6354.0;94.55782842031579
6360.0;93.65326281403127
6366.0;92.49980555339503
6372.0;90.38055534307351
6378.0;93.91799892909049
6384.0;96.19100436013157
6390.0;95.9538743976134
6396.0;95.68691195593972
6402.0;94.12797368622351
6408.0;93.24217853591371
6414.0;93.57186567735026
6420.0;93.19016293123231
6426.0;91.97315076876004
6432.0;93.37910196588388
6438.0;95.62648206226574
6444.0;97.13416966266351
6450.0;96.84731890155282
6456.0;95.46202095922895
6462.0;94.2404191845789
6468.0;92.705576378796
6474.0;93.53323644152069
6480.0;93.41109188050267
6486.0;92.9580856347355
6492.0;93.17029121830085
6498.0;94.34607570170817
6504.0;96.15659568063812
6510.0;96.61825570020318
6516.0;95.82474226804123
6522.0;92.99044322371887
6528.0;94.14703890435699
6534.0;94.4506734893521
6540.0;93.69553766272857
6546.0;94.41831590036873
6552.0;94.16058394160584
6558.0;96.66942584092106
6564.0;97.97614568440063
6570.0;98.13116111069306
6576.0;97.46181051997893
6582.0;96.32477989314471
6588.0;95.72972972972973
6594.0;95.92669381710478
6600.0;94.98370973713439
6606.0;94.51795631247685
6612.0;92.88522769344686
6618.0;96.08034061458719
6624.0;97.67974824139208
6630.0;97.36949278045168
6636.0;96.14994446501296
6642.0;95.26656793780082
6648.0;94.4135505368382
6654.0;95.04294705664569
6660.0;94.83561643835617
6666.0;94.50314698259903
6672.0;93.61310625694188
6678.0;96.0796001480933
6684.0;97.75564605701592
6690.0;97.13032210292484
6696.0;96.3719845492311
6702.0;94.85606005393193
6708.0;93.24721230231033
6714.0;92.98884920924131
6720.0;92.77166387289556
6726.0;91.8898039501494
6732.0;90.82501275417243
6738.0;93.63639676408425
6744.0;95.83485168719481
6750.0;96.18686684643977
6756.0;95.24852416004664
6762.0;94.4034691349027
6768.0;94.29050360760877
6774.0;94.66001020333795
6780.0;93.96873405728445
6786.0;93.37256759711391
6792.0;92.99868814226369
6798.0;95.01566941185045
6804.0;97.10267632919566
6810.0;97.17335151036808
6816.0;96.41637368156705
6822.0;95.1212599555141
6828.0;94.24840353017149
6834.0;93.23850182966206
6840.0;93.33393126210805
6846.0;92.75417952213532
6852.0;92.40187988806774
6858.0;95.02511300853843
6864.0;97.26662839922508
6870.0;97.03917629331994
6876.0;96.57350936356461
6882.0;94.65559302575878
6888.0;95.25041257085456
6894.0;95.77706823563177
6900.0;95.46423190069599
6906.0;94.20068881394849
6912.0;94.29590899455945
6918.0;95.98989613509504
6924.0;97.35427117925528
6930.0;97.41750865540875
6936.0;97.02854518476649
6942.0;94.58312725217269
6948.0;93.73101109305448
6954.0;93.35900515791705
6960.0;93.72995124708542
6966.0;93.12937186462234
6972.0;93.46640288278104
6978.0;95.95774747403378
6984.0;96.89818413057303
6990.0;96.7536917967922
6996.0;95.74648484420264
7002.0;94.50858475234932
7008.0;94.68663887515015
7014.0;94.555924538967
7020.0;94.20940914468648
7026.0;93.12861020251931
7032.0;94.24907787598302
7038.0;96.66469482914607
7044.0;98.32451805971188
7050.0;97.58403507550977
7056.0;97.03493632124713
7062.0;95.90611733593153
7068.0;95.3277889901872
7074.0;95.3949474563296
7080.0;94.54589741805275
7086.0;93.17036676177882
7092.0;91.94898740343795
7098.0;95.1872085740135
7104.0;98.19994432458765
7110.0;97.76428422298002
7116.0;97.49077875983019
7122.0;95.30169114065001
7128.0;94.64861158724717
7134.0;94.46451834076106
7140.0;94.9557764826877
7146.0;94.16866643812136
7152.0;93.24134384641755
7158.0;96.65821049022969
7164.0;97.9849160095989
7170.0;97.65203976688379
7176.0;96.97017483716147
7182.0;95.91429550908468
7188.0;94.74562907096332
7194.0;94.19094960575934
7200.0;94.36715803908125
7206.0;92.70929036681522
7212.0;92.29516626671237
7218.0;94.37058621871786
7224.0;96.39801165581076
7230.0;96.723688721289
7236.0;96.03506519829742
7242.0;94.38990608742652
7248.0;94.6419160867509
7254.0;94.54800351327613
7260.0;94.17370447942706
7266.0;92.95081413418012
7272.0;93.21836362407946
7278.0;95.31687048172421
7284.0;97.26808999391933
7290.0;97.36875886764408
7296.0;95.95128707519763
7302.0;94.3574758462266
7308.0;93.68556178636578
7314.0;94.38010945206405
7320.0;93.48726437402878
7326.0;92.97919059523005
7332.0;92.58124451050605
7338.0;96.14417944733464
7344.0;97.2251448358527
7350.0;97.0376906173004
7356.0;96.14403675834055
7362.0;94.46161017513485
7368.0;93.83365519078377
7374.0;94.48558300592661
7380.0;94.52420589998002
7386.0;93.68382499833523
7392.0;94.26083771725378
7398.0;96.87354331757342
7404.0;97.28740760471466
7410.0;96.90417526802956
7416.0;96.4040753812346
7422.0;94.81887194512885
7428.0;93.54598122128255
7434.0;94.27915029633083
7440.0;92.76420057268429
7446.0;92.71026170340281
7452.0;91.82071817764064
7458.0;94.67734523731373
7464.0;96.2443379505022
7470.0;96.70485130965666
7476.0;95.72408586621151
7482.0;94.30939407864504
7488.0;93.89450535022648
7494.0;94.12820849471542
7500.0;94.10326265344975
7506.0;94.20567189654041
7512.0;94.14199435436224
7518.0;97.46110418171077
7524.0;97.78572835291801
7530.0;97.4729206328366
7536.0;97.25759863454343
7542.0;95.915774962253
7548.0;94.51815138186831
7554.0;94.68292522812315
7560.0;93.60864780891967
7566.0;92.61343776296201
7572.0;91.58068483396984
7578.0;94.24655317496278
7584.0;96.2295294193799
7590.0;96.43504433943944
7596.0;96.36416596543465
7602.0;94.79027768787624
7608.0;93.87338986342158
7614.0;93.5054048805748
7620.0;92.54903229982523
7626.0;93.0552139297042
7632.0;93.04000258916435
7638.0;95.72982070036896
7644.0;97.0888083371092
7650.0;96.88070425270244
7656.0;96.32403391805295
7662.0;94.87766198459447
7668.0;94.75295244174912
7674.0;94.34535588892436
7680.0;92.79444621768273
7686.0;92.2773699329716
7692.0;91.4251516118736
7698.0;95.52218321097989
7704.0;96.64953718480689
7710.0;97.05681455473987
7716.0;95.99138206192148
7722.0;95.19661666134695
7728.0;94.47622087456112
7734.0;94.03989786147463
7740.0;92.93999361634216
7746.0;93.60134056814555
7752.0;93.83434407915736
7758.0;95.91158633897223
7764.0;96.84360038301946
7770.0;97.21640600063837
7776.0;96.34028083873811
7782.0;95.36017883004848
7788.0;94.25351048422644
7794.0;93.92639002581701
7800.0;92.59398022794534
7806.0;91.75839052956363
7812.0;91.23040110824256
7818.0;94.69995592217114
7824.0;96.31824192431208
7830.0;96.54587242616964
7836.0;95.83212644040047
7842.0;93.2368868459165
7848.0;93.19029028398715
7854.0;93.59045400163717
7860.0;93.59360241798376
7866.0;93.54763553932372
7872.0;93.40532712045841
7878.0;95.18008941502424
7884.0;96.94384046716779
7890.0;97.13890787103188
7896.0;94.84531279120333
7902.0;94.61794123128533
7908.0;93.88923401876126
7914.0;94.14331863080076
7920.0;93.67428713424862
7926.0;92.52997452941541
7932.0;91.72578741380381
7938.0;95.08883642914829
7944.0;96.2185500403802
7950.0;96.21202708579239
7956.0;96.00018637013108
7962.0;94.1426973970305
7968.0;93.73578927750512
7974.0;94.6698142511027
7980.0;94.6378207119339
7986.0;94.36075045039448
7992.0;94.0449334886287
7998.0;96.30478759271746
8004.0;97.29663458591308
8010.0;97.29295653773065
8016.0;96.40286887758229
8022.0;94.8118065346656
8028.0;94.33366027094955
8034.0;94.26163182737695
8040.0;93.52387666278429
8046.0;92.76589223318825
8052.0;91.98308097836082
8058.0;95.18114387298473
8064.0;96.44577943971066
8070.0;96.36424937166677
8076.0;95.77514865444738
8082.0;94.4216269233127
8088.0;93.7497701219886
8094.0;94.64445534236498
8100.0;94.15179381692782
8106.0;93.2963276665255
8112.0;93.06642870107085
8118.0;95.53814507834714
8124.0;96.94809123358945
8130.0;96.72666223001997
8136.0;95.95468570391434
8142.0;94.48333232500454
8148.0;94.41708512311695
8154.0;94.2147135337891
8160.0;93.28211023050396
8166.0;92.3386169762236
8172.0;91.92479883840522
8178.0;95.02873737068184
8184.0;96.1431423558594
8190.0;96.3506564220461
8196.0;95.33032851352169
8202.0;93.85776514005687
8208.0;93.87817258883248
8214.0;94.26993132278292
8220.0;94.07673932517169
8226.0;93.52075246342191
8232.0;92.7226037623171
8238.0;95.29680501642281
8244.0;97.18841445207525
8250.0;97.46103314422216
8256.0;96.95222454464019
8262.0;94.53389071364586
8268.0;94.4726784114661
8274.0;94.47118542848611
8280.0;93.22633621976709
8286.0;92.2994923857868
8292.0;92.78471185428486
8298.0;95.10958495073156
8304.0;96.65541952821738
8310.0;96.81188414452075
8316.0;96.31124344083486
8322.0;94.77802016390542
8328.0;94.6674724367667
8334.0;94.8543717941159
8340.0;94.17811449796592
8346.0;94.01420906786157
8352.0;94.23943163728553
8358.0;95.69453452037025
8364.0;97.66434762101291
8370.0;97.55527386356937
8376.0;96.99280702788751
8382.0;95.57366900536525
8388.0;95.03006898178174
8394.0;94.36059194622959
8400.0;94.36147632804669
8406.0;92.83385413595896
8412.0;92.62572961499912
8418.0;95.04215553328224
8424.0;96.8044478081155
8430.0;97.27251557315014
8436.0;96.77388368166734
8442.0;95.10391802992373
8448.0;94.5872387494906
8454.0;93.64266169878326
8460.0;93.45520172323455
8466.0;93.1620771962508
8472.0;93.91802992373523
8478.0;95.70763229900449
8484.0;96.52878849624499
8490.0;96.43564068230774
8496.0;95.50940210746928
8502.0;94.0589159923153
8508.0;93.36321825697154
8514.0;93.63713104733073
8520.0;93.40309716481342
8526.0;92.27076905163882
8532.0;92.0166158799517
8538.0;95.88713850399586
8544.0;96.49945380325418
8550.0;96.6592882193986
8556.0;96.28787443224286
8562.0;94.52337147128155
8568.0;94.58029092163514
8574.0;94.72718909906284
8580.0;93.58218823664693
8586.0;92.76979244523659
8592.0;92.68010119013397
8598.0;95.78997297763468
8604.0;96.89214051629966
8610.0;96.46898177427701
8616.0;96.21830621514403
8622.0;94.25602253780256
8628.0;93.81187834186167
8634.0;94.48944977864659
8640.0;93.46584133113748
8646.0;93.17621670736555
8652.0;91.84223976375716
8658.0;95.20273723664036
8664.0;97.22187517746607
8670.0;96.91805326821512
8676.0;95.85325685728888
8682.0;95.21097166221818
8688.0;94.94179112953603
8694.0;94.9639388948833
8700.0;94.13822477142371
8706.0;94.32534499403714
8712.0;94.31313532852519
8718.0;96.58470100516782
8724.0;97.79232210801295
8730.0;97.81532171048896
8736.0;97.65034925322279
8742.0;96.21755920268045
8748.0;96.11809256661992
8754.0;95.3054698457223
8760.0;94.68387096774194
8766.0;93.60364656381486
8772.0;92.68022440392707
8778.0;95.69957924263674
8784.0;97.47096774193548
8790.0;96.85021037868162
8796.0;95.65525946704068
8802.0;95.72538569424965
8808.0;95.15259467040673
8814.0;95.21206171107994
8820.0;94.31612903225806
8826.0;93.96549789621318
8832.0;93.56157082748948
8838.0;96.08106591865358
8844.0;97.39354838709677
8850.0;96.82664796633941
8856.0;96.93032536999058
8862.0;94.27443046394325
8868.0;94.18851504905493
8874.0;94.15026883210464
8880.0;93.15614433789702
8886.0;92.73876170943961
8892.0;91.67839920181808
8898.0;94.60312621251593
8904.0;97.02566376586664
8910.0;96.56449199046617
8916.0;95.9625297932487
8922.0;94.02998725126102
8928.0;93.13591264342331
8934.0;93.80854719804888
8940.0;93.63810210077047
8946.0;93.2789202372374
8952.0;93.06856604401086
8958.0;96.10027160356965
8964.0;97.33444706140111
8970.0;96.8025962644465
8976.0;96.01550090376294
8982.0;94.24193460042723
8988.0;93.71665662485621
8994.0;93.86892698690913
9000.0;93.73637508900696
9006.0;92.79043654488689
9012.0;91.90666593635318
9018.0;94.91126691132169
9024.0;97.04031330448595
9030.0;96.9608917127677
9036.0;95.8747329791313
9042.0;94.88497562578736
9048.0;93.6290190064085
9054.0;95.02902996111081
9060.0;94.4358328312428
9066.0;94.57112340472148
9072.0;93.72760244681427
9078.0;96.39961024197477
9084.0;97.69339035348888
9090.0;97.69772099821361
9096.0;96.71845395983327
9102.0;96.16277810859091
9108.0;94.8698099929627
9114.0;94.36339522546419
9120.0;95.12640069290316
9126.0;93.62339630812538
9132.0;92.60650679369891
9138.0;95.74162290911059
9144.0;97.24706328154603
9150.0;97.52422454392898
9156.0;97.52422454392898
9162.0;95.68045255237374
9168.0;95.45119904725816
9174.0;94.76154387484436
9180.0;94.52003852533576
9186.0;94.68751672106586
9192.0;95.00856118572422
9198.0;96.8866713039756
9204.0;98.31719193108246
9210.0;98.4276847343357
9216.0;97.87869869976991
9222.0;96.9075391941784
9228.0;95.56610840601424
9234.0;95.89651666755846
9240.0;95.1096901920916
9246.0;94.94328214457703
9252.0;93.9381454331425
9258.0;95.79752795762214
9264.0;97.7352988388892
9270.0;98.48172721921986
9276.0;97.13494568997807
9282.0;96.30210284124351
9288.0;95.06532663316582
9294.0;95.01586881777308
9300.0;94.61094948426343
9306.0;94.50119016133299
9312.0;93.97725469452526
9318.0;96.54932557524464
9324.0;98.21475800052896
9330.0;98.26077757207088
9336.0;98.31261571012959
9342.0;96.40624173499074
9348.0;95.57524464427401
9354.0;96.47553557259984
9360.0;95.13435599047871
9366.0;95.17614387728115
9372.0;93.83946046019571
9378.0;96.88653795292251
9384.0;97.78524199947104
9390.0;97.85427135678393
9396.0;97.68029914753413
9402.0;96.18116207311333
9408.0;95.88855185398253
9414.0;95.23586632498301
9420.0;94.80701846137754
9426.0;93.62768683646253
9432.0;93.17164374248209
9438.0;95.8681554312013
9444.0;97.91930338371424
9450.0;97.7765284242456
9456.0;98.08613566236076
9462.0;96.3534856963548
9468.0;95.27953558914282
9474.0;95.49918937294075
9480.0;94.80361905758068
9486.0;92.41070027718216
9492.0;93.3688091627007
9498.0;96.95910255739763
9504.0;98.23162848425298
9510.0;97.59605936805089
9516.0;97.30361483166986
9522.0;95.71055489476134
9528.0;94.89579562496768
9534.0;95.2244401923773
9540.0;94.9762114081812
9546.0;94.90562134767544
9552.0;94.71738118632673
9558.0;97.63148368412887
9564.0;98.34565858199306
9570.0;97.43600351657444
9576.0;96.73682577442209
9582.0;96.04204375032322
9588.0;95.14635155401562
9594.0;95.01499715571185
9600.0;94.63955111961525
9606.0;93.2745513781869
9612.0;92.8939293203089
9618.0;96.03002096864931
9624.0;97.5551066332532
9630.0;97.02015036055849
9636.0;95.7134455070833
9642.0;94.66399018053495
9648.0;94.2607272541298
9654.0;94.40367207078198
9660.0;93.85976576484427
9666.0;93.80350841303125
9672.0;94.21648851838593
9678.0;96.42970388175728
9684.0;97.46586201605892
9690.0;97.21219250242929
9696.0;96.65780187183553
9702.0;94.92712115787859
9708.0;94.32312177159515
9714.0;94.95550554902061
9720.0;94.13045677576002
9726.0;93.17921999089484
9732.0;93.06363498406596
9738.0;95.01998077798574
9744.0;97.9295867266933
9750.0;97.90758257878497
9756.0;96.70772421467954
9762.0;95.96666498052507
9768.0;96.31569629217462
9774.0;96.74869745561232
9780.0;95.57994840406697
9786.0;95.23420506854166
9792.0;95.02933886387778
9798.0;97.4199504274369
9804.0;98.60564520208408
9810.0;98.3909150690475
9816.0;98.16632100763822
9822.0;96.548130912034
9828.0;96.10657993495121
9834.0;95.88766574931198
9840.0;94.57543157368026
9846.0;94.45434075556668
9852.0;93.53264948711534
9858.0;96.31448586439829
9864.0;98.19214410808107
9870.0;97.95896922692019
9876.0;97.05929447085315
9882.0;95.83487615711783
9888.0;95.31748811608706
9894.0;95.54215661746309
9900.0;94.92819614711033
9906.0;94.26169627220415
9912.0;94.56067050287716
9918.0;96.45709281961472
9924.0;98.54265699274455
9930.0;98.49487115336503
9936.0;98.03227562991931
9942.0;96.5365575961586
9948.0;94.89604475025989
9954.0;94.83094896292263
9960.0;93.88050096529875
9966.0;94.13667640215832
9972.0;93.94757685263106
9978.0;95.58511954853721
9984.0;98.30008415424979
9990.0;97.08702539478243
9996.0;96.8568387703579
10002.0;95.26558091183605
10008.0;95.66506608583734
10014.0;95.97247661006881
10020.0;94.29161922677095
10026.0;94.63145388842136
10032.0;94.3515172516212
10038.0;96.04376020989059
10044.0;97.93211539403438
10050.0;97.67791546260469
10056.0;97.50159181074595
10062.0;95.72121271489445
10068.0;95.02693833570063
10074.0;94.84302297105353
10080.0;94.1416466669932
10086.0;93.14541803399128
10092.0;93.74540823823284
10098.0;95.56790909536171
10104.0;97.0446196796787
10110.0;97.6206102757506
10116.0;96.63172846157613
10122.0;94.87779791350346
10128.0;94.69167850320811
10134.0;95.06636626340794
10140.0;94.34025566929519
10146.0;94.38752020375178
10152.0;94.38060388697717
10158.0;96.6660204526729
10164.0;97.86822081132166
10170.0;97.50109048611448
10176.0;97.21707943585518
10182.0;95.16817719187709
10188.0;95.41414239325353
10194.0;95.4432220229729
10200.0;95.02229438278486
10206.0;92.94261619735376
10212.0;93.15029321959967
10218.0;95.87578151504871
10224.0;97.46861823292784
10230.0;96.9354916880725
10236.0;96.59647167159405
10242.0;94.86066010759463
10248.0;94.70581107933893
10254.0;94.83860805505743
10260.0;94.70957839704542
10266.0;93.84814619406207
10272.0;94.11338673317665
10278.0;96.47033430859993
10284.0;97.73706172957935
10290.0;96.880665739364
10296.0;96.92359345771979
10302.0;95.02086431003885
10308.0;95.02326250659505
10314.0;95.28826322605401
10320.0;94.64003069691591
10326.0;93.67403712408269
10332.0;92.55887572545446
10338.0;94.42898939997121
10344.0;96.67753849105473
10350.0;96.80416326922155
10356.0;96.41709434505252
10362.0;94.98153388651734
10368.0;94.06978400189888
10374.0;93.75053406123902
10380.0;93.91075243294564
10386.0;93.33420365535248
10392.0;92.52409209589366
10398.0;95.314740090197
10404.0;97.23142653690957
10410.0;97.21504865891289
10416.0;96.08260147163541
10422.0;94.18751483503442
10428.0;93.95371469261809
10434.0;94.92309518158082
10440.0;94.45763114170425
10446.0;93.9295039164491
10452.0;92.88915262283409
10458.0;95.74365060526941
10464.0;97.19914550201756
10470.0;96.82767624020887
10476.0;95.24646398195574
10482.0;94.41896527418824
10488.0;93.3790705323998
10494.0;94.2533245618157
10500.0;93.27663173723039
10506.0;93.13566091818994
10512.0;93.20567642498003
10518.0;95.87307927259057
10524.0;97.79709600112777
10530.0;97.77078144824021
10536.0;97.18669235468258
10542.0;95.39213382829755
10548.0;95.15483294957944
10554.0;95.01809125511019
10560.0;94.1205770405526
10566.0;94.18495371458108
10572.0;93.16432498472817
10578.0;95.82491424275175
10584.0;96.86467879238964
10590.0;97.04679722752012
10596.0;96.42671070381914
10602.0;94.62622691538354
10608.0;94.95790110247941
10614.0;94.74856956784667
10620.0;94.94092198911476
10626.0;95.01488579801833
10632.0;93.62306368330465
10638.0;96.82444061962134
10644.0;98.18695631948644
10650.0;97.8255105363539
10656.0;97.37219146857701
10662.0;95.61938875191888
10668.0;94.86416709308276
10674.0;94.44015444015444
10680.0;93.31441596501837
10686.0;92.966693026934
10692.0;92.53626859485101
10698.0;94.9762814903514
10704.0;97.30368903421913
10710.0;96.75470916041081
10716.0;96.52696541242574
10722.0;94.52171510155206
10728.0;94.72574033988855
10734.0;93.80509372265463
10740.0;92.92866024962004
10746.0;93.05393082485148
10752.0;92.78082254870354
10758.0;95.55980288306544
10764.0;97.89250679316538
10770.0;97.2210196656381
10776.0;96.6398010408511
10782.0;94.66126283793119
10788.0;94.56316492423893
10794.0;93.76663749827293
